#
# There is insufficient memory for the Java Runtime Environment to continue.
# Native memory allocation (mmap) failed to map 62914560 bytes for Failed to commit area from 0x00000000e0000000 to 0x00000000e3c00000 of length 62914560.
# Possible reasons:
#   The system is out of physical RAM or swap space
#   The process is running with CompressedOops enabled, and the Java Heap may be blocking the growth of the native heap
# Possible solutions:
#   Reduce memory load on the system
#   Increase physical memory or swap space
#   Check if swap backing store is full
#   Decrease Java heap size (-Xmx/-Xms)
#   Decrease number of Java threads
#   Decrease Java thread stack sizes (-Xss)
#   Set larger code cache with -XX:ReservedCodeCacheSize=
# This output file may be truncated or incomplete.
#
#  Out of Memory Error (os_windows.cpp:3386), pid=6540, tid=5300
#
# JRE version:  (11.0.19+7) (build )
# Java VM: OpenJDK 64-Bit Server VM (11.0.19+7, mixed mode, sharing, tiered, compressed oops, g1 gc, windows-amd64)
# No core dump will be written. Minidumps are not enabled by default on client versions of Windows
#

---------------  S U M M A R Y ------------

Command Line: -Dorg.gradle.internal.worker.tmpdir=C:\Users\1\IdeaProjects\Idea03\Idea03\build\tmp\test\work -Dorg.gradle.native=false -Xmx512m -Dfile.encoding=windows-1251 -Duser.country=RU -Duser.language=ru -Duser.variant -ea worker.org.gradle.process.internal.worker.GradleWorkerMain 'Gradle Test Executor 5'

Host: Intel(R) Pentium(R) CPU        P6200  @ 2.13GHz, 2 cores, 3G,  Windows 10 , 64 bit Build 19041 (10.0.19041.3570)
Time: Mon Oct 30 22:12:50 2023 RTZ 2 (s 10 , 64 bit Build 19041 (10.0.19041.3570) elapsed time: 0.069266 seconds (0d 0h 0m 0s)

---------------  T H R E A D  ---------------

Current thread (0x00000268a5330800):  JavaThread "Unknown thread" [_thread_in_vm, id=5300, stack(0x000000d225900000,0x000000d225a00000)]

Stack: [0x000000d225900000,0x000000d225a00000]
Native frames: (J=compiled Java code, j=interpreted, Vv=VM code, C=native code)
V  [jvm.dll+0x64fb5a]
V  [jvm.dll+0x7e3549]
V  [jvm.dll+0x7e4c49]
V  [jvm.dll+0x7e5333]
V  [jvm.dll+0x26afd5]
V  [jvm.dll+0x64cd79]
V  [jvm.dll+0x6412d5]
V  [jvm.dll+0x3270bc]
V  [jvm.dll+0x326f42]
V  [jvm.dll+0x32bb36]
V  [jvm.dll+0x373d82]
V  [jvm.dll+0x3737d0]
V  [jvm.dll+0x3027a8]
V  [jvm.dll+0x3038a5]
V  [jvm.dll+0x7bc6f7]
V  [jvm.dll+0x7bdebf]
V  [jvm.dll+0x381169]
V  [jvm.dll+0x79ea5f]
V  [jvm.dll+0x3f2697]
V  [jvm.dll+0x3f4b81]
C  [jli.dll+0x52eb]
C  [ucrtbase.dll+0x21bb2]
C  [KERNEL32.DLL+0x17344]
C  [ntdll.dll+0x526b1]


---------------  P R O C E S S  ---------------

Threads class SMR info:
_java_thread_list=0x00000268a359abe0, length=0, elements={
}

Java Threads: ( => current thread )

Other Threads:
  0x00000268a5351800 GCTaskThread "GC Thread#0" [stack: 0x000000d225a00000,0x000000d225b00000] [id=6464]
  0x00000268a5362800 ConcurrentGCThread "G1 Main Marker" [stack: 0x000000d225b00000,0x000000d225c00000] [id=2452]
  0x00000268a5363800 ConcurrentGCThread "G1 Conc#0" [stack: 0x000000d225c00000,0x000000d225d00000] [id=9960]

[error occurred during error reporting (printing all threads), id 0xc0000005, EXCEPTION_ACCESS_VIOLATION (0xc0000005) at pc=0x00007ffda83b3247]

VM state:not at safepoint (not fully initialized)

VM Mutex/Monitor currently owned by a thread:  ([mutex/lock_event])
[0x00000268a532cd70] Heap_lock - owner thread: 0x00000268a5330800

Heap address: 0x00000000e0000000, size: 512 MB, Compressed Oops mode: Non-zero based: 0x00000000e0000000
Narrow klass base: 0x0000000000000000, Narrow klass shift: 0

GC Heap History (0 events):
No events

Deoptimization events (0 events):
No events

Classes redefined (0 events):
No events

Internal exceptions (0 events):
No events

Events (1 events):
Event: 0.040 Loaded shared library C:\Program Files\Eclipse Adoptium\jdk-11.0.19.7-hotspot\bin\zip.dll


Dynamic libraries:
0x00007ff70b290000 - 0x00007ff70b29e000 	C:\Program Files\Eclipse Adoptium\jdk-11.0.19.7-hotspot\bin\java.exe
0x00007ffdda610000 - 0x00007ffdda807000 	C:\WINDOWS\SYSTEM32\ntdll.dll
0x00007ffdd8680000 - 0x00007ffdd873d000 	C:\WINDOWS\System32\KERNEL32.DLL
0x00007ffdd8020000 - 0x00007ffdd8316000 	C:\WINDOWS\System32\KERNELBASE.dll
0x00007ffdd5490000 - 0x00007ffdd5520000 	C:\WINDOWS\SYSTEM32\apphelp.dll
0x00007ffdb3640000 - 0x00007ffdb3ad6000 	C:\WINDOWS\SYSTEM32\AcLayers.DLL
0x00007ffdd9650000 - 0x00007ffdd96ee000 	C:\WINDOWS\System32\msvcrt.dll
0x00007ffdd8ff0000 - 0x00007ffdd918e000 	C:\WINDOWS\System32\USER32.dll
0x00007ffdd7db0000 - 0x00007ffdd7dd2000 	C:\WINDOWS\System32\win32u.dll
0x00007ffdd9aa0000 - 0x00007ffdd9acc000 	C:\WINDOWS\System32\GDI32.dll
0x00007ffdd8480000 - 0x00007ffdd859a000 	C:\WINDOWS\System32\gdi32full.dll
0x00007ffdd85d0000 - 0x00007ffdd866d000 	C:\WINDOWS\System32\msvcp_win.dll
0x00007ffdd7f20000 - 0x00007ffdd8020000 	C:\WINDOWS\System32\ucrtbase.dll
0x00007ffdd9ad0000 - 0x00007ffdda214000 	C:\WINDOWS\System32\SHELL32.dll
0x00007ffdd8f90000 - 0x00007ffdd8fe5000 	C:\WINDOWS\System32\SHLWAPI.dll
0x00007ffdda4c0000 - 0x00007ffdda56e000 	C:\WINDOWS\System32\ADVAPI32.dll
0x00007ffdd98e0000 - 0x00007ffdd997c000 	C:\WINDOWS\System32\sechost.dll
0x00007ffdda220000 - 0x00007ffdda346000 	C:\WINDOWS\System32\RPCRT4.dll
0x00000268a3500000 - 0x00000268a3503000 	C:\WINDOWS\SYSTEM32\sfc.dll
0x00007ffdc4770000 - 0x00007ffdc480d000 	C:\WINDOWS\SYSTEM32\WINSPOOL.DRV
0x00007ffdd8740000 - 0x00007ffdd8a94000 	C:\WINDOWS\System32\combase.dll
0x00007ffdd9330000 - 0x00007ffdd93dd000 	C:\WINDOWS\System32\shcore.dll
0x00007ffdc37a0000 - 0x00007ffdc37b2000 	C:\WINDOWS\SYSTEM32\sfc_os.DLL
0x00007ffdd1ad0000 - 0x00007ffdd1ae1000 	C:\WINDOWS\SYSTEM32\SortWindows61.dll
0x00007ffdd97c0000 - 0x00007ffdd97f0000 	C:\WINDOWS\System32\IMM32.DLL
0x00007ffdd74c0000 - 0x00007ffdd74f0000 	C:\WINDOWS\system32\DriverStore\FileRepository\nvacwu.inf_amd64_bdd6ea477d4e2fba\nvinitx.dll
0x00007ffdd74b0000 - 0x00007ffdd74ba000 	C:\WINDOWS\SYSTEM32\VERSION.dll
0x00007ffdd5d50000 - 0x00007ffdd64eb000 	C:\WINDOWS\SYSTEM32\windows.storage.dll
0x00007ffdd7730000 - 0x00007ffdd775d000 	C:\WINDOWS\SYSTEM32\Wldp.dll
0x000000006a050000 - 0x000000006a056000 	C:\Program Files\NVIDIA Corporation\CoProcManager\_etoured.dll
0x00007ffdd3490000 - 0x00007ffdd34cb000 	C:\Program Files\NVIDIA Corporation\CoProcManager\nvd3d9wrapx.dll
0x00007ffdd8aa0000 - 0x00007ffdd8f0e000 	C:\WINDOWS\System32\SETUPAPI.dll
0x00007ffdd7d60000 - 0x00007ffdd7dae000 	C:\WINDOWS\System32\cfgmgr32.dll
0x00007ffdd85a0000 - 0x00007ffdd85c7000 	C:\WINDOWS\System32\bcrypt.dll
0x00007ffdd33e0000 - 0x00007ffdd3404000 	C:\Program Files\NVIDIA Corporation\CoProcManager\nvdxgiwrapx.dll
0x00007ffdd1ab0000 - 0x00007ffdd1ac8000 	C:\Program Files\Eclipse Adoptium\jdk-11.0.19.7-hotspot\bin\jli.dll
0x00007ffdd1a90000 - 0x00007ffdd1aa9000 	C:\Program Files\Eclipse Adoptium\jdk-11.0.19.7-hotspot\bin\VCRUNTIME140.dll
0x00007ffdc9e40000 - 0x00007ffdca0da000 	C:\WINDOWS\WinSxS\amd64_microsoft.windows.common-controls_6595b64144ccf1df_6.0.19041.3570_none_60bb2a3971f3e41a\COMCTL32.dll
0x00007ffdd1a80000 - 0x00007ffdd1a8c000 	C:\Program Files\Eclipse Adoptium\jdk-11.0.19.7-hotspot\bin\vcruntime140_1.dll
0x00007ffdbad40000 - 0x00007ffdbadd1000 	C:\Program Files\Eclipse Adoptium\jdk-11.0.19.7-hotspot\bin\msvcp140.dll
0x00007ffda80a0000 - 0x00007ffda8c5c000 	C:\Program Files\Eclipse Adoptium\jdk-11.0.19.7-hotspot\bin\server\jvm.dll
0x00007ffdd92c0000 - 0x00007ffdd92c8000 	C:\WINDOWS\System32\PSAPI.DLL
0x00007ffdd53d0000 - 0x00007ffdd53d9000 	C:\WINDOWS\SYSTEM32\WSOCK32.dll
0x00007ffdda450000 - 0x00007ffdda4bb000 	C:\WINDOWS\System32\WS2_32.dll
0x00007ffdc70b0000 - 0x00007ffdc70d7000 	C:\WINDOWS\SYSTEM32\WINMM.dll
0x00007ffdd5b50000 - 0x00007ffdd5b62000 	C:\WINDOWS\SYSTEM32\kernel.appcore.dll
0x00007ffdd1a70000 - 0x00007ffdd1a80000 	C:\Program Files\Eclipse Adoptium\jdk-11.0.19.7-hotspot\bin\verify.dll
0x00007ffdc6760000 - 0x00007ffdc6944000 	C:\WINDOWS\SYSTEM32\DBGHELP.DLL
0x00007ffdc66f0000 - 0x00007ffdc6724000 	C:\WINDOWS\SYSTEM32\dbgcore.DLL
0x00000268a3760000 - 0x00000268a37e2000 	C:\WINDOWS\System32\bcryptPrimitives.dll
0x00007ffdd1a40000 - 0x00007ffdd1a68000 	C:\Program Files\Eclipse Adoptium\jdk-11.0.19.7-hotspot\bin\java.dll
0x00007ffdd1a30000 - 0x00007ffdd1a3a000 	C:\Program Files\Eclipse Adoptium\jdk-11.0.19.7-hotspot\bin\jimage.dll
0x00007ffdc8de0000 - 0x00007ffdc8df8000 	C:\Program Files\Eclipse Adoptium\jdk-11.0.19.7-hotspot\bin\zip.dll

dbghelp: loaded successfully - version: 4.0.5 - missing functions: none
symbol engine: initialized successfully - sym options: 0x614 - pdb path: .;C:\Program Files\Eclipse Adoptium\jdk-11.0.19.7-hotspot\bin;C:\WINDOWS\SYSTEM32;C:\WINDOWS\system32\DriverStore\FileRepository\nvacwu.inf_amd64_bdd6ea477d4e2fba;C:\Program Files\NVIDIA Corporation\CoProcManager;C:\WINDOWS\WinSxS\amd64_microsoft.windows.common-controls_6595b64144ccf1df_6.0.19041.3570_none_60bb2a3971f3e41a;C:\Program Files\Eclipse Adoptium\jdk-11.0.19.7-hotspot\bin\server

VM Arguments:
jvm_args: -Dorg.gradle.internal.worker.tmpdir=C:\Users\1\IdeaProjects\Idea03\Idea03\build\tmp\test\work -Dorg.gradle.native=false -Xmx512m -Dfile.encoding=windows-1251 -Duser.country=RU -Duser.language=ru -Duser.variant -ea 
java_command: worker.org.gradle.process.internal.worker.GradleWorkerMain 'Gradle Test Executor 5'
java_class_path (initial): C:\\Users\\1\\.gradle\\caches\\7.6\\workerMain\\gradle-worker.jar;C:\\Users\\1\\IdeaProjects\\Idea03\\Idea03\\build\\classes\\java\\test;C:\\Users\\1\\IdeaProjects\\Idea03\\Idea03\\build\\classes\\java\\main;C:\\Users\\1\\.gradle\\caches\\modules-2\\files-2.1\\org.junit.jupiter\\junit-jupiter-params\\5.9.0\\d6b6ccd3585351f617b06f066675271afebe9b28\\junit-jupiter-params-5.9.0.jar;C:\\Users\\1\\.gradle\\caches\\modules-2\\files-2.1\\org.junit.jupiter\\junit-jupiter-engine\\5.9.0\\cc1cb5efae97493dcffb687253a0964ad2e7b99\\junit-jupiter-engine-5.9.0.jar;C:\\Users\\1\\.gradle\\caches\\modules-2\\files-2.1\\org.junit.jupiter\\junit-jupiter-api\\5.9.0\\a44f7eba3ea214f6ec87ad9fccd3b2ac4681a4\\junit-jupiter-api-5.9.0.jar;C:\\Users\\1\\.gradle\\caches\\modules-2\\files-2.1\\org.junit.platform\\junit-platform-engine\\1.9.0\\bd46891f01817b5ffdd368cb0482a34746610acb\\junit-platform-engine-1.9.0.jar;C:\\Users\\1\\.gradle\\caches\\modules-2\\files-2.1\\org.junit.platform\\junit-platform-commons\\1.9.0\\b727889107fc28c7460b21d1083212f8ce7602c6\\junit-platform-commons-1.9.0.jar;C:\\Users\\1\\.gradle\\caches\\modules-2\\files-2.1\\org.junit.jupiter\\junit-jupiter\\5.9.0\\db1cd1cd9e3138cf9e5ecb12a2ccc9cfbdf6a1d\\junit-jupiter-5.9.0.jar;C:\\Users\\1\\.gradle\\caches\\modules-2\\files-2.1\\org.seleniumhq.selenium\\selenium-java\\4.11.0\\18cef0adbc08d152da07b234a04f6e8240ce215f\\selenium-java-4.11.0.jar;C:\\Users\\1\\.gradle\\caches\\modules-2\\files-2.1\\io.github.bonigarcia\\webdrivermanager\\5.4.1\\442d8a6a6e5ad6aad7e1ac281be5845ad13b6ff0\\webdrivermanager-5.4.1.jar;C:\\Users\\1\\.gradle\\caches\\modules-2\\files-2.1\\org.slf4j\\slf4j-simple\\1.7.32\\321ffafb5123a91a71737dbff38ebe273e771e5b\\slf4j-simple-1.7.32.jar;C:\\Users\\1\\.gradle\\caches\\modules-2\\files-2.1\\org.seleniumhq.selenium\\selenium-chrome-driver\\4.11.0\\4c44dd3f0402a8b988966a153714af1c69e26d13\\selenium-chrome-driver-4.11.0.jar;C:\\Users\\1\\.gradle\\caches\\modules-2\\files-2.1\\org.sel
Launcher Type: SUN_STANDARD

[Global flags]
     intx CICompilerCount                          = 2                                         {product} {ergonomic}
     uint ConcGCThreads                            = 1                                         {product} {ergonomic}
     uint G1ConcRefinementThreads                  = 2                                         {product} {ergonomic}
   size_t G1HeapRegionSize                         = 1048576                                   {product} {ergonomic}
    uintx GCDrainStackTargetSize                   = 64                                        {product} {ergonomic}
   size_t InitialHeapSize                          = 62914560                                  {product} {ergonomic}
   size_t MarkStackSize                            = 4194304                                   {product} {ergonomic}
   size_t MaxHeapSize                              = 536870912                                 {product} {command line}
   size_t MinHeapDeltaBytes                        = 1048576                                   {product} {ergonomic}
    uintx NonNMethodCodeHeapSize                   = 5825164                                {pd product} {ergonomic}
    uintx NonProfiledCodeHeapSize                  = 122916538                              {pd product} {ergonomic}
    uintx ProfiledCodeHeapSize                     = 122916538                              {pd product} {ergonomic}
    uintx ReservedCodeCacheSize                    = 251658240                              {pd product} {ergonomic}
     bool SegmentedCodeCache                       = true                                      {product} {ergonomic}
     bool UseCompressedClassPointers               = true                                 {lp64_product} {ergonomic}
     bool UseCompressedOops                        = true                                 {lp64_product} {ergonomic}
     bool UseG1GC                                  = true                                      {product} {ergonomic}
     bool UseLargePagesIndividualAllocation        = false                                  {pd product} {ergonomic}

Logging:
Log output configuration:
 #0: stdout all=warning uptime,level,tags
 #1: stderr all=off uptime,level,tags

Environment Variables:
PATH=C:\Program Files\Eclipse Adoptium\jdk-11.0.19.7-hotspot\bin;C:\WINDOWS\system32;C:\WINDOWS;C:\WINDOWS\System32\Wbem;C:\WINDOWS\System32\WindowsPowerShell\v1.0\;C:\WINDOWS\System32\OpenSSH\;C:\Program Files\Git\cmd;C:\Users\1\AppData\Local\Microsoft\WindowsApps;;C:\Users\1\AppData\Local\Programs\Microsoft VS Code\bin
USERNAME=1
OS=Windows_NT
PROCESSOR_IDENTIFIER=Intel64 Family 6 Model 37 Stepping 5, GenuineIntel
TMP=C:\Users\1\AppData\Local\Temp
TEMP=C:\Users\1\AppData\Local\Temp



---------------  S Y S T E M  ---------------

OS: Windows 10 , 64 bit Build 19041 (10.0.19041.3570)
OS uptime: 0 days 0:50 hours

CPU:total 2 (initial active 2) (2 cores per cpu, 1 threads per core) family 6 model 37 stepping 5 microcode 0x7, cmov, cx8, fxsr, mmx, sse, sse2, sse3, ssse3, popcnt, tsc, tscinvbit

Memory: 4k page, system-wide physical 3766M (266M free)
TotalPageFile size 5814M (AvailPageFile size 33M)
current process WorkingSet (physical memory assigned to process): 18M, peak: 18M
current process commit charge ("private bytes"): 55M, peak: 113M

vm_info: OpenJDK 64-Bit Server VM (11.0.19+7) for windows-amd64 JRE (11.0.19+7), built on Apr 18 2023 23:12:18 by "" with MS VC++ 16.7 (VS2019)

END.
