#
# There is insufficient memory for the Java Runtime Environment to continue.
# Native memory allocation (malloc) failed to allocate 32744 bytes for ChunkPool::allocate
# Possible reasons:
#   The system is out of physical RAM or swap space
#   The process is running with CompressedOops enabled, and the Java Heap may be blocking the growth of the native heap
# Possible solutions:
#   Reduce memory load on the system
#   Increase physical memory or swap space
#   Check if swap backing store is full
#   Decrease Java heap size (-Xmx/-Xms)
#   Decrease number of Java threads
#   Decrease Java thread stack sizes (-Xss)
#   Set larger code cache with -XX:ReservedCodeCacheSize=
#   JVM is running with Unscaled Compressed Oops mode in which the Java heap is
#     placed in the first 4GB address space. The Java Heap base address is the
#     maximum limit for the native heap growth. Please use -XX:HeapBaseMinAddress
#     to set the Java Heap base and to place the Java Heap above 4GB virtual address.
# This output file may be truncated or incomplete.
#
#  Out of Memory Error (arena.cpp:81), pid=10220, tid=9416
#
# JRE version: OpenJDK Runtime Environment Temurin-11.0.19+7 (11.0.19+7) (build 11.0.19+7)
# Java VM: OpenJDK 64-Bit Server VM Temurin-11.0.19+7 (11.0.19+7, mixed mode, tiered, compressed oops, g1 gc, windows-amd64)
# No core dump will be written. Minidumps are not enabled by default on client versions of Windows
#

---------------  S U M M A R Y ------------

Command Line: -Dorg.gradle.internal.worker.tmpdir=C:\Users\1\IdeaProjects\Idea03\Idea03\build\tmp\test\work -Dorg.gradle.native=false -Xmx512m -Dfile.encoding=windows-1251 -Duser.country=RU -Duser.language=ru -Duser.variant -ea worker.org.gradle.process.internal.worker.GradleWorkerMain 'Gradle Test Executor 3'

Host: Intel(R) Pentium(R) CPU        P6200  @ 2.13GHz, 2 cores, 3G,  Windows 10 , 64 bit Build 19041 (10.0.19041.3570)
Time: Wed Nov  1 21:30:07 2023 RTZ 2 (s 10 , 64 bit Build 19041 (10.0.19041.3570) elapsed time: 28.849930 seconds (0d 0h 0m 28s)

---------------  T H R E A D  ---------------

Current thread (0x00000286305f3800):  JavaThread "C2 CompilerThread0" daemon [_thread_in_native, id=9416, stack(0x000000b6dc500000,0x000000b6dc600000)]


Current CompileTask:
C2:  28852 2560   !   4       jdk.internal.loader.BuiltinClassLoader::loadClassOrNull (143 bytes)

Stack: [0x000000b6dc500000,0x000000b6dc600000]
Native frames: (J=compiled Java code, j=interpreted, Vv=VM code, C=native code)
V  [jvm.dll+0x64fb5a]
V  [jvm.dll+0x7e3549]
V  [jvm.dll+0x7e4c49]
V  [jvm.dll+0x7e5333]
V  [jvm.dll+0x26afd5]
V  [jvm.dll+0xc1cbf]
V  [jvm.dll+0xc200c]
V  [jvm.dll+0x380e30]
V  [jvm.dll+0x380321]
V  [jvm.dll+0x380364]
V  [jvm.dll+0x53ed15]
V  [jvm.dll+0x53e925]
V  [jvm.dll+0x346314]
V  [jvm.dll+0x34567a]
V  [jvm.dll+0x222d7f]
V  [jvm.dll+0x221d88]
V  [jvm.dll+0x19e6c1]
V  [jvm.dll+0x231f59]
V  [jvm.dll+0x2300af]
V  [jvm.dll+0x7a48d0]
V  [jvm.dll+0x79d6e4]
V  [jvm.dll+0x64e915]
C  [ucrtbase.dll+0x21bb2]
C  [KERNEL32.DLL+0x17344]
C  [ntdll.dll+0x526b1]


---------------  P R O C E S S  ---------------

Threads class SMR info:
_java_thread_list=0x000002863218eb90, length=26, elements={
0x0000028614960800, 0x000002863056b800, 0x0000028630577000, 0x00000286305e1800,
0x00000286305e6000, 0x00000286305ed800, 0x00000286305f3800, 0x00000286305f8000,
0x0000028630629000, 0x0000028630896000, 0x00000286318e5000, 0x00000286317b8000,
0x0000028612e41800, 0x0000028632298800, 0x0000028630d61800, 0x00000286317ea800,
0x000002863482d800, 0x00000286344f0800, 0x0000028631a78800, 0x00000286305f7000,
0x00000286305fa800, 0x0000028631a80000, 0x0000028631a7e800, 0x0000028631a84800,
0x0000028631a82800, 0x0000028631a85800
}

Java Threads: ( => current thread )
  0x0000028614960800 JavaThread "Forwarding quit on session 1bf266f00fd7c60739880bb55df16608 to remote" [_thread_blocked, id=7936, stack(0x000000b6db900000,0x000000b6dba00000)]
  0x000002863056b800 JavaThread "Reference Handler" daemon [_thread_blocked, id=5412, stack(0x000000b6dc000000,0x000000b6dc100000)]
  0x0000028630577000 JavaThread "Finalizer" daemon [_thread_blocked, id=2176, stack(0x000000b6dc100000,0x000000b6dc200000)]
  0x00000286305e1800 JavaThread "Signal Dispatcher" daemon [_thread_blocked, id=4132, stack(0x000000b6dc200000,0x000000b6dc300000)]
  0x00000286305e6000 JavaThread "Attach Listener" daemon [_thread_blocked, id=3672, stack(0x000000b6dc300000,0x000000b6dc400000)]
  0x00000286305ed800 JavaThread "Service Thread" daemon [_thread_blocked, id=8496, stack(0x000000b6dc400000,0x000000b6dc500000)]
=>0x00000286305f3800 JavaThread "C2 CompilerThread0" daemon [_thread_in_native, id=9416, stack(0x000000b6dc500000,0x000000b6dc600000)]
  0x00000286305f8000 JavaThread "C1 CompilerThread0" daemon [_thread_blocked, id=1320, stack(0x000000b6dc600000,0x000000b6dc700000)]
  0x0000028630629000 JavaThread "Sweeper thread" daemon [_thread_blocked, id=4652, stack(0x000000b6dc700000,0x000000b6dc800000)]
  0x0000028630896000 JavaThread "Common-Cleaner" daemon [_thread_blocked, id=9016, stack(0x000000b6dc900000,0x000000b6dca00000)]
  0x00000286318e5000 JavaThread "/127.0.0.1:64736 to /127.0.0.1:64733 workers" [_thread_blocked, id=5804, stack(0x000000b6dcc00000,0x000000b6dcd00000)]
  0x00000286317b8000 JavaThread "/127.0.0.1:64736 to /127.0.0.1:64733 workers Thread 2" [_thread_blocked, id=2148, stack(0x000000b6dcd00000,0x000000b6dce00000)]
  0x0000028612e41800 JavaThread "/127.0.0.1:64736 to /127.0.0.1:64733 workers Thread 3" [_thread_in_native, id=5124, stack(0x000000b6dce00000,0x000000b6dcf00000)]
  0x0000028632298800 JavaThread "ForkJoinPool.commonPool-worker-3" daemon [_thread_blocked, id=10168, stack(0x000000b6dcf00000,0x000000b6dd000000)]
  0x0000028630d61800 JavaThread "AsyncHttpClient-1-1" daemon [_thread_blocked, id=8728, stack(0x000000b6dd000000,0x000000b6dd100000)]
  0x00000286317ea800 JavaThread "Exec Default Executor" daemon [_thread_in_native, id=6052, stack(0x000000b6dd100000,0x000000b6dd200000)]
  0x000002863482d800 JavaThread "Exec Stream Pumper" daemon [_thread_in_native, id=1428, stack(0x000000b6dd200000,0x000000b6dd300000)]
  0x00000286344f0800 JavaThread "Exec Stream Pumper" daemon [_thread_in_native, id=4580, stack(0x000000b6dd300000,0x000000b6dd400000)]
  0x0000028631a78800 JavaThread "Driver Service Executor" daemon [_thread_blocked, id=10132, stack(0x000000b6dd400000,0x000000b6dd500000)]
  0x00000286305f7000 JavaThread "Driver Service Executor" daemon [_thread_blocked, id=1764, stack(0x000000b6dd500000,0x000000b6dd600000)]
  0x00000286305fa800 JavaThread "UrlChecker-2" daemon [_thread_blocked, id=8160, stack(0x000000b6dd600000,0x000000b6dd700000)]
  0x0000028631a80000 JavaThread "AsyncHttpClient-1-2" daemon [_thread_in_native, id=9356, stack(0x000000b6dd800000,0x000000b6dd900000)]
  0x0000028631a7e800 JavaThread "AsyncHttpClient-1-3" daemon [_thread_in_native, id=5820, stack(0x000000b6dd700000,0x000000b6dd800000)]
  0x0000028631a84800 JavaThread "AsyncHttpClient-1-4" daemon [_thread_in_native, id=6448, stack(0x000000b6dd900000,0x000000b6dda00000)]
  0x0000028631a82800 JavaThread "Driver Command Executor" daemon [_thread_blocked, id=2612, stack(0x000000b6dda00000,0x000000b6ddb00000)]
  0x0000028631a85800 JavaThread "Driver Command Executor" daemon [_thread_blocked, id=312, stack(0x000000b6ddb00000,0x000000b6ddc00000)]

Other Threads:
  0x0000028630537800 VMThread "VM Thread" [stack: 0x000000b6dbf00000,0x000000b6dc000000] [id=9664]
  0x000002863088e000 WatcherThread [stack: 0x000000b6dc800000,0x000000b6dc900000] [id=4856]
  0x0000028614982000 GCTaskThread "GC Thread#0" [stack: 0x000000b6dba00000,0x000000b6dbb00000] [id=4924]
  0x000002863111a000 GCTaskThread "GC Thread#1" [stack: 0x000000b6dca00000,0x000000b6dcb00000] [id=5664]
  0x0000028614993800 ConcurrentGCThread "G1 Main Marker" [stack: 0x000000b6dbb00000,0x000000b6dbc00000] [id=956]
  0x0000028614994800 ConcurrentGCThread "G1 Conc#0" [stack: 0x000000b6dbc00000,0x000000b6dbd00000] [id=10076]
  0x00000286149d0800 ConcurrentGCThread "G1 Refine#0" [stack: 0x000000b6dbd00000,0x000000b6dbe00000] [id=9172]
  0x00000286149d1800 ConcurrentGCThread "G1 Young RemSet Sampling" [stack: 0x000000b6dbe00000,0x000000b6dbf00000] [id=5652]

Threads with active compile tasks:
C2 CompilerThread0    28968 2560   !   4       jdk.internal.loader.BuiltinClassLoader::loadClassOrNull (143 bytes)

VM state:not at safepoint (normal execution)

VM Mutex/Monitor currently owned by a thread: None

Heap address: 0x00000000e0000000, size: 512 MB, Compressed Oops mode: 32-bit
Narrow klass base: 0x0000000000000000, Narrow klass shift: 3
Compressed class space size: 1073741824 Address: 0x0000000100000000

Heap:
 garbage-first heap   total 61440K, used 23306K [0x00000000e0000000, 0x0000000100000000)
  region size 1024K, 6 young (6144K), 3 survivors (3072K)
 Metaspace       used 32803K, capacity 33845K, committed 34048K, reserved 1079296K
  class space    used 3865K, capacity 4289K, committed 4352K, reserved 1048576K
Heap Regions: E=young(eden), S=young(survivor), O=old, HS=humongous(starts), HC=humongous(continues), CS=collection set, F=free, A=archive, TAMS=top-at-mark-start (previous, next)
|   0|0x00000000e0000000, 0x00000000e0100000, 0x00000000e0100000|100%| O|  |TAMS 0x00000000e0100000, 0x00000000e0000000| Untracked 
|   1|0x00000000e0100000, 0x00000000e0200000, 0x00000000e0200000|100%| O|  |TAMS 0x00000000e0200000, 0x00000000e0100000| Untracked 
|   2|0x00000000e0200000, 0x00000000e0300000, 0x00000000e0300000|100%| O|  |TAMS 0x00000000e0300000, 0x00000000e0200000| Untracked 
|   3|0x00000000e0300000, 0x00000000e0400000, 0x00000000e0400000|100%| O|  |TAMS 0x00000000e0400000, 0x00000000e0300000| Untracked 
|   4|0x00000000e0400000, 0x00000000e0500000, 0x00000000e0500000|100%|HS|  |TAMS 0x00000000e0500000, 0x00000000e0400000| Complete 
|   5|0x00000000e0500000, 0x00000000e0600000, 0x00000000e0600000|100%| O|  |TAMS 0x00000000e0600000, 0x00000000e0500000| Untracked 
|   6|0x00000000e0600000, 0x00000000e0700000, 0x00000000e0700000|100%| O|  |TAMS 0x00000000e0700000, 0x00000000e0600000| Untracked 
|   7|0x00000000e0700000, 0x00000000e0800000, 0x00000000e0800000|100%| O|  |TAMS 0x00000000e0800000, 0x00000000e0700000| Untracked 
|   8|0x00000000e0800000, 0x00000000e0900000, 0x00000000e0900000|100%| O|  |TAMS 0x00000000e0900000, 0x00000000e0800000| Untracked 
|   9|0x00000000e0900000, 0x00000000e0a00000, 0x00000000e0a00000|100%| O|  |TAMS 0x00000000e0a00000, 0x00000000e0900000| Untracked 
|  10|0x00000000e0a00000, 0x00000000e0b00000, 0x00000000e0b00000|100%| O|  |TAMS 0x00000000e0a3c400, 0x00000000e0a00000| Untracked 
|  11|0x00000000e0b00000, 0x00000000e0c00000, 0x00000000e0c00000|100%| O|  |TAMS 0x00000000e0b00000, 0x00000000e0b00000| Untracked 
|  12|0x00000000e0c00000, 0x00000000e0cdb200, 0x00000000e0d00000| 85%| O|  |TAMS 0x00000000e0c00000, 0x00000000e0c00000| Untracked 
|  13|0x00000000e0d00000, 0x00000000e0e00000, 0x00000000e0e00000|100%|HS|  |TAMS 0x00000000e0d00000, 0x00000000e0d00000| Complete 
|  14|0x00000000e0e00000, 0x00000000e0f00000, 0x00000000e0f00000|100%|HC|  |TAMS 0x00000000e0e00000, 0x00000000e0e00000| Complete 
|  15|0x00000000e0f00000, 0x00000000e1000000, 0x00000000e1000000|100%|HC|  |TAMS 0x00000000e0f00000, 0x00000000e0f00000| Complete 
|  16|0x00000000e1000000, 0x00000000e1100000, 0x00000000e1100000|100%|HC|  |TAMS 0x00000000e1000000, 0x00000000e1000000| Complete 
|  17|0x00000000e1100000, 0x00000000e1200000, 0x00000000e1200000|100%|HC|  |TAMS 0x00000000e1100000, 0x00000000e1100000| Complete 
|  18|0x00000000e1200000, 0x00000000e1200000, 0x00000000e1300000|  0%| F|  |TAMS 0x00000000e1200000, 0x00000000e1200000| Untracked 
|  19|0x00000000e1300000, 0x00000000e1300000, 0x00000000e1400000|  0%| F|  |TAMS 0x00000000e1300000, 0x00000000e1300000| Untracked 
|  20|0x00000000e1400000, 0x00000000e1400000, 0x00000000e1500000|  0%| F|  |TAMS 0x00000000e1400000, 0x00000000e1400000| Untracked 
|  21|0x00000000e1500000, 0x00000000e1500000, 0x00000000e1600000|  0%| F|  |TAMS 0x00000000e1500000, 0x00000000e1500000| Untracked 
|  22|0x00000000e1600000, 0x00000000e1600000, 0x00000000e1700000|  0%| F|  |TAMS 0x00000000e1600000, 0x00000000e1600000| Untracked 
|  23|0x00000000e1700000, 0x00000000e1700000, 0x00000000e1800000|  0%| F|  |TAMS 0x00000000e1700000, 0x00000000e1700000| Untracked 
|  24|0x00000000e1800000, 0x00000000e1800000, 0x00000000e1900000|  0%| F|  |TAMS 0x00000000e1800000, 0x00000000e1800000| Untracked 
|  25|0x00000000e1900000, 0x00000000e1900000, 0x00000000e1a00000|  0%| F|  |TAMS 0x00000000e1900000, 0x00000000e1900000| Untracked 
|  26|0x00000000e1a00000, 0x00000000e1a00000, 0x00000000e1b00000|  0%| F|  |TAMS 0x00000000e1a00000, 0x00000000e1a00000| Untracked 
|  27|0x00000000e1b00000, 0x00000000e1b00000, 0x00000000e1c00000|  0%| F|  |TAMS 0x00000000e1b00000, 0x00000000e1b00000| Untracked 
|  28|0x00000000e1c00000, 0x00000000e1c00000, 0x00000000e1d00000|  0%| F|  |TAMS 0x00000000e1c00000, 0x00000000e1c00000| Untracked 
|  29|0x00000000e1d00000, 0x00000000e1d00000, 0x00000000e1e00000|  0%| F|  |TAMS 0x00000000e1d00000, 0x00000000e1d00000| Untracked 
|  30|0x00000000e1e00000, 0x00000000e1e00000, 0x00000000e1f00000|  0%| F|  |TAMS 0x00000000e1e00000, 0x00000000e1e00000| Untracked 
|  31|0x00000000e1f00000, 0x00000000e1f00000, 0x00000000e2000000|  0%| F|  |TAMS 0x00000000e1f00000, 0x00000000e1f00000| Untracked 
|  32|0x00000000e2000000, 0x00000000e20e7660, 0x00000000e2100000| 90%| S|CS|TAMS 0x00000000e2000000, 0x00000000e2000000| Complete 
|  33|0x00000000e2100000, 0x00000000e2200000, 0x00000000e2200000|100%| S|CS|TAMS 0x00000000e2100000, 0x00000000e2100000| Complete 
|  34|0x00000000e2200000, 0x00000000e2200000, 0x00000000e2300000|  0%| F|  |TAMS 0x00000000e2200000, 0x00000000e2200000| Untracked 
|  35|0x00000000e2300000, 0x00000000e2400000, 0x00000000e2400000|100%| S|CS|TAMS 0x00000000e2300000, 0x00000000e2300000| Complete 
|  36|0x00000000e2400000, 0x00000000e2400000, 0x00000000e2500000|  0%| F|  |TAMS 0x00000000e2400000, 0x00000000e2400000| Untracked 
|  37|0x00000000e2500000, 0x00000000e2500000, 0x00000000e2600000|  0%| F|  |TAMS 0x00000000e2500000, 0x00000000e2500000| Untracked 
|  38|0x00000000e2600000, 0x00000000e2600000, 0x00000000e2700000|  0%| F|  |TAMS 0x00000000e2600000, 0x00000000e2600000| Untracked 
|  39|0x00000000e2700000, 0x00000000e2700000, 0x00000000e2800000|  0%| F|  |TAMS 0x00000000e2700000, 0x00000000e2700000| Untracked 
|  40|0x00000000e2800000, 0x00000000e2800000, 0x00000000e2900000|  0%| F|  |TAMS 0x00000000e2800000, 0x00000000e2800000| Untracked 
|  41|0x00000000e2900000, 0x00000000e2900000, 0x00000000e2a00000|  0%| F|  |TAMS 0x00000000e2900000, 0x00000000e2900000| Untracked 
|  42|0x00000000e2a00000, 0x00000000e2a00000, 0x00000000e2b00000|  0%| F|  |TAMS 0x00000000e2a00000, 0x00000000e2a00000| Untracked 
|  43|0x00000000e2b00000, 0x00000000e2b00000, 0x00000000e2c00000|  0%| F|  |TAMS 0x00000000e2b00000, 0x00000000e2b00000| Untracked 
|  44|0x00000000e2c00000, 0x00000000e2c00000, 0x00000000e2d00000|  0%| F|  |TAMS 0x00000000e2c00000, 0x00000000e2c00000| Untracked 
|  45|0x00000000e2d00000, 0x00000000e2d00000, 0x00000000e2e00000|  0%| F|  |TAMS 0x00000000e2d00000, 0x00000000e2d00000| Untracked 
|  46|0x00000000e2e00000, 0x00000000e2e00000, 0x00000000e2f00000|  0%| F|  |TAMS 0x00000000e2e00000, 0x00000000e2e00000| Untracked 
|  47|0x00000000e2f00000, 0x00000000e2f00000, 0x00000000e3000000|  0%| F|  |TAMS 0x00000000e2f00000, 0x00000000e2f00000| Untracked 
|  48|0x00000000e3000000, 0x00000000e3000000, 0x00000000e3100000|  0%| F|  |TAMS 0x00000000e3000000, 0x00000000e3000000| Untracked 
|  49|0x00000000e3100000, 0x00000000e3100000, 0x00000000e3200000|  0%| F|  |TAMS 0x00000000e3100000, 0x00000000e3100000| Untracked 
|  50|0x00000000e3200000, 0x00000000e3200000, 0x00000000e3300000|  0%| F|  |TAMS 0x00000000e3200000, 0x00000000e3200000| Untracked 
|  51|0x00000000e3300000, 0x00000000e3300000, 0x00000000e3400000|  0%| F|  |TAMS 0x00000000e3300000, 0x00000000e3300000| Untracked 
|  52|0x00000000e3400000, 0x00000000e3400000, 0x00000000e3500000|  0%| F|  |TAMS 0x00000000e3400000, 0x00000000e3400000| Untracked 
|  53|0x00000000e3500000, 0x00000000e3500000, 0x00000000e3600000|  0%| F|  |TAMS 0x00000000e3500000, 0x00000000e3500000| Untracked 
|  54|0x00000000e3600000, 0x00000000e3600000, 0x00000000e3700000|  0%| F|  |TAMS 0x00000000e3600000, 0x00000000e3600000| Untracked 
|  55|0x00000000e3700000, 0x00000000e3700000, 0x00000000e3800000|  0%| F|  |TAMS 0x00000000e3700000, 0x00000000e3700000| Untracked 
|  56|0x00000000e3800000, 0x00000000e3800000, 0x00000000e3900000|  0%| F|  |TAMS 0x00000000e3800000, 0x00000000e3800000| Untracked 
|  57|0x00000000e3900000, 0x00000000e3912748, 0x00000000e3a00000|  7%| E|  |TAMS 0x00000000e3900000, 0x00000000e3900000| Complete 
|  58|0x00000000e3a00000, 0x00000000e3b00000, 0x00000000e3b00000|100%| E|CS|TAMS 0x00000000e3a00000, 0x00000000e3a00000| Complete 
|  59|0x00000000e3b00000, 0x00000000e3c00000, 0x00000000e3c00000|100%| E|CS|TAMS 0x00000000e3b00000, 0x00000000e3b00000| Complete 

Card table byte_map: [0x000002862c8e0000,0x000002862c9e0000] _byte_map_base: 0x000002862c1e0000

Marking Bits (Prev, Next): (CMBitMap*) 0x0000028614990cd0, (CMBitMap*) 0x0000028614990c98
 Prev Bits: [0x000002862d2e0000, 0x000002862dae0000)
 Next Bits: [0x000002862cae0000, 0x000002862d2e0000)

Polling page: 0x0000028612d80000

Metaspace:

Usage:
  Non-class:     28.86 MB capacity,    28.26 MB ( 98%) used,   499.44 KB (  2%) free+waste,   119.44 KB ( <1%) overhead. 
      Class:      4.19 MB capacity,     3.78 MB ( 90%) used,   364.05 KB (  8%) free+waste,    59.06 KB (  1%) overhead. 
       Both:     33.05 MB capacity,    32.03 MB ( 97%) used,   863.48 KB (  3%) free+waste,   178.50 KB ( <1%) overhead. 

Virtual space:
  Non-class space:       30.00 MB reserved,      29.00 MB ( 97%) committed 
      Class space:        1.00 GB reserved,       4.25 MB ( <1%) committed 
             Both:        1.03 GB reserved,      33.25 MB (  3%) committed 

Chunk freelists:
   Non-Class:  12.00 KB
       Class:  0 bytes
        Both:  12.00 KB

MaxMetaspaceSize: 17179869184.00 GB
CompressedClassSpaceSize: 1.00 GB
Initial GC threshold: 20.80 MB
Current GC threshold: 35.00 MB
CDS: off

CodeHeap 'non-profiled nmethods': size=120064Kb used=1159Kb max_used=1159Kb free=118904Kb
 bounds [0x00000286253a0000, 0x0000028625610000, 0x000002862c8e0000]
CodeHeap 'profiled nmethods': size=120000Kb used=5454Kb max_used=5454Kb free=114545Kb
 bounds [0x000002861de70000, 0x000002861e3d0000, 0x00000286253a0000]
CodeHeap 'non-nmethods': size=5696Kb used=1250Kb max_used=1263Kb free=4445Kb
 bounds [0x000002861d8e0000, 0x000002861db50000, 0x000002861de70000]
 total_blobs=3105 nmethods=2573 adapters=445
 compilation: enabled
              stopped_count=0, restarted_count=0
 full_count=0

Compilation events (20 events):
Event: 28.463 Thread 0x00000286305f8000 2566       3       java.util.Formatter::checkText (58 bytes)
Event: 28.464 Thread 0x00000286305f8000 nmethod 2566 0x000002861e3bc310 code [0x000002861e3bc5c0, 0x000002861e3bd1d8]
Event: 28.464 Thread 0x00000286305f8000 2567       3       java.util.Formatter$FixedString::<init> (26 bytes)
Event: 28.465 Thread 0x00000286305f8000 nmethod 2567 0x000002861e3bd710 code [0x000002861e3bd8c0, 0x000002861e3bdad8]
Event: 28.465 Thread 0x00000286305f8000 2568       3       java.lang.StringBuilder::append (6 bytes)
Event: 28.465 Thread 0x00000286305f8000 nmethod 2568 0x000002861e3bdb90 code [0x000002861e3bdd60, 0x000002861e3bdf08]
Event: 28.465 Thread 0x00000286305f8000 2569       3       java.util.Formatter$FixedString::print (26 bytes)
Event: 28.465 Thread 0x00000286305f8000 nmethod 2569 0x000002861e3be010 code [0x000002861e3be1c0, 0x000002861e3be388]
Event: 28.465 Thread 0x00000286305f8000 2570       3       java.lang.StringBuilder::append (8 bytes)
Event: 28.465 Thread 0x00000286305f8000 nmethod 2570 0x000002861e3be490 code [0x000002861e3be660, 0x000002861e3be808]
Event: 28.466 Thread 0x00000286305f8000 2571       3       com.google.common.collect.CollectSpliterators$1$$Lambda$592/0x000000010038e040::accept (13 bytes)
Event: 28.466 Thread 0x00000286305f8000 nmethod 2571 0x000002861e3be910 code [0x000002861e3beae0, 0x000002861e3bedb8]
Event: 28.466 Thread 0x00000286305f8000 2572       3       com.google.common.collect.CollectSpliterators::map (20 bytes)
Event: 28.467 Thread 0x00000286305f8000 nmethod 2572 0x000002861e3bef10 code [0x000002861e3bf120, 0x000002861e3bf678]
Event: 28.467 Thread 0x00000286305f8000 2573       3       com.google.common.collect.CollectSpliterators$1::forEachRemaining (20 bytes)
Event: 28.468 Thread 0x00000286305f8000 nmethod 2573 0x000002861e3bf890 code [0x000002861e3bfaa0, 0x000002861e3c01a8]
Event: 28.473 Thread 0x00000286305f8000 2574       3       io.netty.buffer.AbstractByteBuf::ensureWritable0 (150 bytes)
Event: 28.476 Thread 0x00000286305f8000 nmethod 2574 0x000002861e3c0390 code [0x000002861e3c07c0, 0x000002861e3c2a08]
Event: 28.479 Thread 0x00000286305f8000 2575       3       io.netty.channel.socket.nio.NioSocketChannel::javaChannel (8 bytes)
Event: 28.479 Thread 0x00000286305f8000 nmethod 2575 0x000002861e3c3490 code [0x000002861e3c3640, 0x000002861e3c3838]

GC Heap History (18 events):
Event: 1.197 GC heap before
{Heap before GC invocations=0 (full 0):
 garbage-first heap   total 61440K, used 6144K [0x00000000e0000000, 0x0000000100000000)
  region size 1024K, 7 young (7168K), 0 survivors (0K)
 Metaspace       used 9075K, capacity 9266K, committed 9472K, reserved 1058816K
  class space    used 883K, capacity 968K, committed 1024K, reserved 1048576K
}
Event: 1.208 GC heap after
{Heap after GC invocations=1 (full 0):
 garbage-first heap   total 61440K, used 2480K [0x00000000e0000000, 0x0000000100000000)
  region size 1024K, 1 young (1024K), 1 survivors (1024K)
 Metaspace       used 9075K, capacity 9266K, committed 9472K, reserved 1058816K
  class space    used 883K, capacity 968K, committed 1024K, reserved 1048576K
}
Event: 1.510 GC heap before
{Heap before GC invocations=1 (full 0):
 garbage-first heap   total 61440K, used 4528K [0x00000000e0000000, 0x0000000100000000)
  region size 1024K, 4 young (4096K), 1 survivors (1024K)
 Metaspace       used 9225K, capacity 9490K, committed 9728K, reserved 1058816K
  class space    used 890K, capacity 1000K, committed 1024K, reserved 1048576K
}
Event: 1.517 GC heap after
{Heap after GC invocations=2 (full 0):
 garbage-first heap   total 61440K, used 4282K [0x00000000e0000000, 0x0000000100000000)
  region size 1024K, 1 young (1024K), 1 survivors (1024K)
 Metaspace       used 9225K, capacity 9490K, committed 9728K, reserved 1058816K
  class space    used 890K, capacity 1000K, committed 1024K, reserved 1048576K
}
Event: 6.987 GC heap before
{Heap before GC invocations=2 (full 0):
 garbage-first heap   total 61440K, used 18618K [0x00000000e0000000, 0x0000000100000000)
  region size 1024K, 14 young (14336K), 1 survivors (1024K)
 Metaspace       used 13292K, capacity 13624K, committed 13824K, reserved 1060864K
  class space    used 1375K, capacity 1445K, committed 1536K, reserved 1048576K
}
Event: 6.999 GC heap after
{Heap after GC invocations=3 (full 0):
 garbage-first heap   total 61440K, used 7884K [0x00000000e0000000, 0x0000000100000000)
  region size 1024K, 2 young (2048K), 2 survivors (2048K)
 Metaspace       used 13292K, capacity 13624K, committed 13824K, reserved 1060864K
  class space    used 1375K, capacity 1445K, committed 1536K, reserved 1048576K
}
Event: 11.756 GC heap before
{Heap before GC invocations=3 (full 0):
 garbage-first heap   total 61440K, used 38604K [0x00000000e0000000, 0x0000000100000000)
  region size 1024K, 32 young (32768K), 2 survivors (2048K)
 Metaspace       used 19946K, capacity 20584K, committed 20736K, reserved 1067008K
  class space    used 2187K, capacity 2436K, committed 2560K, reserved 1048576K
}
Event: 11.773 GC heap after
{Heap after GC invocations=4 (full 0):
 garbage-first heap   total 61440K, used 10468K [0x00000000e0000000, 0x0000000100000000)
  region size 1024K, 4 young (4096K), 4 survivors (4096K)
 Metaspace       used 19946K, capacity 20584K, committed 20736K, reserved 1067008K
  class space    used 2187K, capacity 2436K, committed 2560K, reserved 1048576K
}
Event: 12.598 GC heap before
{Heap before GC invocations=4 (full 0):
 garbage-first heap   total 61440K, used 16612K [0x00000000e0000000, 0x0000000100000000)
  region size 1024K, 11 young (11264K), 4 survivors (4096K)
 Metaspace       used 20559K, capacity 21183K, committed 21248K, reserved 1069056K
  class space    used 2239K, capacity 2508K, committed 2560K, reserved 1048576K
}
Event: 12.617 GC heap after
{Heap after GC invocations=5 (full 0):
 garbage-first heap   total 61440K, used 12323K [0x00000000e0000000, 0x0000000100000000)
  region size 1024K, 2 young (2048K), 2 survivors (2048K)
 Metaspace       used 20559K, capacity 21183K, committed 21248K, reserved 1069056K
  class space    used 2239K, capacity 2508K, committed 2560K, reserved 1048576K
}
Event: 13.518 GC heap before
{Heap before GC invocations=6 (full 0):
 garbage-first heap   total 61440K, used 30755K [0x00000000e0000000, 0x0000000100000000)
  region size 1024K, 20 young (20480K), 2 survivors (2048K)
 Metaspace       used 22115K, capacity 22857K, committed 23040K, reserved 1069056K
  class space    used 2466K, capacity 2749K, committed 2816K, reserved 1048576K
}
Event: 13.526 GC heap after
{Heap after GC invocations=7 (full 0):
 garbage-first heap   total 61440K, used 13072K [0x00000000e0000000, 0x0000000100000000)
  region size 1024K, 3 young (3072K), 3 survivors (3072K)
 Metaspace       used 22115K, capacity 22857K, committed 23040K, reserved 1069056K
  class space    used 2466K, capacity 2749K, committed 2816K, reserved 1048576K
}
Event: 14.762 GC heap before
{Heap before GC invocations=7 (full 0):
 garbage-first heap   total 61440K, used 33552K [0x00000000e0000000, 0x0000000100000000)
  region size 1024K, 23 young (23552K), 3 survivors (3072K)
 Metaspace       used 26017K, capacity 26769K, committed 26880K, reserved 1073152K
  class space    used 2933K, capacity 3220K, committed 3328K, reserved 1048576K
}
Event: 14.775 GC heap after
{Heap after GC invocations=8 (full 0):
 garbage-first heap   total 61440K, used 14026K [0x00000000e0000000, 0x0000000100000000)
  region size 1024K, 2 young (2048K), 2 survivors (2048K)
 Metaspace       used 26017K, capacity 26769K, committed 26880K, reserved 1073152K
  class space    used 2933K, capacity 3220K, committed 3328K, reserved 1048576K
}
Event: 20.300 GC heap before
{Heap before GC invocations=8 (full 0):
 garbage-first heap   total 61440K, used 36554K [0x00000000e0000000, 0x0000000100000000)
  region size 1024K, 24 young (24576K), 2 survivors (2048K)
 Metaspace       used 29319K, capacity 30211K, committed 30464K, reserved 1075200K
  class space    used 3379K, capacity 3739K, committed 3840K, reserved 1048576K
}
Event: 20.309 GC heap after
{Heap after GC invocations=9 (full 0):
 garbage-first heap   total 61440K, used 14807K [0x00000000e0000000, 0x0000000100000000)
  region size 1024K, 2 young (2048K), 2 survivors (2048K)
 Metaspace       used 29319K, capacity 30211K, committed 30464K, reserved 1075200K
  class space    used 3379K, capacity 3739K, committed 3840K, reserved 1048576K
}
Event: 27.714 GC heap before
{Heap before GC invocations=9 (full 0):
 garbage-first heap   total 61440K, used 43479K [0x00000000e0000000, 0x0000000100000000)
  region size 1024K, 25 young (25600K), 2 survivors (2048K)
 Metaspace       used 32552K, capacity 33566K, committed 33792K, reserved 1079296K
  class space    used 3838K, capacity 4261K, committed 4352K, reserved 1048576K
}
Event: 27.722 GC heap after
{Heap after GC invocations=10 (full 0):
 garbage-first heap   total 61440K, used 21258K [0x00000000e0000000, 0x0000000100000000)
  region size 1024K, 3 young (3072K), 3 survivors (3072K)
 Metaspace       used 32552K, capacity 33566K, committed 33792K, reserved 1079296K
  class space    used 3838K, capacity 4261K, committed 4352K, reserved 1048576K
}

Deoptimization events (20 events):
Event: 25.820 Thread 0x0000028614960800 Uncommon trap: trap_request=0xffffff4d fr.pc=0x00000286253c5a84 relative=0x00000000000003c4
Event: 25.820 Thread 0x0000028614960800 Uncommon trap: reason=unstable_if action=reinterpret pc=0x00000286253c5a84 method=java.lang.AbstractStringBuilder.putStringAt(ILjava/lang/String;)V @ 8 c2
Event: 25.820 Thread 0x0000028614960800 DEOPT PACKING pc=0x00000286253c5a84 sp=0x000000b6db9face0
Event: 25.820 Thread 0x0000028614960800 DEOPT UNPACKING pc=0x000002861d92a1a9 sp=0x000000b6db9fabd8 mode 2
Event: 25.820 Thread 0x0000028614960800 Uncommon trap: trap_request=0xffffff4d fr.pc=0x000002862546f7b0 relative=0x00000000000003d0
Event: 25.820 Thread 0x0000028614960800 Uncommon trap: reason=unstable_if action=reinterpret pc=0x000002862546f7b0 method=java.lang.String.getBytes([BIB)V @ 5 c2
Event: 25.820 Thread 0x0000028614960800 DEOPT PACKING pc=0x000002862546f7b0 sp=0x000000b6db9fab00
Event: 25.820 Thread 0x0000028614960800 DEOPT UNPACKING pc=0x000002861d92a1a9 sp=0x000000b6db9fa9e8 mode 2
Event: 25.821 Thread 0x0000028614960800 Uncommon trap: trap_request=0xffffff4d fr.pc=0x0000028625403160 relative=0x00000000000000c0
Event: 25.821 Thread 0x0000028614960800 Uncommon trap: reason=unstable_if action=reinterpret pc=0x0000028625403160 method=java.lang.String.getBytes([BIB)V @ 5 c2
Event: 25.821 Thread 0x0000028614960800 DEOPT PACKING pc=0x0000028625403160 sp=0x000000b6db9faa30
Event: 25.821 Thread 0x0000028614960800 DEOPT UNPACKING pc=0x000002861d92a1a9 sp=0x000000b6db9fa9d8 mode 2
Event: 25.821 Thread 0x0000028614960800 Uncommon trap: trap_request=0xffffff4d fr.pc=0x000002862547ee0c relative=0x00000000000001cc
Event: 25.821 Thread 0x0000028614960800 Uncommon trap: reason=unstable_if action=reinterpret pc=0x000002862547ee0c method=java.lang.String.getChars(II[CI)V @ 23 c2
Event: 25.821 Thread 0x0000028614960800 DEOPT PACKING pc=0x000002862547ee0c sp=0x000000b6db9fafc0
Event: 25.821 Thread 0x0000028614960800 DEOPT UNPACKING pc=0x000002861d92a1a9 sp=0x000000b6db9faf80 mode 2
Event: 25.866 Thread 0x0000028631a80000 Uncommon trap: trap_request=0xffffff4d fr.pc=0x00000286254306d4 relative=0x0000000000000234
Event: 25.866 Thread 0x0000028631a80000 Uncommon trap: reason=unstable_if action=reinterpret pc=0x00000286254306d4 method=java.io.ByteArrayInputStream.read()I @ 8 c2
Event: 25.866 Thread 0x0000028631a80000 DEOPT PACKING pc=0x00000286254306d4 sp=0x000000b6dd8fee70
Event: 25.866 Thread 0x0000028631a80000 DEOPT UNPACKING pc=0x000002861d92a1a9 sp=0x000000b6dd8fee28 mode 2

Classes redefined (0 events):
No events

Internal exceptions (20 events):
Event: 17.301 Thread 0x00000286317ea800 Exception <a 'java/lang/NoSuchMethodError'{0x00000000e3525828}: 'java.lang.Object java.lang.invoke.DirectMethodHandle$Holder.invokeStaticInit(java.lang.Object, java.lang.Object, long, java.lang.Object)'> (0x00000000e3525828) thrown at [s\src\hotspot\share\interpreter\linkResolver.cpp, line 773]
Event: 17.303 Thread 0x00000286317ea800 Exception <a 'java/lang/NoSuchMethodError'{0x00000000e352b290}: 'java.lang.Object java.lang.invoke.DirectMethodHandle$Holder.invokeStatic(java.lang.Object, java.lang.Object, long)'> (0x00000000e352b290) thrown at [s\src\hotspot\share\interpreter\linkResolver.cpp, line 773]
Event: 17.304 Thread 0x00000286317ea800 Exception <a 'java/lang/NoSuchMethodError'{0x00000000e3531560}: 'java.lang.Object java.lang.invoke.Invokers$Holder.linkToTargetMethod(java.lang.Object, long, java.lang.Object)'> (0x00000000e3531560) thrown at [s\src\hotspot\share\interpreter\linkResolver.cpp, line 773]
Event: 17.449 Thread 0x00000286305fa800 Exception <a 'java/net/ConnectException'{0x00000000e35d81b0}: Connection refused: connect> (0x00000000e35d81b0) thrown at [s\src\hotspot\share\prims\jni.cpp, line 638]
Event: 17.466 Thread 0x00000286305fa800 Exception <a 'java/net/ConnectException'{0x00000000e35d9240}: Connection refused: connect> (0x00000000e35d9240) thrown at [s\src\hotspot\share\prims\jni.cpp, line 638]
Event: 17.502 Thread 0x00000286305fa800 Exception <a 'java/net/ConnectException'{0x00000000e35da1c0}: Connection refused: connect> (0x00000000e35da1c0) thrown at [s\src\hotspot\share\prims\jni.cpp, line 638]
Event: 17.562 Thread 0x00000286305fa800 Exception <a 'java/net/ConnectException'{0x00000000e35db140}: Connection refused: connect> (0x00000000e35db140) thrown at [s\src\hotspot\share\prims\jni.cpp, line 638]
Event: 17.787 Thread 0x00000286305fa800 Exception <a 'java/net/ConnectException'{0x00000000e35dc0c0}: Connection refused: connect> (0x00000000e35dc0c0) thrown at [s\src\hotspot\share\prims\jni.cpp, line 638]
Event: 18.044 Thread 0x0000028614960800 Exception <a 'java/lang/NoSuchMethodError'{0x00000000e34af6c8}: 'double java.lang.invoke.DirectMethodHandle$Holder.invokeVirtual(java.lang.Object, java.lang.Object)'> (0x00000000e34af6c8) thrown at [s\src\hotspot\share\interpreter\linkResolver.cpp, line 773]
Event: 18.046 Thread 0x0000028614960800 Exception <a 'java/lang/NoSuchMethodError'{0x00000000e34b59d8}: 'float java.lang.invoke.DirectMethodHandle$Holder.invokeVirtual(java.lang.Object, java.lang.Object)'> (0x00000000e34b59d8) thrown at [s\src\hotspot\share\interpreter\linkResolver.cpp, line 773]
Event: 18.208 Thread 0x0000028614960800 Exception <a 'java/lang/NoSuchMethodError'{0x00000000e34be4c8}: 'long java.lang.invoke.DirectMethodHandle$Holder.invokeVirtual(java.lang.Object, java.lang.Object)'> (0x00000000e34be4c8) thrown at [s\src\hotspot\share\interpreter\linkResolver.cpp, line 773]
Event: 18.459 Thread 0x0000028614960800 Exception <a 'java/lang/NoSuchMethodError'{0x00000000e32935b8}: 'java.lang.Object java.lang.invoke.Invokers$Holder.linkToTargetMethod(java.lang.Object, int, int, java.lang.Object)'> (0x00000000e32935b8) thrown at [s\src\hotspot\share\interpreter\linkResolver.cpp, line 773]
Event: 18.479 Thread 0x0000028614960800 Exception <a 'java/lang/NoSuchMethodError'{0x00000000e3296d00}: 'void java.lang.invoke.DirectMethodHandle$Holder.invokeStatic(java.lang.Object, java.lang.Object, int)'> (0x00000000e3296d00) thrown at [s\src\hotspot\share\interpreter\linkResolver.cpp, line 773]
Event: 18.649 Thread 0x0000028614960800 Exception <a 'java/lang/NoSuchMethodError'{0x00000000e2e90850}: 'int java.lang.invoke.DirectMethodHandle$Holder.invokeSpecialIFC(java.lang.Object, java.lang.Object, java.lang.Object)'> (0x00000000e2e90850) thrown at [s\src\hotspot\share\interpreter\linkResolver.cpp, line 773]
Event: 25.359 Thread 0x0000028614960800 Exception <a 'java/lang/NoSuchMethodError'{0x00000000e2dd7838}: 'java.lang.Object java.lang.invoke.DirectMethodHandle$Holder.invokeSpecialIFC(java.lang.Object, java.lang.Object, java.lang.Object)'> (0x00000000e2dd7838) thrown at [s\src\hotspot\share\interpreter\linkResolver.cpp, line 773]
Event: 25.815 Thread 0x0000028614960800 Exception <a 'java/lang/ClassNotFoundException'{0x00000000e269ef60}: sun/util/logging/resources/spi/loggingProvider> (0x00000000e269ef60) thrown at [s\src\hotspot\share\classfile\systemDictionary.cpp, line 230]
Event: 28.389 Thread 0x0000028614960800 Exception <a 'java/lang/ClassNotFoundException'{0x00000000e3a0fab8}: sun/misc/SharedSecrets> (0x00000000e3a0fab8) thrown at [s\src\hotspot\share\classfile\systemDictionary.cpp, line 230]
Event: 28.407 Thread 0x0000028614960800 Exception <a 'java/lang/reflect/InvocationTargetException'{0x00000000e3a435d8}> (0x00000000e3a435d8) thrown at [s\src\hotspot\share\runtime\reflection.cpp, line 1247]
Event: 28.414 Thread 0x0000028614960800 Exception <a 'java/lang/IncompatibleClassChangeError'{0x00000000e3a618f8}: Found class java.lang.Object, but interface was expected> (0x00000000e3a618f8) thrown at [s\src\hotspot\share\interpreter\linkResolver.cpp, line 839]
Event: 28.417 Thread 0x0000028614960800 Exception <a 'java/lang/NoSuchMethodError'{0x00000000e3a6a810}: 'void java.lang.invoke.DirectMethodHandle$Holder.invokeVirtual(java.lang.Object, java.lang.Object)'> (0x00000000e3a6a810) thrown at [s\src\hotspot\share\interpreter\linkResolver.cpp, line 773]

Events (20 events):
Event: 28.446 loading class org/openqa/selenium/remote/Command
Event: 28.446 loading class org/openqa/selenium/remote/Command done
Event: 28.446 loading class org/openqa/selenium/remote/Response
Event: 28.446 loading class org/openqa/selenium/remote/Response done
Event: 28.446 loading class org/openqa/selenium/remote/service/DriverCommandExecutor
Event: 28.446 loading class org/openqa/selenium/remote/service/DriverCommandExecutor done
Event: 28.447 Thread 0x0000028631a82800 Thread added: 0x0000028631a82800
Event: 28.447 loading class org/openqa/selenium/remote/Response
Event: 28.447 loading class org/openqa/selenium/remote/Response done
Event: 28.447 loading class org/openqa/selenium/remote/service/DriverCommandExecutor
Event: 28.447 loading class org/openqa/selenium/remote/service/DriverCommandExecutor done
Event: 28.448 Thread 0x0000028631a85800 Thread added: 0x0000028631a85800
Event: 28.452 loading class io/netty/channel/AbstractChannel$AbstractUnsafe$7
Event: 28.452 loading class io/netty/channel/AbstractChannel$AbstractUnsafe$7 done
Event: 28.454 loading class java/util/concurrent/ConcurrentLinkedQueue$Itr
Event: 28.458 loading class java/util/concurrent/ConcurrentLinkedQueue$Itr done
Event: 28.476 Executing VM operation: RevokeBias
Event: 28.477 Executing VM operation: RevokeBias done
Event: 28.477 loading class io/netty/util/concurrent/DefaultPromise$1
Event: 28.477 loading class io/netty/util/concurrent/DefaultPromise$1 done


Dynamic libraries:
0x00007ff710fb0000 - 0x00007ff710fbe000 	C:\Program Files\Eclipse Adoptium\jdk-11.0.19.7-hotspot\bin\java.exe
0x00007ff9b6930000 - 0x00007ff9b6b27000 	C:\WINDOWS\SYSTEM32\ntdll.dll
0x00007ff9b6190000 - 0x00007ff9b624d000 	C:\WINDOWS\System32\KERNEL32.DLL
0x00007ff9b4390000 - 0x00007ff9b4686000 	C:\WINDOWS\System32\KERNELBASE.dll
0x00007ff9b17b0000 - 0x00007ff9b1840000 	C:\WINDOWS\SYSTEM32\apphelp.dll
0x00007ff9966f0000 - 0x00007ff996b86000 	C:\WINDOWS\SYSTEM32\AcLayers.DLL
0x00007ff9b5a50000 - 0x00007ff9b5aee000 	C:\WINDOWS\System32\msvcrt.dll
0x00007ff9b4990000 - 0x00007ff9b4b2e000 	C:\WINDOWS\System32\USER32.dll
0x00007ff9b4960000 - 0x00007ff9b4982000 	C:\WINDOWS\System32\win32u.dll
0x00007ff9b5cf0000 - 0x00007ff9b5d1c000 	C:\WINDOWS\System32\GDI32.dll
0x00007ff9b4840000 - 0x00007ff9b495a000 	C:\WINDOWS\System32\gdi32full.dll
0x00007ff9b4150000 - 0x00007ff9b41ed000 	C:\WINDOWS\System32\msvcp_win.dll
0x00007ff9b41f0000 - 0x00007ff9b42f0000 	C:\WINDOWS\System32\ucrtbase.dll
0x00007ff9b5230000 - 0x00007ff9b5974000 	C:\WINDOWS\System32\SHELL32.dll
0x00007ff9b51d0000 - 0x00007ff9b5225000 	C:\WINDOWS\System32\SHLWAPI.dll
0x00007ff9b4fd0000 - 0x00007ff9b507e000 	C:\WINDOWS\System32\ADVAPI32.dll
0x00007ff9b5af0000 - 0x00007ff9b5b8c000 	C:\WINDOWS\System32\sechost.dll
0x00007ff9b4e30000 - 0x00007ff9b4f56000 	C:\WINDOWS\System32\RPCRT4.dll
0x0000028612cf0000 - 0x0000028612cf3000 	C:\WINDOWS\SYSTEM32\sfc.dll
0x00007ff9a0e90000 - 0x00007ff9a0f2d000 	C:\WINDOWS\SYSTEM32\WINSPOOL.DRV
0x00007ff9b6570000 - 0x00007ff9b68c4000 	C:\WINDOWS\System32\combase.dll
0x00007ff9b5b90000 - 0x00007ff9b5c3d000 	C:\WINDOWS\System32\shcore.dll
0x00007ff99dee0000 - 0x00007ff99def2000 	C:\WINDOWS\SYSTEM32\sfc_os.DLL
0x00007ff9a5670000 - 0x00007ff9a5681000 	C:\WINDOWS\SYSTEM32\SortWindows61.dll
0x00007ff9b4c50000 - 0x00007ff9b4c80000 	C:\WINDOWS\System32\IMM32.DLL
0x00007ff9b3960000 - 0x00007ff9b3990000 	C:\WINDOWS\system32\DriverStore\FileRepository\nvacwu.inf_amd64_bdd6ea477d4e2fba\nvinitx.dll
0x00007ff9b3920000 - 0x00007ff9b392a000 	C:\WINDOWS\SYSTEM32\VERSION.dll
0x00007ff9b2070000 - 0x00007ff9b280b000 	C:\WINDOWS\SYSTEM32\windows.storage.dll
0x00007ff9b3a50000 - 0x00007ff9b3a7d000 	C:\WINDOWS\SYSTEM32\Wldp.dll
0x0000000064e10000 - 0x0000000064e16000 	C:\Program Files\NVIDIA Corporation\CoProcManager\_etoured.dll
0x00007ff9af790000 - 0x00007ff9af7cb000 	C:\Program Files\NVIDIA Corporation\CoProcManager\nvd3d9wrapx.dll
0x00007ff9b5d20000 - 0x00007ff9b618e000 	C:\WINDOWS\System32\SETUPAPI.dll
0x00007ff9b4690000 - 0x00007ff9b46de000 	C:\WINDOWS\System32\cfgmgr32.dll
0x00007ff9b4360000 - 0x00007ff9b4387000 	C:\WINDOWS\System32\bcrypt.dll
0x00007ff9af570000 - 0x00007ff9af594000 	C:\Program Files\NVIDIA Corporation\CoProcManager\nvdxgiwrapx.dll
0x00007ff9a5260000 - 0x00007ff9a5278000 	C:\Program Files\Eclipse Adoptium\jdk-11.0.19.7-hotspot\bin\jli.dll
0x00007ff9a5240000 - 0x00007ff9a5259000 	C:\Program Files\Eclipse Adoptium\jdk-11.0.19.7-hotspot\bin\VCRUNTIME140.dll
0x00007ff9a63f0000 - 0x00007ff9a668a000 	C:\WINDOWS\WinSxS\amd64_microsoft.windows.common-controls_6595b64144ccf1df_6.0.19041.3570_none_60bb2a3971f3e41a\COMCTL32.dll
0x00007ff9afaf0000 - 0x00007ff9afafc000 	C:\Program Files\Eclipse Adoptium\jdk-11.0.19.7-hotspot\bin\vcruntime140_1.dll
0x00007ff997520000 - 0x00007ff9975b1000 	C:\Program Files\Eclipse Adoptium\jdk-11.0.19.7-hotspot\bin\msvcp140.dll
0x00007ff98db80000 - 0x00007ff98e73c000 	C:\Program Files\Eclipse Adoptium\jdk-11.0.19.7-hotspot\bin\server\jvm.dll
0x00007ff9b6250000 - 0x00007ff9b6258000 	C:\WINDOWS\System32\PSAPI.DLL
0x00007ff9afa70000 - 0x00007ff9afa79000 	C:\WINDOWS\SYSTEM32\WSOCK32.dll
0x00007ff9a2d90000 - 0x00007ff9a2db7000 	C:\WINDOWS\SYSTEM32\WINMM.dll
0x00007ff9b4f60000 - 0x00007ff9b4fcb000 	C:\WINDOWS\System32\WS2_32.dll
0x00007ff9b1e70000 - 0x00007ff9b1e82000 	C:\WINDOWS\SYSTEM32\kernel.appcore.dll
0x00007ff9ae0d0000 - 0x00007ff9ae0e0000 	C:\Program Files\Eclipse Adoptium\jdk-11.0.19.7-hotspot\bin\verify.dll
0x00007ff9a2f40000 - 0x00007ff9a3124000 	C:\WINDOWS\SYSTEM32\DBGHELP.DLL
0x00007ff9a2c40000 - 0x00007ff9a2c74000 	C:\WINDOWS\SYSTEM32\dbgcore.DLL
0x00007ff9b4010000 - 0x00007ff9b4092000 	C:\WINDOWS\System32\bcryptPrimitives.dll
0x00007ff9a5210000 - 0x00007ff9a5238000 	C:\Program Files\Eclipse Adoptium\jdk-11.0.19.7-hotspot\bin\java.dll
0x00007ff9ad2e0000 - 0x00007ff9ad2ea000 	C:\Program Files\Eclipse Adoptium\jdk-11.0.19.7-hotspot\bin\jimage.dll
0x00007ff9a51e0000 - 0x00007ff9a51f8000 	C:\Program Files\Eclipse Adoptium\jdk-11.0.19.7-hotspot\bin\zip.dll
0x00007ff9b3f40000 - 0x00007ff9b3f65000 	C:\WINDOWS\SYSTEM32\profapi.dll
0x00007ff9a4a80000 - 0x00007ff9a4a99000 	C:\Program Files\Eclipse Adoptium\jdk-11.0.19.7-hotspot\bin\net.dll
0x00007ff9aa0f0000 - 0x00007ff9aa1fa000 	C:\WINDOWS\SYSTEM32\WINHTTP.dll
0x00007ff9b3700000 - 0x00007ff9b376a000 	C:\WINDOWS\system32\mswsock.dll
0x00007ff9a03e0000 - 0x00007ff9a03f3000 	C:\Program Files\Eclipse Adoptium\jdk-11.0.19.7-hotspot\bin\nio.dll
0x00007ff9b38f0000 - 0x00007ff9b3908000 	C:\WINDOWS\SYSTEM32\CRYPTSP.dll
0x00007ff9b2fb0000 - 0x00007ff9b2fe4000 	C:\WINDOWS\system32\rsaenh.dll
0x00007ff9b3f00000 - 0x00007ff9b3f2e000 	C:\WINDOWS\SYSTEM32\USERENV.dll
0x00007ff9b3910000 - 0x00007ff9b391c000 	C:\WINDOWS\SYSTEM32\CRYPTBASE.dll
0x00007ff9b33f0000 - 0x00007ff9b342b000 	C:\WINDOWS\SYSTEM32\IPHLPAPI.DLL
0x00007ff9b5980000 - 0x00007ff9b5988000 	C:\WINDOWS\System32\NSI.dll
0x00007ff9aac60000 - 0x00007ff9aac77000 	C:\WINDOWS\SYSTEM32\dhcpcsvc6.DLL
0x00007ff9ac030000 - 0x00007ff9ac04d000 	C:\WINDOWS\SYSTEM32\dhcpcsvc.DLL
0x00007ff9b3430000 - 0x00007ff9b34fa000 	C:\WINDOWS\SYSTEM32\DNSAPI.dll
0x00007ff9af0e0000 - 0x00007ff9af0ee000 	C:\Program Files\Eclipse Adoptium\jdk-11.0.19.7-hotspot\bin\sunmscapi.dll
0x00007ff9b46e0000 - 0x00007ff9b483d000 	C:\WINDOWS\System32\CRYPT32.dll
0x00007ff9b3ac0000 - 0x00007ff9b3ae7000 	C:\WINDOWS\SYSTEM32\ncrypt.dll
0x00007ff9b3a80000 - 0x00007ff9b3abb000 	C:\WINDOWS\SYSTEM32\NTASN1.dll
0x00007ff9a56e0000 - 0x00007ff9a5707000 	C:\Program Files\Eclipse Adoptium\jdk-11.0.19.7-hotspot\bin\sunec.dll
0x00007ff9a6e70000 - 0x00007ff9a6e7a000 	C:\Windows\System32\rasadhlp.dll
0x00007ff9a7b60000 - 0x00007ff9a7be2000 	C:\WINDOWS\System32\fwpuclnt.dll
0x00007ff9adc30000 - 0x00007ff9adc39000 	C:\Program Files\Eclipse Adoptium\jdk-11.0.19.7-hotspot\bin\management.dll
0x00007ff9adc20000 - 0x00007ff9adc2b000 	C:\Program Files\Eclipse Adoptium\jdk-11.0.19.7-hotspot\bin\management_ext.dll

dbghelp: loaded successfully - version: 4.0.5 - missing functions: none
symbol engine: initialized successfully - sym options: 0x614 - pdb path: .;C:\Program Files\Eclipse Adoptium\jdk-11.0.19.7-hotspot\bin;C:\WINDOWS\SYSTEM32;C:\WINDOWS\system32\DriverStore\FileRepository\nvacwu.inf_amd64_bdd6ea477d4e2fba;C:\Program Files\NVIDIA Corporation\CoProcManager;C:\WINDOWS\WinSxS\amd64_microsoft.windows.common-controls_6595b64144ccf1df_6.0.19041.3570_none_60bb2a3971f3e41a;C:\Program Files\Eclipse Adoptium\jdk-11.0.19.7-hotspot\bin\server

VM Arguments:
jvm_args: -Dorg.gradle.internal.worker.tmpdir=C:\Users\1\IdeaProjects\Idea03\Idea03\build\tmp\test\work -Dorg.gradle.native=false -Xmx512m -Dfile.encoding=windows-1251 -Duser.country=RU -Duser.language=ru -Duser.variant -ea 
java_command: worker.org.gradle.process.internal.worker.GradleWorkerMain 'Gradle Test Executor 3'
java_class_path (initial): C:\\Users\\1\\.gradle\\caches\\7.6\\workerMain\\gradle-worker.jar;C:\\Users\\1\\IdeaProjects\\Idea03\\Idea03\\build\\classes\\java\\test;C:\\Users\\1\\IdeaProjects\\Idea03\\Idea03\\build\\classes\\java\\main;C:\\Users\\1\\.gradle\\caches\\modules-2\\files-2.1\\org.junit.jupiter\\junit-jupiter-params\\5.8.2\\ddeafe92fc263f895bfb73ffeca7fd56e23c2cce\\junit-jupiter-params-5.8.2.jar;C:\\Users\\1\\.gradle\\caches\\modules-2\\files-2.1\\org.junit.jupiter\\junit-jupiter-engine\\5.8.2\\c598b4328d2f397194d11df3b1648d68d7d990e3\\junit-jupiter-engine-5.8.2.jar;C:\\Users\\1\\.gradle\\caches\\modules-2\\files-2.1\\org.junit.jupiter\\junit-jupiter-api\\5.8.2\\4c21029217adf07e4c0d0c5e192b6bf610c94bdc\\junit-jupiter-api-5.8.2.jar;C:\\Users\\1\\.gradle\\caches\\modules-2\\files-2.1\\org.junit.platform\\junit-platform-engine\\1.8.2\\b737de09f19864bd136805c84df7999a142fec29\\junit-platform-engine-1.8.2.jar;C:\\Users\\1\\.gradle\\caches\\modules-2\\files-2.1\\org.junit.platform\\junit-platform-commons\\1.8.2\\32c8b8617c1342376fd5af2053da6410d8866861\\junit-platform-commons-1.8.2.jar;C:\\Users\\1\\.gradle\\caches\\modules-2\\files-2.1\\org.junit.jupiter\\junit-jupiter\\5.8.2\\5a817b1e63f1217e5c586090c45e681281f097ad\\junit-jupiter-5.8.2.jar;C:\\Users\\1\\.gradle\\caches\\modules-2\\files-2.1\\org.seleniumhq.selenium\\selenium-java\\4.11.0\\18cef0adbc08d152da07b234a04f6e8240ce215f\\selenium-java-4.11.0.jar;C:\\Users\\1\\.gradle\\caches\\modules-2\\files-2.1\\io.github.bonigarcia\\webdrivermanager\\5.6.0\\400c50e66b30e5e6c973026b0f22a5126d11b561\\webdrivermanager-5.6.0.jar;C:\\Users\\1\\.gradle\\caches\\modules-2\\files-2.1\\org.seleniumhq.selenium\\selenium-chrome-driver\\4.11.0\\4c44dd3f0402a8b988966a153714af1c69e26d13\\selenium-chrome-driver-4.11.0.jar;C:\\Users\\1\\.gradle\\caches\\modules-2\\files-2.1\\org.seleniumhq.selenium\\selenium-devtools-v113\\4.11.0\\a0dc1c6e06f210ffa8b189dd607966f105303aff\\selenium-devtools-v113-4.11.0.jar;C:\\Users\\1\\.gradle\
Launcher Type: SUN_STANDARD

[Global flags]
     intx CICompilerCount                          = 2                                         {product} {ergonomic}
     uint ConcGCThreads                            = 1                                         {product} {ergonomic}
     uint G1ConcRefinementThreads                  = 2                                         {product} {ergonomic}
   size_t G1HeapRegionSize                         = 1048576                                   {product} {ergonomic}
    uintx GCDrainStackTargetSize                   = 64                                        {product} {ergonomic}
   size_t InitialHeapSize                          = 62914560                                  {product} {ergonomic}
   size_t MarkStackSize                            = 4194304                                   {product} {ergonomic}
   size_t MaxHeapSize                              = 536870912                                 {product} {command line}
   size_t MaxNewSize                               = 321912832                                 {product} {ergonomic}
   size_t MinHeapDeltaBytes                        = 1048576                                   {product} {ergonomic}
    uintx NonNMethodCodeHeapSize                   = 5825164                                {pd product} {ergonomic}
    uintx NonProfiledCodeHeapSize                  = 122916538                              {pd product} {ergonomic}
    uintx ProfiledCodeHeapSize                     = 122916538                              {pd product} {ergonomic}
    uintx ReservedCodeCacheSize                    = 251658240                              {pd product} {ergonomic}
     bool SegmentedCodeCache                       = true                                      {product} {ergonomic}
     bool UseCompressedClassPointers               = true                                 {lp64_product} {ergonomic}
     bool UseCompressedOops                        = true                                 {lp64_product} {ergonomic}
     bool UseG1GC                                  = true                                      {product} {ergonomic}
     bool UseLargePagesIndividualAllocation        = false                                  {pd product} {ergonomic}

Logging:
Log output configuration:
 #0: stdout all=warning uptime,level,tags
 #1: stderr all=off uptime,level,tags

Environment Variables:
PATH=C:\Program Files\Eclipse Adoptium\jdk-11.0.19.7-hotspot\bin;C:\WINDOWS\system32;C:\WINDOWS;C:\WINDOWS\System32\Wbem;C:\WINDOWS\System32\WindowsPowerShell\v1.0\;C:\WINDOWS\System32\OpenSSH\;C:\Program Files\Git\cmd;C:\Users\1\AppData\Local\Microsoft\WindowsApps;;C:\Users\1\AppData\Local\Programs\Microsoft VS Code\bin
USERNAME=1
OS=Windows_NT
PROCESSOR_IDENTIFIER=Intel64 Family 6 Model 37 Stepping 5, GenuineIntel
TMP=C:\Users\1\AppData\Local\Temp
TEMP=C:\Users\1\AppData\Local\Temp



---------------  S Y S T E M  ---------------

OS: Windows 10 , 64 bit Build 19041 (10.0.19041.3570)
OS uptime: 0 days 0:41 hours

CPU:total 2 (initial active 2) (2 cores per cpu, 1 threads per core) family 6 model 37 stepping 5 microcode 0x7, cmov, cx8, fxsr, mmx, sse, sse2, sse3, ssse3, popcnt, tsc, tscinvbit

Memory: 4k page, system-wide physical 3766M (179M free)
TotalPageFile size 5814M (AvailPageFile size 7M)
current process WorkingSet (physical memory assigned to process): 186M, peak: 193M
current process commit charge ("private bytes"): 231M, peak: 231M

vm_info: OpenJDK 64-Bit Server VM (11.0.19+7) for windows-amd64 JRE (11.0.19+7), built on Apr 18 2023 23:12:18 by "" with MS VC++ 16.7 (VS2019)

END.
