#
# There is insufficient memory for the Java Runtime Environment to continue.
# Native memory allocation (malloc) failed to allocate 32744 bytes for ChunkPool::allocate
# Possible reasons:
#   The system is out of physical RAM or swap space
#   The process is running with CompressedOops enabled, and the Java Heap may be blocking the growth of the native heap
# Possible solutions:
#   Reduce memory load on the system
#   Increase physical memory or swap space
#   Check if swap backing store is full
#   Decrease Java heap size (-Xmx/-Xms)
#   Decrease number of Java threads
#   Decrease Java thread stack sizes (-Xss)
#   Set larger code cache with -XX:ReservedCodeCacheSize=
#   JVM is running with Unscaled Compressed Oops mode in which the Java heap is
#     placed in the first 4GB address space. The Java Heap base address is the
#     maximum limit for the native heap growth. Please use -XX:HeapBaseMinAddress
#     to set the Java Heap base and to place the Java Heap above 4GB virtual address.
# This output file may be truncated or incomplete.
#
#  Out of Memory Error (arena.cpp:81), pid=3732, tid=1264
#
# JRE version: OpenJDK Runtime Environment Temurin-11.0.19+7 (11.0.19+7) (build 11.0.19+7)
# Java VM: OpenJDK 64-Bit Server VM Temurin-11.0.19+7 (11.0.19+7, mixed mode, tiered, compressed oops, g1 gc, windows-amd64)
# No core dump will be written. Minidumps are not enabled by default on client versions of Windows
#

---------------  S U M M A R Y ------------

Command Line: --add-opens=java.base/java.util=ALL-UNNAMED --add-opens=java.base/java.lang=ALL-UNNAMED --add-opens=java.base/java.lang.invoke=ALL-UNNAMED --add-opens=java.prefs/java.util.prefs=ALL-UNNAMED --add-opens=java.base/java.nio.charset=ALL-UNNAMED --add-opens=java.base/java.net=ALL-UNNAMED --add-opens=java.base/java.util.concurrent.atomic=ALL-UNNAMED -XX:MaxMetaspaceSize=256m -XX:+HeapDumpOnOutOfMemoryError -Xms256m -Xmx512m -Dfile.encoding=windows-1251 -Duser.country=RU -Duser.language=ru -Duser.variant org.gradle.launcher.daemon.bootstrap.GradleDaemon 7.6

Host: Intel(R) Pentium(R) CPU        P6200  @ 2.13GHz, 2 cores, 3G,  Windows 10 , 64 bit Build 19041 (10.0.19041.3570)
Time: Sun Oct 29 22:08:41 2023 RTZ 2 (s 10 , 64 bit Build 19041 (10.0.19041.3570) elapsed time: 14.447487 seconds (0d 0h 0m 14s)

---------------  T H R E A D  ---------------

Current thread (0x000001ffdafdd000):  JavaThread "C1 CompilerThread0" daemon [_thread_in_vm, id=1264, stack(0x000000b21e600000,0x000000b21e700000)]


Current CompileTask:
C1:  14447 3674       1       com.google.common.cache.LocalCache$StrongEntry::setValueReference (6 bytes)

Stack: [0x000000b21e600000,0x000000b21e700000]
Native frames: (J=compiled Java code, j=interpreted, Vv=VM code, C=native code)
V  [jvm.dll+0x64fb5a]
V  [jvm.dll+0x7e3549]
V  [jvm.dll+0x7e4c49]
V  [jvm.dll+0x7e5333]
V  [jvm.dll+0x26afd5]
V  [jvm.dll+0xc1cbf]
V  [jvm.dll+0xc200c]
V  [jvm.dll+0x362baa]
V  [jvm.dll+0x1ce565]
V  [jvm.dll+0x1b99ff]
V  [jvm.dll+0x231e0d]
V  [jvm.dll+0x2300af]
V  [jvm.dll+0x7a48d0]
V  [jvm.dll+0x79d6e4]
V  [jvm.dll+0x64e915]
C  [ucrtbase.dll+0x21bb2]
C  [KERNEL32.DLL+0x17344]
C  [ntdll.dll+0x526b1]


---------------  P R O C E S S  ---------------

Threads class SMR info:
_java_thread_list=0x000001ffdb8d23e0, length=33, elements={
0x000001ffbf276000, 0x000001ffdaf27800, 0x000001ffdaf2b000, 0x000001ffdaf90800,
0x000001ffdaf93000, 0x000001ffdaf96000, 0x000001ffdaf9b800, 0x000001ffdafdd000,
0x000001ffdb028000, 0x000001ffdb16d800, 0x000001ffdda42000, 0x000001ffdc81a800,
0x000001ffdc65a000, 0x000001ffdc45e800, 0x000001ffdcac0000, 0x000001ffdb3bd000,
0x000001ffdb51d800, 0x000001ffdbe28000, 0x000001ffdbf42000, 0x000001ffddfa8800,
0x000001ffddfa7000, 0x000001ffddfa8000, 0x000001ffddfa6000, 0x000001ffdcdb4000,
0x000001ffdcdb7800, 0x000001ffdcdb9000, 0x000001ffdcdb3000, 0x000001ffdcdba000,
0x000001ffdcdbb000, 0x000001ffdcdb8800, 0x000001ffdcdb5000, 0x000001ffdcdc1000,
0x000001ffdcdbf000
}

Java Threads: ( => current thread )
  0x000001ffbf276000 JavaThread "main" [_thread_blocked, id=5856, stack(0x000000b21d800000,0x000000b21d900000)]
  0x000001ffdaf27800 JavaThread "Reference Handler" daemon [_thread_blocked, id=8016, stack(0x000000b21e000000,0x000000b21e100000)]
  0x000001ffdaf2b000 JavaThread "Finalizer" daemon [_thread_blocked, id=7084, stack(0x000000b21e100000,0x000000b21e200000)]
  0x000001ffdaf90800 JavaThread "Signal Dispatcher" daemon [_thread_blocked, id=7772, stack(0x000000b21e200000,0x000000b21e300000)]
  0x000001ffdaf93000 JavaThread "Attach Listener" daemon [_thread_blocked, id=8248, stack(0x000000b21e300000,0x000000b21e400000)]
  0x000001ffdaf96000 JavaThread "Service Thread" daemon [_thread_blocked, id=5664, stack(0x000000b21e400000,0x000000b21e500000)]
  0x000001ffdaf9b800 JavaThread "C2 CompilerThread0" daemon [_thread_in_native, id=5324, stack(0x000000b21e500000,0x000000b21e600000)]
=>0x000001ffdafdd000 JavaThread "C1 CompilerThread0" daemon [_thread_in_vm, id=1264, stack(0x000000b21e600000,0x000000b21e700000)]
  0x000001ffdb028000 JavaThread "Sweeper thread" daemon [_thread_blocked, id=6720, stack(0x000000b21e700000,0x000000b21e800000)]
  0x000001ffdb16d800 JavaThread "Common-Cleaner" daemon [_thread_blocked, id=3976, stack(0x000000b21e800000,0x000000b21e900000)]
  0x000001ffdda42000 JavaThread "Daemon health stats" [_thread_blocked, id=4588, stack(0x000000b21eb00000,0x000000b21ec00000)]
  0x000001ffdc81a800 JavaThread "Incoming local TCP Connector on port 58606" [_thread_in_native, id=7788, stack(0x000000b21ec00000,0x000000b21ed00000)]
  0x000001ffdc65a000 JavaThread "Daemon periodic checks" [_thread_blocked, id=4144, stack(0x000000b21ed00000,0x000000b21ee00000)]
  0x000001ffdc45e800 JavaThread "Daemon" [_thread_blocked, id=7768, stack(0x000000b21ee00000,0x000000b21ef00000)]
  0x000001ffdcac0000 JavaThread "Handler for socket connection from /127.0.0.1:58606 to /127.0.0.1:58607" [_thread_in_native, id=6724, stack(0x000000b21ef00000,0x000000b21f000000)]
  0x000001ffdb3bd000 JavaThread "Cancel handler" [_thread_blocked, id=1252, stack(0x000000b21f000000,0x000000b21f100000)]
  0x000001ffdb51d800 JavaThread "Daemon worker" [_thread_in_vm, id=1400, stack(0x000000b21f100000,0x000000b21f200000)]
  0x000001ffdbe28000 JavaThread "Asynchronous log dispatcher for DefaultDaemonConnection: socket connection from /127.0.0.1:58606 to /127.0.0.1:58607" [_thread_blocked, id=5600, stack(0x000000b21f200000,0x000000b21f300000)]
  0x000001ffdbf42000 JavaThread "Stdin handler" [_thread_blocked, id=7304, stack(0x000000b21f300000,0x000000b21f400000)]
  0x000001ffddfa8800 JavaThread "Daemon client event forwarder" [_thread_blocked, id=6504, stack(0x000000b21f400000,0x000000b21f500000)]
  0x000001ffddfa7000 JavaThread "Cache worker for journal cache (C:\Users\1\.gradle\caches\journal-1)" [_thread_blocked, id=7436, stack(0x000000b21f500000,0x000000b21f600000)]
  0x000001ffddfa8000 JavaThread "File lock request listener" [_thread_in_native, id=4184, stack(0x000000b21f600000,0x000000b21f700000)]
  0x000001ffddfa6000 JavaThread "Cache worker for file hash cache (C:\Users\1\.gradle\caches\7.6\fileHashes)" [_thread_blocked, id=60, stack(0x000000b21f700000,0x000000b21f800000)]
  0x000001ffdcdb4000 JavaThread "File watcher server" daemon [_thread_in_native, id=2620, stack(0x000000b21f800000,0x000000b21f900000)]
  0x000001ffdcdb7800 JavaThread "File watcher consumer" daemon [_thread_blocked, id=2004, stack(0x000000b21f900000,0x000000b21fa00000)]
  0x000001ffdcdb9000 JavaThread "Cache worker for checksums cache (C:\Users\1\IdeaProjects\Idea03\Idea03\.gradle\7.6\checksums)" [_thread_blocked, id=4652, stack(0x000000b21fa00000,0x000000b21fb00000)]
  0x000001ffdcdb3000 JavaThread "Cache worker for cache directory md-rule (C:\Users\1\.gradle\caches\7.6\md-rule)" [_thread_blocked, id=1688, stack(0x000000b21fb00000,0x000000b21fc00000)]
  0x000001ffdcdba000 JavaThread "Cache worker for file content cache (C:\Users\1\.gradle\caches\7.6\fileContent)" [_thread_blocked, id=4820, stack(0x000000b21fc00000,0x000000b21fd00000)]
  0x000001ffdcdbb000 JavaThread "Cache worker for file hash cache (C:\Users\1\IdeaProjects\Idea03\Idea03\.gradle\7.6\fileHashes)" [_thread_blocked, id=2676, stack(0x000000b21fd00000,0x000000b21fe00000)]
  0x000001ffdcdb8800 JavaThread "Cache worker for cache directory md-supplier (C:\Users\1\.gradle\caches\7.6\md-supplier)" [_thread_blocked, id=3972, stack(0x000000b21fe00000,0x000000b21ff00000)]
  0x000001ffdcdb5000 JavaThread "Cache worker for execution history cache (C:\Users\1\.gradle\caches\7.6\executionHistory)" [_thread_blocked, id=3080, stack(0x000000b21ff00000,0x000000b220000000)]
  0x000001ffdcdc1000 JavaThread "jar transforms" [_thread_blocked, id=4924, stack(0x000000b220000000,0x000000b220100000)]
  0x000001ffdcdbf000 JavaThread "jar transforms Thread 2" [_thread_blocked, id=2012, stack(0x000000b220100000,0x000000b220200000)]

Other Threads:
  0x000001ffdaf08800 VMThread "VM Thread" [stack: 0x000000b21df00000,0x000000b21e000000] [id=5996]
  0x000001ffdb1ac000 WatcherThread [stack: 0x000000b21e900000,0x000000b21ea00000] [id=7264]
  0x000001ffbf295800 GCTaskThread "GC Thread#0" [stack: 0x000000b21da00000,0x000000b21db00000] [id=9212]
  0x000001ffdb9eb800 GCTaskThread "GC Thread#1" [stack: 0x000000b21ea00000,0x000000b21eb00000] [id=8372]
  0x000001ffbf2a6800 ConcurrentGCThread "G1 Main Marker" [stack: 0x000000b21db00000,0x000000b21dc00000] [id=2396]
  0x000001ffbf2a7800 ConcurrentGCThread "G1 Conc#0" [stack: 0x000000b21dc00000,0x000000b21dd00000] [id=1720]
  0x000001ffbf3a2800 ConcurrentGCThread "G1 Refine#0" [stack: 0x000000b21dd00000,0x000000b21de00000] [id=7868]
  0x000001ffbf3a3800 ConcurrentGCThread "G1 Young RemSet Sampling" [stack: 0x000000b21de00000,0x000000b21df00000] [id=3528]

Threads with active compile tasks:
C2 CompilerThread0    14545 3576       4       org.codehaus.groovy.runtime.metaclass.MetaMethodIndex::addMethodToList (131 bytes)
C1 CompilerThread0    14545 3674       1       com.google.common.cache.LocalCache$StrongEntry::setValueReference (6 bytes)

VM state:not at safepoint (normal execution)

VM Mutex/Monitor currently owned by a thread: None

Heap address: 0x00000000e0000000, size: 512 MB, Compressed Oops mode: 32-bit
Narrow klass base: 0x0000000000000000, Narrow klass shift: 3
Compressed class space size: 260046848 Address: 0x0000000100000000

Heap:
 garbage-first heap   total 262144K, used 81920K [0x00000000e0000000, 0x0000000100000000)
  region size 1024K, 65 young (66560K), 9 survivors (9216K)
 Metaspace       used 41574K, capacity 42633K, committed 42672K, reserved 292864K
  class space    used 5246K, capacity 5621K, committed 5632K, reserved 253952K
Heap Regions: E=young(eden), S=young(survivor), O=old, HS=humongous(starts), HC=humongous(continues), CS=collection set, F=free, A=archive, TAMS=top-at-mark-start (previous, next)
|   0|0x00000000e0000000, 0x00000000e0100000, 0x00000000e0100000|100%| O|  |TAMS 0x00000000e0100000, 0x00000000e0000000| Untracked 
|   1|0x00000000e0100000, 0x00000000e0200000, 0x00000000e0200000|100%| O|  |TAMS 0x00000000e0200000, 0x00000000e0100000| Untracked 
|   2|0x00000000e0200000, 0x00000000e0300000, 0x00000000e0300000|100%|HS|  |TAMS 0x00000000e0300000, 0x00000000e0200000| Complete 
|   3|0x00000000e0300000, 0x00000000e0400000, 0x00000000e0400000|100%|HC|  |TAMS 0x00000000e0400000, 0x00000000e0300000| Complete 
|   4|0x00000000e0400000, 0x00000000e0500000, 0x00000000e0500000|100%|HC|  |TAMS 0x00000000e0500000, 0x00000000e0400000| Complete 
|   5|0x00000000e0500000, 0x00000000e0600000, 0x00000000e0600000|100%| O|  |TAMS 0x00000000e0600000, 0x00000000e0500000| Untracked 
|   6|0x00000000e0600000, 0x00000000e0700000, 0x00000000e0700000|100%| O|  |TAMS 0x00000000e0700000, 0x00000000e0600000| Untracked 
|   7|0x00000000e0700000, 0x00000000e0800000, 0x00000000e0800000|100%| O|  |TAMS 0x00000000e0800000, 0x00000000e0700000| Untracked 
|   8|0x00000000e0800000, 0x00000000e0900000, 0x00000000e0900000|100%| O|  |TAMS 0x00000000e0900000, 0x00000000e0800000| Untracked 
|   9|0x00000000e0900000, 0x00000000e0a00000, 0x00000000e0a00000|100%| O|  |TAMS 0x00000000e0a00000, 0x00000000e0900000| Untracked 
|  10|0x00000000e0a00000, 0x00000000e0b00000, 0x00000000e0b00000|100%| O|  |TAMS 0x00000000e0b00000, 0x00000000e0a00000| Untracked 
|  11|0x00000000e0b00000, 0x00000000e0c00000, 0x00000000e0c00000|100%| O|  |TAMS 0x00000000e0c00000, 0x00000000e0b00000| Untracked 
|  12|0x00000000e0c00000, 0x00000000e0d00000, 0x00000000e0d00000|100%| O|  |TAMS 0x00000000e0d00000, 0x00000000e0c00000| Untracked 
|  13|0x00000000e0d00000, 0x00000000e0e00000, 0x00000000e0e00000|100%| O|  |TAMS 0x00000000e0e00000, 0x00000000e0d00000| Untracked 
|  14|0x00000000e0e00000, 0x00000000e0f00000, 0x00000000e0f00000|100%|HS|  |TAMS 0x00000000e0e00000, 0x00000000e0e00000| Complete 
|  15|0x00000000e0f00000, 0x00000000e1000000, 0x00000000e1000000|100%|HS|  |TAMS 0x00000000e0f00000, 0x00000000e0f00000| Complete 
|  16|0x00000000e1000000, 0x00000000e1100000, 0x00000000e1100000|100%|HC|  |TAMS 0x00000000e1000000, 0x00000000e1000000| Complete 
|  17|0x00000000e1100000, 0x00000000e1100000, 0x00000000e1200000|  0%| F|  |TAMS 0x00000000e1100000, 0x00000000e1100000| Untracked 
|  18|0x00000000e1200000, 0x00000000e1200000, 0x00000000e1300000|  0%| F|  |TAMS 0x00000000e1200000, 0x00000000e1200000| Untracked 
|  19|0x00000000e1300000, 0x00000000e1300000, 0x00000000e1400000|  0%| F|  |TAMS 0x00000000e1300000, 0x00000000e1300000| Untracked 
|  20|0x00000000e1400000, 0x00000000e1400000, 0x00000000e1500000|  0%| F|  |TAMS 0x00000000e1400000, 0x00000000e1400000| Untracked 
|  21|0x00000000e1500000, 0x00000000e1500000, 0x00000000e1600000|  0%| F|  |TAMS 0x00000000e1500000, 0x00000000e1500000| Untracked 
|  22|0x00000000e1600000, 0x00000000e1600000, 0x00000000e1700000|  0%| F|  |TAMS 0x00000000e1600000, 0x00000000e1600000| Untracked 
|  23|0x00000000e1700000, 0x00000000e1700000, 0x00000000e1800000|  0%| F|  |TAMS 0x00000000e1700000, 0x00000000e1700000| Untracked 
|  24|0x00000000e1800000, 0x00000000e1800000, 0x00000000e1900000|  0%| F|  |TAMS 0x00000000e1800000, 0x00000000e1800000| Untracked 
|  25|0x00000000e1900000, 0x00000000e1900000, 0x00000000e1a00000|  0%| F|  |TAMS 0x00000000e1900000, 0x00000000e1900000| Untracked 
|  26|0x00000000e1a00000, 0x00000000e1a00000, 0x00000000e1b00000|  0%| F|  |TAMS 0x00000000e1a00000, 0x00000000e1a00000| Untracked 
|  27|0x00000000e1b00000, 0x00000000e1b00000, 0x00000000e1c00000|  0%| F|  |TAMS 0x00000000e1b00000, 0x00000000e1b00000| Untracked 
|  28|0x00000000e1c00000, 0x00000000e1c00000, 0x00000000e1d00000|  0%| F|  |TAMS 0x00000000e1c00000, 0x00000000e1c00000| Untracked 
|  29|0x00000000e1d00000, 0x00000000e1d00000, 0x00000000e1e00000|  0%| F|  |TAMS 0x00000000e1d00000, 0x00000000e1d00000| Untracked 
|  30|0x00000000e1e00000, 0x00000000e1e00000, 0x00000000e1f00000|  0%| F|  |TAMS 0x00000000e1e00000, 0x00000000e1e00000| Untracked 
|  31|0x00000000e1f00000, 0x00000000e1f00000, 0x00000000e2000000|  0%| F|  |TAMS 0x00000000e1f00000, 0x00000000e1f00000| Untracked 
|  32|0x00000000e2000000, 0x00000000e2000000, 0x00000000e2100000|  0%| F|  |TAMS 0x00000000e2000000, 0x00000000e2000000| Untracked 
|  33|0x00000000e2100000, 0x00000000e2100000, 0x00000000e2200000|  0%| F|  |TAMS 0x00000000e2100000, 0x00000000e2100000| Untracked 
|  34|0x00000000e2200000, 0x00000000e2200000, 0x00000000e2300000|  0%| F|  |TAMS 0x00000000e2200000, 0x00000000e2200000| Untracked 
|  35|0x00000000e2300000, 0x00000000e2300000, 0x00000000e2400000|  0%| F|  |TAMS 0x00000000e2300000, 0x00000000e2300000| Untracked 
|  36|0x00000000e2400000, 0x00000000e2400000, 0x00000000e2500000|  0%| F|  |TAMS 0x00000000e2400000, 0x00000000e2400000| Untracked 
|  37|0x00000000e2500000, 0x00000000e2500000, 0x00000000e2600000|  0%| F|  |TAMS 0x00000000e2500000, 0x00000000e2500000| Untracked 
|  38|0x00000000e2600000, 0x00000000e2600000, 0x00000000e2700000|  0%| F|  |TAMS 0x00000000e2600000, 0x00000000e2600000| Untracked 
|  39|0x00000000e2700000, 0x00000000e2700000, 0x00000000e2800000|  0%| F|  |TAMS 0x00000000e2700000, 0x00000000e2700000| Untracked 
|  40|0x00000000e2800000, 0x00000000e2800000, 0x00000000e2900000|  0%| F|  |TAMS 0x00000000e2800000, 0x00000000e2800000| Untracked 
|  41|0x00000000e2900000, 0x00000000e2900000, 0x00000000e2a00000|  0%| F|  |TAMS 0x00000000e2900000, 0x00000000e2900000| Untracked 
|  42|0x00000000e2a00000, 0x00000000e2a00000, 0x00000000e2b00000|  0%| F|  |TAMS 0x00000000e2a00000, 0x00000000e2a00000| Untracked 
|  43|0x00000000e2b00000, 0x00000000e2b00000, 0x00000000e2c00000|  0%| F|  |TAMS 0x00000000e2b00000, 0x00000000e2b00000| Untracked 
|  44|0x00000000e2c00000, 0x00000000e2c00000, 0x00000000e2d00000|  0%| F|  |TAMS 0x00000000e2c00000, 0x00000000e2c00000| Untracked 
|  45|0x00000000e2d00000, 0x00000000e2d00000, 0x00000000e2e00000|  0%| F|  |TAMS 0x00000000e2d00000, 0x00000000e2d00000| Untracked 
|  46|0x00000000e2e00000, 0x00000000e2e00000, 0x00000000e2f00000|  0%| F|  |TAMS 0x00000000e2e00000, 0x00000000e2e00000| Untracked 
|  47|0x00000000e2f00000, 0x00000000e2f00000, 0x00000000e3000000|  0%| F|  |TAMS 0x00000000e2f00000, 0x00000000e2f00000| Untracked 
|  48|0x00000000e3000000, 0x00000000e3000000, 0x00000000e3100000|  0%| F|  |TAMS 0x00000000e3000000, 0x00000000e3000000| Untracked 
|  49|0x00000000e3100000, 0x00000000e3100000, 0x00000000e3200000|  0%| F|  |TAMS 0x00000000e3100000, 0x00000000e3100000| Untracked 
|  50|0x00000000e3200000, 0x00000000e3200000, 0x00000000e3300000|  0%| F|  |TAMS 0x00000000e3200000, 0x00000000e3200000| Untracked 
|  51|0x00000000e3300000, 0x00000000e3300000, 0x00000000e3400000|  0%| F|  |TAMS 0x00000000e3300000, 0x00000000e3300000| Untracked 
|  52|0x00000000e3400000, 0x00000000e3400000, 0x00000000e3500000|  0%| F|  |TAMS 0x00000000e3400000, 0x00000000e3400000| Untracked 
|  53|0x00000000e3500000, 0x00000000e3500000, 0x00000000e3600000|  0%| F|  |TAMS 0x00000000e3500000, 0x00000000e3500000| Untracked 
|  54|0x00000000e3600000, 0x00000000e3600000, 0x00000000e3700000|  0%| F|  |TAMS 0x00000000e3600000, 0x00000000e3600000| Untracked 
|  55|0x00000000e3700000, 0x00000000e3700000, 0x00000000e3800000|  0%| F|  |TAMS 0x00000000e3700000, 0x00000000e3700000| Untracked 
|  56|0x00000000e3800000, 0x00000000e3800000, 0x00000000e3900000|  0%| F|  |TAMS 0x00000000e3800000, 0x00000000e3800000| Untracked 
|  57|0x00000000e3900000, 0x00000000e3900000, 0x00000000e3a00000|  0%| F|  |TAMS 0x00000000e3900000, 0x00000000e3900000| Untracked 
|  58|0x00000000e3a00000, 0x00000000e3a00000, 0x00000000e3b00000|  0%| F|  |TAMS 0x00000000e3a00000, 0x00000000e3a00000| Untracked 
|  59|0x00000000e3b00000, 0x00000000e3b00000, 0x00000000e3c00000|  0%| F|  |TAMS 0x00000000e3b00000, 0x00000000e3b00000| Untracked 
|  60|0x00000000e3c00000, 0x00000000e3c00000, 0x00000000e3d00000|  0%| F|  |TAMS 0x00000000e3c00000, 0x00000000e3c00000| Untracked 
|  61|0x00000000e3d00000, 0x00000000e3d00000, 0x00000000e3e00000|  0%| F|  |TAMS 0x00000000e3d00000, 0x00000000e3d00000| Untracked 
|  62|0x00000000e3e00000, 0x00000000e3e00000, 0x00000000e3f00000|  0%| F|  |TAMS 0x00000000e3e00000, 0x00000000e3e00000| Untracked 
|  63|0x00000000e3f00000, 0x00000000e3f00000, 0x00000000e4000000|  0%| F|  |TAMS 0x00000000e3f00000, 0x00000000e3f00000| Untracked 
|  64|0x00000000e4000000, 0x00000000e4000000, 0x00000000e4100000|  0%| F|  |TAMS 0x00000000e4000000, 0x00000000e4000000| Untracked 
|  65|0x00000000e4100000, 0x00000000e4100000, 0x00000000e4200000|  0%| F|  |TAMS 0x00000000e4100000, 0x00000000e4100000| Untracked 
|  66|0x00000000e4200000, 0x00000000e4200000, 0x00000000e4300000|  0%| F|  |TAMS 0x00000000e4200000, 0x00000000e4200000| Untracked 
|  67|0x00000000e4300000, 0x00000000e4300000, 0x00000000e4400000|  0%| F|  |TAMS 0x00000000e4300000, 0x00000000e4300000| Untracked 
|  68|0x00000000e4400000, 0x00000000e4400000, 0x00000000e4500000|  0%| F|  |TAMS 0x00000000e4400000, 0x00000000e4400000| Untracked 
|  69|0x00000000e4500000, 0x00000000e4500000, 0x00000000e4600000|  0%| F|  |TAMS 0x00000000e4500000, 0x00000000e4500000| Untracked 
|  70|0x00000000e4600000, 0x00000000e4600000, 0x00000000e4700000|  0%| F|  |TAMS 0x00000000e4600000, 0x00000000e4600000| Untracked 
|  71|0x00000000e4700000, 0x00000000e4700000, 0x00000000e4800000|  0%| F|  |TAMS 0x00000000e4700000, 0x00000000e4700000| Untracked 
|  72|0x00000000e4800000, 0x00000000e4800000, 0x00000000e4900000|  0%| F|  |TAMS 0x00000000e4800000, 0x00000000e4800000| Untracked 
|  73|0x00000000e4900000, 0x00000000e4900000, 0x00000000e4a00000|  0%| F|  |TAMS 0x00000000e4900000, 0x00000000e4900000| Untracked 
|  74|0x00000000e4a00000, 0x00000000e4a00000, 0x00000000e4b00000|  0%| F|  |TAMS 0x00000000e4a00000, 0x00000000e4a00000| Untracked 
|  75|0x00000000e4b00000, 0x00000000e4b00000, 0x00000000e4c00000|  0%| F|  |TAMS 0x00000000e4b00000, 0x00000000e4b00000| Untracked 
|  76|0x00000000e4c00000, 0x00000000e4c00000, 0x00000000e4d00000|  0%| F|  |TAMS 0x00000000e4c00000, 0x00000000e4c00000| Untracked 
|  77|0x00000000e4d00000, 0x00000000e4d00000, 0x00000000e4e00000|  0%| F|  |TAMS 0x00000000e4d00000, 0x00000000e4d00000| Untracked 
|  78|0x00000000e4e00000, 0x00000000e4e00000, 0x00000000e4f00000|  0%| F|  |TAMS 0x00000000e4e00000, 0x00000000e4e00000| Untracked 
|  79|0x00000000e4f00000, 0x00000000e4f00000, 0x00000000e5000000|  0%| F|  |TAMS 0x00000000e4f00000, 0x00000000e4f00000| Untracked 
|  80|0x00000000e5000000, 0x00000000e5000000, 0x00000000e5100000|  0%| F|  |TAMS 0x00000000e5000000, 0x00000000e5000000| Untracked 
|  81|0x00000000e5100000, 0x00000000e5100000, 0x00000000e5200000|  0%| F|  |TAMS 0x00000000e5100000, 0x00000000e5100000| Untracked 
|  82|0x00000000e5200000, 0x00000000e5200000, 0x00000000e5300000|  0%| F|  |TAMS 0x00000000e5200000, 0x00000000e5200000| Untracked 
|  83|0x00000000e5300000, 0x00000000e5300000, 0x00000000e5400000|  0%| F|  |TAMS 0x00000000e5300000, 0x00000000e5300000| Untracked 
|  84|0x00000000e5400000, 0x00000000e5400000, 0x00000000e5500000|  0%| F|  |TAMS 0x00000000e5400000, 0x00000000e5400000| Untracked 
|  85|0x00000000e5500000, 0x00000000e5500000, 0x00000000e5600000|  0%| F|  |TAMS 0x00000000e5500000, 0x00000000e5500000| Untracked 
|  86|0x00000000e5600000, 0x00000000e5600000, 0x00000000e5700000|  0%| F|  |TAMS 0x00000000e5600000, 0x00000000e5600000| Untracked 
|  87|0x00000000e5700000, 0x00000000e5700000, 0x00000000e5800000|  0%| F|  |TAMS 0x00000000e5700000, 0x00000000e5700000| Untracked 
|  88|0x00000000e5800000, 0x00000000e5800000, 0x00000000e5900000|  0%| F|  |TAMS 0x00000000e5800000, 0x00000000e5800000| Untracked 
|  89|0x00000000e5900000, 0x00000000e5900000, 0x00000000e5a00000|  0%| F|  |TAMS 0x00000000e5900000, 0x00000000e5900000| Untracked 
|  90|0x00000000e5a00000, 0x00000000e5a00000, 0x00000000e5b00000|  0%| F|  |TAMS 0x00000000e5a00000, 0x00000000e5a00000| Untracked 
|  91|0x00000000e5b00000, 0x00000000e5b00000, 0x00000000e5c00000|  0%| F|  |TAMS 0x00000000e5b00000, 0x00000000e5b00000| Untracked 
|  92|0x00000000e5c00000, 0x00000000e5c00000, 0x00000000e5d00000|  0%| F|  |TAMS 0x00000000e5c00000, 0x00000000e5c00000| Untracked 
|  93|0x00000000e5d00000, 0x00000000e5d00000, 0x00000000e5e00000|  0%| F|  |TAMS 0x00000000e5d00000, 0x00000000e5d00000| Untracked 
|  94|0x00000000e5e00000, 0x00000000e5e00000, 0x00000000e5f00000|  0%| F|  |TAMS 0x00000000e5e00000, 0x00000000e5e00000| Untracked 
|  95|0x00000000e5f00000, 0x00000000e5f00000, 0x00000000e6000000|  0%| F|  |TAMS 0x00000000e5f00000, 0x00000000e5f00000| Untracked 
|  96|0x00000000e6000000, 0x00000000e6000000, 0x00000000e6100000|  0%| F|  |TAMS 0x00000000e6000000, 0x00000000e6000000| Untracked 
|  97|0x00000000e6100000, 0x00000000e6100000, 0x00000000e6200000|  0%| F|  |TAMS 0x00000000e6100000, 0x00000000e6100000| Untracked 
|  98|0x00000000e6200000, 0x00000000e6200000, 0x00000000e6300000|  0%| F|  |TAMS 0x00000000e6200000, 0x00000000e6200000| Untracked 
|  99|0x00000000e6300000, 0x00000000e6300000, 0x00000000e6400000|  0%| F|  |TAMS 0x00000000e6300000, 0x00000000e6300000| Untracked 
| 100|0x00000000e6400000, 0x00000000e6400000, 0x00000000e6500000|  0%| F|  |TAMS 0x00000000e6400000, 0x00000000e6400000| Untracked 
| 101|0x00000000e6500000, 0x00000000e6500000, 0x00000000e6600000|  0%| F|  |TAMS 0x00000000e6500000, 0x00000000e6500000| Untracked 
| 102|0x00000000e6600000, 0x00000000e6600000, 0x00000000e6700000|  0%| F|  |TAMS 0x00000000e6600000, 0x00000000e6600000| Untracked 
| 103|0x00000000e6700000, 0x00000000e6700000, 0x00000000e6800000|  0%| F|  |TAMS 0x00000000e6700000, 0x00000000e6700000| Untracked 
| 104|0x00000000e6800000, 0x00000000e6800000, 0x00000000e6900000|  0%| F|  |TAMS 0x00000000e6800000, 0x00000000e6800000| Untracked 
| 105|0x00000000e6900000, 0x00000000e6900000, 0x00000000e6a00000|  0%| F|  |TAMS 0x00000000e6900000, 0x00000000e6900000| Untracked 
| 106|0x00000000e6a00000, 0x00000000e6a00000, 0x00000000e6b00000|  0%| F|  |TAMS 0x00000000e6a00000, 0x00000000e6a00000| Untracked 
| 107|0x00000000e6b00000, 0x00000000e6b00000, 0x00000000e6c00000|  0%| F|  |TAMS 0x00000000e6b00000, 0x00000000e6b00000| Untracked 
| 108|0x00000000e6c00000, 0x00000000e6c00000, 0x00000000e6d00000|  0%| F|  |TAMS 0x00000000e6c00000, 0x00000000e6c00000| Untracked 
| 109|0x00000000e6d00000, 0x00000000e6d00000, 0x00000000e6e00000|  0%| F|  |TAMS 0x00000000e6d00000, 0x00000000e6d00000| Untracked 
| 110|0x00000000e6e00000, 0x00000000e6e00000, 0x00000000e6f00000|  0%| F|  |TAMS 0x00000000e6e00000, 0x00000000e6e00000| Untracked 
| 111|0x00000000e6f00000, 0x00000000e6f00000, 0x00000000e7000000|  0%| F|  |TAMS 0x00000000e6f00000, 0x00000000e6f00000| Untracked 
| 112|0x00000000e7000000, 0x00000000e7000000, 0x00000000e7100000|  0%| F|  |TAMS 0x00000000e7000000, 0x00000000e7000000| Untracked 
| 113|0x00000000e7100000, 0x00000000e7100000, 0x00000000e7200000|  0%| F|  |TAMS 0x00000000e7100000, 0x00000000e7100000| Untracked 
| 114|0x00000000e7200000, 0x00000000e7200000, 0x00000000e7300000|  0%| F|  |TAMS 0x00000000e7200000, 0x00000000e7200000| Untracked 
| 115|0x00000000e7300000, 0x00000000e7300000, 0x00000000e7400000|  0%| F|  |TAMS 0x00000000e7300000, 0x00000000e7300000| Untracked 
| 116|0x00000000e7400000, 0x00000000e7400000, 0x00000000e7500000|  0%| F|  |TAMS 0x00000000e7400000, 0x00000000e7400000| Untracked 
| 117|0x00000000e7500000, 0x00000000e7500000, 0x00000000e7600000|  0%| F|  |TAMS 0x00000000e7500000, 0x00000000e7500000| Untracked 
| 118|0x00000000e7600000, 0x00000000e7600000, 0x00000000e7700000|  0%| F|  |TAMS 0x00000000e7600000, 0x00000000e7600000| Untracked 
| 119|0x00000000e7700000, 0x00000000e7700000, 0x00000000e7800000|  0%| F|  |TAMS 0x00000000e7700000, 0x00000000e7700000| Untracked 
| 120|0x00000000e7800000, 0x00000000e7800000, 0x00000000e7900000|  0%| F|  |TAMS 0x00000000e7800000, 0x00000000e7800000| Untracked 
| 121|0x00000000e7900000, 0x00000000e7900000, 0x00000000e7a00000|  0%| F|  |TAMS 0x00000000e7900000, 0x00000000e7900000| Untracked 
| 122|0x00000000e7a00000, 0x00000000e7a00000, 0x00000000e7b00000|  0%| F|  |TAMS 0x00000000e7a00000, 0x00000000e7a00000| Untracked 
| 123|0x00000000e7b00000, 0x00000000e7b00000, 0x00000000e7c00000|  0%| F|  |TAMS 0x00000000e7b00000, 0x00000000e7b00000| Untracked 
| 124|0x00000000e7c00000, 0x00000000e7c00000, 0x00000000e7d00000|  0%| F|  |TAMS 0x00000000e7c00000, 0x00000000e7c00000| Untracked 
| 125|0x00000000e7d00000, 0x00000000e7d00000, 0x00000000e7e00000|  0%| F|  |TAMS 0x00000000e7d00000, 0x00000000e7d00000| Untracked 
| 126|0x00000000e7e00000, 0x00000000e7e00000, 0x00000000e7f00000|  0%| F|  |TAMS 0x00000000e7e00000, 0x00000000e7e00000| Untracked 
| 127|0x00000000e7f00000, 0x00000000e7f00000, 0x00000000e8000000|  0%| F|  |TAMS 0x00000000e7f00000, 0x00000000e7f00000| Untracked 
| 128|0x00000000e8000000, 0x00000000e8000000, 0x00000000e8100000|  0%| F|  |TAMS 0x00000000e8000000, 0x00000000e8000000| Untracked 
| 129|0x00000000e8100000, 0x00000000e8100000, 0x00000000e8200000|  0%| F|  |TAMS 0x00000000e8100000, 0x00000000e8100000| Untracked 
| 130|0x00000000e8200000, 0x00000000e8200000, 0x00000000e8300000|  0%| F|  |TAMS 0x00000000e8200000, 0x00000000e8200000| Untracked 
| 131|0x00000000e8300000, 0x00000000e8300000, 0x00000000e8400000|  0%| F|  |TAMS 0x00000000e8300000, 0x00000000e8300000| Untracked 
| 132|0x00000000e8400000, 0x00000000e8400000, 0x00000000e8500000|  0%| F|  |TAMS 0x00000000e8400000, 0x00000000e8400000| Untracked 
| 133|0x00000000e8500000, 0x00000000e8500000, 0x00000000e8600000|  0%| F|  |TAMS 0x00000000e8500000, 0x00000000e8500000| Untracked 
| 134|0x00000000e8600000, 0x00000000e8600000, 0x00000000e8700000|  0%| F|  |TAMS 0x00000000e8600000, 0x00000000e8600000| Untracked 
| 135|0x00000000e8700000, 0x00000000e8700000, 0x00000000e8800000|  0%| F|  |TAMS 0x00000000e8700000, 0x00000000e8700000| Untracked 
| 136|0x00000000e8800000, 0x00000000e8800000, 0x00000000e8900000|  0%| F|  |TAMS 0x00000000e8800000, 0x00000000e8800000| Untracked 
| 137|0x00000000e8900000, 0x00000000e8900000, 0x00000000e8a00000|  0%| F|  |TAMS 0x00000000e8900000, 0x00000000e8900000| Untracked 
| 138|0x00000000e8a00000, 0x00000000e8a00000, 0x00000000e8b00000|  0%| F|  |TAMS 0x00000000e8a00000, 0x00000000e8a00000| Untracked 
| 139|0x00000000e8b00000, 0x00000000e8b00000, 0x00000000e8c00000|  0%| F|  |TAMS 0x00000000e8b00000, 0x00000000e8b00000| Untracked 
| 140|0x00000000e8c00000, 0x00000000e8c00000, 0x00000000e8d00000|  0%| F|  |TAMS 0x00000000e8c00000, 0x00000000e8c00000| Untracked 
| 141|0x00000000e8d00000, 0x00000000e8d00000, 0x00000000e8e00000|  0%| F|  |TAMS 0x00000000e8d00000, 0x00000000e8d00000| Untracked 
| 142|0x00000000e8e00000, 0x00000000e8e00000, 0x00000000e8f00000|  0%| F|  |TAMS 0x00000000e8e00000, 0x00000000e8e00000| Untracked 
| 143|0x00000000e8f00000, 0x00000000e8f00000, 0x00000000e9000000|  0%| F|  |TAMS 0x00000000e8f00000, 0x00000000e8f00000| Untracked 
| 144|0x00000000e9000000, 0x00000000e9000000, 0x00000000e9100000|  0%| F|  |TAMS 0x00000000e9000000, 0x00000000e9000000| Untracked 
| 145|0x00000000e9100000, 0x00000000e9100000, 0x00000000e9200000|  0%| F|  |TAMS 0x00000000e9100000, 0x00000000e9100000| Untracked 
| 146|0x00000000e9200000, 0x00000000e9200000, 0x00000000e9300000|  0%| F|  |TAMS 0x00000000e9200000, 0x00000000e9200000| Untracked 
| 147|0x00000000e9300000, 0x00000000e9300000, 0x00000000e9400000|  0%| F|  |TAMS 0x00000000e9300000, 0x00000000e9300000| Untracked 
| 148|0x00000000e9400000, 0x00000000e9400000, 0x00000000e9500000|  0%| F|  |TAMS 0x00000000e9400000, 0x00000000e9400000| Untracked 
| 149|0x00000000e9500000, 0x00000000e9500000, 0x00000000e9600000|  0%| F|  |TAMS 0x00000000e9500000, 0x00000000e9500000| Untracked 
| 150|0x00000000e9600000, 0x00000000e9600000, 0x00000000e9700000|  0%| F|  |TAMS 0x00000000e9600000, 0x00000000e9600000| Untracked 
| 151|0x00000000e9700000, 0x00000000e9700000, 0x00000000e9800000|  0%| F|  |TAMS 0x00000000e9700000, 0x00000000e9700000| Untracked 
| 152|0x00000000e9800000, 0x00000000e9800000, 0x00000000e9900000|  0%| F|  |TAMS 0x00000000e9800000, 0x00000000e9800000| Untracked 
| 153|0x00000000e9900000, 0x00000000e9900000, 0x00000000e9a00000|  0%| F|  |TAMS 0x00000000e9900000, 0x00000000e9900000| Untracked 
| 154|0x00000000e9a00000, 0x00000000e9a00000, 0x00000000e9b00000|  0%| F|  |TAMS 0x00000000e9a00000, 0x00000000e9a00000| Untracked 
| 155|0x00000000e9b00000, 0x00000000e9b00000, 0x00000000e9c00000|  0%| F|  |TAMS 0x00000000e9b00000, 0x00000000e9b00000| Untracked 
| 156|0x00000000e9c00000, 0x00000000e9c00000, 0x00000000e9d00000|  0%| F|  |TAMS 0x00000000e9c00000, 0x00000000e9c00000| Untracked 
| 157|0x00000000e9d00000, 0x00000000e9d00000, 0x00000000e9e00000|  0%| F|  |TAMS 0x00000000e9d00000, 0x00000000e9d00000| Untracked 
| 158|0x00000000e9e00000, 0x00000000e9e00000, 0x00000000e9f00000|  0%| F|  |TAMS 0x00000000e9e00000, 0x00000000e9e00000| Untracked 
| 159|0x00000000e9f00000, 0x00000000e9f00000, 0x00000000ea000000|  0%| F|  |TAMS 0x00000000e9f00000, 0x00000000e9f00000| Untracked 
| 160|0x00000000ea000000, 0x00000000ea000000, 0x00000000ea100000|  0%| F|  |TAMS 0x00000000ea000000, 0x00000000ea000000| Untracked 
| 161|0x00000000ea100000, 0x00000000ea100000, 0x00000000ea200000|  0%| F|  |TAMS 0x00000000ea100000, 0x00000000ea100000| Untracked 
| 162|0x00000000ea200000, 0x00000000ea200000, 0x00000000ea300000|  0%| F|  |TAMS 0x00000000ea200000, 0x00000000ea200000| Untracked 
| 163|0x00000000ea300000, 0x00000000ea300000, 0x00000000ea400000|  0%| F|  |TAMS 0x00000000ea300000, 0x00000000ea300000| Untracked 
| 164|0x00000000ea400000, 0x00000000ea400000, 0x00000000ea500000|  0%| F|  |TAMS 0x00000000ea400000, 0x00000000ea400000| Untracked 
| 165|0x00000000ea500000, 0x00000000ea500000, 0x00000000ea600000|  0%| F|  |TAMS 0x00000000ea500000, 0x00000000ea500000| Untracked 
| 166|0x00000000ea600000, 0x00000000ea600000, 0x00000000ea700000|  0%| F|  |TAMS 0x00000000ea600000, 0x00000000ea600000| Untracked 
| 167|0x00000000ea700000, 0x00000000ea700000, 0x00000000ea800000|  0%| F|  |TAMS 0x00000000ea700000, 0x00000000ea700000| Untracked 
| 168|0x00000000ea800000, 0x00000000ea800000, 0x00000000ea900000|  0%| F|  |TAMS 0x00000000ea800000, 0x00000000ea800000| Untracked 
| 169|0x00000000ea900000, 0x00000000ea900000, 0x00000000eaa00000|  0%| F|  |TAMS 0x00000000ea900000, 0x00000000ea900000| Untracked 
| 170|0x00000000eaa00000, 0x00000000eaa00000, 0x00000000eab00000|  0%| F|  |TAMS 0x00000000eaa00000, 0x00000000eaa00000| Untracked 
| 171|0x00000000eab00000, 0x00000000eab00000, 0x00000000eac00000|  0%| F|  |TAMS 0x00000000eab00000, 0x00000000eab00000| Untracked 
| 172|0x00000000eac00000, 0x00000000eac00000, 0x00000000ead00000|  0%| F|  |TAMS 0x00000000eac00000, 0x00000000eac00000| Untracked 
| 173|0x00000000ead00000, 0x00000000ead00000, 0x00000000eae00000|  0%| F|  |TAMS 0x00000000ead00000, 0x00000000ead00000| Untracked 
| 174|0x00000000eae00000, 0x00000000eae00000, 0x00000000eaf00000|  0%| F|  |TAMS 0x00000000eae00000, 0x00000000eae00000| Untracked 
| 175|0x00000000eaf00000, 0x00000000eaf00000, 0x00000000eb000000|  0%| F|  |TAMS 0x00000000eaf00000, 0x00000000eaf00000| Untracked 
| 176|0x00000000eb000000, 0x00000000eb000000, 0x00000000eb100000|  0%| F|  |TAMS 0x00000000eb000000, 0x00000000eb000000| Untracked 
| 177|0x00000000eb100000, 0x00000000eb100000, 0x00000000eb200000|  0%| F|  |TAMS 0x00000000eb100000, 0x00000000eb100000| Untracked 
| 178|0x00000000eb200000, 0x00000000eb200000, 0x00000000eb300000|  0%| F|  |TAMS 0x00000000eb200000, 0x00000000eb200000| Untracked 
| 179|0x00000000eb300000, 0x00000000eb300000, 0x00000000eb400000|  0%| F|  |TAMS 0x00000000eb300000, 0x00000000eb300000| Untracked 
| 180|0x00000000eb400000, 0x00000000eb400000, 0x00000000eb500000|  0%| F|  |TAMS 0x00000000eb400000, 0x00000000eb400000| Untracked 
| 181|0x00000000eb500000, 0x00000000eb500000, 0x00000000eb600000|  0%| F|  |TAMS 0x00000000eb500000, 0x00000000eb500000| Untracked 
| 182|0x00000000eb600000, 0x00000000eb600000, 0x00000000eb700000|  0%| F|  |TAMS 0x00000000eb600000, 0x00000000eb600000| Untracked 
| 183|0x00000000eb700000, 0x00000000eb700000, 0x00000000eb800000|  0%| F|  |TAMS 0x00000000eb700000, 0x00000000eb700000| Untracked 
| 184|0x00000000eb800000, 0x00000000eb800000, 0x00000000eb900000|  0%| F|  |TAMS 0x00000000eb800000, 0x00000000eb800000| Untracked 
| 185|0x00000000eb900000, 0x00000000eb900000, 0x00000000eba00000|  0%| F|  |TAMS 0x00000000eb900000, 0x00000000eb900000| Untracked 
| 186|0x00000000eba00000, 0x00000000eba00000, 0x00000000ebb00000|  0%| F|  |TAMS 0x00000000eba00000, 0x00000000eba00000| Untracked 
| 187|0x00000000ebb00000, 0x00000000ebb00000, 0x00000000ebc00000|  0%| F|  |TAMS 0x00000000ebb00000, 0x00000000ebb00000| Untracked 
| 188|0x00000000ebc00000, 0x00000000ebc00000, 0x00000000ebd00000|  0%| F|  |TAMS 0x00000000ebc00000, 0x00000000ebc00000| Untracked 
| 189|0x00000000ebd00000, 0x00000000ebd00000, 0x00000000ebe00000|  0%| F|  |TAMS 0x00000000ebd00000, 0x00000000ebd00000| Untracked 
| 190|0x00000000ebe00000, 0x00000000ebe00000, 0x00000000ebf00000|  0%| F|  |TAMS 0x00000000ebe00000, 0x00000000ebe00000| Untracked 
| 191|0x00000000ebf00000, 0x00000000ebf81c10, 0x00000000ec000000| 50%| E|  |TAMS 0x00000000ebf00000, 0x00000000ebf00000| Complete 
| 192|0x00000000ec000000, 0x00000000ec100000, 0x00000000ec100000|100%| E|CS|TAMS 0x00000000ec000000, 0x00000000ec000000| Complete 
| 193|0x00000000ec100000, 0x00000000ec200000, 0x00000000ec200000|100%| E|CS|TAMS 0x00000000ec100000, 0x00000000ec100000| Complete 
| 194|0x00000000ec200000, 0x00000000ec300000, 0x00000000ec300000|100%| E|CS|TAMS 0x00000000ec200000, 0x00000000ec200000| Complete 
| 195|0x00000000ec300000, 0x00000000ec400000, 0x00000000ec400000|100%| E|CS|TAMS 0x00000000ec300000, 0x00000000ec300000| Complete 
| 196|0x00000000ec400000, 0x00000000ec500000, 0x00000000ec500000|100%| E|CS|TAMS 0x00000000ec400000, 0x00000000ec400000| Complete 
| 197|0x00000000ec500000, 0x00000000ec600000, 0x00000000ec600000|100%| E|CS|TAMS 0x00000000ec500000, 0x00000000ec500000| Complete 
| 198|0x00000000ec600000, 0x00000000ec700000, 0x00000000ec700000|100%| E|CS|TAMS 0x00000000ec600000, 0x00000000ec600000| Complete 
| 199|0x00000000ec700000, 0x00000000ec800000, 0x00000000ec800000|100%| E|CS|TAMS 0x00000000ec700000, 0x00000000ec700000| Complete 
| 200|0x00000000ec800000, 0x00000000ec900000, 0x00000000ec900000|100%| E|CS|TAMS 0x00000000ec800000, 0x00000000ec800000| Complete 
| 201|0x00000000ec900000, 0x00000000eca00000, 0x00000000eca00000|100%| E|CS|TAMS 0x00000000ec900000, 0x00000000ec900000| Complete 
| 202|0x00000000eca00000, 0x00000000ecb00000, 0x00000000ecb00000|100%| E|CS|TAMS 0x00000000eca00000, 0x00000000eca00000| Complete 
| 203|0x00000000ecb00000, 0x00000000ecc00000, 0x00000000ecc00000|100%| E|CS|TAMS 0x00000000ecb00000, 0x00000000ecb00000| Complete 
| 204|0x00000000ecc00000, 0x00000000ecd00000, 0x00000000ecd00000|100%| E|CS|TAMS 0x00000000ecc00000, 0x00000000ecc00000| Complete 
| 205|0x00000000ecd00000, 0x00000000ece00000, 0x00000000ece00000|100%| E|CS|TAMS 0x00000000ecd00000, 0x00000000ecd00000| Complete 
| 206|0x00000000ece00000, 0x00000000ecf00000, 0x00000000ecf00000|100%| E|CS|TAMS 0x00000000ece00000, 0x00000000ece00000| Complete 
| 207|0x00000000ecf00000, 0x00000000ed000000, 0x00000000ed000000|100%| E|CS|TAMS 0x00000000ecf00000, 0x00000000ecf00000| Complete 
| 208|0x00000000ed000000, 0x00000000ed100000, 0x00000000ed100000|100%| E|  |TAMS 0x00000000ed000000, 0x00000000ed000000| Complete 
| 209|0x00000000ed100000, 0x00000000ed200000, 0x00000000ed200000|100%| E|CS|TAMS 0x00000000ed100000, 0x00000000ed100000| Complete 
| 210|0x00000000ed200000, 0x00000000ed300000, 0x00000000ed300000|100%| E|CS|TAMS 0x00000000ed200000, 0x00000000ed200000| Complete 
| 211|0x00000000ed300000, 0x00000000ed400000, 0x00000000ed400000|100%| E|CS|TAMS 0x00000000ed300000, 0x00000000ed300000| Complete 
| 212|0x00000000ed400000, 0x00000000ed500000, 0x00000000ed500000|100%| E|CS|TAMS 0x00000000ed400000, 0x00000000ed400000| Complete 
| 213|0x00000000ed500000, 0x00000000ed600000, 0x00000000ed600000|100%| E|CS|TAMS 0x00000000ed500000, 0x00000000ed500000| Complete 
| 214|0x00000000ed600000, 0x00000000ed700000, 0x00000000ed700000|100%| E|CS|TAMS 0x00000000ed600000, 0x00000000ed600000| Complete 
| 215|0x00000000ed700000, 0x00000000ed800000, 0x00000000ed800000|100%| E|CS|TAMS 0x00000000ed700000, 0x00000000ed700000| Complete 
| 216|0x00000000ed800000, 0x00000000ed900000, 0x00000000ed900000|100%| E|CS|TAMS 0x00000000ed800000, 0x00000000ed800000| Complete 
| 217|0x00000000ed900000, 0x00000000eda00000, 0x00000000eda00000|100%| E|CS|TAMS 0x00000000ed900000, 0x00000000ed900000| Complete 
| 218|0x00000000eda00000, 0x00000000edb00000, 0x00000000edb00000|100%| E|CS|TAMS 0x00000000eda00000, 0x00000000eda00000| Complete 
| 219|0x00000000edb00000, 0x00000000edc00000, 0x00000000edc00000|100%| E|CS|TAMS 0x00000000edb00000, 0x00000000edb00000| Complete 
| 220|0x00000000edc00000, 0x00000000edd00000, 0x00000000edd00000|100%| E|CS|TAMS 0x00000000edc00000, 0x00000000edc00000| Complete 
| 221|0x00000000edd00000, 0x00000000ede00000, 0x00000000ede00000|100%| E|CS|TAMS 0x00000000edd00000, 0x00000000edd00000| Complete 
| 222|0x00000000ede00000, 0x00000000edf00000, 0x00000000edf00000|100%| E|CS|TAMS 0x00000000ede00000, 0x00000000ede00000| Complete 
| 223|0x00000000edf00000, 0x00000000ee000000, 0x00000000ee000000|100%| E|CS|TAMS 0x00000000edf00000, 0x00000000edf00000| Complete 
| 224|0x00000000ee000000, 0x00000000ee100000, 0x00000000ee100000|100%| E|CS|TAMS 0x00000000ee000000, 0x00000000ee000000| Complete 
| 225|0x00000000ee100000, 0x00000000ee200000, 0x00000000ee200000|100%| E|CS|TAMS 0x00000000ee100000, 0x00000000ee100000| Complete 
| 226|0x00000000ee200000, 0x00000000ee300000, 0x00000000ee300000|100%| E|CS|TAMS 0x00000000ee200000, 0x00000000ee200000| Complete 
| 227|0x00000000ee300000, 0x00000000ee400000, 0x00000000ee400000|100%| E|CS|TAMS 0x00000000ee300000, 0x00000000ee300000| Complete 
| 228|0x00000000ee400000, 0x00000000ee500000, 0x00000000ee500000|100%| E|CS|TAMS 0x00000000ee400000, 0x00000000ee400000| Complete 
| 229|0x00000000ee500000, 0x00000000ee600000, 0x00000000ee600000|100%| E|CS|TAMS 0x00000000ee500000, 0x00000000ee500000| Complete 
| 230|0x00000000ee600000, 0x00000000ee700000, 0x00000000ee700000|100%| E|CS|TAMS 0x00000000ee600000, 0x00000000ee600000| Complete 
| 231|0x00000000ee700000, 0x00000000ee800000, 0x00000000ee800000|100%| E|CS|TAMS 0x00000000ee700000, 0x00000000ee700000| Complete 
| 232|0x00000000ee800000, 0x00000000ee900000, 0x00000000ee900000|100%| E|CS|TAMS 0x00000000ee800000, 0x00000000ee800000| Complete 
| 233|0x00000000ee900000, 0x00000000eea00000, 0x00000000eea00000|100%| E|CS|TAMS 0x00000000ee900000, 0x00000000ee900000| Complete 
| 234|0x00000000eea00000, 0x00000000eeb00000, 0x00000000eeb00000|100%| E|CS|TAMS 0x00000000eea00000, 0x00000000eea00000| Complete 
| 235|0x00000000eeb00000, 0x00000000eec00000, 0x00000000eec00000|100%| E|CS|TAMS 0x00000000eeb00000, 0x00000000eeb00000| Complete 
| 236|0x00000000eec00000, 0x00000000eed00000, 0x00000000eed00000|100%| E|CS|TAMS 0x00000000eec00000, 0x00000000eec00000| Complete 
| 237|0x00000000eed00000, 0x00000000eee00000, 0x00000000eee00000|100%| E|CS|TAMS 0x00000000eed00000, 0x00000000eed00000| Complete 
| 238|0x00000000eee00000, 0x00000000eef00000, 0x00000000eef00000|100%| E|CS|TAMS 0x00000000eee00000, 0x00000000eee00000| Complete 
| 239|0x00000000eef00000, 0x00000000ef000000, 0x00000000ef000000|100%| E|CS|TAMS 0x00000000eef00000, 0x00000000eef00000| Complete 
| 240|0x00000000ef000000, 0x00000000ef100000, 0x00000000ef100000|100%| E|CS|TAMS 0x00000000ef000000, 0x00000000ef000000| Complete 
| 241|0x00000000ef100000, 0x00000000ef200000, 0x00000000ef200000|100%| E|CS|TAMS 0x00000000ef100000, 0x00000000ef100000| Complete 
| 242|0x00000000ef200000, 0x00000000ef300000, 0x00000000ef300000|100%| E|CS|TAMS 0x00000000ef200000, 0x00000000ef200000| Complete 
| 243|0x00000000ef300000, 0x00000000ef400000, 0x00000000ef400000|100%| E|CS|TAMS 0x00000000ef300000, 0x00000000ef300000| Complete 
| 244|0x00000000ef400000, 0x00000000ef500000, 0x00000000ef500000|100%| S|CS|TAMS 0x00000000ef400000, 0x00000000ef400000| Complete 
| 245|0x00000000ef500000, 0x00000000ef600000, 0x00000000ef600000|100%| S|CS|TAMS 0x00000000ef500000, 0x00000000ef500000| Complete 
| 246|0x00000000ef600000, 0x00000000ef700000, 0x00000000ef700000|100%| S|CS|TAMS 0x00000000ef600000, 0x00000000ef600000| Complete 
| 247|0x00000000ef700000, 0x00000000ef800000, 0x00000000ef800000|100%| S|CS|TAMS 0x00000000ef700000, 0x00000000ef700000| Complete 
| 248|0x00000000ef800000, 0x00000000ef900000, 0x00000000ef900000|100%| S|CS|TAMS 0x00000000ef800000, 0x00000000ef800000| Complete 
| 249|0x00000000ef900000, 0x00000000efa00000, 0x00000000efa00000|100%| S|CS|TAMS 0x00000000ef900000, 0x00000000ef900000| Complete 
| 250|0x00000000efa00000, 0x00000000efb00000, 0x00000000efb00000|100%| S|CS|TAMS 0x00000000efa00000, 0x00000000efa00000| Complete 
| 251|0x00000000efb00000, 0x00000000efc00000, 0x00000000efc00000|100%| S|CS|TAMS 0x00000000efb00000, 0x00000000efb00000| Complete 
| 252|0x00000000efc00000, 0x00000000efd00000, 0x00000000efd00000|100%| S|CS|TAMS 0x00000000efc00000, 0x00000000efc00000| Complete 
| 253|0x00000000efd00000, 0x00000000efe00000, 0x00000000efe00000|100%| E|CS|TAMS 0x00000000efd00000, 0x00000000efd00000| Complete 
| 254|0x00000000efe00000, 0x00000000eff00000, 0x00000000eff00000|100%| E|CS|TAMS 0x00000000efe00000, 0x00000000efe00000| Complete 
| 255|0x00000000eff00000, 0x00000000f0000000, 0x00000000f0000000|100%| E|CS|TAMS 0x00000000eff00000, 0x00000000eff00000| Complete 

Card table byte_map: [0x000001ffd7200000,0x000001ffd7300000] _byte_map_base: 0x000001ffd6b00000

Marking Bits (Prev, Next): (CMBitMap*) 0x000001ffbf2a3a38, (CMBitMap*) 0x000001ffbf2a3a70
 Prev Bits: [0x000001ffd7400000, 0x000001ffd7c00000)
 Next Bits: [0x000001ffd7c00000, 0x000001ffd8400000)

Polling page: 0x000001ffbd6a0000

Metaspace:

Usage:
  Non-class:     36.14 MB capacity,    35.48 MB ( 98%) used,   579.49 KB (  2%) free+waste,   103.75 KB ( <1%) overhead. 
      Class:      5.49 MB capacity,     5.12 MB ( 93%) used,   324.94 KB (  6%) free+waste,    50.00 KB ( <1%) overhead. 
       Both:     41.63 MB capacity,    40.60 MB ( 98%) used,   904.43 KB (  2%) free+waste,   153.75 KB ( <1%) overhead. 

Virtual space:
  Non-class space:       38.00 MB reserved,      36.17 MB ( 95%) committed 
      Class space:      248.00 MB reserved,       5.50 MB (  2%) committed 
             Both:      286.00 MB reserved,      41.67 MB ( 15%) committed 

Chunk freelists:
   Non-Class:  28.00 KB
       Class:  11.00 KB
        Both:  39.00 KB

MaxMetaspaceSize: 256.00 MB
CompressedClassSpaceSize: 248.00 MB
Initial GC threshold: 20.80 MB
Current GC threshold: 58.83 MB
CDS: off

CodeHeap 'non-profiled nmethods': size=120064Kb used=1691Kb max_used=1691Kb free=118372Kb
 bounds [0x000001ffcfcc0000, 0x000001ffcff30000, 0x000001ffd7200000]
CodeHeap 'profiled nmethods': size=120000Kb used=7917Kb max_used=7917Kb free=112082Kb
 bounds [0x000001ffc8790000, 0x000001ffc8f50000, 0x000001ffcfcc0000]
CodeHeap 'non-nmethods': size=5696Kb used=2273Kb max_used=2299Kb free=3422Kb
 bounds [0x000001ffc8200000, 0x000001ffc8470000, 0x000001ffc8790000]
 total_blobs=4431 nmethods=3658 adapters=686
 compilation: enabled
              stopped_count=0, restarted_count=0
 full_count=0

Compilation events (20 events):
Event: 14.369 Thread 0x000001ffdafdd000 nmethod 3664 0x000001ffc8f43490 code [0x000001ffc8f43660, 0x000001ffc8f43938]
Event: 14.369 Thread 0x000001ffdafdd000 3665       3       com.google.common.collect.ObjectArrays::checkElementNotNull (36 bytes)
Event: 14.370 Thread 0x000001ffdafdd000 nmethod 3665 0x000001ffc8f43a90 code [0x000001ffc8f43d00, 0x000001ffc8f44558]
Event: 14.373 Thread 0x000001ffdafdd000 3666       3       org.gradle.internal.service.DefaultServiceRegistry$CollectingVisitor::visit (25 bytes)
Event: 14.373 Thread 0x000001ffdafdd000 nmethod 3666 0x000001ffc8f44890 code [0x000001ffc8f44a60, 0x000001ffc8f44d38]
Event: 14.379 Thread 0x000001ffdafdd000 3667       3       org.objectweb.asm.MethodVisitor::visitJumpInsn (17 bytes)
Event: 14.379 Thread 0x000001ffdafdd000 nmethod 3667 0x000001ffc8f44e90 code [0x000001ffc8f45040, 0x000001ffc8f45228]
Event: 14.379 Thread 0x000001ffdafdd000 3668       3       org.objectweb.asm.MethodWriter::visitJumpInsn (495 bytes)
Event: 14.381 Thread 0x000001ffdafdd000 nmethod 3668 0x000001ffc8f45310 code [0x000001ffc8f456c0, 0x000001ffc8f46ef8]
Event: 14.382 Thread 0x000001ffdafdd000 3669       3       org.objectweb.asm.Label::addForwardReference (102 bytes)
Event: 14.382 Thread 0x000001ffdafdd000 nmethod 3669 0x000001ffc8f47710 code [0x000001ffc8f47900, 0x000001ffc8f47de8]
Event: 14.382 Thread 0x000001ffdafdd000 3670       3       org.objectweb.asm.MethodVisitor::visitLabel (16 bytes)
Event: 14.383 Thread 0x000001ffdafdd000 nmethod 3670 0x000001ffc8f48010 code [0x000001ffc8f481c0, 0x000001ffc8f483a8]
Event: 14.383 Thread 0x000001ffdafdd000 3671       3       org.gradle.model.internal.asm.MethodVisitorScope::_GETFIELD (11 bytes)
Event: 14.384 Thread 0x000001ffdafdd000 nmethod 3671 0x000001ffc8f48490 code [0x000001ffc8f486a0, 0x000001ffc8f48c08]
Event: 14.388 Thread 0x000001ffdafdd000 3672       3       org.objectweb.asm.Frame::putAbstractType (379 bytes)
Event: 14.391 Thread 0x000001ffdafdd000 nmethod 3672 0x000001ffc8f48e90 code [0x000001ffc8f492e0, 0x000001ffc8f4ac18]
Event: 14.391 Thread 0x000001ffdafdd000 3673       1       org.gradle.internal.instantiation.generator.AsmBackedClassGenerator$ClassBuilderImpl::access$3000 (5 bytes)
Event: 14.391 Thread 0x000001ffdafdd000 nmethod 3673 0x000001ffcfe66b90 code [0x000001ffcfe66d40, 0x000001ffcfe66dd8]
Event: 14.445 Thread 0x000001ffdafdd000 3674       1       com.google.common.cache.LocalCache$StrongEntry::setValueReference (6 bytes)

GC Heap History (18 events):
Event: 1.212 GC heap before
{Heap before GC invocations=0 (full 0):
 garbage-first heap   total 262144K, used 12288K [0x00000000e0000000, 0x0000000100000000)
  region size 1024K, 12 young (12288K), 0 survivors (0K)
 Metaspace       used 6752K, capacity 6937K, committed 7168K, reserved 262144K
  class space    used 573K, capacity 650K, committed 768K, reserved 253952K
}
Event: 1.220 GC heap after
{Heap after GC invocations=1 (full 0):
 garbage-first heap   total 262144K, used 3165K [0x00000000e0000000, 0x0000000100000000)
  region size 1024K, 2 young (2048K), 2 survivors (2048K)
 Metaspace       used 6752K, capacity 6937K, committed 7168K, reserved 262144K
  class space    used 573K, capacity 650K, committed 768K, reserved 253952K
}
Event: 2.072 GC heap before
{Heap before GC invocations=1 (full 0):
 garbage-first heap   total 262144K, used 15453K [0x00000000e0000000, 0x0000000100000000)
  region size 1024K, 12 young (12288K), 2 survivors (2048K)
 Metaspace       used 9962K, capacity 10237K, committed 10368K, reserved 264192K
  class space    used 988K, capacity 1072K, committed 1152K, reserved 253952K
}
Event: 2.081 GC heap after
{Heap after GC invocations=2 (full 0):
 garbage-first heap   total 262144K, used 9640K [0x00000000e0000000, 0x0000000100000000)
  region size 1024K, 2 young (2048K), 2 survivors (2048K)
 Metaspace       used 9962K, capacity 10237K, committed 10368K, reserved 264192K
  class space    used 988K, capacity 1072K, committed 1152K, reserved 253952K
}
Event: 2.873 GC heap before
{Heap before GC invocations=2 (full 0):
 garbage-first heap   total 262144K, used 23976K [0x00000000e0000000, 0x0000000100000000)
  region size 1024K, 16 young (16384K), 2 survivors (2048K)
 Metaspace       used 11214K, capacity 11451K, committed 11520K, reserved 264192K
  class space    used 1146K, capacity 1242K, committed 1280K, reserved 253952K
}
Event: 2.877 GC heap after
{Heap after GC invocations=3 (full 0):
 garbage-first heap   total 262144K, used 10301K [0x00000000e0000000, 0x0000000100000000)
  region size 1024K, 1 young (1024K), 1 survivors (1024K)
 Metaspace       used 11214K, capacity 11451K, committed 11520K, reserved 264192K
  class space    used 1146K, capacity 1242K, committed 1280K, reserved 253952K
}
Event: 3.511 GC heap before
{Heap before GC invocations=3 (full 0):
 garbage-first heap   total 262144K, used 29757K [0x00000000e0000000, 0x0000000100000000)
  region size 1024K, 20 young (20480K), 1 survivors (1024K)
 Metaspace       used 11344K, capacity 11643K, committed 11776K, reserved 266240K
  class space    used 1149K, capacity 1242K, committed 1280K, reserved 253952K
}
Event: 3.518 GC heap after
{Heap after GC invocations=4 (full 0):
 garbage-first heap   total 262144K, used 14582K [0x00000000e0000000, 0x0000000100000000)
  region size 1024K, 3 young (3072K), 3 survivors (3072K)
 Metaspace       used 11344K, capacity 11643K, committed 11776K, reserved 266240K
  class space    used 1149K, capacity 1242K, committed 1280K, reserved 253952K
}
Event: 7.120 GC heap before
{Heap before GC invocations=4 (full 0):
 garbage-first heap   total 262144K, used 41206K [0x00000000e0000000, 0x0000000100000000)
  region size 1024K, 29 young (29696K), 3 survivors (3072K)
 Metaspace       used 16187K, capacity 16584K, committed 16896K, reserved 270336K
  class space    used 1814K, capacity 1933K, committed 2048K, reserved 253952K
}
Event: 7.131 GC heap after
{Heap after GC invocations=5 (full 0):
 garbage-first heap   total 262144K, used 16442K [0x00000000e0000000, 0x0000000100000000)
  region size 1024K, 3 young (3072K), 3 survivors (3072K)
 Metaspace       used 16187K, capacity 16584K, committed 16896K, reserved 270336K
  class space    used 1814K, capacity 1933K, committed 2048K, reserved 253952K
}
Event: 8.036 GC heap before
{Heap before GC invocations=5 (full 0):
 garbage-first heap   total 262144K, used 52282K [0x00000000e0000000, 0x0000000100000000)
  region size 1024K, 39 young (39936K), 3 survivors (3072K)
 Metaspace       used 20614K, capacity 21082K, committed 21296K, reserved 274432K
  class space    used 2482K, capacity 2648K, committed 2688K, reserved 253952K
}
Event: 8.049 GC heap after
{Heap after GC invocations=6 (full 0):
 garbage-first heap   total 262144K, used 17724K [0x00000000e0000000, 0x0000000100000000)
  region size 1024K, 4 young (4096K), 4 survivors (4096K)
 Metaspace       used 20614K, capacity 21082K, committed 21296K, reserved 274432K
  class space    used 2482K, capacity 2648K, committed 2688K, reserved 253952K
}
Event: 8.068 GC heap before
{Heap before GC invocations=6 (full 0):
 garbage-first heap   total 262144K, used 19772K [0x00000000e0000000, 0x0000000100000000)
  region size 1024K, 7 young (7168K), 4 survivors (4096K)
 Metaspace       used 20696K, capacity 21146K, committed 21296K, reserved 274432K
  class space    used 2496K, capacity 2648K, committed 2688K, reserved 253952K
}
Event: 8.078 GC heap after
{Heap after GC invocations=7 (full 0):
 garbage-first heap   total 262144K, used 17960K [0x00000000e0000000, 0x0000000100000000)
  region size 1024K, 4 young (4096K), 4 survivors (4096K)
 Metaspace       used 20696K, capacity 21146K, committed 21296K, reserved 274432K
  class space    used 2496K, capacity 2648K, committed 2688K, reserved 253952K
}
Event: 12.237 GC heap before
{Heap before GC invocations=8 (full 0):
 garbage-first heap   total 262144K, used 146984K [0x00000000e0000000, 0x0000000100000000)
  region size 1024K, 130 young (133120K), 4 survivors (4096K)
 Metaspace       used 34483K, capacity 35412K, committed 35632K, reserved 284672K
  class space    used 4571K, capacity 4927K, committed 4992K, reserved 253952K
}
Event: 12.268 GC heap after
{Heap after GC invocations=9 (full 0):
 garbage-first heap   total 262144K, used 22845K [0x00000000e0000000, 0x0000000100000000)
  region size 1024K, 9 young (9216K), 9 survivors (9216K)
 Metaspace       used 34483K, capacity 35412K, committed 35632K, reserved 284672K
  class space    used 4571K, capacity 4927K, committed 4992K, reserved 253952K
}
Event: 12.339 GC heap before
{Heap before GC invocations=9 (full 0):
 garbage-first heap   total 262144K, used 24893K [0x00000000e0000000, 0x0000000100000000)
  region size 1024K, 12 young (12288K), 9 survivors (9216K)
 Metaspace       used 34965K, capacity 35805K, committed 35888K, reserved 286720K
  class space    used 4603K, capacity 4930K, committed 4992K, reserved 253952K
}
Event: 12.373 GC heap after
{Heap after GC invocations=10 (full 0):
 garbage-first heap   total 262144K, used 23552K [0x00000000e0000000, 0x0000000100000000)
  region size 1024K, 9 young (9216K), 9 survivors (9216K)
 Metaspace       used 34965K, capacity 35805K, committed 35888K, reserved 286720K
  class space    used 4603K, capacity 4930K, committed 4992K, reserved 253952K
}

Deoptimization events (20 events):
Event: 13.837 Thread 0x000001ffdb51d800 Uncommon trap: trap_request=0xffffffde fr.pc=0x000001ffcfe40e24 relative=0x0000000000000484
Event: 13.837 Thread 0x000001ffdb51d800 Uncommon trap: reason=class_check action=maybe_recompile pc=0x000001ffcfe40e24 method=java.util.regex.Pattern$Start.match(Ljava/util/regex/Matcher;ILjava/lang/CharSequence;)Z @ 44 c2
Event: 13.837 Thread 0x000001ffdb51d800 DEOPT PACKING pc=0x000001ffcfe40e24 sp=0x000000b21f1f7a90
Event: 13.837 Thread 0x000001ffdb51d800 DEOPT UNPACKING pc=0x000001ffc824a1a9 sp=0x000000b21f1f7958 mode 2
Event: 13.838 Thread 0x000001ffdb51d800 Uncommon trap: trap_request=0xffffffde fr.pc=0x000001ffcfe40e24 relative=0x0000000000000484
Event: 13.838 Thread 0x000001ffdb51d800 Uncommon trap: reason=class_check action=maybe_recompile pc=0x000001ffcfe40e24 method=java.util.regex.Pattern$Start.match(Ljava/util/regex/Matcher;ILjava/lang/CharSequence;)Z @ 44 c2
Event: 13.838 Thread 0x000001ffdb51d800 DEOPT PACKING pc=0x000001ffcfe40e24 sp=0x000000b21f1f7a90
Event: 13.838 Thread 0x000001ffdb51d800 DEOPT UNPACKING pc=0x000001ffc824a1a9 sp=0x000000b21f1f7958 mode 2
Event: 13.839 Thread 0x000001ffdb51d800 Uncommon trap: trap_request=0xffffffde fr.pc=0x000001ffcfe2d4d0 relative=0x0000000000000450
Event: 13.839 Thread 0x000001ffdb51d800 Uncommon trap: reason=class_check action=maybe_recompile pc=0x000001ffcfe2d4d0 method=java.util.regex.Pattern$Start.match(Ljava/util/regex/Matcher;ILjava/lang/CharSequence;)Z @ 44 c2
Event: 13.839 Thread 0x000001ffdb51d800 DEOPT PACKING pc=0x000001ffcfe2d4d0 sp=0x000000b21f1f7a20
Event: 13.839 Thread 0x000001ffdb51d800 DEOPT UNPACKING pc=0x000001ffc824a1a9 sp=0x000000b21f1f7960 mode 2
Event: 14.203 Thread 0x000001ffdb51d800 Uncommon trap: trap_request=0xffffff4d fr.pc=0x000001ffcfe24844 relative=0x0000000000000244
Event: 14.203 Thread 0x000001ffdb51d800 Uncommon trap: reason=unstable_if action=reinterpret pc=0x000001ffcfe24844 method=java.util.HashMap.putVal(ILjava/lang/Object;Ljava/lang/Object;ZZ)Ljava/lang/Object; @ 162 c2
Event: 14.203 Thread 0x000001ffdb51d800 DEOPT PACKING pc=0x000001ffcfe24844 sp=0x000000b21f1fa760
Event: 14.203 Thread 0x000001ffdb51d800 DEOPT UNPACKING pc=0x000001ffc824a1a9 sp=0x000000b21f1fa670 mode 2
Event: 14.423 Thread 0x000001ffdb51d800 Uncommon trap: trap_request=0xffffff4d fr.pc=0x000001ffcfe0eeb0 relative=0x0000000000000110
Event: 14.423 Thread 0x000001ffdb51d800 Uncommon trap: reason=unstable_if action=reinterpret pc=0x000001ffcfe0eeb0 method=java.util.Arrays.hashCode([Ljava/lang/Object;)I @ 34 c2
Event: 14.423 Thread 0x000001ffdb51d800 DEOPT PACKING pc=0x000001ffcfe0eeb0 sp=0x000000b21f1fb480
Event: 14.423 Thread 0x000001ffdb51d800 DEOPT UNPACKING pc=0x000001ffc824a1a9 sp=0x000000b21f1fb3f8 mode 2

Classes redefined (0 events):
No events

Internal exceptions (20 events):
Event: 14.093 Thread 0x000001ffdb51d800 Exception <a 'java/lang/ClassNotFoundException'{0x00000000ec8b5978}: org/gradle/configuration/internal/DefaultListenerBuildOperationDecorator$BuildOperationEmittingClosureCustomizer> (0x00000000ec8b5978) thrown at [s\src\hotspot\share\classfile\systemDictionary.cpp, line 230]
Event: 14.112 Thread 0x000001ffdb51d800 Exception <a 'java/lang/ClassNotFoundException'{0x00000000ec729b50}: groovy/lang/ReferenceBeanInfo> (0x00000000ec729b50) thrown at [s\src\hotspot\share\classfile\systemDictionary.cpp, line 230]
Event: 14.113 Thread 0x000001ffdb51d800 Exception <a 'java/lang/ClassNotFoundException'{0x00000000ec75d670}: groovy/lang/ReferenceCustomizer> (0x00000000ec75d670) thrown at [s\src\hotspot\share\classfile\systemDictionary.cpp, line 230]
Event: 14.122 Thread 0x000001ffdb51d800 Exception <a 'java/lang/ClassNotFoundException'{0x00000000ec7a97b8}: SetupUtpTestResultListenerActionBeanInfo> (0x00000000ec7a97b8) thrown at [s\src\hotspot\share\classfile\systemDictionary.cpp, line 230]
Event: 14.124 Thread 0x000001ffdb51d800 Exception <a 'java/lang/ClassNotFoundException'{0x00000000ec7afcd0}: SetupUtpTestResultListenerActionCustomizer> (0x00000000ec7afcd0) thrown at [s\src\hotspot\share\classfile\systemDictionary.cpp, line 230]
Event: 14.183 Thread 0x000001ffdb51d800 Exception <a 'java/lang/ClassNotFoundException'{0x00000000ec69cbd0}: ijTestInit1_c4f70fa1gxlxxf0unhd2tvpevBeanInfo> (0x00000000ec69cbd0) thrown at [s\src\hotspot\share\classfile\systemDictionary.cpp, line 230]
Event: 14.184 Thread 0x000001ffdb51d800 Exception <a 'java/lang/ClassNotFoundException'{0x00000000ec6a8880}: ijTestInit1_c4f70fa1gxlxxf0unhd2tvpevCustomizer> (0x00000000ec6a8880) thrown at [s\src\hotspot\share\classfile\systemDictionary.cpp, line 230]
Event: 14.292 Thread 0x000001ffdb51d800 Exception <a 'java/lang/ClassNotFoundException'{0x00000000ec320020}: settings_bsu21zp6qlll0mmg35rqqrqeyBeanInfo> (0x00000000ec320020) thrown at [s\src\hotspot\share\classfile\systemDictionary.cpp, line 230]
Event: 14.293 Thread 0x000001ffdb51d800 Exception <a 'java/lang/ClassNotFoundException'{0x00000000ec336638}: org/gradle/initialization/SettingsScriptBeanInfo> (0x00000000ec336638) thrown at [s\src\hotspot\share\classfile\systemDictionary.cpp, line 230]
Event: 14.293 Thread 0x000001ffdb51d800 Exception <a 'java/lang/ClassNotFoundException'{0x00000000ec34e338}: org/gradle/plugin/use/internal/PluginsAwareScriptBeanInfo> (0x00000000ec34e338) thrown at [s\src\hotspot\share\classfile\systemDictionary.cpp, line 230]
Event: 14.294 Thread 0x000001ffdb51d800 Exception <a 'java/lang/ClassNotFoundException'{0x00000000ec3670d0}: org/gradle/plugin/use/internal/PluginsAwareScriptCustomizer> (0x00000000ec3670d0) thrown at [s\src\hotspot\share\classfile\systemDictionary.cpp, line 230]
Event: 14.303 Thread 0x000001ffdb51d800 Exception <a 'java/lang/ClassNotFoundException'{0x00000000ec386728}: org/gradle/initialization/SettingsScriptCustomizer> (0x00000000ec386728) thrown at [s\src\hotspot\share\classfile\systemDictionary.cpp, line 230]
Event: 14.305 Thread 0x000001ffdb51d800 Exception <a 'java/lang/ClassNotFoundException'{0x00000000ec399da8}: settings_bsu21zp6qlll0mmg35rqqrqeyCustomizer> (0x00000000ec399da8) thrown at [s\src\hotspot\share\classfile\systemDictionary.cpp, line 230]
Event: 14.316 Thread 0x000001ffdb51d800 Exception <a 'java/lang/ClassNotFoundException'{0x00000000ec2251f8}: org/gradle/initialization/DefaultSettings_DecoratedBeanInfo> (0x00000000ec2251f8) thrown at [s\src\hotspot\share\classfile\systemDictionary.cpp, line 230]
Event: 14.318 Thread 0x000001ffdb51d800 Exception <a 'java/lang/ClassNotFoundException'{0x00000000ec249710}: org/gradle/initialization/DefaultSettingsBeanInfo> (0x00000000ec249710) thrown at [s\src\hotspot\share\classfile\systemDictionary.cpp, line 230]
Event: 14.319 Thread 0x000001ffdb51d800 Exception <a 'java/lang/ClassNotFoundException'{0x00000000ec26f360}: org/gradle/initialization/DefaultSettingsCustomizer> (0x00000000ec26f360) thrown at [s\src\hotspot\share\classfile\systemDictionary.cpp, line 230]
Event: 14.330 Thread 0x000001ffdb51d800 Exception <a 'java/lang/ClassNotFoundException'{0x00000000ec2c70b8}: org/gradle/initialization/DefaultSettings_DecoratedCustomizer> (0x00000000ec2c70b8) thrown at [s\src\hotspot\share\classfile\systemDictionary.cpp, line 230]
Event: 14.357 Thread 0x000001ffdb51d800 Exception <a 'java/lang/ClassNotFoundException'{0x00000000ec153830}: org/gradle/initialization/DefaultProjectDescriptorBeanInfo> (0x00000000ec153830) thrown at [s\src\hotspot\share\classfile\systemDictionary.cpp, line 230]
Event: 14.359 Thread 0x000001ffdb51d800 Exception <a 'java/lang/ClassNotFoundException'{0x00000000ec17ae10}: org/gradle/initialization/DefaultProjectDescriptorCustomizer> (0x00000000ec17ae10) thrown at [s\src\hotspot\share\classfile\systemDictionary.cpp, line 230]
Event: 14.423 Thread 0x000001ffdb51d800 Implicit null exception at 0x000001ffcfe0edec to 0x000001ffcfe0ee94

Events (20 events):
Event: 14.433 loading class org/gradle/api/internal/project/DefaultProjectStateRegistry$ProjectStateImpl
Event: 14.433 loading class org/gradle/api/internal/project/DefaultProjectStateRegistry$ProjectStateImpl done
Event: 14.437 loading class org/gradle/internal/resources/ProjectLockRegistry$1
Event: 14.437 loading class org/gradle/internal/resources/ProjectLockRegistry$1 done
Event: 14.438 loading class org/gradle/internal/resources/LockCache$1
Event: 14.438 loading class org/gradle/internal/resources/LockCache$1 done
Event: 14.439 loading class org/gradle/internal/resources/AllProjectsLock
Event: 14.439 loading class org/gradle/internal/resources/AllProjectsLock done
Event: 14.440 loading class org/gradle/internal/resources/ExclusiveAccessResourceLock
Event: 14.440 loading class org/gradle/internal/resources/ExclusiveAccessResourceLock done
Event: 14.440 loading class com/google/common/cache/LocalCache$WeakValueReference
Event: 14.440 loading class com/google/common/cache/LocalCache$WeakValueReference done
Event: 14.441 loading class org/gradle/internal/resources/ProjectLockRegistry$2
Event: 14.441 loading class org/gradle/internal/resources/ProjectLockRegistry$2 done
Event: 14.442 loading class org/gradle/internal/resources/ProjectLock
Event: 14.442 loading class org/gradle/internal/resources/ProjectLock done
Event: 14.443 loading class org/gradle/internal/resources/TaskExecutionLockRegistry$2
Event: 14.443 loading class org/gradle/internal/resources/TaskExecutionLockRegistry$2 done
Event: 14.443 loading class org/gradle/internal/resources/TaskExecutionLock
Event: 14.443 loading class org/gradle/internal/resources/TaskExecutionLock done


Dynamic libraries:
0x00007ff6cfbb0000 - 0x00007ff6cfbbe000 	C:\Program Files\Eclipse Adoptium\jdk-11.0.19.7-hotspot\bin\java.exe
0x00007ffab1130000 - 0x00007ffab1327000 	C:\WINDOWS\SYSTEM32\ntdll.dll
0x00007ffaafac0000 - 0x00007ffaafb7d000 	C:\WINDOWS\System32\KERNEL32.DLL
0x00007ffaaecd0000 - 0x00007ffaaefc6000 	C:\WINDOWS\System32\KERNELBASE.dll
0x00007ffaabfb0000 - 0x00007ffaac040000 	C:\WINDOWS\SYSTEM32\apphelp.dll
0x00007ffa89c70000 - 0x00007ffa8a106000 	C:\WINDOWS\SYSTEM32\AcLayers.DLL
0x00007ffab0ff0000 - 0x00007ffab108e000 	C:\WINDOWS\System32\msvcrt.dll
0x00007ffaaff40000 - 0x00007ffab00de000 	C:\WINDOWS\System32\USER32.dll
0x00007ffaaec00000 - 0x00007ffaaec22000 	C:\WINDOWS\System32\win32u.dll
0x00007ffaafd40000 - 0x00007ffaafd6c000 	C:\WINDOWS\System32\GDI32.dll
0x00007ffaaeae0000 - 0x00007ffaaebfa000 	C:\WINDOWS\System32\gdi32full.dll
0x00007ffaaec30000 - 0x00007ffaaeccd000 	C:\WINDOWS\System32\msvcp_win.dll
0x00007ffaaefd0000 - 0x00007ffaaf0d0000 	C:\WINDOWS\System32\ucrtbase.dll
0x00007ffab07f0000 - 0x00007ffab0f34000 	C:\WINDOWS\System32\SHELL32.dll
0x00007ffab1090000 - 0x00007ffab10e5000 	C:\WINDOWS\System32\SHLWAPI.dll
0x00007ffaafd70000 - 0x00007ffaafe1e000 	C:\WINDOWS\System32\ADVAPI32.dll
0x00007ffab0750000 - 0x00007ffab07ec000 	C:\WINDOWS\System32\sechost.dll
0x00007ffaaf330000 - 0x00007ffaaf456000 	C:\WINDOWS\System32\RPCRT4.dll
0x000001ffbd600000 - 0x000001ffbd603000 	C:\WINDOWS\SYSTEM32\sfc.dll
0x00007ffa9b600000 - 0x00007ffa9b69d000 	C:\WINDOWS\SYSTEM32\WINSPOOL.DRV
0x00007ffab0320000 - 0x00007ffab0674000 	C:\WINDOWS\System32\combase.dll
0x00007ffaaf270000 - 0x00007ffaaf31d000 	C:\WINDOWS\System32\shcore.dll
0x00007ffa9a270000 - 0x00007ffa9a282000 	C:\WINDOWS\SYSTEM32\sfc_os.DLL
0x00007ffaa8740000 - 0x00007ffaa8751000 	C:\WINDOWS\SYSTEM32\SortWindows61.dll
0x00007ffab00e0000 - 0x00007ffab0110000 	C:\WINDOWS\System32\IMM32.DLL
0x00007ffaadfe0000 - 0x00007ffaae010000 	C:\WINDOWS\system32\DriverStore\FileRepository\nvacwu.inf_amd64_bdd6ea477d4e2fba\nvinitx.dll
0x00007ffaadfd0000 - 0x00007ffaadfda000 	C:\WINDOWS\SYSTEM32\VERSION.dll
0x00007ffaac870000 - 0x00007ffaad00b000 	C:\WINDOWS\SYSTEM32\windows.storage.dll
0x00007ffaae250000 - 0x00007ffaae27d000 	C:\WINDOWS\SYSTEM32\Wldp.dll
0x0000000062ea0000 - 0x0000000062ea6000 	C:\Program Files\NVIDIA Corporation\CoProcManager\_etoured.dll
0x00007ffaa9f90000 - 0x00007ffaa9fcb000 	C:\Program Files\NVIDIA Corporation\CoProcManager\nvd3d9wrapx.dll
0x00007ffaaf4d0000 - 0x00007ffaaf93e000 	C:\WINDOWS\System32\SETUPAPI.dll
0x00007ffaae810000 - 0x00007ffaae85e000 	C:\WINDOWS\System32\cfgmgr32.dll
0x00007ffaaf0d0000 - 0x00007ffaaf0f7000 	C:\WINDOWS\System32\bcrypt.dll
0x00007ffaa9cc0000 - 0x00007ffaa9ce4000 	C:\Program Files\NVIDIA Corporation\CoProcManager\nvdxgiwrapx.dll
0x00007ffaa0bb0000 - 0x00007ffaa0bc8000 	C:\Program Files\Eclipse Adoptium\jdk-11.0.19.7-hotspot\bin\jli.dll
0x00007ffaa0470000 - 0x00007ffaa0489000 	C:\Program Files\Eclipse Adoptium\jdk-11.0.19.7-hotspot\bin\VCRUNTIME140.dll
0x00007ffaa0e40000 - 0x00007ffaa10da000 	C:\WINDOWS\WinSxS\amd64_microsoft.windows.common-controls_6595b64144ccf1df_6.0.19041.3570_none_60bb2a3971f3e41a\COMCTL32.dll
0x00007ffaaa430000 - 0x00007ffaaa43c000 	C:\Program Files\Eclipse Adoptium\jdk-11.0.19.7-hotspot\bin\vcruntime140_1.dll
0x00007ffa90f00000 - 0x00007ffa90f91000 	C:\Program Files\Eclipse Adoptium\jdk-11.0.19.7-hotspot\bin\msvcp140.dll
0x00007ffa7a080000 - 0x00007ffa7ac3c000 	C:\Program Files\Eclipse Adoptium\jdk-11.0.19.7-hotspot\bin\server\jvm.dll
0x00007ffaaf4c0000 - 0x00007ffaaf4c8000 	C:\WINDOWS\System32\PSAPI.DLL
0x00007ffaaa230000 - 0x00007ffaaa239000 	C:\WINDOWS\SYSTEM32\WSOCK32.dll
0x00007ffaaf940000 - 0x00007ffaaf9ab000 	C:\WINDOWS\System32\WS2_32.dll
0x00007ffa9c600000 - 0x00007ffa9c627000 	C:\WINDOWS\SYSTEM32\WINMM.dll
0x00007ffaac670000 - 0x00007ffaac682000 	C:\WINDOWS\SYSTEM32\kernel.appcore.dll
0x00007ffaa83f0000 - 0x00007ffaa8400000 	C:\Program Files\Eclipse Adoptium\jdk-11.0.19.7-hotspot\bin\verify.dll
0x00007ffa9e180000 - 0x00007ffa9e364000 	C:\WINDOWS\SYSTEM32\DBGHELP.DLL
0x00007ffa9e140000 - 0x00007ffa9e174000 	C:\WINDOWS\SYSTEM32\dbgcore.DLL
0x00007ffaaf100000 - 0x00007ffaaf182000 	C:\WINDOWS\System32\bcryptPrimitives.dll
0x00007ffaa03c0000 - 0x00007ffaa03e8000 	C:\Program Files\Eclipse Adoptium\jdk-11.0.19.7-hotspot\bin\java.dll
0x00007ffaa8290000 - 0x00007ffaa829a000 	C:\Program Files\Eclipse Adoptium\jdk-11.0.19.7-hotspot\bin\jimage.dll
0x00007ffa9fca0000 - 0x00007ffa9fcb8000 	C:\Program Files\Eclipse Adoptium\jdk-11.0.19.7-hotspot\bin\zip.dll
0x00007ffaae740000 - 0x00007ffaae765000 	C:\WINDOWS\SYSTEM32\profapi.dll
0x00007ffa9f5e0000 - 0x00007ffa9f5f9000 	C:\Program Files\Eclipse Adoptium\jdk-11.0.19.7-hotspot\bin\net.dll
0x00007ffaa40b0000 - 0x00007ffaa41ba000 	C:\WINDOWS\SYSTEM32\WINHTTP.dll
0x00007ffaadef0000 - 0x00007ffaadf5a000 	C:\WINDOWS\system32\mswsock.dll
0x00007ffa9edb0000 - 0x00007ffa9edc3000 	C:\Program Files\Eclipse Adoptium\jdk-11.0.19.7-hotspot\bin\nio.dll
0x00007ffaa0410000 - 0x00007ffaa0437000 	C:\Users\1\.gradle\native\68d5fa5c4cc2d200863cafc0d521ce42e7d3e7ee720ec0a83991735586a16f82\windows-amd64\native-platform.dll
0x00007ffa961f0000 - 0x00007ffa96334000 	C:\Users\1\.gradle\native\e376f236ea51e6404a007f0833ffe2c6e607c4080706a723a18a27aeea778392\windows-amd64\native-platform-file-events.dll
0x00007ffaa94a0000 - 0x00007ffaa94a9000 	C:\Program Files\Eclipse Adoptium\jdk-11.0.19.7-hotspot\bin\management.dll
0x00007ffaa89a0000 - 0x00007ffaa89ab000 	C:\Program Files\Eclipse Adoptium\jdk-11.0.19.7-hotspot\bin\management_ext.dll
0x00007ffaae130000 - 0x00007ffaae148000 	C:\WINDOWS\SYSTEM32\CRYPTSP.dll
0x00007ffaad7b0000 - 0x00007ffaad7e4000 	C:\WINDOWS\system32\rsaenh.dll
0x00007ffaae700000 - 0x00007ffaae72e000 	C:\WINDOWS\SYSTEM32\USERENV.dll
0x00007ffaae150000 - 0x00007ffaae15c000 	C:\WINDOWS\SYSTEM32\CRYPTBASE.dll
0x00007ffaadbf0000 - 0x00007ffaadc2b000 	C:\WINDOWS\SYSTEM32\IPHLPAPI.DLL
0x00007ffaaf9b0000 - 0x00007ffaaf9b8000 	C:\WINDOWS\System32\NSI.dll
0x00007ffaa5610000 - 0x00007ffaa5627000 	C:\WINDOWS\SYSTEM32\dhcpcsvc6.DLL
0x00007ffaa5ee0000 - 0x00007ffaa5efd000 	C:\WINDOWS\SYSTEM32\dhcpcsvc.DLL
0x00007ffaadc30000 - 0x00007ffaadcfa000 	C:\WINDOWS\SYSTEM32\DNSAPI.dll

dbghelp: loaded successfully - version: 4.0.5 - missing functions: none
symbol engine: initialized successfully - sym options: 0x614 - pdb path: .;C:\Program Files\Eclipse Adoptium\jdk-11.0.19.7-hotspot\bin;C:\WINDOWS\SYSTEM32;C:\WINDOWS\system32\DriverStore\FileRepository\nvacwu.inf_amd64_bdd6ea477d4e2fba;C:\Program Files\NVIDIA Corporation\CoProcManager;C:\WINDOWS\WinSxS\amd64_microsoft.windows.common-controls_6595b64144ccf1df_6.0.19041.3570_none_60bb2a3971f3e41a;C:\Program Files\Eclipse Adoptium\jdk-11.0.19.7-hotspot\bin\server;C:\Users\1\.gradle\native\68d5fa5c4cc2d200863cafc0d521ce42e7d3e7ee720ec0a83991735586a16f82\windows-amd64;C:\Users\1\.gradle\native\e376f236ea51e6404a007f0833ffe2c6e607c4080706a723a18a27aeea778392\windows-amd64

VM Arguments:
jvm_args: --add-opens=java.base/java.util=ALL-UNNAMED --add-opens=java.base/java.lang=ALL-UNNAMED --add-opens=java.base/java.lang.invoke=ALL-UNNAMED --add-opens=java.prefs/java.util.prefs=ALL-UNNAMED --add-opens=java.base/java.nio.charset=ALL-UNNAMED --add-opens=java.base/java.net=ALL-UNNAMED --add-opens=java.base/java.util.concurrent.atomic=ALL-UNNAMED -XX:MaxMetaspaceSize=256m -XX:+HeapDumpOnOutOfMemoryError -Xms256m -Xmx512m -Dfile.encoding=windows-1251 -Duser.country=RU -Duser.language=ru -Duser.variant 
java_command: org.gradle.launcher.daemon.bootstrap.GradleDaemon 7.6
java_class_path (initial): C:\Users\1\.gradle\wrapper\dists\gradle-7.6-bin\9l9tetv7ltxvx3i8an4pb86ye\gradle-7.6\lib\gradle-launcher-7.6.jar
Launcher Type: SUN_STANDARD

[Global flags]
     intx CICompilerCount                          = 2                                         {product} {ergonomic}
   size_t CompressedClassSpaceSize                 = 260046848                                 {product} {ergonomic}
     uint ConcGCThreads                            = 1                                         {product} {ergonomic}
     uint G1ConcRefinementThreads                  = 2                                         {product} {ergonomic}
   size_t G1HeapRegionSize                         = 1048576                                   {product} {ergonomic}
    uintx GCDrainStackTargetSize                   = 64                                        {product} {ergonomic}
     bool HeapDumpOnOutOfMemoryError               = true                                   {manageable} {command line}
   size_t InitialHeapSize                          = 268435456                                 {product} {command line}
   size_t MarkStackSize                            = 4194304                                   {product} {ergonomic}
   size_t MaxHeapSize                              = 536870912                                 {product} {command line}
   size_t MaxMetaspaceSize                         = 268435456                                 {product} {command line}
   size_t MaxNewSize                               = 321912832                                 {product} {ergonomic}
   size_t MinHeapDeltaBytes                        = 1048576                                   {product} {ergonomic}
    uintx NonNMethodCodeHeapSize                   = 5825164                                {pd product} {ergonomic}
    uintx NonProfiledCodeHeapSize                  = 122916538                              {pd product} {ergonomic}
    uintx ProfiledCodeHeapSize                     = 122916538                              {pd product} {ergonomic}
    uintx ReservedCodeCacheSize                    = 251658240                              {pd product} {ergonomic}
     bool SegmentedCodeCache                       = true                                      {product} {ergonomic}
     bool UseCompressedClassPointers               = true                                 {lp64_product} {ergonomic}
     bool UseCompressedOops                        = true                                 {lp64_product} {ergonomic}
     bool UseG1GC                                  = true                                      {product} {ergonomic}
     bool UseLargePagesIndividualAllocation        = false                                  {pd product} {ergonomic}

Logging:
Log output configuration:
 #0: stdout all=warning uptime,level,tags
 #1: stderr all=off uptime,level,tags

Environment Variables:
PATH=C:\Program Files\Eclipse Adoptium\jdk-11.0.19.7-hotspot\bin;C:\WINDOWS\system32;C:\WINDOWS;C:\WINDOWS\System32\Wbem;C:\WINDOWS\System32\WindowsPowerShell\v1.0\;C:\WINDOWS\System32\OpenSSH\;C:\Program Files\Git\cmd;C:\Users\1\AppData\Local\Microsoft\WindowsApps;;C:\Users\1\AppData\Local\Programs\Microsoft VS Code\bin
USERNAME=1
OS=Windows_NT
PROCESSOR_IDENTIFIER=Intel64 Family 6 Model 37 Stepping 5, GenuineIntel
TMP=C:\Users\1\AppData\Local\Temp
TEMP=C:\Users\1\AppData\Local\Temp



---------------  S Y S T E M  ---------------

OS: Windows 10 , 64 bit Build 19041 (10.0.19041.3570)
OS uptime: 0 days 1:40 hours

CPU:total 2 (initial active 2) (2 cores per cpu, 1 threads per core) family 6 model 37 stepping 5 microcode 0x7, cmov, cx8, fxsr, mmx, sse, sse2, sse3, ssse3, popcnt, tsc, tscinvbit

Memory: 4k page, system-wide physical 3766M (353M free)
TotalPageFile size 5814M (AvailPageFile size 3M)
current process WorkingSet (physical memory assigned to process): 325M, peak: 325M
current process commit charge ("private bytes"): 453M, peak: 453M

vm_info: OpenJDK 64-Bit Server VM (11.0.19+7) for windows-amd64 JRE (11.0.19+7), built on Apr 18 2023 23:12:18 by "" with MS VC++ 16.7 (VS2019)

END.
