#
# There is insufficient memory for the Java Runtime Environment to continue.
# Native memory allocation (malloc) failed to allocate 1048576 bytes for AllocateHeap
# Possible reasons:
#   The system is out of physical RAM or swap space
#   The process is running with CompressedOops enabled, and the Java Heap may be blocking the growth of the native heap
# Possible solutions:
#   Reduce memory load on the system
#   Increase physical memory or swap space
#   Check if swap backing store is full
#   Decrease Java heap size (-Xmx/-Xms)
#   Decrease number of Java threads
#   Decrease Java thread stack sizes (-Xss)
#   Set larger code cache with -XX:ReservedCodeCacheSize=
#   JVM is running with Unscaled Compressed Oops mode in which the Java heap is
#     placed in the first 4GB address space. The Java Heap base address is the
#     maximum limit for the native heap growth. Please use -XX:HeapBaseMinAddress
#     to set the Java Heap base and to place the Java Heap above 4GB virtual address.
# This output file may be truncated or incomplete.
#
#  Out of Memory Error (allocation.cpp:46), pid=5720, tid=6460
#
# JRE version:  (11.0.19+7) (build )
# Java VM: OpenJDK 64-Bit Server VM (11.0.19+7, mixed mode, sharing, tiered, compressed oops, g1 gc, windows-amd64)
# No core dump will be written. Minidumps are not enabled by default on client versions of Windows
#

---------------  S U M M A R Y ------------

Command Line: -Dorg.gradle.internal.worker.tmpdir=C:\Users\1\IdeaProjects\Idea03\Idea03\build\tmp\test\work -Dorg.gradle.native=false -Xmx512m -Dfile.encoding=windows-1251 -Duser.country=RU -Duser.language=ru -Duser.variant -ea worker.org.gradle.process.internal.worker.GradleWorkerMain 'Gradle Test Executor 6'

Host: Intel(R) Pentium(R) CPU        P6200  @ 2.13GHz, 2 cores, 3G,  Windows 10 , 64 bit Build 19041 (10.0.19041.3570)
Time: Mon Oct 30 21:20:36 2023 RTZ 2 (s 10 , 64 bit Build 19041 (10.0.19041.3570) elapsed time: 1.242502 seconds (0d 0h 0m 1s)

---------------  T H R E A D  ---------------

Current thread (0x00000284f8980800):  JavaThread "Unknown thread" [_thread_in_vm, id=6460, stack(0x000000c116000000,0x000000c116100000)]

Stack: [0x000000c116000000,0x000000c116100000]
Native frames: (J=compiled Java code, j=interpreted, Vv=VM code, C=native code)
V  [jvm.dll+0x64fb5a]
V  [jvm.dll+0x7e3549]
V  [jvm.dll+0x7e4c49]
V  [jvm.dll+0x7e5333]
V  [jvm.dll+0x26afd5]
V  [jvm.dll+0xb8874]
V  [jvm.dll+0x2fe178]
V  [jvm.dll+0x7bc6e7]
V  [jvm.dll+0x7bdebf]
V  [jvm.dll+0x381169]
V  [jvm.dll+0x79ea5f]
V  [jvm.dll+0x3f2697]
V  [jvm.dll+0x3f4b81]
C  [jli.dll+0x52eb]
C  [ucrtbase.dll+0x21bb2]
C  [KERNEL32.DLL+0x17344]
C  [ntdll.dll+0x526b0]


---------------  P R O C E S S  ---------------

Threads class SMR info:
_java_thread_list=0x00000284f6e6b2d0, length=0, elements={
}

Java Threads: ( => current thread )

Other Threads:

=>0x00000284f8980800 (exited) JavaThread "Unknown thread" [_thread_in_vm, id=6460, stack(0x000000c116000000,0x000000c116100000)]

Threads with active compile tasks:

VM state:not at safepoint (not fully initialized)

VM Mutex/Monitor currently owned by a thread: None


[error occurred during error reporting (printing compressed oops mode), id 0xc0000005, EXCEPTION_ACCESS_VIOLATION (0xc0000005) at pc=0x00007fff92aad4d7]

GC Heap History (0 events):
No events

Deoptimization events (0 events):
No events

Classes redefined (0 events):
No events

Internal exceptions (0 events):
No events

Events (1 events):
Event: 0.906 Loaded shared library C:\Program Files\Eclipse Adoptium\jdk-11.0.19.7-hotspot\bin\zip.dll


Dynamic libraries:
0x00007ff64f9a0000 - 0x00007ff64f9ae000 	C:\Program Files\Eclipse Adoptium\jdk-11.0.19.7-hotspot\bin\java.exe
0x00007fffb9e30000 - 0x00007fffba027000 	C:\WINDOWS\SYSTEM32\ntdll.dll
0x00007fffb97d0000 - 0x00007fffb988d000 	C:\WINDOWS\System32\KERNEL32.DLL
0x00007fffb78b0000 - 0x00007fffb7ba6000 	C:\WINDOWS\System32\KERNELBASE.dll
0x00007fffb4bd0000 - 0x00007fffb4c60000 	C:\WINDOWS\SYSTEM32\apphelp.dll
0x00007fff68350000 - 0x00007fff687e6000 	C:\WINDOWS\SYSTEM32\AcLayers.DLL
0x00007fffb81a0000 - 0x00007fffb823e000 	C:\WINDOWS\System32\msvcrt.dll
0x00007fffb8dc0000 - 0x00007fffb8f5e000 	C:\WINDOWS\System32\USER32.dll
0x00007fffb7cd0000 - 0x00007fffb7cf2000 	C:\WINDOWS\System32\win32u.dll
0x00007fffb97a0000 - 0x00007fffb97cc000 	C:\WINDOWS\System32\GDI32.dll
0x00007fffb7bb0000 - 0x00007fffb7cca000 	C:\WINDOWS\System32\gdi32full.dll
0x00007fffb77c0000 - 0x00007fffb785d000 	C:\WINDOWS\System32\msvcp_win.dll
0x00007fffb7d00000 - 0x00007fffb7e00000 	C:\WINDOWS\System32\ucrtbase.dll
0x00007fffb9040000 - 0x00007fffb9784000 	C:\WINDOWS\System32\SHELL32.dll
0x00007fffb8710000 - 0x00007fffb8765000 	C:\WINDOWS\System32\SHLWAPI.dll
0x00007fffb9ca0000 - 0x00007fffb9d4e000 	C:\WINDOWS\System32\ADVAPI32.dll
0x00007fffb8ad0000 - 0x00007fffb8b6c000 	C:\WINDOWS\System32\sechost.dll
0x00007fffb9b70000 - 0x00007fffb9c96000 	C:\WINDOWS\System32\RPCRT4.dll
0x00000284f6d50000 - 0x00000284f6d53000 	C:\WINDOWS\SYSTEM32\sfc.dll
0x00007fffa3a60000 - 0x00007fffa3afd000 	C:\WINDOWS\SYSTEM32\WINSPOOL.DRV
0x00007fffb8770000 - 0x00007fffb8ac4000 	C:\WINDOWS\System32\combase.dll
0x00007fffb8d10000 - 0x00007fffb8dbd000 	C:\WINDOWS\System32\shcore.dll
0x00007fffa3870000 - 0x00007fffa3882000 	C:\WINDOWS\SYSTEM32\sfc_os.DLL
0x00007fffb2fe0000 - 0x00007fffb2ff1000 	C:\WINDOWS\SYSTEM32\SortWindows61.dll
0x00007fffb7f40000 - 0x00007fffb7f70000 	C:\WINDOWS\System32\IMM32.DLL
0x00007fffb6b60000 - 0x00007fffb6b90000 	C:\WINDOWS\system32\DriverStore\FileRepository\nvacwu.inf_amd64_bdd6ea477d4e2fba\nvinitx.dll
0x00007fffb6a70000 - 0x00007fffb6a7a000 	C:\WINDOWS\SYSTEM32\VERSION.dll
0x00007fffb5570000 - 0x00007fffb5d0b000 	C:\WINDOWS\SYSTEM32\windows.storage.dll
0x00007fffb6f50000 - 0x00007fffb6f7d000 	C:\WINDOWS\SYSTEM32\Wldp.dll
0x00000000556b0000 - 0x00000000556b6000 	C:\Program Files\NVIDIA Corporation\CoProcManager\_etoured.dll
0x00007fffb2ce0000 - 0x00007fffb2d1b000 	C:\Program Files\NVIDIA Corporation\CoProcManager\nvd3d9wrapx.dll
0x00007fffb82a0000 - 0x00007fffb870e000 	C:\WINDOWS\System32\SETUPAPI.dll
0x00007fffb7860000 - 0x00007fffb78ae000 	C:\WINDOWS\System32\cfgmgr32.dll
0x00007fffb7510000 - 0x00007fffb7537000 	C:\WINDOWS\System32\bcrypt.dll
0x00007fffb2c60000 - 0x00007fffb2c84000 	C:\Program Files\NVIDIA Corporation\CoProcManager\nvdxgiwrapx.dll
0x00007fffb2fa0000 - 0x00007fffb2fb8000 	C:\Program Files\Eclipse Adoptium\jdk-11.0.19.7-hotspot\bin\jli.dll
0x00007fffb2fc0000 - 0x00007fffb2fd9000 	C:\Program Files\Eclipse Adoptium\jdk-11.0.19.7-hotspot\bin\VCRUNTIME140.dll
0x00007fffa97f0000 - 0x00007fffa9a8a000 	C:\WINDOWS\WinSxS\amd64_microsoft.windows.common-controls_6595b64144ccf1df_6.0.19041.3570_none_60bb2a3971f3e41a\COMCTL32.dll
0x00007fffb2f90000 - 0x00007fffb2f9c000 	C:\Program Files\Eclipse Adoptium\jdk-11.0.19.7-hotspot\bin\vcruntime140_1.dll
0x00007fff9ab50000 - 0x00007fff9abe1000 	C:\Program Files\Eclipse Adoptium\jdk-11.0.19.7-hotspot\bin\msvcp140.dll
0x00007fff922f0000 - 0x00007fff92eac000 	C:\Program Files\Eclipse Adoptium\jdk-11.0.19.7-hotspot\bin\server\jvm.dll
0x00007fffb9790000 - 0x00007fffb9798000 	C:\WINDOWS\System32\PSAPI.DLL
0x00007fffb4cb0000 - 0x00007fffb4cb9000 	C:\WINDOWS\SYSTEM32\WSOCK32.dll
0x00007fffb7ff0000 - 0x00007fffb805b000 	C:\WINDOWS\System32\WS2_32.dll
0x00007fffa5950000 - 0x00007fffa5977000 	C:\WINDOWS\SYSTEM32\WINMM.dll
0x00007fffb5370000 - 0x00007fffb5382000 	C:\WINDOWS\SYSTEM32\kernel.appcore.dll
0x00007fffb2f80000 - 0x00007fffb2f90000 	C:\Program Files\Eclipse Adoptium\jdk-11.0.19.7-hotspot\bin\verify.dll
0x00007fffa6df0000 - 0x00007fffa6fd4000 	C:\WINDOWS\SYSTEM32\DBGHELP.DLL
0x00007fffa6db0000 - 0x00007fffa6de4000 	C:\WINDOWS\SYSTEM32\dbgcore.DLL
0x00007fffb7e00000 - 0x00007fffb7e82000 	C:\WINDOWS\System32\bcryptPrimitives.dll
0x00007fffaf300000 - 0x00007fffaf328000 	C:\Program Files\Eclipse Adoptium\jdk-11.0.19.7-hotspot\bin\java.dll
0x00007fffb2f70000 - 0x00007fffb2f7a000 	C:\Program Files\Eclipse Adoptium\jdk-11.0.19.7-hotspot\bin\jimage.dll
0x00007fffaf2e0000 - 0x00007fffaf2f8000 	C:\Program Files\Eclipse Adoptium\jdk-11.0.19.7-hotspot\bin\zip.dll

dbghelp: loaded successfully - version: 4.0.5 - missing functions: none
symbol engine: initialized successfully - sym options: 0x614 - pdb path: (cannot be retrieved)

VM Arguments:
jvm_args: -Dorg.gradle.internal.worker.tmpdir=C:\Users\1\IdeaProjects\Idea03\Idea03\build\tmp\test\work -Dorg.gradle.native=false -Xmx512m -Dfile.encoding=windows-1251 -Duser.country=RU -Duser.language=ru -Duser.variant -ea 
java_command: worker.org.gradle.process.internal.worker.GradleWorkerMain 'Gradle Test Executor 6'
java_class_path (initial): C:\\Users\\1\\.gradle\\caches\\7.6\\workerMain\\gradle-worker.jar;C:\\Users\\1\\IdeaProjects\\Idea03\\Idea03\\build\\classes\\java\\test;C:\\Users\\1\\IdeaProjects\\Idea03\\Idea03\\build\\classes\\java\\main;C:\\Users\\1\\.gradle\\caches\\modules-2\\files-2.1\\org.junit.jupiter\\junit-jupiter-params\\5.6.1\\3a9033e0bde8085cb357b20b220f2e1aae429f52\\junit-jupiter-params-5.6.1.jar;C:\\Users\\1\\.gradle\\caches\\modules-2\\files-2.1\\org.junit.jupiter\\junit-jupiter-engine\\5.6.1\\f9686cdeb1b70e7928656379b1a116450a391ea2\\junit-jupiter-engine-5.6.1.jar;C:\\Users\\1\\.gradle\\caches\\modules-2\\files-2.1\\org.junit.jupiter\\junit-jupiter-api\\5.6.1\\552e8b1410c1e210841a9b7e0dab65b5dcb8208b\\junit-jupiter-api-5.6.1.jar;C:\\Users\\1\\.gradle\\caches\\modules-2\\files-2.1\\org.junit.platform\\junit-platform-engine\\1.6.1\\e93ddd6d2e6e7d1ff6439fe61ab6a862edb066f7\\junit-platform-engine-1.6.1.jar;C:\\Users\\1\\.gradle\\caches\\modules-2\\files-2.1\\org.junit.platform\\junit-platform-commons\\1.6.1\\3211988f6980e1bd68e2b4049f32c2076a0b93ed\\junit-platform-commons-1.6.1.jar;C:\\Users\\1\\.gradle\\caches\\modules-2\\files-2.1\\org.junit.jupiter\\junit-jupiter\\5.6.1\\4ae716895f1ee8a5720c02c8f2ae749bf7f7de18\\junit-jupiter-5.6.1.jar;C:\\Users\\1\\.gradle\\caches\\modules-2\\files-2.1\\org.seleniumhq.selenium\\selenium-java\\4.11.0\\18cef0adbc08d152da07b234a04f6e8240ce215f\\selenium-java-4.11.0.jar;C:\\Users\\1\\.gradle\\caches\\modules-2\\files-2.1\\io.github.bonigarcia\\webdrivermanager\\5.4.1\\442d8a6a6e5ad6aad7e1ac281be5845ad13b6ff0\\webdrivermanager-5.4.1.jar;C:\\Users\\1\\.gradle\\caches\\modules-2\\files-2.1\\org.seleniumhq.selenium\\selenium-chrome-driver\\4.11.0\\4c44dd3f0402a8b988966a153714af1c69e26d13\\selenium-chrome-driver-4.11.0.jar;C:\\Users\\1\\.gradle\\caches\\modules-2\\files-2.1\\org.seleniumhq.selenium\\selenium-devtools-v113\\4.11.0\\a0dc1c6e06f210ffa8b189dd607966f105303aff\\selenium-devtools-v113-4.11.0.jar;C:\\Users\\1\\.gradle\
Launcher Type: SUN_STANDARD

[Global flags]
     intx CICompilerCount                          = 2                                         {product} {ergonomic}
     uint G1ConcRefinementThreads                  = 2                                         {product} {ergonomic}
   size_t G1HeapRegionSize                         = 1048576                                   {product} {ergonomic}
    uintx GCDrainStackTargetSize                   = 64                                        {product} {ergonomic}
   size_t InitialHeapSize                          = 62914560                                  {product} {ergonomic}
   size_t MaxHeapSize                              = 536870912                                 {product} {command line}
   size_t MinHeapDeltaBytes                        = 1048576                                   {product} {ergonomic}
    uintx NonNMethodCodeHeapSize                   = 5825164                                {pd product} {ergonomic}
    uintx NonProfiledCodeHeapSize                  = 122916538                              {pd product} {ergonomic}
    uintx ProfiledCodeHeapSize                     = 122916538                              {pd product} {ergonomic}
    uintx ReservedCodeCacheSize                    = 251658240                              {pd product} {ergonomic}
     bool SegmentedCodeCache                       = true                                      {product} {ergonomic}
     bool UseCompressedClassPointers               = true                                 {lp64_product} {ergonomic}
     bool UseCompressedOops                        = true                                 {lp64_product} {ergonomic}
     bool UseG1GC                                  = true                                      {product} {ergonomic}
     bool UseLargePagesIndividualAllocation        = false                                  {pd product} {ergonomic}

Logging:
Log output configuration:
 #0: stdout all=warning uptime,level,tags
 #1: stderr all=off uptime,level,tags

Environment Variables:
PATH=C:\Program Files\Eclipse Adoptium\jdk-11.0.19.7-hotspot\bin;C:\WINDOWS\system32;C:\WINDOWS;C:\WINDOWS\System32\Wbem;C:\WINDOWS\System32\WindowsPowerShell\v1.0\;C:\WINDOWS\System32\OpenSSH\;C:\Program Files\Git\cmd;C:\Users\1\AppData\Local\Microsoft\WindowsApps;;C:\Users\1\AppData\Local\Programs\Microsoft VS Code\bin
USERNAME=1
OS=Windows_NT
PROCESSOR_IDENTIFIER=Intel64 Family 6 Model 37 Stepping 5, GenuineIntel
TMP=C:\Users\1\AppData\Local\Temp
TEMP=C:\Users\1\AppData\Local\Temp



---------------  S Y S T E M  ---------------

OS: Windows 10 , 64 bit Build 19041 (10.0.19041.3570)
OS uptime: 0 days 1:46 hours

CPU:total 2 (initial active 2) (2 cores per cpu, 1 threads per core) family 6 model 37 stepping 5 microcode 0x7, cmov, cx8, fxsr, mmx, sse, sse2, sse3, ssse3, popcnt, tsc, tscinvbit

Memory: 4k page, system-wide physical 3766M (262M free)
TotalPageFile size 5814M (AvailPageFile size 0M)
current process WorkingSet (physical memory assigned to process): 16M, peak: 16M
current process commit charge ("private bytes"): 18M, peak: 18M

vm_info: OpenJDK 64-Bit Server VM (11.0.19+7) for windows-amd64 JRE (11.0.19+7), built on Apr 18 2023 23:12:18 by "" with MS VC++ 16.7 (VS2019)

END.
