#
# There is insufficient memory for the Java Runtime Environment to continue.
# Native memory allocation (malloc) failed to allocate 781296 bytes for Chunk::new
# Possible reasons:
#   The system is out of physical RAM or swap space
#   The process is running with CompressedOops enabled, and the Java Heap may be blocking the growth of the native heap
# Possible solutions:
#   Reduce memory load on the system
#   Increase physical memory or swap space
#   Check if swap backing store is full
#   Decrease Java heap size (-Xmx/-Xms)
#   Decrease number of Java threads
#   Decrease Java thread stack sizes (-Xss)
#   Set larger code cache with -XX:ReservedCodeCacheSize=
#   JVM is running with Unscaled Compressed Oops mode in which the Java heap is
#     placed in the first 4GB address space. The Java Heap base address is the
#     maximum limit for the native heap growth. Please use -XX:HeapBaseMinAddress
#     to set the Java Heap base and to place the Java Heap above 4GB virtual address.
# This output file may be truncated or incomplete.
#
#  Out of Memory Error (arena.cpp:197), pid=7184, tid=1932
#
# JRE version: OpenJDK Runtime Environment Temurin-11.0.19+7 (11.0.19+7) (build 11.0.19+7)
# Java VM: OpenJDK 64-Bit Server VM Temurin-11.0.19+7 (11.0.19+7, mixed mode, tiered, compressed oops, g1 gc, windows-amd64)
# No core dump will be written. Minidumps are not enabled by default on client versions of Windows
#

---------------  S U M M A R Y ------------

Command Line: -Dorg.gradle.internal.worker.tmpdir=C:\Users\1\IdeaProjects\Idea03\Idea03\build\tmp\test\work -Dorg.gradle.native=false -Xmx512m -Dfile.encoding=windows-1251 -Duser.country=RU -Duser.language=ru -Duser.variant -ea worker.org.gradle.process.internal.worker.GradleWorkerMain 'Gradle Test Executor 5'

Host: Intel(R) Pentium(R) CPU        P6200  @ 2.13GHz, 2 cores, 3G,  Windows 10 , 64 bit Build 19041 (10.0.19041.3570)
Time: Mon Oct 30 23:53:34 2023 RTZ 2 (s 10 , 64 bit Build 19041 (10.0.19041.3570) elapsed time: 7.135243 seconds (0d 0h 0m 7s)

---------------  T H R E A D  ---------------

Current thread (0x0000021b7e457800):  JavaThread "C2 CompilerThread0" daemon [_thread_in_native, id=1932, stack(0x000000ea00e00000,0x000000ea00f00000)]


Current CompileTask:
C2:   7139 1774  s!   4       jdk.internal.loader.URLClassPath::getLoader (194 bytes)

Stack: [0x000000ea00e00000,0x000000ea00f00000]
Native frames: (J=compiled Java code, j=interpreted, Vv=VM code, C=native code)
V  [jvm.dll+0x64fb5a]
V  [jvm.dll+0x7e3549]
V  [jvm.dll+0x7e4c49]
V  [jvm.dll+0x7e5333]
V  [jvm.dll+0x26afd5]
V  [jvm.dll+0xc1a5c]
V  [jvm.dll+0xc200c]
V  [jvm.dll+0x37b337]
V  [jvm.dll+0x3462e5]
V  [jvm.dll+0x34567a]
V  [jvm.dll+0x222d7f]
V  [jvm.dll+0x221d88]
V  [jvm.dll+0x19e6c1]
V  [jvm.dll+0x231f59]
V  [jvm.dll+0x2300af]
V  [jvm.dll+0x7a48d0]
V  [jvm.dll+0x79d6e4]
V  [jvm.dll+0x64e915]
C  [ucrtbase.dll+0x21bb2]
C  [KERNEL32.DLL+0x17344]
C  [ntdll.dll+0x526b1]


---------------  P R O C E S S  ---------------

Threads class SMR info:
_java_thread_list=0x0000021b7e72b630, length=13, elements={
0x0000021b717c0800, 0x0000021b7e3dc800, 0x0000021b7e3e0000, 0x0000021b7e441000,
0x0000021b7e445000, 0x0000021b7e44c800, 0x0000021b7e457800, 0x0000021b7e471800,
0x0000021b7e4d5000, 0x0000021b7e75a800, 0x0000021b0f49d800, 0x0000021b717bd800,
0x0000021b71987800
}

Java Threads: ( => current thread )
  0x0000021b717c0800 JavaThread "Test worker" [_thread_in_native, id=3768, stack(0x000000ea00200000,0x000000ea00300000)]
  0x0000021b7e3dc800 JavaThread "Reference Handler" daemon [_thread_blocked, id=2844, stack(0x000000ea00900000,0x000000ea00a00000)]
  0x0000021b7e3e0000 JavaThread "Finalizer" daemon [_thread_blocked, id=792, stack(0x000000ea00a00000,0x000000ea00b00000)]
  0x0000021b7e441000 JavaThread "Signal Dispatcher" daemon [_thread_blocked, id=9844, stack(0x000000ea00b00000,0x000000ea00c00000)]
  0x0000021b7e445000 JavaThread "Attach Listener" daemon [_thread_blocked, id=4396, stack(0x000000ea00c00000,0x000000ea00d00000)]
  0x0000021b7e44c800 JavaThread "Service Thread" daemon [_thread_blocked, id=8436, stack(0x000000ea00d00000,0x000000ea00e00000)]
=>0x0000021b7e457800 JavaThread "C2 CompilerThread0" daemon [_thread_in_native, id=1932, stack(0x000000ea00e00000,0x000000ea00f00000)]
  0x0000021b7e471800 JavaThread "C1 CompilerThread0" daemon [_thread_blocked, id=3540, stack(0x000000ea00f00000,0x000000ea01000000)]
  0x0000021b7e4d5000 JavaThread "Sweeper thread" daemon [_thread_blocked, id=5280, stack(0x000000ea01000000,0x000000ea01100000)]
  0x0000021b7e75a800 JavaThread "Common-Cleaner" daemon [_thread_blocked, id=5192, stack(0x000000ea01200000,0x000000ea01300000)]
  0x0000021b0f49d800 JavaThread "/127.0.0.1:63868 to /127.0.0.1:63867 workers" [_thread_blocked, id=684, stack(0x000000ea01500000,0x000000ea01600000)]
  0x0000021b717bd800 JavaThread "/127.0.0.1:63868 to /127.0.0.1:63867 workers Thread 2" [_thread_blocked, id=8092, stack(0x000000ea01600000,0x000000ea01700000)]
  0x0000021b71987800 JavaThread "/127.0.0.1:63868 to /127.0.0.1:63867 workers Thread 3" [_thread_in_native, id=5472, stack(0x000000ea01700000,0x000000ea01800000)]

Other Threads:
  0x0000021b7e3bf800 VMThread "VM Thread" [stack: 0x000000ea00800000,0x000000ea00900000] [id=7944]
  0x0000021b7e752800 WatcherThread [stack: 0x000000ea01100000,0x000000ea01200000] [id=8360]
  0x0000021b717e2000 GCTaskThread "GC Thread#0" [stack: 0x000000ea00300000,0x000000ea00400000] [id=2224]
  0x0000021b7edb3800 GCTaskThread "GC Thread#1" [stack: 0x000000ea01300000,0x000000ea01400000] [id=3872]
  0x0000021b717f4000 ConcurrentGCThread "G1 Main Marker" [stack: 0x000000ea00400000,0x000000ea00500000] [id=6324]
  0x0000021b717f5000 ConcurrentGCThread "G1 Conc#0" [stack: 0x000000ea00500000,0x000000ea00600000] [id=7592]
  0x0000021b71834000 ConcurrentGCThread "G1 Refine#0" [stack: 0x000000ea00600000,0x000000ea00700000] [id=228]
  0x0000021b71835000 ConcurrentGCThread "G1 Young RemSet Sampling" [stack: 0x000000ea00700000,0x000000ea00800000] [id=1240]

Threads with active compile tasks:
C2 CompilerThread0     7241 1774  s!   4       jdk.internal.loader.URLClassPath::getLoader (194 bytes)

VM state:not at safepoint (normal execution)

VM Mutex/Monitor currently owned by a thread: None

Heap address: 0x00000000e0000000, size: 512 MB, Compressed Oops mode: 32-bit
Narrow klass base: 0x0000000000000000, Narrow klass shift: 3
Compressed class space size: 1073741824 Address: 0x0000000100000000

Heap:
 garbage-first heap   total 61440K, used 18050K [0x00000000e0000000, 0x0000000100000000)
  region size 1024K, 13 young (13312K), 3 survivors (3072K)
 Metaspace       used 19526K, capacity 20194K, committed 20352K, reserved 1067008K
  class space    used 2161K, capacity 2432K, committed 2432K, reserved 1048576K
Heap Regions: E=young(eden), S=young(survivor), O=old, HS=humongous(starts), HC=humongous(continues), CS=collection set, F=free, A=archive, TAMS=top-at-mark-start (previous, next)
|   0|0x00000000e0000000, 0x00000000e0100000, 0x00000000e0100000|100%| O|  |TAMS 0x00000000e0000000, 0x00000000e0000000| Untracked 
|   1|0x00000000e0100000, 0x00000000e0200000, 0x00000000e0200000|100%| O|  |TAMS 0x00000000e0100000, 0x00000000e0100000| Untracked 
|   2|0x00000000e0200000, 0x00000000e0300000, 0x00000000e0300000|100%| O|  |TAMS 0x00000000e0200000, 0x00000000e0200000| Untracked 
|   3|0x00000000e0300000, 0x00000000e0400000, 0x00000000e0400000|100%| O|  |TAMS 0x00000000e0300000, 0x00000000e0300000| Untracked 
|   4|0x00000000e0400000, 0x00000000e0500000, 0x00000000e0500000|100%| O|  |TAMS 0x00000000e0400000, 0x00000000e0400000| Untracked 
|   5|0x00000000e0500000, 0x00000000e0600000, 0x00000000e0600000|100%| O|  |TAMS 0x00000000e0500000, 0x00000000e0500000| Untracked 
|   6|0x00000000e0600000, 0x00000000e061f400, 0x00000000e0700000| 12%| O|  |TAMS 0x00000000e0600000, 0x00000000e0600000| Untracked 
|   7|0x00000000e0700000, 0x00000000e0700000, 0x00000000e0800000|  0%| F|  |TAMS 0x00000000e0700000, 0x00000000e0700000| Untracked 
|   8|0x00000000e0800000, 0x00000000e0800000, 0x00000000e0900000|  0%| F|  |TAMS 0x00000000e0800000, 0x00000000e0800000| Untracked 
|   9|0x00000000e0900000, 0x00000000e0900000, 0x00000000e0a00000|  0%| F|  |TAMS 0x00000000e0900000, 0x00000000e0900000| Untracked 
|  10|0x00000000e0a00000, 0x00000000e0a00000, 0x00000000e0b00000|  0%| F|  |TAMS 0x00000000e0a00000, 0x00000000e0a00000| Untracked 
|  11|0x00000000e0b00000, 0x00000000e0b00000, 0x00000000e0c00000|  0%| F|  |TAMS 0x00000000e0b00000, 0x00000000e0b00000| Untracked 
|  12|0x00000000e0c00000, 0x00000000e0c00000, 0x00000000e0d00000|  0%| F|  |TAMS 0x00000000e0c00000, 0x00000000e0c00000| Untracked 
|  13|0x00000000e0d00000, 0x00000000e0d00000, 0x00000000e0e00000|  0%| F|  |TAMS 0x00000000e0d00000, 0x00000000e0d00000| Untracked 
|  14|0x00000000e0e00000, 0x00000000e0e00000, 0x00000000e0f00000|  0%| F|  |TAMS 0x00000000e0e00000, 0x00000000e0e00000| Untracked 
|  15|0x00000000e0f00000, 0x00000000e0f00000, 0x00000000e1000000|  0%| F|  |TAMS 0x00000000e0f00000, 0x00000000e0f00000| Untracked 
|  16|0x00000000e1000000, 0x00000000e1000000, 0x00000000e1100000|  0%| F|  |TAMS 0x00000000e1000000, 0x00000000e1000000| Untracked 
|  17|0x00000000e1100000, 0x00000000e1100000, 0x00000000e1200000|  0%| F|  |TAMS 0x00000000e1100000, 0x00000000e1100000| Untracked 
|  18|0x00000000e1200000, 0x00000000e1200000, 0x00000000e1300000|  0%| F|  |TAMS 0x00000000e1200000, 0x00000000e1200000| Untracked 
|  19|0x00000000e1300000, 0x00000000e1300000, 0x00000000e1400000|  0%| F|  |TAMS 0x00000000e1300000, 0x00000000e1300000| Untracked 
|  20|0x00000000e1400000, 0x00000000e1400000, 0x00000000e1500000|  0%| F|  |TAMS 0x00000000e1400000, 0x00000000e1400000| Untracked 
|  21|0x00000000e1500000, 0x00000000e1500000, 0x00000000e1600000|  0%| F|  |TAMS 0x00000000e1500000, 0x00000000e1500000| Untracked 
|  22|0x00000000e1600000, 0x00000000e1600000, 0x00000000e1700000|  0%| F|  |TAMS 0x00000000e1600000, 0x00000000e1600000| Untracked 
|  23|0x00000000e1700000, 0x00000000e1700000, 0x00000000e1800000|  0%| F|  |TAMS 0x00000000e1700000, 0x00000000e1700000| Untracked 
|  24|0x00000000e1800000, 0x00000000e1800000, 0x00000000e1900000|  0%| F|  |TAMS 0x00000000e1800000, 0x00000000e1800000| Untracked 
|  25|0x00000000e1900000, 0x00000000e1900000, 0x00000000e1a00000|  0%| F|  |TAMS 0x00000000e1900000, 0x00000000e1900000| Untracked 
|  26|0x00000000e1a00000, 0x00000000e1a00000, 0x00000000e1b00000|  0%| F|  |TAMS 0x00000000e1a00000, 0x00000000e1a00000| Untracked 
|  27|0x00000000e1b00000, 0x00000000e1b00000, 0x00000000e1c00000|  0%| F|  |TAMS 0x00000000e1b00000, 0x00000000e1b00000| Untracked 
|  28|0x00000000e1c00000, 0x00000000e1c00000, 0x00000000e1d00000|  0%| F|  |TAMS 0x00000000e1c00000, 0x00000000e1c00000| Untracked 
|  29|0x00000000e1d00000, 0x00000000e1d00000, 0x00000000e1e00000|  0%| F|  |TAMS 0x00000000e1d00000, 0x00000000e1d00000| Untracked 
|  30|0x00000000e1e00000, 0x00000000e1e00000, 0x00000000e1f00000|  0%| F|  |TAMS 0x00000000e1e00000, 0x00000000e1e00000| Untracked 
|  31|0x00000000e1f00000, 0x00000000e1f00000, 0x00000000e2000000|  0%| F|  |TAMS 0x00000000e1f00000, 0x00000000e1f00000| Untracked 
|  32|0x00000000e2000000, 0x00000000e2000000, 0x00000000e2100000|  0%| F|  |TAMS 0x00000000e2000000, 0x00000000e2000000| Untracked 
|  33|0x00000000e2100000, 0x00000000e2100000, 0x00000000e2200000|  0%| F|  |TAMS 0x00000000e2100000, 0x00000000e2100000| Untracked 
|  34|0x00000000e2200000, 0x00000000e2200000, 0x00000000e2300000|  0%| F|  |TAMS 0x00000000e2200000, 0x00000000e2200000| Untracked 
|  35|0x00000000e2300000, 0x00000000e2300000, 0x00000000e2400000|  0%| F|  |TAMS 0x00000000e2300000, 0x00000000e2300000| Untracked 
|  36|0x00000000e2400000, 0x00000000e2400000, 0x00000000e2500000|  0%| F|  |TAMS 0x00000000e2400000, 0x00000000e2400000| Untracked 
|  37|0x00000000e2500000, 0x00000000e2500000, 0x00000000e2600000|  0%| F|  |TAMS 0x00000000e2500000, 0x00000000e2500000| Untracked 
|  38|0x00000000e2600000, 0x00000000e2600000, 0x00000000e2700000|  0%| F|  |TAMS 0x00000000e2600000, 0x00000000e2600000| Untracked 
|  39|0x00000000e2700000, 0x00000000e2781470, 0x00000000e2800000| 50%| S|CS|TAMS 0x00000000e2700000, 0x00000000e2700000| Complete 
|  40|0x00000000e2800000, 0x00000000e2900000, 0x00000000e2900000|100%| S|CS|TAMS 0x00000000e2800000, 0x00000000e2800000| Complete 
|  41|0x00000000e2900000, 0x00000000e2a00000, 0x00000000e2a00000|100%| S|CS|TAMS 0x00000000e2900000, 0x00000000e2900000| Complete 
|  42|0x00000000e2a00000, 0x00000000e2a00000, 0x00000000e2b00000|  0%| F|  |TAMS 0x00000000e2a00000, 0x00000000e2a00000| Untracked 
|  43|0x00000000e2b00000, 0x00000000e2b00000, 0x00000000e2c00000|  0%| F|  |TAMS 0x00000000e2b00000, 0x00000000e2b00000| Untracked 
|  44|0x00000000e2c00000, 0x00000000e2c00000, 0x00000000e2d00000|  0%| F|  |TAMS 0x00000000e2c00000, 0x00000000e2c00000| Untracked 
|  45|0x00000000e2d00000, 0x00000000e2d00000, 0x00000000e2e00000|  0%| F|  |TAMS 0x00000000e2d00000, 0x00000000e2d00000| Untracked 
|  46|0x00000000e2e00000, 0x00000000e2e00000, 0x00000000e2f00000|  0%| F|  |TAMS 0x00000000e2e00000, 0x00000000e2e00000| Untracked 
|  47|0x00000000e2f00000, 0x00000000e2f00000, 0x00000000e3000000|  0%| F|  |TAMS 0x00000000e2f00000, 0x00000000e2f00000| Untracked 
|  48|0x00000000e3000000, 0x00000000e3000000, 0x00000000e3100000|  0%| F|  |TAMS 0x00000000e3000000, 0x00000000e3000000| Untracked 
|  49|0x00000000e3100000, 0x00000000e3100000, 0x00000000e3200000|  0%| F|  |TAMS 0x00000000e3100000, 0x00000000e3100000| Untracked 
|  50|0x00000000e3200000, 0x00000000e32c68c0, 0x00000000e3300000| 77%| E|  |TAMS 0x00000000e3200000, 0x00000000e3200000| Complete 
|  51|0x00000000e3300000, 0x00000000e3400000, 0x00000000e3400000|100%| E|CS|TAMS 0x00000000e3300000, 0x00000000e3300000| Complete 
|  52|0x00000000e3400000, 0x00000000e3500000, 0x00000000e3500000|100%| E|CS|TAMS 0x00000000e3400000, 0x00000000e3400000| Complete 
|  53|0x00000000e3500000, 0x00000000e3600000, 0x00000000e3600000|100%| E|CS|TAMS 0x00000000e3500000, 0x00000000e3500000| Complete 
|  54|0x00000000e3600000, 0x00000000e3700000, 0x00000000e3700000|100%| E|CS|TAMS 0x00000000e3600000, 0x00000000e3600000| Complete 
|  55|0x00000000e3700000, 0x00000000e3800000, 0x00000000e3800000|100%| E|CS|TAMS 0x00000000e3700000, 0x00000000e3700000| Complete 
|  56|0x00000000e3800000, 0x00000000e3900000, 0x00000000e3900000|100%| E|CS|TAMS 0x00000000e3800000, 0x00000000e3800000| Complete 
|  57|0x00000000e3900000, 0x00000000e3a00000, 0x00000000e3a00000|100%| E|CS|TAMS 0x00000000e3900000, 0x00000000e3900000| Complete 
|  58|0x00000000e3a00000, 0x00000000e3b00000, 0x00000000e3b00000|100%| E|CS|TAMS 0x00000000e3a00000, 0x00000000e3a00000| Complete 
|  59|0x00000000e3b00000, 0x00000000e3c00000, 0x00000000e3c00000|100%| E|CS|TAMS 0x00000000e3b00000, 0x00000000e3b00000| Complete 

Card table byte_map: [0x0000021b7a740000,0x0000021b7a840000] _byte_map_base: 0x0000021b7a040000

Marking Bits (Prev, Next): (CMBitMap*) 0x0000021b717f1168, (CMBitMap*) 0x0000021b717f11a0
 Prev Bits: [0x0000021b7a940000, 0x0000021b7b140000)
 Next Bits: [0x0000021b7b140000, 0x0000021b7b940000)

Polling page: 0x0000021b6fd10000

Metaspace:

Usage:
  Non-class:     17.35 MB capacity,    16.96 MB ( 98%) used,   327.56 KB (  2%) free+waste,    63.69 KB ( <1%) overhead. 
      Class:      2.38 MB capacity,     2.11 MB ( 89%) used,   237.46 KB ( 10%) free+waste,    32.12 KB (  1%) overhead. 
       Both:     19.72 MB capacity,    19.08 MB ( 97%) used,   565.02 KB (  3%) free+waste,    95.81 KB ( <1%) overhead. 

Virtual space:
  Non-class space:       18.00 MB reserved,      17.50 MB ( 97%) committed 
      Class space:        1.00 GB reserved,       2.38 MB ( <1%) committed 
             Both:        1.02 GB reserved,      19.88 MB (  2%) committed 

Chunk freelists:
   Non-Class:  30.00 KB
       Class:  0 bytes
        Both:  30.00 KB

MaxMetaspaceSize: 17179869184.00 GB
CompressedClassSpaceSize: 1.00 GB
Initial GC threshold: 20.80 MB
Current GC threshold: 20.80 MB
CDS: off

CodeHeap 'non-profiled nmethods': size=120064Kb used=645Kb max_used=645Kb free=119418Kb
 bounds [0x0000021b07ac0000, 0x0000021b07d30000, 0x0000021b0f000000]
CodeHeap 'profiled nmethods': size=120000Kb used=3710Kb max_used=3710Kb free=116289Kb
 bounds [0x0000021b00590000, 0x0000021b00930000, 0x0000021b07ac0000]
CodeHeap 'non-nmethods': size=5696Kb used=1166Kb max_used=1179Kb free=4529Kb
 bounds [0x0000021b00000000, 0x0000021b00270000, 0x0000021b00590000]
 total_blobs=2212 nmethods=1779 adapters=347
 compilation: enabled
              stopped_count=0, restarted_count=0
 full_count=0

Compilation events (20 events):
Event: 6.997 Thread 0x0000021b7e457800 1763       4       java.lang.ref.SoftReference::get (29 bytes)
Event: 6.997 Thread 0x0000021b7e471800 nmethod 1767 0x0000021b00925290 code [0x0000021b00925520, 0x0000021b009264e8]
Event: 6.998 Thread 0x0000021b7e471800 1768       3       java.util.Arrays$ArrayList::indexOf (62 bytes)
Event: 6.998 Thread 0x0000021b7e471800 nmethod 1768 0x0000021b00926990 code [0x0000021b00926b80, 0x0000021b00926fc8]
Event: 6.998 Thread 0x0000021b7e471800 1769       3       java.util.LinkedHashMap$LinkedKeyIterator::next (8 bytes)
Event: 6.998 Thread 0x0000021b7e457800 nmethod 1763 0x0000021b07b60a90 code [0x0000021b07b60c20, 0x0000021b07b60cf8]
Event: 6.998 Thread 0x0000021b7e471800 nmethod 1769 0x0000021b00927190 code [0x0000021b00927340, 0x0000021b00927488]
Event: 6.998 Thread 0x0000021b7e471800 1770   !   3       java.lang.Class::getEnumConstantsShared (71 bytes)
Event: 7.000 Thread 0x0000021b7e471800 nmethod 1770 0x0000021b00927590 code [0x0000021b00927820, 0x0000021b00928418]
Event: 7.000 Thread 0x0000021b7e471800 1771       3       java.lang.System$2::getEnumConstantsShared (8 bytes)
Event: 7.000 Thread 0x0000021b7e471800 nmethod 1771 0x0000021b00928910 code [0x0000021b00928ae0, 0x0000021b00928d08]
Event: 7.000 Thread 0x0000021b7e471800 1772       3       java.util.RegularEnumSet::add (9 bytes)
Event: 7.000 Thread 0x0000021b7e471800 nmethod 1772 0x0000021b00928e10 code [0x0000021b00928fe0, 0x0000021b00929208]
Event: 7.028 Thread 0x0000021b7e457800 1774  s!   4       jdk.internal.loader.URLClassPath::getLoader (194 bytes)
Event: 7.109 Thread 0x0000021b7e471800 1776   !   3       jdk.internal.loader.BuiltinClassLoader::defineOrCheckPackage (93 bytes)
Event: 7.110 Thread 0x0000021b7e471800 nmethod 1776 0x0000021b00929310 code [0x0000021b009295c0, 0x0000021b0092a118]
Event: 7.112 Thread 0x0000021b7e471800 1777       3       sun.net.util.URLUtil::urlNoFragString (114 bytes)
Event: 7.113 Thread 0x0000021b7e471800 nmethod 1777 0x0000021b0092a510 code [0x0000021b0092a880, 0x0000021b0092bab8]
Event: 7.114 Thread 0x0000021b7e471800 1778       3       java.security.CodeSource::matchCerts (254 bytes)
Event: 7.115 Thread 0x0000021b7e471800 nmethod 1778 0x0000021b0092c110 code [0x0000021b0092c360, 0x0000021b0092ce18]

GC Heap History (8 events):
Event: 1.387 GC heap before
{Heap before GC invocations=0 (full 0):
 garbage-first heap   total 61440K, used 6144K [0x00000000e0000000, 0x0000000100000000)
  region size 1024K, 7 young (7168K), 0 survivors (0K)
 Metaspace       used 9051K, capacity 9266K, committed 9472K, reserved 1058816K
  class space    used 883K, capacity 968K, committed 1024K, reserved 1048576K
}
Event: 1.397 GC heap after
{Heap after GC invocations=1 (full 0):
 garbage-first heap   total 61440K, used 2399K [0x00000000e0000000, 0x0000000100000000)
  region size 1024K, 1 young (1024K), 1 survivors (1024K)
 Metaspace       used 9051K, capacity 9266K, committed 9472K, reserved 1058816K
  class space    used 883K, capacity 968K, committed 1024K, reserved 1048576K
}
Event: 1.700 GC heap before
{Heap before GC invocations=1 (full 0):
 garbage-first heap   total 61440K, used 9567K [0x00000000e0000000, 0x0000000100000000)
  region size 1024K, 8 young (8192K), 1 survivors (1024K)
 Metaspace       used 9631K, capacity 9866K, committed 10112K, reserved 1058816K
  class space    used 951K, capacity 1043K, committed 1152K, reserved 1048576K
}
Event: 1.708 GC heap after
{Heap after GC invocations=2 (full 0):
 garbage-first heap   total 61440K, used 5860K [0x00000000e0000000, 0x0000000100000000)
  region size 1024K, 1 young (1024K), 1 survivors (1024K)
 Metaspace       used 9631K, capacity 9866K, committed 10112K, reserved 1058816K
  class space    used 951K, capacity 1043K, committed 1152K, reserved 1048576K
}
Event: 3.596 GC heap before
{Heap before GC invocations=2 (full 0):
 garbage-first heap   total 61440K, used 18148K [0x00000000e0000000, 0x0000000100000000)
  region size 1024K, 13 young (13312K), 1 survivors (1024K)
 Metaspace       used 13871K, capacity 14222K, committed 14464K, reserved 1062912K
  class space    used 1459K, capacity 1583K, committed 1664K, reserved 1048576K
}
Event: 3.604 GC heap after
{Heap after GC invocations=3 (full 0):
 garbage-first heap   total 61440K, used 7168K [0x00000000e0000000, 0x0000000100000000)
  region size 1024K, 2 young (2048K), 2 survivors (2048K)
 Metaspace       used 13871K, capacity 14222K, committed 14464K, reserved 1062912K
  class space    used 1459K, capacity 1583K, committed 1664K, reserved 1048576K
}
Event: 6.160 GC heap before
{Heap before GC invocations=3 (full 0):
 garbage-first heap   total 61440K, used 23552K [0x00000000e0000000, 0x0000000100000000)
  region size 1024K, 18 young (18432K), 2 survivors (2048K)
 Metaspace       used 17745K, capacity 18419K, committed 18688K, reserved 1064960K
  class space    used 1969K, capacity 2225K, committed 2304K, reserved 1048576K
}
Event: 6.172 GC heap after
{Heap after GC invocations=4 (full 0):
 garbage-first heap   total 61440K, used 8834K [0x00000000e0000000, 0x0000000100000000)
  region size 1024K, 3 young (3072K), 3 survivors (3072K)
 Metaspace       used 17745K, capacity 18419K, committed 18688K, reserved 1064960K
  class space    used 1969K, capacity 2225K, committed 2304K, reserved 1048576K
}

Deoptimization events (20 events):
Event: 4.422 Thread 0x0000021b717c0800 Uncommon trap: trap_request=0xffffff4d fr.pc=0x0000021b07ae9390 relative=0x0000000000000170
Event: 4.422 Thread 0x0000021b717c0800 Uncommon trap: reason=unstable_if action=reinterpret pc=0x0000021b07ae9390 method=java.lang.String.isLatin1()Z @ 10 c2
Event: 4.422 Thread 0x0000021b717c0800 DEOPT PACKING pc=0x0000021b07ae9390 sp=0x000000ea002fbc70
Event: 4.422 Thread 0x0000021b717c0800 DEOPT UNPACKING pc=0x0000021b0004a1a9 sp=0x000000ea002fbb98 mode 2
Event: 4.604 Thread 0x0000021b717c0800 Uncommon trap: trap_request=0xffffff4d fr.pc=0x0000021b07b345cc relative=0x000000000000008c
Event: 4.604 Thread 0x0000021b717c0800 Uncommon trap: reason=unstable_if action=reinterpret pc=0x0000021b07b345cc method=sun.net.www.ParseUtil.firstEncodeIndex(Ljava/lang/String;)I @ 51 c2
Event: 4.604 Thread 0x0000021b717c0800 DEOPT PACKING pc=0x0000021b07b345cc sp=0x000000ea002f9c00
Event: 4.604 Thread 0x0000021b717c0800 DEOPT UNPACKING pc=0x0000021b0004a1a9 sp=0x000000ea002f9b88 mode 2
Event: 4.960 Thread 0x0000021b717c0800 Uncommon trap: trap_request=0xffffffc6 fr.pc=0x0000021b07b33808 relative=0x0000000000000d68
Event: 4.960 Thread 0x0000021b717c0800 Uncommon trap: reason=bimorphic_or_optimized_type_check action=maybe_recompile pc=0x0000021b07b33808 method=java.util.HashMap.putVal(ILjava/lang/Object;Ljava/lang/Object;ZZ)Ljava/lang/Object; @ 203 c2
Event: 4.960 Thread 0x0000021b717c0800 DEOPT PACKING pc=0x0000021b07b33808 sp=0x000000ea002f6c50
Event: 4.960 Thread 0x0000021b717c0800 DEOPT UNPACKING pc=0x0000021b0004a1a9 sp=0x000000ea002f6bf0 mode 2
Event: 4.960 Thread 0x0000021b717c0800 Uncommon trap: trap_request=0xffffffc6 fr.pc=0x0000021b07b33808 relative=0x0000000000000d68
Event: 4.960 Thread 0x0000021b717c0800 Uncommon trap: reason=bimorphic_or_optimized_type_check action=maybe_recompile pc=0x0000021b07b33808 method=java.util.HashMap.putVal(ILjava/lang/Object;Ljava/lang/Object;ZZ)Ljava/lang/Object; @ 203 c2
Event: 4.960 Thread 0x0000021b717c0800 DEOPT PACKING pc=0x0000021b07b33808 sp=0x000000ea002f6c50
Event: 4.960 Thread 0x0000021b717c0800 DEOPT UNPACKING pc=0x0000021b0004a1a9 sp=0x000000ea002f6bf0 mode 2
Event: 6.121 Thread 0x0000021b717c0800 DEOPT PACKING pc=0x0000021b0088e4b8 sp=0x000000ea002fb560
Event: 6.121 Thread 0x0000021b717c0800 DEOPT UNPACKING pc=0x0000021b0004a93f sp=0x000000ea002fa9e0 mode 0
Event: 6.827 Thread 0x0000021b717c0800 DEOPT PACKING pc=0x0000021b00676f64 sp=0x000000ea002f8490
Event: 6.827 Thread 0x0000021b717c0800 DEOPT UNPACKING pc=0x0000021b0004a93f sp=0x000000ea002f7958 mode 0

Classes redefined (0 events):
No events

Internal exceptions (20 events):
Event: 3.693 Thread 0x0000021b717c0800 Exception <a 'java/lang/NoSuchMethodError'{0x00000000e3bdbc18}: 'void java.lang.invoke.DirectMethodHandle$Holder.invokeStaticInit(java.lang.Object, java.lang.Object, java.lang.Object)'> (0x00000000e3bdbc18) thrown at [s\src\hotspot\share\interpreter\linkResolver.cpp, line 773]
Event: 3.849 Thread 0x0000021b717c0800 Exception <a 'java/lang/NoSuchMethodError'{0x00000000e39afda0}: 'java.lang.Object java.lang.invoke.DirectMethodHandle$Holder.invokeSpecialIFC(java.lang.Object, java.lang.Object, java.lang.Object, java.lang.Object)'> (0x00000000e39afda0) thrown at [s\src\hotspot\share\interpreter\linkResolver.cpp, line 773]
Event: 3.876 Thread 0x0000021b717c0800 Exception <a 'java/lang/NoSuchMethodError'{0x00000000e39d0f18}: 'java.lang.Object java.lang.invoke.DirectMethodHandle$Holder.invokeInterface(java.lang.Object, java.lang.Object, java.lang.Object)'> (0x00000000e39d0f18) thrown at [s\src\hotspot\share\interpreter\linkResolver.cpp, line 773]
Event: 3.924 Thread 0x0000021b717c0800 Exception <a 'java/lang/NoSuchMethodError'{0x00000000e38843f8}: 'java.lang.Object java.lang.invoke.Invokers$Holder.linkToTargetMethod(java.lang.Object, java.lang.Object, java.lang.Object, java.lang.Object, java.lang.Object, java.lang.Object)'> (0x00000000e38843f8) thrown at [s\src\hotspot\share\interpreter\linkResolver.cpp, line 773]
Event: 3.949 Thread 0x0000021b717c0800 Exception <a 'java/lang/IncompatibleClassChangeError'{0x00000000e38cd1c8}: Found class java.lang.Object, but interface was expected> (0x00000000e38cd1c8) thrown at [s\src\hotspot\share\interpreter\linkResolver.cpp, line 839]
Event: 4.002 Thread 0x0000021b717c0800 Exception <a 'java/lang/IncompatibleClassChangeError'{0x00000000e3707508}: Found class java.lang.Object, but interface was expected> (0x00000000e3707508) thrown at [s\src\hotspot\share\interpreter\linkResolver.cpp, line 839]
Event: 4.039 Thread 0x0000021b717c0800 Exception <a 'java/lang/NoSuchMethodError'{0x00000000e3783d38}: 'void java.lang.invoke.DirectMethodHandle$Holder.invokeSpecial(java.lang.Object, java.lang.Object, java.lang.Object, java.lang.Object, java.lang.Object)'> (0x00000000e3783d38) thrown at [s\src\hotspot\share\interpreter\linkResolver.cpp, line 773]
Event: 4.102 Thread 0x0000021b717c0800 Exception <a 'java/lang/NoSuchMethodError'{0x00000000e365a290}: 'void java.lang.invoke.DirectMethodHandle$Holder.invokeInterface(java.lang.Object, java.lang.Object, java.lang.Object, java.lang.Object)'> (0x00000000e365a290) thrown at [s\src\hotspot\share\interpreter\linkResolver.cpp, line 773]
Event: 4.102 Thread 0x0000021b717c0800 Exception <a 'java/lang/IncompatibleClassChangeError'{0x00000000e365d2f8}: Found class java.lang.Object, but interface was expected> (0x00000000e365d2f8) thrown at [s\src\hotspot\share\interpreter\linkResolver.cpp, line 839]
Event: 4.110 Thread 0x0000021b717c0800 Exception <a 'java/lang/NoSuchMethodError'{0x00000000e3682870}: 'void java.lang.invoke.DirectMethodHandle$Holder.invokeStatic(java.lang.Object, java.lang.Object, java.lang.Object, java.lang.Object)'> (0x00000000e3682870) thrown at [s\src\hotspot\share\interpreter\linkResolver.cpp, line 773]
Event: 4.136 Thread 0x0000021b717c0800 Exception <a 'java/lang/NoSuchMethodError'{0x00000000e352bcd8}: 'int java.lang.invoke.DirectMethodHandle$Holder.invokeStatic(java.lang.Object, java.lang.Object, java.lang.Object, java.lang.Object, java.lang.Object)'> (0x00000000e352bcd8) thrown at [s\src\hotspot\share\interpreter\linkResolver.cpp, line 773]
Event: 4.164 Thread 0x0000021b717c0800 Exception <a 'java/lang/NoSuchMethodError'{0x00000000e3587678}: 'void java.lang.invoke.DirectMethodHandle$Holder.invokeStaticInit(java.lang.Object)'> (0x00000000e3587678) thrown at [s\src\hotspot\share\interpreter\linkResolver.cpp, line 773]
Event: 4.179 Thread 0x0000021b717c0800 Exception <a 'java/lang/NoSuchMethodError'{0x00000000e35c7d60}: 'void java.lang.invoke.DirectMethodHandle$Holder.invokeSpecial(java.lang.Object, java.lang.Object)'> (0x00000000e35c7d60) thrown at [s\src\hotspot\share\interpreter\linkResolver.cpp, line 773]
Event: 4.223 Thread 0x0000021b717c0800 Exception <a 'java/lang/NoSuchMethodError'{0x00000000e348ad08}: 'java.lang.Object java.lang.invoke.Invokers$Holder.linkToTargetMethod(java.lang.Object, int, java.lang.Object)'> (0x00000000e348ad08) thrown at [s\src\hotspot\share\interpreter\linkResolver.cpp, line 773]
Event: 4.247 Thread 0x0000021b717c0800 Exception <a 'java/lang/NoSuchMethodError'{0x00000000e34de3b8}: 'int java.lang.invoke.DirectMethodHandle$Holder.invokeStaticInit(java.lang.Object, java.lang.Object)'> (0x00000000e34de3b8) thrown at [s\src\hotspot\share\interpreter\linkResolver.cpp, line 773]
Event: 4.346 Thread 0x0000021b717c0800 Exception <a 'java/lang/IncompatibleClassChangeError'{0x00000000e3239368}: Found class java.lang.Object, but interface was expected> (0x00000000e3239368) thrown at [s\src\hotspot\share\interpreter\linkResolver.cpp, line 839]
Event: 6.783 Thread 0x0000021b717c0800 Exception <a 'sun/nio/fs/WindowsException'{0x00000000e3716bb0}> (0x00000000e3716bb0) thrown at [s\src\hotspot\share\prims\jni.cpp, line 617]
Event: 6.848 Thread 0x0000021b717c0800 Exception <a 'java/lang/NoSuchMethodError'{0x00000000e373bf90}: 'int java.lang.invoke.DirectMethodHandle$Holder.invokeStaticInit(java.lang.Object, java.lang.Object, java.lang.Object, java.lang.Object)'> (0x00000000e373bf90) thrown at [s\src\hotspot\share\interpreter\linkResolver.cpp, line 773]
Event: 6.849 Thread 0x0000021b717c0800 Exception <a 'java/lang/IncompatibleClassChangeError'{0x00000000e3744fa0}: Found class java.lang.Object, but interface was expected> (0x00000000e3744fa0) thrown at [s\src\hotspot\share\interpreter\linkResolver.cpp, line 839]
Event: 6.850 Thread 0x0000021b717c0800 Exception <a 'java/lang/NoSuchMethodError'{0x00000000e3748728}: 'void java.lang.invoke.DirectMethodHandle$Holder.invokeStaticInit(java.lang.Object, java.lang.Object)'> (0x00000000e3748728) thrown at [s\src\hotspot\share\interpreter\linkResolver.cpp, line 773]

Events (20 events):
Event: 7.098 loading class org/apache/hc/core5/util/DeadlineTimeoutException
Event: 7.098 loading class org/apache/hc/core5/util/DeadlineTimeoutException done
Event: 7.099 loading class java/util/concurrent/TimeoutException
Event: 7.099 loading class java/util/concurrent/TimeoutException done
Event: 7.100 loading class org/apache/hc/core5/concurrent/BasicFuture
Event: 7.100 loading class org/apache/hc/core5/concurrent/BasicFuture done
Event: 7.101 loading class org/apache/hc/core5/pool/StrictConnPool$1
Event: 7.101 loading class org/apache/hc/core5/pool/StrictConnPool$1 done
Event: 7.102 loading class org/apache/hc/client5/http/impl/io/ManagedHttpClientConnectionFactory
Event: 7.102 loading class org/apache/hc/client5/http/impl/io/ManagedHttpClientConnectionFactory done
Event: 7.104 loading class org/apache/hc/core5/http/HttpConnection
Event: 7.104 loading class org/apache/hc/core5/http/HttpConnection done
Event: 7.104 loading class org/apache/hc/core5/http/SocketModalCloseable
Event: 7.104 loading class org/apache/hc/core5/http/SocketModalCloseable done
Event: 7.109 loading class org/apache/hc/client5/http/io/ManagedHttpClientConnection
Event: 7.109 loading class org/apache/hc/client5/http/io/ManagedHttpClientConnection done
Event: 7.111 loading class org/apache/hc/core5/http/io/HttpClientConnection
Event: 7.111 loading class org/apache/hc/core5/http/io/HttpClientConnection done
Event: 7.115 loading class org/apache/hc/core5/http/io/BHttpConnection
Event: 7.115 loading class org/apache/hc/core5/http/io/BHttpConnection done


Dynamic libraries:
0x00007ff600a60000 - 0x00007ff600a6e000 	C:\Program Files\Eclipse Adoptium\jdk-11.0.19.7-hotspot\bin\java.exe
0x00007ffdda610000 - 0x00007ffdda807000 	C:\WINDOWS\SYSTEM32\ntdll.dll
0x00007ffdd8680000 - 0x00007ffdd873d000 	C:\WINDOWS\System32\KERNEL32.DLL
0x00007ffdd8020000 - 0x00007ffdd8316000 	C:\WINDOWS\System32\KERNELBASE.dll
0x00007ffdd5490000 - 0x00007ffdd5520000 	C:\WINDOWS\SYSTEM32\apphelp.dll
0x00007ffdb3640000 - 0x00007ffdb3ad6000 	C:\WINDOWS\SYSTEM32\AcLayers.DLL
0x00007ffdd9650000 - 0x00007ffdd96ee000 	C:\WINDOWS\System32\msvcrt.dll
0x00007ffdd8ff0000 - 0x00007ffdd918e000 	C:\WINDOWS\System32\USER32.dll
0x00007ffdd7db0000 - 0x00007ffdd7dd2000 	C:\WINDOWS\System32\win32u.dll
0x00007ffdd9aa0000 - 0x00007ffdd9acc000 	C:\WINDOWS\System32\GDI32.dll
0x00007ffdd8480000 - 0x00007ffdd859a000 	C:\WINDOWS\System32\gdi32full.dll
0x00007ffdd85d0000 - 0x00007ffdd866d000 	C:\WINDOWS\System32\msvcp_win.dll
0x00007ffdd7f20000 - 0x00007ffdd8020000 	C:\WINDOWS\System32\ucrtbase.dll
0x00007ffdd9ad0000 - 0x00007ffdda214000 	C:\WINDOWS\System32\SHELL32.dll
0x00007ffdd8f90000 - 0x00007ffdd8fe5000 	C:\WINDOWS\System32\SHLWAPI.dll
0x00007ffdda4c0000 - 0x00007ffdda56e000 	C:\WINDOWS\System32\ADVAPI32.dll
0x00007ffdd98e0000 - 0x00007ffdd997c000 	C:\WINDOWS\System32\sechost.dll
0x00007ffdda220000 - 0x00007ffdda346000 	C:\WINDOWS\System32\RPCRT4.dll
0x0000021b6faf0000 - 0x0000021b6faf3000 	C:\WINDOWS\SYSTEM32\sfc.dll
0x00007ffdc4770000 - 0x00007ffdc480d000 	C:\WINDOWS\SYSTEM32\WINSPOOL.DRV
0x00007ffdd8740000 - 0x00007ffdd8a94000 	C:\WINDOWS\System32\combase.dll
0x00007ffdd9330000 - 0x00007ffdd93dd000 	C:\WINDOWS\System32\shcore.dll
0x00007ffdc37a0000 - 0x00007ffdc37b2000 	C:\WINDOWS\SYSTEM32\sfc_os.DLL
0x00007ffdd36c0000 - 0x00007ffdd36d1000 	C:\WINDOWS\SYSTEM32\SortWindows61.dll
0x00007ffdd97c0000 - 0x00007ffdd97f0000 	C:\WINDOWS\System32\IMM32.DLL
0x00007ffdd74c0000 - 0x00007ffdd74f0000 	C:\WINDOWS\system32\DriverStore\FileRepository\nvacwu.inf_amd64_bdd6ea477d4e2fba\nvinitx.dll
0x00007ffdd74b0000 - 0x00007ffdd74ba000 	C:\WINDOWS\SYSTEM32\VERSION.dll
0x00007ffdd5d50000 - 0x00007ffdd64eb000 	C:\WINDOWS\SYSTEM32\windows.storage.dll
0x00007ffdd7730000 - 0x00007ffdd775d000 	C:\WINDOWS\SYSTEM32\Wldp.dll
0x000000006a050000 - 0x000000006a056000 	C:\Program Files\NVIDIA Corporation\CoProcManager\_etoured.dll
0x00007ffdd3490000 - 0x00007ffdd34cb000 	C:\Program Files\NVIDIA Corporation\CoProcManager\nvd3d9wrapx.dll
0x00007ffdd8aa0000 - 0x00007ffdd8f0e000 	C:\WINDOWS\System32\SETUPAPI.dll
0x00007ffdd7d60000 - 0x00007ffdd7dae000 	C:\WINDOWS\System32\cfgmgr32.dll
0x00007ffdd85a0000 - 0x00007ffdd85c7000 	C:\WINDOWS\System32\bcrypt.dll
0x00007ffdd33e0000 - 0x00007ffdd3404000 	C:\Program Files\NVIDIA Corporation\CoProcManager\nvdxgiwrapx.dll
0x00007ffdd18a0000 - 0x00007ffdd18b8000 	C:\Program Files\Eclipse Adoptium\jdk-11.0.19.7-hotspot\bin\jli.dll
0x00007ffdd0ac0000 - 0x00007ffdd0ad9000 	C:\Program Files\Eclipse Adoptium\jdk-11.0.19.7-hotspot\bin\VCRUNTIME140.dll
0x00007ffdc9e40000 - 0x00007ffdca0da000 	C:\WINDOWS\WinSxS\amd64_microsoft.windows.common-controls_6595b64144ccf1df_6.0.19041.3570_none_60bb2a3971f3e41a\COMCTL32.dll
0x00007ffdd3770000 - 0x00007ffdd377c000 	C:\Program Files\Eclipse Adoptium\jdk-11.0.19.7-hotspot\bin\vcruntime140_1.dll
0x00007ffdb8e00000 - 0x00007ffdb8e91000 	C:\Program Files\Eclipse Adoptium\jdk-11.0.19.7-hotspot\bin\msvcp140.dll
0x00007ffdaad80000 - 0x00007ffdab93c000 	C:\Program Files\Eclipse Adoptium\jdk-11.0.19.7-hotspot\bin\server\jvm.dll
0x00007ffdd92c0000 - 0x00007ffdd92c8000 	C:\WINDOWS\System32\PSAPI.DLL
0x00007ffdd36e0000 - 0x00007ffdd36e9000 	C:\WINDOWS\SYSTEM32\WSOCK32.dll
0x00007ffdda450000 - 0x00007ffdda4bb000 	C:\WINDOWS\System32\WS2_32.dll
0x00007ffdc70b0000 - 0x00007ffdc70d7000 	C:\WINDOWS\SYSTEM32\WINMM.dll
0x00007ffdd5b50000 - 0x00007ffdd5b62000 	C:\WINDOWS\SYSTEM32\kernel.appcore.dll
0x00007ffdd1cc0000 - 0x00007ffdd1cd0000 	C:\Program Files\Eclipse Adoptium\jdk-11.0.19.7-hotspot\bin\verify.dll
0x00007ffdc6760000 - 0x00007ffdc6944000 	C:\WINDOWS\SYSTEM32\DBGHELP.DLL
0x00007ffdc66f0000 - 0x00007ffdc6724000 	C:\WINDOWS\SYSTEM32\dbgcore.DLL
0x0000021b6fc80000 - 0x0000021b6fd02000 	C:\WINDOWS\System32\bcryptPrimitives.dll
0x00007ffdd0fa0000 - 0x00007ffdd0fc8000 	C:\Program Files\Eclipse Adoptium\jdk-11.0.19.7-hotspot\bin\java.dll
0x00007ffdd1bb0000 - 0x00007ffdd1bba000 	C:\Program Files\Eclipse Adoptium\jdk-11.0.19.7-hotspot\bin\jimage.dll
0x00007ffdd19f0000 - 0x00007ffdd1a08000 	C:\Program Files\Eclipse Adoptium\jdk-11.0.19.7-hotspot\bin\zip.dll
0x00007ffdd7c20000 - 0x00007ffdd7c45000 	C:\WINDOWS\SYSTEM32\profapi.dll
0x00007ffdd0140000 - 0x00007ffdd0159000 	C:\Program Files\Eclipse Adoptium\jdk-11.0.19.7-hotspot\bin\net.dll
0x00007ffdcd9b0000 - 0x00007ffdcdaba000 	C:\WINDOWS\SYSTEM32\WINHTTP.dll
0x00007ffdd73e0000 - 0x00007ffdd744a000 	C:\WINDOWS\system32\mswsock.dll
0x00007ffdcf360000 - 0x00007ffdcf373000 	C:\Program Files\Eclipse Adoptium\jdk-11.0.19.7-hotspot\bin\nio.dll
0x00007ffdd7610000 - 0x00007ffdd7628000 	C:\WINDOWS\SYSTEM32\CRYPTSP.dll
0x00007ffdd6c90000 - 0x00007ffdd6cc4000 	C:\WINDOWS\system32\rsaenh.dll
0x00007ffdd7ba0000 - 0x00007ffdd7bce000 	C:\WINDOWS\SYSTEM32\USERENV.dll
0x00007ffdd7630000 - 0x00007ffdd763c000 	C:\WINDOWS\SYSTEM32\CRYPTBASE.dll
0x00007ffdd70d0000 - 0x00007ffdd710b000 	C:\WINDOWS\SYSTEM32\IPHLPAPI.DLL
0x00007ffdd8670000 - 0x00007ffdd8678000 	C:\WINDOWS\System32\NSI.dll
0x00007ffdce4d0000 - 0x00007ffdce4e7000 	C:\WINDOWS\SYSTEM32\dhcpcsvc6.DLL
0x00007ffdcf380000 - 0x00007ffdcf39d000 	C:\WINDOWS\SYSTEM32\dhcpcsvc.DLL
0x00007ffdd7110000 - 0x00007ffdd71da000 	C:\WINDOWS\SYSTEM32\DNSAPI.dll
0x00007ffdd3720000 - 0x00007ffdd372e000 	C:\Program Files\Eclipse Adoptium\jdk-11.0.19.7-hotspot\bin\sunmscapi.dll
0x00007ffdd8320000 - 0x00007ffdd847d000 	C:\WINDOWS\System32\CRYPT32.dll
0x00007ffdd77a0000 - 0x00007ffdd77c7000 	C:\WINDOWS\SYSTEM32\ncrypt.dll
0x00007ffdd7760000 - 0x00007ffdd779b000 	C:\WINDOWS\SYSTEM32\NTASN1.dll
0x00007ffdd1e50000 - 0x00007ffdd1e77000 	C:\Program Files\Eclipse Adoptium\jdk-11.0.19.7-hotspot\bin\sunec.dll

dbghelp: loaded successfully - version: 4.0.5 - missing functions: none
symbol engine: initialized successfully - sym options: 0x614 - pdb path: .;C:\Program Files\Eclipse Adoptium\jdk-11.0.19.7-hotspot\bin;C:\WINDOWS\SYSTEM32;C:\WINDOWS\system32\DriverStore\FileRepository\nvacwu.inf_amd64_bdd6ea477d4e2fba;C:\Program Files\NVIDIA Corporation\CoProcManager;C:\WINDOWS\WinSxS\amd64_microsoft.windows.common-controls_6595b64144ccf1df_6.0.19041.3570_none_60bb2a3971f3e41a;C:\Program Files\Eclipse Adoptium\jdk-11.0.19.7-hotspot\bin\server

VM Arguments:
jvm_args: -Dorg.gradle.internal.worker.tmpdir=C:\Users\1\IdeaProjects\Idea03\Idea03\build\tmp\test\work -Dorg.gradle.native=false -Xmx512m -Dfile.encoding=windows-1251 -Duser.country=RU -Duser.language=ru -Duser.variant -ea 
java_command: worker.org.gradle.process.internal.worker.GradleWorkerMain 'Gradle Test Executor 5'
java_class_path (initial): C:\\Users\\1\\.gradle\\caches\\7.6\\workerMain\\gradle-worker.jar;C:\\Users\\1\\IdeaProjects\\Idea03\\Idea03\\build\\classes\\java\\test;C:\\Users\\1\\IdeaProjects\\Idea03\\Idea03\\build\\classes\\java\\main;C:\\Users\\1\\.gradle\\caches\\modules-2\\files-2.1\\org.junit.jupiter\\junit-jupiter-params\\5.9.0\\d6b6ccd3585351f617b06f066675271afebe9b28\\junit-jupiter-params-5.9.0.jar;C:\\Users\\1\\.gradle\\caches\\modules-2\\files-2.1\\org.junit.jupiter\\junit-jupiter-engine\\5.9.0\\cc1cb5efae97493dcffb687253a0964ad2e7b99\\junit-jupiter-engine-5.9.0.jar;C:\\Users\\1\\.gradle\\caches\\modules-2\\files-2.1\\org.junit.jupiter\\junit-jupiter-api\\5.9.0\\a44f7eba3ea214f6ec87ad9fccd3b2ac4681a4\\junit-jupiter-api-5.9.0.jar;C:\\Users\\1\\.gradle\\caches\\modules-2\\files-2.1\\org.junit.platform\\junit-platform-engine\\1.9.0\\bd46891f01817b5ffdd368cb0482a34746610acb\\junit-platform-engine-1.9.0.jar;C:\\Users\\1\\.gradle\\caches\\modules-2\\files-2.1\\org.junit.platform\\junit-platform-commons\\1.9.0\\b727889107fc28c7460b21d1083212f8ce7602c6\\junit-platform-commons-1.9.0.jar;C:\\Users\\1\\.gradle\\caches\\modules-2\\files-2.1\\org.junit.jupiter\\junit-jupiter\\5.9.0\\db1cd1cd9e3138cf9e5ecb12a2ccc9cfbdf6a1d\\junit-jupiter-5.9.0.jar;C:\\Users\\1\\.gradle\\caches\\modules-2\\files-2.1\\org.seleniumhq.selenium\\selenium-java\\4.11.0\\18cef0adbc08d152da07b234a04f6e8240ce215f\\selenium-java-4.11.0.jar;C:\\Users\\1\\.gradle\\caches\\modules-2\\files-2.1\\io.github.bonigarcia\\webdrivermanager\\5.4.1\\442d8a6a6e5ad6aad7e1ac281be5845ad13b6ff0\\webdrivermanager-5.4.1.jar;C:\\Users\\1\\.gradle\\caches\\modules-2\\files-2.1\\org.seleniumhq.selenium\\selenium-chrome-driver\\4.11.0\\4c44dd3f0402a8b988966a153714af1c69e26d13\\selenium-chrome-driver-4.11.0.jar;C:\\Users\\1\\.gradle\\caches\\modules-2\\files-2.1\\org.seleniumhq.selenium\\selenium-devtools-v113\\4.11.0\\a0dc1c6e06f210ffa8b189dd607966f105303aff\\selenium-devtools-v113-4.11.0.jar;C:\\Users\\1\\.gradle\\cac
Launcher Type: SUN_STANDARD

[Global flags]
     intx CICompilerCount                          = 2                                         {product} {ergonomic}
     uint ConcGCThreads                            = 1                                         {product} {ergonomic}
     uint G1ConcRefinementThreads                  = 2                                         {product} {ergonomic}
   size_t G1HeapRegionSize                         = 1048576                                   {product} {ergonomic}
    uintx GCDrainStackTargetSize                   = 64                                        {product} {ergonomic}
   size_t InitialHeapSize                          = 62914560                                  {product} {ergonomic}
   size_t MarkStackSize                            = 4194304                                   {product} {ergonomic}
   size_t MaxHeapSize                              = 536870912                                 {product} {command line}
   size_t MaxNewSize                               = 321912832                                 {product} {ergonomic}
   size_t MinHeapDeltaBytes                        = 1048576                                   {product} {ergonomic}
    uintx NonNMethodCodeHeapSize                   = 5825164                                {pd product} {ergonomic}
    uintx NonProfiledCodeHeapSize                  = 122916538                              {pd product} {ergonomic}
    uintx ProfiledCodeHeapSize                     = 122916538                              {pd product} {ergonomic}
    uintx ReservedCodeCacheSize                    = 251658240                              {pd product} {ergonomic}
     bool SegmentedCodeCache                       = true                                      {product} {ergonomic}
     bool UseCompressedClassPointers               = true                                 {lp64_product} {ergonomic}
     bool UseCompressedOops                        = true                                 {lp64_product} {ergonomic}
     bool UseG1GC                                  = true                                      {product} {ergonomic}
     bool UseLargePagesIndividualAllocation        = false                                  {pd product} {ergonomic}

Logging:
Log output configuration:
 #0: stdout all=warning uptime,level,tags
 #1: stderr all=off uptime,level,tags

Environment Variables:
PATH=C:\Program Files\Eclipse Adoptium\jdk-11.0.19.7-hotspot\bin;C:\WINDOWS\system32;C:\WINDOWS;C:\WINDOWS\System32\Wbem;C:\WINDOWS\System32\WindowsPowerShell\v1.0\;C:\WINDOWS\System32\OpenSSH\;C:\Program Files\Git\cmd;C:\Users\1\AppData\Local\Microsoft\WindowsApps;;C:\Users\1\AppData\Local\Programs\Microsoft VS Code\bin
USERNAME=1
OS=Windows_NT
PROCESSOR_IDENTIFIER=Intel64 Family 6 Model 37 Stepping 5, GenuineIntel
TMP=C:\Users\1\AppData\Local\Temp
TEMP=C:\Users\1\AppData\Local\Temp



---------------  S Y S T E M  ---------------

OS: Windows 10 , 64 bit Build 19041 (10.0.19041.3570)
OS uptime: 0 days 2:31 hours

CPU:total 2 (initial active 2) (2 cores per cpu, 1 threads per core) family 6 model 37 stepping 5 microcode 0x7, cmov, cx8, fxsr, mmx, sse, sse2, sse3, ssse3, popcnt, tsc, tscinvbit

Memory: 4k page, system-wide physical 3766M (254M free)
TotalPageFile size 5814M (AvailPageFile size 8M)
current process WorkingSet (physical memory assigned to process): 115M, peak: 115M
current process commit charge ("private bytes"): 173M, peak: 173M

vm_info: OpenJDK 64-Bit Server VM (11.0.19+7) for windows-amd64 JRE (11.0.19+7), built on Apr 18 2023 23:12:18 by "" with MS VC++ 16.7 (VS2019)

END.
