#
# A fatal error has been detected by the Java Runtime Environment:
#
#  EXCEPTION_ACCESS_VIOLATION (0xc0000005) at pc=0x00007fff9268ef36, pid=2572, tid=4188
#
# JRE version: OpenJDK Runtime Environment Temurin-11.0.19+7 (11.0.19+7) (build 11.0.19+7)
# Java VM: OpenJDK 64-Bit Server VM Temurin-11.0.19+7 (11.0.19+7, mixed mode, tiered, compressed oops, g1 gc, windows-amd64)
# Problematic frame:
# V  [jvm.dll+0x39ef36]
#
# No core dump will be written. Minidumps are not enabled by default on client versions of Windows
#
# If you would like to submit a bug report, please visit:
#   https://github.com/adoptium/adoptium-support/issues
#

---------------  S U M M A R Y ------------

Command Line: -Dorg.gradle.internal.worker.tmpdir=C:\Users\1\IdeaProjects\Idea03\Idea03\build\tmp\test\work -Dorg.gradle.native=false -Xmx512m -Dfile.encoding=windows-1251 -Duser.country=RU -Duser.language=ru -Duser.variant -ea worker.org.gradle.process.internal.worker.GradleWorkerMain 'Gradle Test Executor 5'

Host: Intel(R) Pentium(R) CPU        P6200  @ 2.13GHz, 2 cores, 3G,  Windows 10 , 64 bit Build 19041 (10.0.19041.3570)
Time: Mon Oct 30 21:16:55 2023 RTZ 2 (s 10 , 64 bit Build 19041 (10.0.19041.3570) elapsed time: 10.931882 seconds (0d 0h 0m 10s)

---------------  T H R E A D  ---------------

Current thread (0x00000226c10c9000):  JavaThread "AsyncHttpClient-1-1" daemon [_thread_in_vm, id=4188, stack(0x0000002864600000,0x0000002864700000)]

Stack: [0x0000002864600000,0x0000002864700000],  sp=0x00000028646fea00,  free space=1018k
Native frames: (J=compiled Java code, j=interpreted, Vv=VM code, C=native code)
V  [jvm.dll+0x39ef36]
V  [jvm.dll+0x64fa82]
V  [jvm.dll+0x39fc9a]
V  [jvm.dll+0x39fe68]
V  [jvm.dll+0x7799ed]
V  [jvm.dll+0x77abd2]
V  [jvm.dll+0x77adf3]
V  [jvm.dll+0x2643b4]
V  [jvm.dll+0x264632]
V  [jvm.dll+0x538638]
V  [jvm.dll+0x53b357]
V  [jvm.dll+0x39a8f2]
