#
# There is insufficient memory for the Java Runtime Environment to continue.
# Native memory allocation (malloc) failed to allocate 32744 bytes for ChunkPool::allocate
# Possible reasons:
#   The system is out of physical RAM or swap space
#   The process is running with CompressedOops enabled, and the Java Heap may be blocking the growth of the native heap
# Possible solutions:
#   Reduce memory load on the system
#   Increase physical memory or swap space
#   Check if swap backing store is full
#   Decrease Java heap size (-Xmx/-Xms)
#   Decrease number of Java threads
#   Decrease Java thread stack sizes (-Xss)
#   Set larger code cache with -XX:ReservedCodeCacheSize=
#   JVM is running with Unscaled Compressed Oops mode in which the Java heap is
#     placed in the first 4GB address space. The Java Heap base address is the
#     maximum limit for the native heap growth. Please use -XX:HeapBaseMinAddress
#     to set the Java Heap base and to place the Java Heap above 4GB virtual address.
# This output file may be truncated or incomplete.
#
#  Out of Memory Error (arena.cpp:81), pid=4496, tid=5384
#
# JRE version: OpenJDK Runtime Environment Temurin-11.0.19+7 (11.0.19+7) (build 11.0.19+7)
# Java VM: OpenJDK 64-Bit Server VM Temurin-11.0.19+7 (11.0.19+7, mixed mode, tiered, compressed oops, g1 gc, windows-amd64)
# No core dump will be written. Minidumps are not enabled by default on client versions of Windows
#

---------------  S U M M A R Y ------------

Command Line: --add-opens=java.base/java.util=ALL-UNNAMED --add-opens=java.base/java.lang=ALL-UNNAMED --add-opens=java.base/java.lang.invoke=ALL-UNNAMED --add-opens=java.prefs/java.util.prefs=ALL-UNNAMED --add-opens=java.base/java.nio.charset=ALL-UNNAMED --add-opens=java.base/java.net=ALL-UNNAMED --add-opens=java.base/java.util.concurrent.atomic=ALL-UNNAMED -XX:MaxMetaspaceSize=256m -XX:+HeapDumpOnOutOfMemoryError -Xms256m -Xmx512m -Dfile.encoding=windows-1251 -Duser.country=RU -Duser.language=ru -Duser.variant org.gradle.launcher.daemon.bootstrap.GradleDaemon 7.6

Host: Intel(R) Pentium(R) CPU        P6200  @ 2.13GHz, 2 cores, 3G,  Windows 10 , 64 bit Build 19041 (10.0.19041.3570)
Time: Mon Oct 30 23:01:03 2023 RTZ 2 (s 10 , 64 bit Build 19041 (10.0.19041.3570) elapsed time: 82.612985 seconds (0d 0h 1m 22s)

---------------  T H R E A D  ---------------

Current thread (0x0000023349685000):  JavaThread "C2 CompilerThread0" daemon [_thread_in_native, id=5384, stack(0x000000f942100000,0x000000f942200000)]


Current CompileTask:
C2:  82615 6498 %     4       groovy.lang.MetaClassImpl::inheritInterfaceNewMetaMethods @ 100 (195 bytes)

Stack: [0x000000f942100000,0x000000f942200000]
Native frames: (J=compiled Java code, j=interpreted, Vv=VM code, C=native code)
V  [jvm.dll+0x64fb5a]
V  [jvm.dll+0x7e3549]
V  [jvm.dll+0x7e4c49]
V  [jvm.dll+0x7e5333]
V  [jvm.dll+0x26afd5]
V  [jvm.dll+0xc1cbf]
V  [jvm.dll+0xc200c]
V  [jvm.dll+0x3805db]
V  [jvm.dll+0x53ee48]
V  [jvm.dll+0x53de30]
V  [jvm.dll+0x53e76a]
V  [jvm.dll+0x346314]
V  [jvm.dll+0x34567a]
V  [jvm.dll+0x222d7f]
V  [jvm.dll+0x221d88]
V  [jvm.dll+0x19e6c1]
V  [jvm.dll+0x231f59]
V  [jvm.dll+0x2300af]
V  [jvm.dll+0x7a48d0]
V  [jvm.dll+0x79d6e4]
V  [jvm.dll+0x64e915]
C  [ucrtbase.dll+0x21bb2]
C  [KERNEL32.DLL+0x17344]
C  [ntdll.dll+0x526b1]


---------------  P R O C E S S  ---------------

Threads class SMR info:
_java_thread_list=0x000002334d97e070, length=70, elements={
0x000002332da55800, 0x00000233495f9000, 0x0000023349603800, 0x0000023349677800,
0x000002334967a800, 0x000002334967f800, 0x0000023349685000, 0x000002334968d800,
0x00000233496ab000, 0x0000023349848000, 0x0000023349849800, 0x000002334984a800,
0x0000023349849000, 0x000002334984b800, 0x000002334984f000, 0x000002334984c000,
0x000002334984d000, 0x000002334984e000, 0x0000023349c77800, 0x0000023349c76800,
0x0000023349c78800, 0x0000023349c75000, 0x0000023349c76000, 0x0000023349c79000,
0x0000023349c73800, 0x0000023349c74000, 0x000002334d26a800, 0x000002334d269800,
0x000002334d264800, 0x000002334d26b800, 0x000002334d265800, 0x000002334d266000,
0x000002334d26e000, 0x000002334d26d000, 0x000002334d267000, 0x000002334d26e800,
0x000002334d271000, 0x000002334d272000, 0x000002334d273000, 0x0000023350cf3000,
0x0000023350cf4000, 0x0000023350cf8000, 0x0000023350cf2800, 0x0000023350cf9000,
0x0000023350cfa000, 0x0000023350cfa800, 0x0000023350cf5800, 0x0000023350cf5000,
0x0000023350cfb800, 0x0000023350cfc800, 0x0000023350cf6800, 0x0000023350cfd800,
0x0000023350d00000, 0x0000023350cfe000, 0x0000023350d00800, 0x0000023350cff000,
0x000002334d268000, 0x000002334eeed000, 0x000002334eee9000, 0x000002334eeea800,
0x000002334eeec000, 0x000002334eeee000, 0x000002334eee9800, 0x000002334eef4800,
0x000002334eef0800, 0x000002334eef5800, 0x000002334eef2000, 0x000002334eef3000,
0x000002334eef6800, 0x000002334eef4000
}

Java Threads: ( => current thread )
  0x000002332da55800 JavaThread "main" [_thread_blocked, id=7644, stack(0x000000f941500000,0x000000f941600000)]
  0x00000233495f9000 JavaThread "Reference Handler" daemon [_thread_blocked, id=8904, stack(0x000000f941c00000,0x000000f941d00000)]
  0x0000023349603800 JavaThread "Finalizer" daemon [_thread_blocked, id=2436, stack(0x000000f941d00000,0x000000f941e00000)]
  0x0000023349677800 JavaThread "Signal Dispatcher" daemon [_thread_blocked, id=10228, stack(0x000000f941e00000,0x000000f941f00000)]
  0x000002334967a800 JavaThread "Attach Listener" daemon [_thread_blocked, id=8420, stack(0x000000f941f00000,0x000000f942000000)]
  0x000002334967f800 JavaThread "Service Thread" daemon [_thread_blocked, id=3592, stack(0x000000f942000000,0x000000f942100000)]
=>0x0000023349685000 JavaThread "C2 CompilerThread0" daemon [_thread_in_native, id=5384, stack(0x000000f942100000,0x000000f942200000)]
  0x000002334968d800 JavaThread "C1 CompilerThread0" daemon [_thread_blocked, id=5320, stack(0x000000f942200000,0x000000f942300000)]
  0x00000233496ab000 JavaThread "Sweeper thread" daemon [_thread_blocked, id=4112, stack(0x000000f942300000,0x000000f942400000)]
  0x0000023349848000 JavaThread "Common-Cleaner" daemon [_thread_blocked, id=1536, stack(0x000000f942400000,0x000000f942500000)]
  0x0000023349849800 JavaThread "Daemon health stats" [_thread_blocked, id=7848, stack(0x000000f942700000,0x000000f942800000)]
  0x000002334984a800 JavaThread "Incoming local TCP Connector on port 50850" [_thread_in_native, id=10128, stack(0x000000f942800000,0x000000f942900000)]
  0x0000023349849000 JavaThread "Daemon periodic checks" [_thread_blocked, id=2224, stack(0x000000f942900000,0x000000f942a00000)]
  0x000002334984b800 JavaThread "Daemon" [_thread_blocked, id=8500, stack(0x000000f942a00000,0x000000f942b00000)]
  0x000002334984f000 JavaThread "Handler for socket connection from /127.0.0.1:50850 to /127.0.0.1:50851" [_thread_in_native, id=5300, stack(0x000000f942b00000,0x000000f942c00000)]
  0x000002334984c000 JavaThread "Cancel handler" [_thread_blocked, id=10160, stack(0x000000f942c00000,0x000000f942d00000)]
  0x000002334984d000 JavaThread "Daemon worker" [_thread_blocked, id=7704, stack(0x000000f942d00000,0x000000f942e00000)]
  0x000002334984e000 JavaThread "Asynchronous log dispatcher for DefaultDaemonConnection: socket connection from /127.0.0.1:50850 to /127.0.0.1:50851" [_thread_blocked, id=856, stack(0x000000f942e00000,0x000000f942f00000)]
  0x0000023349c77800 JavaThread "Stdin handler" [_thread_blocked, id=6060, stack(0x000000f942f00000,0x000000f943000000)]
  0x0000023349c76800 JavaThread "Daemon client event forwarder" [_thread_blocked, id=5032, stack(0x000000f943000000,0x000000f943100000)]
  0x0000023349c78800 JavaThread "Cache worker for journal cache (C:\Users\1\.gradle\caches\journal-1)" [_thread_blocked, id=5956, stack(0x000000f943100000,0x000000f943200000)]
  0x0000023349c75000 JavaThread "File lock request listener" [_thread_in_native, id=10112, stack(0x000000f943200000,0x000000f943300000)]
  0x0000023349c76000 JavaThread "Cache worker for file hash cache (C:\Users\1\.gradle\caches\7.6\fileHashes)" [_thread_blocked, id=6124, stack(0x000000f943300000,0x000000f943400000)]
  0x0000023349c79000 JavaThread "File watcher server" daemon [_thread_in_native, id=7360, stack(0x000000f943400000,0x000000f943500000)]
  0x0000023349c73800 JavaThread "File watcher consumer" daemon [_thread_in_Java, id=1520, stack(0x000000f943500000,0x000000f943600000)]
  0x0000023349c74000 JavaThread "Cache worker for checksums cache (C:\Users\1\IdeaProjects\Idea03\Idea03\.gradle\7.6\checksums)" [_thread_blocked, id=7952, stack(0x000000f943600000,0x000000f943700000)]
  0x000002334d26a800 JavaThread "Cache worker for cache directory md-rule (C:\Users\1\.gradle\caches\7.6\md-rule)" [_thread_blocked, id=5452, stack(0x000000f943700000,0x000000f943800000)]
  0x000002334d269800 JavaThread "Cache worker for file content cache (C:\Users\1\.gradle\caches\7.6\fileContent)" [_thread_blocked, id=3784, stack(0x000000f943800000,0x000000f943900000)]
  0x000002334d264800 JavaThread "Cache worker for file hash cache (C:\Users\1\IdeaProjects\Idea03\Idea03\.gradle\7.6\fileHashes)" [_thread_blocked, id=2780, stack(0x000000f943900000,0x000000f943a00000)]
  0x000002334d26b800 JavaThread "Cache worker for cache directory md-supplier (C:\Users\1\.gradle\caches\7.6\md-supplier)" [_thread_blocked, id=7268, stack(0x000000f943a00000,0x000000f943b00000)]
  0x000002334d265800 JavaThread "Cache worker for execution history cache (C:\Users\1\.gradle\caches\7.6\executionHistory)" [_thread_blocked, id=8820, stack(0x000000f943b00000,0x000000f943c00000)]
  0x000002334d266000 JavaThread "jar transforms" [_thread_blocked, id=4720, stack(0x000000f943c00000,0x000000f943d00000)]
  0x000002334d26e000 JavaThread "jar transforms Thread 2" [_thread_blocked, id=9224, stack(0x000000f943d00000,0x000000f943e00000)]
  0x000002334d26d000 JavaThread "Cache worker for dependencies-accessors (C:\Users\1\IdeaProjects\Idea03\Idea03\.gradle\7.6\dependencies-accessors)" [_thread_blocked, id=3056, stack(0x000000f943e00000,0x000000f943f00000)]
  0x000002334d267000 JavaThread "Cache worker for Build Output Cleanup Cache (C:\Users\1\IdeaProjects\Idea03\Idea03\.gradle\buildOutputCleanup)" [_thread_blocked, id=9756, stack(0x000000f943f00000,0x000000f944000000)]
  0x000002334d26e800 JavaThread "Memory manager" [_thread_blocked, id=680, stack(0x000000f944200000,0x000000f944300000)]
  0x000002334d271000 JavaThread "included builds" [_thread_blocked, id=4756, stack(0x000000f944300000,0x000000f944400000)]
  0x000002334d272000 JavaThread "Execution worker" [_thread_blocked, id=7688, stack(0x000000f944400000,0x000000f944500000)]
  0x000002334d273000 JavaThread "Cache worker for execution history cache (C:\Users\1\IdeaProjects\Idea03\Idea03\.gradle\7.6\executionHistory)" [_thread_blocked, id=9680, stack(0x000000f944500000,0x000000f944600000)]
  0x0000023350cf3000 JavaThread "Unconstrained build operations" [_thread_blocked, id=8268, stack(0x000000f944600000,0x000000f944700000)]
  0x0000023350cf4000 JavaThread "Unconstrained build operations Thread 2" [_thread_blocked, id=6432, stack(0x000000f944700000,0x000000f944800000)]
  0x0000023350cf8000 JavaThread "Unconstrained build operations Thread 3" [_thread_blocked, id=1912, stack(0x000000f944800000,0x000000f944900000)]
  0x0000023350cf2800 JavaThread "Unconstrained build operations Thread 4" [_thread_blocked, id=6308, stack(0x000000f944900000,0x000000f944a00000)]
  0x0000023350cf9000 JavaThread "Unconstrained build operations Thread 5" [_thread_blocked, id=7388, stack(0x000000f944a00000,0x000000f944b00000)]
  0x0000023350cfa000 JavaThread "Unconstrained build operations Thread 6" [_thread_blocked, id=5824, stack(0x000000f944b00000,0x000000f944c00000)]
  0x0000023350cfa800 JavaThread "Unconstrained build operations Thread 7" [_thread_blocked, id=5564, stack(0x000000f944c00000,0x000000f944d00000)]
  0x0000023350cf5800 JavaThread "Unconstrained build operations Thread 8" [_thread_blocked, id=4148, stack(0x000000f944d00000,0x000000f944e00000)]
  0x0000023350cf5000 JavaThread "Unconstrained build operations Thread 9" [_thread_blocked, id=7304, stack(0x000000f944e00000,0x000000f944f00000)]
  0x0000023350cfb800 JavaThread "Unconstrained build operations Thread 10" [_thread_blocked, id=9412, stack(0x000000f944f00000,0x000000f945000000)]
  0x0000023350cfc800 JavaThread "Unconstrained build operations Thread 11" [_thread_blocked, id=9476, stack(0x000000f945000000,0x000000f945100000)]
  0x0000023350cf6800 JavaThread "Unconstrained build operations Thread 12" [_thread_blocked, id=10136, stack(0x000000f945100000,0x000000f945200000)]
  0x0000023350cfd800 JavaThread "Unconstrained build operations Thread 13" [_thread_blocked, id=7740, stack(0x000000f945200000,0x000000f945300000)]
  0x0000023350d00000 JavaThread "Unconstrained build operations Thread 14" [_thread_blocked, id=1224, stack(0x000000f945300000,0x000000f945400000)]
  0x0000023350cfe000 JavaThread "Unconstrained build operations Thread 15" [_thread_blocked, id=9988, stack(0x000000f945400000,0x000000f945500000)]
  0x0000023350d00800 JavaThread "Unconstrained build operations Thread 16" [_thread_blocked, id=2428, stack(0x000000f945500000,0x000000f945600000)]
  0x0000023350cff000 JavaThread "Unconstrained build operations Thread 17" [_thread_blocked, id=2268, stack(0x000000f945600000,0x000000f945700000)]
  0x000002334d268000 JavaThread "Unconstrained build operations Thread 18" [_thread_blocked, id=1676, stack(0x000000f945700000,0x000000f945800000)]
  0x000002334eeed000 JavaThread "Unconstrained build operations Thread 19" [_thread_blocked, id=8588, stack(0x000000f945800000,0x000000f945900000)]
  0x000002334eee9000 JavaThread "Unconstrained build operations Thread 20" [_thread_blocked, id=5392, stack(0x000000f945900000,0x000000f945a00000)]
  0x000002334eeea800 JavaThread "Dispatch org.gradle.api.internal.tasks.testing.results.AttachParentTestResultProcessor@490aaf81" [_thread_in_vm, id=3976, stack(0x000000f945a00000,0x000000f945b00000)]
  0x000002334eeec000 JavaThread "Dispatch org.gradle.api.internal.tasks.testing.processors.RestartEveryNTestClassProcessor@1b7f5b93" [_thread_blocked, id=4616, stack(0x000000f945b00000,0x000000f945c00000)]
  0x000002334eeee000 JavaThread "Incoming local TCP Connector on port 50878" [_thread_blocked, id=4960, stack(0x000000f945c00000,0x000000f945d00000)]
  0x000002334eee9800 JavaThread "Exec process" [_thread_in_native, id=1164, stack(0x000000f945d00000,0x000000f945e00000)]
  0x000002334eef4800 JavaThread "Exec process Thread 2" [_thread_blocked, id=2608, stack(0x000000f945f00000,0x000000f946000000)]
  0x000002334eef0800 JavaThread "Exec process Thread 3" [_thread_in_native, id=1836, stack(0x000000f946000000,0x000000f946100000)]
  0x000002334eef5800 JavaThread "Exec process Thread 4" [_thread_in_native, id=2444, stack(0x000000f946100000,0x000000f946200000)]
  0x000002334eef2000 JavaThread "/127.0.0.1:50878 to /127.0.0.1:50880 workers" [_thread_blocked, id=5784, stack(0x000000f941300000,0x000000f941400000)]
  0x000002334eef3000 JavaThread "/127.0.0.1:50878 to /127.0.0.1:50880 workers Thread 2" [_thread_blocked, id=5924, stack(0x000000f941400000,0x000000f941500000)]
  0x000002334eef6800 JavaThread "/127.0.0.1:50878 to /127.0.0.1:50880 workers Thread 3" [_thread_blocked, id=7188, stack(0x000000f945e00000,0x000000f945f00000)]
  0x000002334eef4000 JavaThread "/127.0.0.1:50878 to /127.0.0.1:50880 workers Thread 4" [_thread_blocked, id=9120, stack(0x000000f946200000,0x000000f946300000)]

Other Threads:
  0x00000233495c7000 VMThread "VM Thread" [stack: 0x000000f941b00000,0x000000f941c00000] [id=8276] _threads_hazard_ptr=0x000002334d97e070
  0x000002334989b800 WatcherThread [stack: 0x000000f942500000,0x000000f942600000] [id=7372]
  0x000002332da75800 GCTaskThread "GC Thread#0" [stack: 0x000000f941600000,0x000000f941700000] [id=100]
  0x000002334a20b800 GCTaskThread "GC Thread#1" [stack: 0x000000f942600000,0x000000f942700000] [id=1200]
  0x000002332da89800 ConcurrentGCThread "G1 Main Marker" [stack: 0x000000f941700000,0x000000f941800000] [id=9228]
  0x000002332da8a000 ConcurrentGCThread "G1 Conc#0" [stack: 0x000000f941800000,0x000000f941900000] [id=4484]
  0x000002332db88800 ConcurrentGCThread "G1 Refine#0" [stack: 0x000000f941900000,0x000000f941a00000] [id=6204]
  0x000002332db89800 ConcurrentGCThread "G1 Young RemSet Sampling" [stack: 0x000000f941a00000,0x000000f941b00000] [id=600]

Threads with active compile tasks:
C2 CompilerThread0    82906 6498 %     4       groovy.lang.MetaClassImpl::inheritInterfaceNewMetaMethods @ 100 (195 bytes)

VM state:synchronizing (normal execution)

VM Mutex/Monitor currently owned by a thread:  ([mutex/lock_event])
[0x000002332da51100] Safepoint_lock - owner thread: 0x00000233495c7000
[0x000002332da50500] Threads_lock - owner thread: 0x00000233495c7000

Heap address: 0x00000000e0000000, size: 512 MB, Compressed Oops mode: 32-bit
Narrow klass base: 0x0000000000000000, Narrow klass shift: 3
Compressed class space size: 260046848 Address: 0x0000000100000000

Heap:
 garbage-first heap   total 262144K, used 91999K [0x00000000e0000000, 0x0000000100000000)
  region size 1024K, 70 young (71680K), 17 survivors (17408K)
 Metaspace       used 59939K, capacity 62085K, committed 62288K, reserved 309248K
  class space    used 7920K, capacity 8692K, committed 8704K, reserved 253952K
Heap Regions: E=young(eden), S=young(survivor), O=old, HS=humongous(starts), HC=humongous(continues), CS=collection set, F=free, A=archive, TAMS=top-at-mark-start (previous, next)
|   0|0x00000000e0000000, 0x00000000e0100000, 0x00000000e0100000|100%| O|  |TAMS 0x00000000e0100000, 0x00000000e0000000| Untracked 
|   1|0x00000000e0100000, 0x00000000e0200000, 0x00000000e0200000|100%|HS|  |TAMS 0x00000000e0200000, 0x00000000e0100000| Complete 
|   2|0x00000000e0200000, 0x00000000e0300000, 0x00000000e0300000|100%|HC|  |TAMS 0x00000000e0300000, 0x00000000e0200000| Complete 
|   3|0x00000000e0300000, 0x00000000e0400000, 0x00000000e0400000|100%|HC|  |TAMS 0x00000000e0400000, 0x00000000e0300000| Complete 
|   4|0x00000000e0400000, 0x00000000e0500000, 0x00000000e0500000|100%| O|  |TAMS 0x00000000e0500000, 0x00000000e0400000| Untracked 
|   5|0x00000000e0500000, 0x00000000e0600000, 0x00000000e0600000|100%| O|  |TAMS 0x00000000e0600000, 0x00000000e0500000| Untracked 
|   6|0x00000000e0600000, 0x00000000e0700000, 0x00000000e0700000|100%| O|  |TAMS 0x00000000e0700000, 0x00000000e0600000| Untracked 
|   7|0x00000000e0700000, 0x00000000e0800000, 0x00000000e0800000|100%| O|  |TAMS 0x00000000e0800000, 0x00000000e0700000| Untracked 
|   8|0x00000000e0800000, 0x00000000e0900000, 0x00000000e0900000|100%| O|  |TAMS 0x00000000e0900000, 0x00000000e0800000| Untracked 
|   9|0x00000000e0900000, 0x00000000e0a00000, 0x00000000e0a00000|100%| O|  |TAMS 0x00000000e0a00000, 0x00000000e0900000| Untracked 
|  10|0x00000000e0a00000, 0x00000000e0b00000, 0x00000000e0b00000|100%| O|  |TAMS 0x00000000e0b00000, 0x00000000e0a00000| Untracked 
|  11|0x00000000e0b00000, 0x00000000e0c00000, 0x00000000e0c00000|100%| O|  |TAMS 0x00000000e0c00000, 0x00000000e0b00000| Untracked 
|  12|0x00000000e0c00000, 0x00000000e0d00000, 0x00000000e0d00000|100%| O|  |TAMS 0x00000000e0d00000, 0x00000000e0c00000| Untracked 
|  13|0x00000000e0d00000, 0x00000000e0e00000, 0x00000000e0e00000|100%| O|  |TAMS 0x00000000e0e00000, 0x00000000e0d00000| Untracked 
|  14|0x00000000e0e00000, 0x00000000e0f00000, 0x00000000e0f00000|100%| O|  |TAMS 0x00000000e0f00000, 0x00000000e0e00000| Untracked 
|  15|0x00000000e0f00000, 0x00000000e1000000, 0x00000000e1000000|100%| O|  |TAMS 0x00000000e1000000, 0x00000000e0f00000| Untracked 
|  16|0x00000000e1000000, 0x00000000e1100000, 0x00000000e1100000|100%| O|  |TAMS 0x00000000e1100000, 0x00000000e1000000| Untracked 
|  17|0x00000000e1100000, 0x00000000e1200000, 0x00000000e1200000|100%| O|  |TAMS 0x00000000e1200000, 0x00000000e1100000| Untracked 
|  18|0x00000000e1200000, 0x00000000e1300000, 0x00000000e1300000|100%| O|  |TAMS 0x00000000e1300000, 0x00000000e1200000| Untracked 
|  19|0x00000000e1300000, 0x00000000e1400000, 0x00000000e1400000|100%| O|  |TAMS 0x00000000e1400000, 0x00000000e1300000| Untracked 
|  20|0x00000000e1400000, 0x00000000e1500000, 0x00000000e1500000|100%| O|  |TAMS 0x00000000e1500000, 0x00000000e1400000| Untracked 
|  21|0x00000000e1500000, 0x00000000e15d7c00, 0x00000000e1600000| 84%| O|  |TAMS 0x00000000e15d7c00, 0x00000000e1500000| Untracked 
|  22|0x00000000e1600000, 0x00000000e1600000, 0x00000000e1700000|  0%| F|  |TAMS 0x00000000e1600000, 0x00000000e1600000| Untracked 
|  23|0x00000000e1700000, 0x00000000e1700000, 0x00000000e1800000|  0%| F|  |TAMS 0x00000000e1700000, 0x00000000e1700000| Untracked 
|  24|0x00000000e1800000, 0x00000000e1800000, 0x00000000e1900000|  0%| F|  |TAMS 0x00000000e1800000, 0x00000000e1800000| Untracked 
|  25|0x00000000e1900000, 0x00000000e1900000, 0x00000000e1a00000|  0%| F|  |TAMS 0x00000000e1900000, 0x00000000e1900000| Untracked 
|  26|0x00000000e1a00000, 0x00000000e1a00000, 0x00000000e1b00000|  0%| F|  |TAMS 0x00000000e1a00000, 0x00000000e1a00000| Untracked 
|  27|0x00000000e1b00000, 0x00000000e1b00000, 0x00000000e1c00000|  0%| F|  |TAMS 0x00000000e1b00000, 0x00000000e1b00000| Untracked 
|  28|0x00000000e1c00000, 0x00000000e1c00000, 0x00000000e1d00000|  0%| F|  |TAMS 0x00000000e1c00000, 0x00000000e1c00000| Untracked 
|  29|0x00000000e1d00000, 0x00000000e1d00000, 0x00000000e1e00000|  0%| F|  |TAMS 0x00000000e1d00000, 0x00000000e1d00000| Untracked 
|  30|0x00000000e1e00000, 0x00000000e1e00000, 0x00000000e1f00000|  0%| F|  |TAMS 0x00000000e1e00000, 0x00000000e1e00000| Untracked 
|  31|0x00000000e1f00000, 0x00000000e1f00000, 0x00000000e2000000|  0%| F|  |TAMS 0x00000000e1f00000, 0x00000000e1f00000| Untracked 
|  32|0x00000000e2000000, 0x00000000e2000000, 0x00000000e2100000|  0%| F|  |TAMS 0x00000000e2000000, 0x00000000e2000000| Untracked 
|  33|0x00000000e2100000, 0x00000000e2100000, 0x00000000e2200000|  0%| F|  |TAMS 0x00000000e2100000, 0x00000000e2100000| Untracked 
|  34|0x00000000e2200000, 0x00000000e2200000, 0x00000000e2300000|  0%| F|  |TAMS 0x00000000e2200000, 0x00000000e2200000| Untracked 
|  35|0x00000000e2300000, 0x00000000e2300000, 0x00000000e2400000|  0%| F|  |TAMS 0x00000000e2300000, 0x00000000e2300000| Untracked 
|  36|0x00000000e2400000, 0x00000000e2400000, 0x00000000e2500000|  0%| F|  |TAMS 0x00000000e2400000, 0x00000000e2400000| Untracked 
|  37|0x00000000e2500000, 0x00000000e2500000, 0x00000000e2600000|  0%| F|  |TAMS 0x00000000e2500000, 0x00000000e2500000| Untracked 
|  38|0x00000000e2600000, 0x00000000e2600000, 0x00000000e2700000|  0%| F|  |TAMS 0x00000000e2600000, 0x00000000e2600000| Untracked 
|  39|0x00000000e2700000, 0x00000000e2700000, 0x00000000e2800000|  0%| F|  |TAMS 0x00000000e2700000, 0x00000000e2700000| Untracked 
|  40|0x00000000e2800000, 0x00000000e2800000, 0x00000000e2900000|  0%| F|  |TAMS 0x00000000e2800000, 0x00000000e2800000| Untracked 
|  41|0x00000000e2900000, 0x00000000e2900000, 0x00000000e2a00000|  0%| F|  |TAMS 0x00000000e2900000, 0x00000000e2900000| Untracked 
|  42|0x00000000e2a00000, 0x00000000e2a00000, 0x00000000e2b00000|  0%| F|  |TAMS 0x00000000e2a00000, 0x00000000e2a00000| Untracked 
|  43|0x00000000e2b00000, 0x00000000e2b00000, 0x00000000e2c00000|  0%| F|  |TAMS 0x00000000e2b00000, 0x00000000e2b00000| Untracked 
|  44|0x00000000e2c00000, 0x00000000e2c00000, 0x00000000e2d00000|  0%| F|  |TAMS 0x00000000e2c00000, 0x00000000e2c00000| Untracked 
|  45|0x00000000e2d00000, 0x00000000e2d00000, 0x00000000e2e00000|  0%| F|  |TAMS 0x00000000e2d00000, 0x00000000e2d00000| Untracked 
|  46|0x00000000e2e00000, 0x00000000e2e00000, 0x00000000e2f00000|  0%| F|  |TAMS 0x00000000e2e00000, 0x00000000e2e00000| Untracked 
|  47|0x00000000e2f00000, 0x00000000e2f00000, 0x00000000e3000000|  0%| F|  |TAMS 0x00000000e2f00000, 0x00000000e2f00000| Untracked 
|  48|0x00000000e3000000, 0x00000000e3000000, 0x00000000e3100000|  0%| F|  |TAMS 0x00000000e3000000, 0x00000000e3000000| Untracked 
|  49|0x00000000e3100000, 0x00000000e3100000, 0x00000000e3200000|  0%| F|  |TAMS 0x00000000e3100000, 0x00000000e3100000| Untracked 
|  50|0x00000000e3200000, 0x00000000e3200000, 0x00000000e3300000|  0%| F|  |TAMS 0x00000000e3200000, 0x00000000e3200000| Untracked 
|  51|0x00000000e3300000, 0x00000000e3300000, 0x00000000e3400000|  0%| F|  |TAMS 0x00000000e3300000, 0x00000000e3300000| Untracked 
|  52|0x00000000e3400000, 0x00000000e3400000, 0x00000000e3500000|  0%| F|  |TAMS 0x00000000e3400000, 0x00000000e3400000| Untracked 
|  53|0x00000000e3500000, 0x00000000e3500000, 0x00000000e3600000|  0%| F|  |TAMS 0x00000000e3500000, 0x00000000e3500000| Untracked 
|  54|0x00000000e3600000, 0x00000000e3600000, 0x00000000e3700000|  0%| F|  |TAMS 0x00000000e3600000, 0x00000000e3600000| Untracked 
|  55|0x00000000e3700000, 0x00000000e3700000, 0x00000000e3800000|  0%| F|  |TAMS 0x00000000e3700000, 0x00000000e3700000| Untracked 
|  56|0x00000000e3800000, 0x00000000e3800000, 0x00000000e3900000|  0%| F|  |TAMS 0x00000000e3800000, 0x00000000e3800000| Untracked 
|  57|0x00000000e3900000, 0x00000000e3900000, 0x00000000e3a00000|  0%| F|  |TAMS 0x00000000e3900000, 0x00000000e3900000| Untracked 
|  58|0x00000000e3a00000, 0x00000000e3a00000, 0x00000000e3b00000|  0%| F|  |TAMS 0x00000000e3a00000, 0x00000000e3a00000| Untracked 
|  59|0x00000000e3b00000, 0x00000000e3b00000, 0x00000000e3c00000|  0%| F|  |TAMS 0x00000000e3b00000, 0x00000000e3b00000| Untracked 
|  60|0x00000000e3c00000, 0x00000000e3c00000, 0x00000000e3d00000|  0%| F|  |TAMS 0x00000000e3c00000, 0x00000000e3c00000| Untracked 
|  61|0x00000000e3d00000, 0x00000000e3d00000, 0x00000000e3e00000|  0%| F|  |TAMS 0x00000000e3d00000, 0x00000000e3d00000| Untracked 
|  62|0x00000000e3e00000, 0x00000000e3e00000, 0x00000000e3f00000|  0%| F|  |TAMS 0x00000000e3e00000, 0x00000000e3e00000| Untracked 
|  63|0x00000000e3f00000, 0x00000000e3f00000, 0x00000000e4000000|  0%| F|  |TAMS 0x00000000e3f00000, 0x00000000e3f00000| Untracked 
|  64|0x00000000e4000000, 0x00000000e4000000, 0x00000000e4100000|  0%| F|  |TAMS 0x00000000e4000000, 0x00000000e4000000| Untracked 
|  65|0x00000000e4100000, 0x00000000e4100000, 0x00000000e4200000|  0%| F|  |TAMS 0x00000000e4100000, 0x00000000e4100000| Untracked 
|  66|0x00000000e4200000, 0x00000000e4200000, 0x00000000e4300000|  0%| F|  |TAMS 0x00000000e4200000, 0x00000000e4200000| Untracked 
|  67|0x00000000e4300000, 0x00000000e4300000, 0x00000000e4400000|  0%| F|  |TAMS 0x00000000e4300000, 0x00000000e4300000| Untracked 
|  68|0x00000000e4400000, 0x00000000e4400000, 0x00000000e4500000|  0%| F|  |TAMS 0x00000000e4400000, 0x00000000e4400000| Untracked 
|  69|0x00000000e4500000, 0x00000000e4500000, 0x00000000e4600000|  0%| F|  |TAMS 0x00000000e4500000, 0x00000000e4500000| Untracked 
|  70|0x00000000e4600000, 0x00000000e4600000, 0x00000000e4700000|  0%| F|  |TAMS 0x00000000e4600000, 0x00000000e4600000| Untracked 
|  71|0x00000000e4700000, 0x00000000e4700000, 0x00000000e4800000|  0%| F|  |TAMS 0x00000000e4700000, 0x00000000e4700000| Untracked 
|  72|0x00000000e4800000, 0x00000000e4800000, 0x00000000e4900000|  0%| F|  |TAMS 0x00000000e4800000, 0x00000000e4800000| Untracked 
|  73|0x00000000e4900000, 0x00000000e4900000, 0x00000000e4a00000|  0%| F|  |TAMS 0x00000000e4900000, 0x00000000e4900000| Untracked 
|  74|0x00000000e4a00000, 0x00000000e4a00000, 0x00000000e4b00000|  0%| F|  |TAMS 0x00000000e4a00000, 0x00000000e4a00000| Untracked 
|  75|0x00000000e4b00000, 0x00000000e4b00000, 0x00000000e4c00000|  0%| F|  |TAMS 0x00000000e4b00000, 0x00000000e4b00000| Untracked 
|  76|0x00000000e4c00000, 0x00000000e4c00000, 0x00000000e4d00000|  0%| F|  |TAMS 0x00000000e4c00000, 0x00000000e4c00000| Untracked 
|  77|0x00000000e4d00000, 0x00000000e4d00000, 0x00000000e4e00000|  0%| F|  |TAMS 0x00000000e4d00000, 0x00000000e4d00000| Untracked 
|  78|0x00000000e4e00000, 0x00000000e4e00000, 0x00000000e4f00000|  0%| F|  |TAMS 0x00000000e4e00000, 0x00000000e4e00000| Untracked 
|  79|0x00000000e4f00000, 0x00000000e4f00000, 0x00000000e5000000|  0%| F|  |TAMS 0x00000000e4f00000, 0x00000000e4f00000| Untracked 
|  80|0x00000000e5000000, 0x00000000e5000000, 0x00000000e5100000|  0%| F|  |TAMS 0x00000000e5000000, 0x00000000e5000000| Untracked 
|  81|0x00000000e5100000, 0x00000000e5100000, 0x00000000e5200000|  0%| F|  |TAMS 0x00000000e5100000, 0x00000000e5100000| Untracked 
|  82|0x00000000e5200000, 0x00000000e5200000, 0x00000000e5300000|  0%| F|  |TAMS 0x00000000e5200000, 0x00000000e5200000| Untracked 
|  83|0x00000000e5300000, 0x00000000e5300000, 0x00000000e5400000|  0%| F|  |TAMS 0x00000000e5300000, 0x00000000e5300000| Untracked 
|  84|0x00000000e5400000, 0x00000000e5400000, 0x00000000e5500000|  0%| F|  |TAMS 0x00000000e5400000, 0x00000000e5400000| Untracked 
|  85|0x00000000e5500000, 0x00000000e5500000, 0x00000000e5600000|  0%| F|  |TAMS 0x00000000e5500000, 0x00000000e5500000| Untracked 
|  86|0x00000000e5600000, 0x00000000e5600000, 0x00000000e5700000|  0%| F|  |TAMS 0x00000000e5600000, 0x00000000e5600000| Untracked 
|  87|0x00000000e5700000, 0x00000000e5700000, 0x00000000e5800000|  0%| F|  |TAMS 0x00000000e5700000, 0x00000000e5700000| Untracked 
|  88|0x00000000e5800000, 0x00000000e5800000, 0x00000000e5900000|  0%| F|  |TAMS 0x00000000e5800000, 0x00000000e5800000| Untracked 
|  89|0x00000000e5900000, 0x00000000e5900000, 0x00000000e5a00000|  0%| F|  |TAMS 0x00000000e5900000, 0x00000000e5900000| Untracked 
|  90|0x00000000e5a00000, 0x00000000e5a00000, 0x00000000e5b00000|  0%| F|  |TAMS 0x00000000e5a00000, 0x00000000e5a00000| Untracked 
|  91|0x00000000e5b00000, 0x00000000e5b00000, 0x00000000e5c00000|  0%| F|  |TAMS 0x00000000e5b00000, 0x00000000e5b00000| Untracked 
|  92|0x00000000e5c00000, 0x00000000e5c00000, 0x00000000e5d00000|  0%| F|  |TAMS 0x00000000e5c00000, 0x00000000e5c00000| Untracked 
|  93|0x00000000e5d00000, 0x00000000e5d00000, 0x00000000e5e00000|  0%| F|  |TAMS 0x00000000e5d00000, 0x00000000e5d00000| Untracked 
|  94|0x00000000e5e00000, 0x00000000e5e00000, 0x00000000e5f00000|  0%| F|  |TAMS 0x00000000e5e00000, 0x00000000e5e00000| Untracked 
|  95|0x00000000e5f00000, 0x00000000e5f00000, 0x00000000e6000000|  0%| F|  |TAMS 0x00000000e5f00000, 0x00000000e5f00000| Untracked 
|  96|0x00000000e6000000, 0x00000000e6000000, 0x00000000e6100000|  0%| F|  |TAMS 0x00000000e6000000, 0x00000000e6000000| Untracked 
|  97|0x00000000e6100000, 0x00000000e6100000, 0x00000000e6200000|  0%| F|  |TAMS 0x00000000e6100000, 0x00000000e6100000| Untracked 
|  98|0x00000000e6200000, 0x00000000e6200000, 0x00000000e6300000|  0%| F|  |TAMS 0x00000000e6200000, 0x00000000e6200000| Untracked 
|  99|0x00000000e6300000, 0x00000000e6300000, 0x00000000e6400000|  0%| F|  |TAMS 0x00000000e6300000, 0x00000000e6300000| Untracked 
| 100|0x00000000e6400000, 0x00000000e6400000, 0x00000000e6500000|  0%| F|  |TAMS 0x00000000e6400000, 0x00000000e6400000| Untracked 
| 101|0x00000000e6500000, 0x00000000e6500000, 0x00000000e6600000|  0%| F|  |TAMS 0x00000000e6500000, 0x00000000e6500000| Untracked 
| 102|0x00000000e6600000, 0x00000000e6600000, 0x00000000e6700000|  0%| F|  |TAMS 0x00000000e6600000, 0x00000000e6600000| Untracked 
| 103|0x00000000e6700000, 0x00000000e6700000, 0x00000000e6800000|  0%| F|  |TAMS 0x00000000e6700000, 0x00000000e6700000| Untracked 
| 104|0x00000000e6800000, 0x00000000e6800000, 0x00000000e6900000|  0%| F|  |TAMS 0x00000000e6800000, 0x00000000e6800000| Untracked 
| 105|0x00000000e6900000, 0x00000000e6900000, 0x00000000e6a00000|  0%| F|  |TAMS 0x00000000e6900000, 0x00000000e6900000| Untracked 
| 106|0x00000000e6a00000, 0x00000000e6a00000, 0x00000000e6b00000|  0%| F|  |TAMS 0x00000000e6a00000, 0x00000000e6a00000| Untracked 
| 107|0x00000000e6b00000, 0x00000000e6b00000, 0x00000000e6c00000|  0%| F|  |TAMS 0x00000000e6b00000, 0x00000000e6b00000| Untracked 
| 108|0x00000000e6c00000, 0x00000000e6c00000, 0x00000000e6d00000|  0%| F|  |TAMS 0x00000000e6c00000, 0x00000000e6c00000| Untracked 
| 109|0x00000000e6d00000, 0x00000000e6d00000, 0x00000000e6e00000|  0%| F|  |TAMS 0x00000000e6d00000, 0x00000000e6d00000| Untracked 
| 110|0x00000000e6e00000, 0x00000000e6e00000, 0x00000000e6f00000|  0%| F|  |TAMS 0x00000000e6e00000, 0x00000000e6e00000| Untracked 
| 111|0x00000000e6f00000, 0x00000000e6f00000, 0x00000000e7000000|  0%| F|  |TAMS 0x00000000e6f00000, 0x00000000e6f00000| Untracked 
| 112|0x00000000e7000000, 0x00000000e7000000, 0x00000000e7100000|  0%| F|  |TAMS 0x00000000e7000000, 0x00000000e7000000| Untracked 
| 113|0x00000000e7100000, 0x00000000e7200000, 0x00000000e7200000|100%| S|CS|TAMS 0x00000000e7100000, 0x00000000e7100000| Complete 
| 114|0x00000000e7200000, 0x00000000e7300000, 0x00000000e7300000|100%| S|CS|TAMS 0x00000000e7200000, 0x00000000e7200000| Complete 
| 115|0x00000000e7300000, 0x00000000e7400000, 0x00000000e7400000|100%| S|CS|TAMS 0x00000000e7300000, 0x00000000e7300000| Complete 
| 116|0x00000000e7400000, 0x00000000e7500000, 0x00000000e7500000|100%| S|CS|TAMS 0x00000000e7400000, 0x00000000e7400000| Complete 
| 117|0x00000000e7500000, 0x00000000e7600000, 0x00000000e7600000|100%| S|CS|TAMS 0x00000000e7500000, 0x00000000e7500000| Complete 
| 118|0x00000000e7600000, 0x00000000e7700000, 0x00000000e7700000|100%| S|CS|TAMS 0x00000000e7600000, 0x00000000e7600000| Complete 
| 119|0x00000000e7700000, 0x00000000e7800000, 0x00000000e7800000|100%| S|CS|TAMS 0x00000000e7700000, 0x00000000e7700000| Complete 
| 120|0x00000000e7800000, 0x00000000e7900000, 0x00000000e7900000|100%| S|CS|TAMS 0x00000000e7800000, 0x00000000e7800000| Complete 
| 121|0x00000000e7900000, 0x00000000e7a00000, 0x00000000e7a00000|100%| S|CS|TAMS 0x00000000e7900000, 0x00000000e7900000| Complete 
| 122|0x00000000e7a00000, 0x00000000e7b00000, 0x00000000e7b00000|100%| S|CS|TAMS 0x00000000e7a00000, 0x00000000e7a00000| Complete 
| 123|0x00000000e7b00000, 0x00000000e7c00000, 0x00000000e7c00000|100%| S|CS|TAMS 0x00000000e7b00000, 0x00000000e7b00000| Complete 
| 124|0x00000000e7c00000, 0x00000000e7d00000, 0x00000000e7d00000|100%| S|CS|TAMS 0x00000000e7c00000, 0x00000000e7c00000| Complete 
| 125|0x00000000e7d00000, 0x00000000e7e00000, 0x00000000e7e00000|100%| S|CS|TAMS 0x00000000e7d00000, 0x00000000e7d00000| Complete 
| 126|0x00000000e7e00000, 0x00000000e7f00000, 0x00000000e7f00000|100%| S|CS|TAMS 0x00000000e7e00000, 0x00000000e7e00000| Complete 
| 127|0x00000000e7f00000, 0x00000000e8000000, 0x00000000e8000000|100%| S|CS|TAMS 0x00000000e7f00000, 0x00000000e7f00000| Complete 
| 128|0x00000000e8000000, 0x00000000e8100000, 0x00000000e8100000|100%| S|CS|TAMS 0x00000000e8000000, 0x00000000e8000000| Complete 
| 129|0x00000000e8100000, 0x00000000e8200000, 0x00000000e8200000|100%| S|CS|TAMS 0x00000000e8100000, 0x00000000e8100000| Complete 
| 130|0x00000000e8200000, 0x00000000e8200000, 0x00000000e8300000|  0%| F|  |TAMS 0x00000000e8200000, 0x00000000e8200000| Untracked 
| 131|0x00000000e8300000, 0x00000000e8300000, 0x00000000e8400000|  0%| F|  |TAMS 0x00000000e8300000, 0x00000000e8300000| Untracked 
| 132|0x00000000e8400000, 0x00000000e8400000, 0x00000000e8500000|  0%| F|  |TAMS 0x00000000e8400000, 0x00000000e8400000| Untracked 
| 133|0x00000000e8500000, 0x00000000e8500000, 0x00000000e8600000|  0%| F|  |TAMS 0x00000000e8500000, 0x00000000e8500000| Untracked 
| 134|0x00000000e8600000, 0x00000000e8600000, 0x00000000e8700000|  0%| F|  |TAMS 0x00000000e8600000, 0x00000000e8600000| Untracked 
| 135|0x00000000e8700000, 0x00000000e8700000, 0x00000000e8800000|  0%| F|  |TAMS 0x00000000e8700000, 0x00000000e8700000| Untracked 
| 136|0x00000000e8800000, 0x00000000e8800000, 0x00000000e8900000|  0%| F|  |TAMS 0x00000000e8800000, 0x00000000e8800000| Untracked 
| 137|0x00000000e8900000, 0x00000000e8900000, 0x00000000e8a00000|  0%| F|  |TAMS 0x00000000e8900000, 0x00000000e8900000| Untracked 
| 138|0x00000000e8a00000, 0x00000000e8a00000, 0x00000000e8b00000|  0%| F|  |TAMS 0x00000000e8a00000, 0x00000000e8a00000| Untracked 
| 139|0x00000000e8b00000, 0x00000000e8b00000, 0x00000000e8c00000|  0%| F|  |TAMS 0x00000000e8b00000, 0x00000000e8b00000| Untracked 
| 140|0x00000000e8c00000, 0x00000000e8c00000, 0x00000000e8d00000|  0%| F|  |TAMS 0x00000000e8c00000, 0x00000000e8c00000| Untracked 
| 141|0x00000000e8d00000, 0x00000000e8d00000, 0x00000000e8e00000|  0%| F|  |TAMS 0x00000000e8d00000, 0x00000000e8d00000| Untracked 
| 142|0x00000000e8e00000, 0x00000000e8e00000, 0x00000000e8f00000|  0%| F|  |TAMS 0x00000000e8e00000, 0x00000000e8e00000| Untracked 
| 143|0x00000000e8f00000, 0x00000000e8f00000, 0x00000000e9000000|  0%| F|  |TAMS 0x00000000e8f00000, 0x00000000e8f00000| Untracked 
| 144|0x00000000e9000000, 0x00000000e9000000, 0x00000000e9100000|  0%| F|  |TAMS 0x00000000e9000000, 0x00000000e9000000| Untracked 
| 145|0x00000000e9100000, 0x00000000e9100000, 0x00000000e9200000|  0%| F|  |TAMS 0x00000000e9100000, 0x00000000e9100000| Untracked 
| 146|0x00000000e9200000, 0x00000000e9200000, 0x00000000e9300000|  0%| F|  |TAMS 0x00000000e9200000, 0x00000000e9200000| Untracked 
| 147|0x00000000e9300000, 0x00000000e9300000, 0x00000000e9400000|  0%| F|  |TAMS 0x00000000e9300000, 0x00000000e9300000| Untracked 
| 148|0x00000000e9400000, 0x00000000e9400000, 0x00000000e9500000|  0%| F|  |TAMS 0x00000000e9400000, 0x00000000e9400000| Untracked 
| 149|0x00000000e9500000, 0x00000000e9500000, 0x00000000e9600000|  0%| F|  |TAMS 0x00000000e9500000, 0x00000000e9500000| Untracked 
| 150|0x00000000e9600000, 0x00000000e9600000, 0x00000000e9700000|  0%| F|  |TAMS 0x00000000e9600000, 0x00000000e9600000| Untracked 
| 151|0x00000000e9700000, 0x00000000e9700000, 0x00000000e9800000|  0%| F|  |TAMS 0x00000000e9700000, 0x00000000e9700000| Untracked 
| 152|0x00000000e9800000, 0x00000000e9800000, 0x00000000e9900000|  0%| F|  |TAMS 0x00000000e9800000, 0x00000000e9800000| Untracked 
| 153|0x00000000e9900000, 0x00000000e9900000, 0x00000000e9a00000|  0%| F|  |TAMS 0x00000000e9900000, 0x00000000e9900000| Untracked 
| 154|0x00000000e9a00000, 0x00000000e9a00000, 0x00000000e9b00000|  0%| F|  |TAMS 0x00000000e9a00000, 0x00000000e9a00000| Untracked 
| 155|0x00000000e9b00000, 0x00000000e9b00000, 0x00000000e9c00000|  0%| F|  |TAMS 0x00000000e9b00000, 0x00000000e9b00000| Untracked 
| 156|0x00000000e9c00000, 0x00000000e9c00000, 0x00000000e9d00000|  0%| F|  |TAMS 0x00000000e9c00000, 0x00000000e9c00000| Untracked 
| 157|0x00000000e9d00000, 0x00000000e9d00000, 0x00000000e9e00000|  0%| F|  |TAMS 0x00000000e9d00000, 0x00000000e9d00000| Untracked 
| 158|0x00000000e9e00000, 0x00000000e9e00000, 0x00000000e9f00000|  0%| F|  |TAMS 0x00000000e9e00000, 0x00000000e9e00000| Untracked 
| 159|0x00000000e9f00000, 0x00000000e9f00000, 0x00000000ea000000|  0%| F|  |TAMS 0x00000000e9f00000, 0x00000000e9f00000| Untracked 
| 160|0x00000000ea000000, 0x00000000ea000000, 0x00000000ea100000|  0%| F|  |TAMS 0x00000000ea000000, 0x00000000ea000000| Untracked 
| 161|0x00000000ea100000, 0x00000000ea100000, 0x00000000ea200000|  0%| F|  |TAMS 0x00000000ea100000, 0x00000000ea100000| Untracked 
| 162|0x00000000ea200000, 0x00000000ea200000, 0x00000000ea300000|  0%| F|  |TAMS 0x00000000ea200000, 0x00000000ea200000| Untracked 
| 163|0x00000000ea300000, 0x00000000ea300000, 0x00000000ea400000|  0%| F|  |TAMS 0x00000000ea300000, 0x00000000ea300000| Untracked 
| 164|0x00000000ea400000, 0x00000000ea400000, 0x00000000ea500000|  0%| F|  |TAMS 0x00000000ea400000, 0x00000000ea400000| Untracked 
| 165|0x00000000ea500000, 0x00000000ea500000, 0x00000000ea600000|  0%| F|  |TAMS 0x00000000ea500000, 0x00000000ea500000| Untracked 
| 166|0x00000000ea600000, 0x00000000ea600000, 0x00000000ea700000|  0%| F|  |TAMS 0x00000000ea600000, 0x00000000ea600000| Untracked 
| 167|0x00000000ea700000, 0x00000000ea700000, 0x00000000ea800000|  0%| F|  |TAMS 0x00000000ea700000, 0x00000000ea700000| Untracked 
| 168|0x00000000ea800000, 0x00000000ea800000, 0x00000000ea900000|  0%| F|  |TAMS 0x00000000ea800000, 0x00000000ea800000| Untracked 
| 169|0x00000000ea900000, 0x00000000ea900000, 0x00000000eaa00000|  0%| F|  |TAMS 0x00000000ea900000, 0x00000000ea900000| Untracked 
| 170|0x00000000eaa00000, 0x00000000eaa00000, 0x00000000eab00000|  0%| F|  |TAMS 0x00000000eaa00000, 0x00000000eaa00000| Untracked 
| 171|0x00000000eab00000, 0x00000000eab00000, 0x00000000eac00000|  0%| F|  |TAMS 0x00000000eab00000, 0x00000000eab00000| Untracked 
| 172|0x00000000eac00000, 0x00000000eac00000, 0x00000000ead00000|  0%| F|  |TAMS 0x00000000eac00000, 0x00000000eac00000| Untracked 
| 173|0x00000000ead00000, 0x00000000ead00000, 0x00000000eae00000|  0%| F|  |TAMS 0x00000000ead00000, 0x00000000ead00000| Untracked 
| 174|0x00000000eae00000, 0x00000000eae00000, 0x00000000eaf00000|  0%| F|  |TAMS 0x00000000eae00000, 0x00000000eae00000| Untracked 
| 175|0x00000000eaf00000, 0x00000000eaf00000, 0x00000000eb000000|  0%| F|  |TAMS 0x00000000eaf00000, 0x00000000eaf00000| Untracked 
| 176|0x00000000eb000000, 0x00000000eb000000, 0x00000000eb100000|  0%| F|  |TAMS 0x00000000eb000000, 0x00000000eb000000| Untracked 
| 177|0x00000000eb100000, 0x00000000eb100000, 0x00000000eb200000|  0%| F|  |TAMS 0x00000000eb100000, 0x00000000eb100000| Untracked 
| 178|0x00000000eb200000, 0x00000000eb200000, 0x00000000eb300000|  0%| F|  |TAMS 0x00000000eb200000, 0x00000000eb200000| Untracked 
| 179|0x00000000eb300000, 0x00000000eb300000, 0x00000000eb400000|  0%| F|  |TAMS 0x00000000eb300000, 0x00000000eb300000| Untracked 
| 180|0x00000000eb400000, 0x00000000eb400000, 0x00000000eb500000|  0%| F|  |TAMS 0x00000000eb400000, 0x00000000eb400000| Untracked 
| 181|0x00000000eb500000, 0x00000000eb500000, 0x00000000eb600000|  0%| F|  |TAMS 0x00000000eb500000, 0x00000000eb500000| Untracked 
| 182|0x00000000eb600000, 0x00000000eb600000, 0x00000000eb700000|  0%| F|  |TAMS 0x00000000eb600000, 0x00000000eb600000| Untracked 
| 183|0x00000000eb700000, 0x00000000eb700000, 0x00000000eb800000|  0%| F|  |TAMS 0x00000000eb700000, 0x00000000eb700000| Untracked 
| 184|0x00000000eb800000, 0x00000000eb800000, 0x00000000eb900000|  0%| F|  |TAMS 0x00000000eb800000, 0x00000000eb800000| Untracked 
| 185|0x00000000eb900000, 0x00000000eb900000, 0x00000000eba00000|  0%| F|  |TAMS 0x00000000eb900000, 0x00000000eb900000| Untracked 
| 186|0x00000000eba00000, 0x00000000eba00000, 0x00000000ebb00000|  0%| F|  |TAMS 0x00000000eba00000, 0x00000000eba00000| Untracked 
| 187|0x00000000ebb00000, 0x00000000ebb00000, 0x00000000ebc00000|  0%| F|  |TAMS 0x00000000ebb00000, 0x00000000ebb00000| Untracked 
| 188|0x00000000ebc00000, 0x00000000ebc00000, 0x00000000ebd00000|  0%| F|  |TAMS 0x00000000ebc00000, 0x00000000ebc00000| Untracked 
| 189|0x00000000ebd00000, 0x00000000ebd00000, 0x00000000ebe00000|  0%| F|  |TAMS 0x00000000ebd00000, 0x00000000ebd00000| Untracked 
| 190|0x00000000ebe00000, 0x00000000ebe00000, 0x00000000ebf00000|  0%| F|  |TAMS 0x00000000ebe00000, 0x00000000ebe00000| Untracked 
| 191|0x00000000ebf00000, 0x00000000ebf00000, 0x00000000ec000000|  0%| F|  |TAMS 0x00000000ebf00000, 0x00000000ebf00000| Untracked 
| 192|0x00000000ec000000, 0x00000000ec000000, 0x00000000ec100000|  0%| F|  |TAMS 0x00000000ec000000, 0x00000000ec000000| Untracked 
| 193|0x00000000ec100000, 0x00000000ec100000, 0x00000000ec200000|  0%| F|  |TAMS 0x00000000ec100000, 0x00000000ec100000| Untracked 
| 194|0x00000000ec200000, 0x00000000ec200000, 0x00000000ec300000|  0%| F|  |TAMS 0x00000000ec200000, 0x00000000ec200000| Untracked 
| 195|0x00000000ec300000, 0x00000000ec300000, 0x00000000ec400000|  0%| F|  |TAMS 0x00000000ec300000, 0x00000000ec300000| Untracked 
| 196|0x00000000ec400000, 0x00000000ec400000, 0x00000000ec500000|  0%| F|  |TAMS 0x00000000ec400000, 0x00000000ec400000| Untracked 
| 197|0x00000000ec500000, 0x00000000ec500000, 0x00000000ec600000|  0%| F|  |TAMS 0x00000000ec500000, 0x00000000ec500000| Untracked 
| 198|0x00000000ec600000, 0x00000000ec600000, 0x00000000ec700000|  0%| F|  |TAMS 0x00000000ec600000, 0x00000000ec600000| Untracked 
| 199|0x00000000ec700000, 0x00000000ec700000, 0x00000000ec800000|  0%| F|  |TAMS 0x00000000ec700000, 0x00000000ec700000| Untracked 
| 200|0x00000000ec800000, 0x00000000ec800000, 0x00000000ec900000|  0%| F|  |TAMS 0x00000000ec800000, 0x00000000ec800000| Untracked 
| 201|0x00000000ec900000, 0x00000000ec900000, 0x00000000eca00000|  0%| F|  |TAMS 0x00000000ec900000, 0x00000000ec900000| Untracked 
| 202|0x00000000eca00000, 0x00000000eca00000, 0x00000000ecb00000|  0%| F|  |TAMS 0x00000000eca00000, 0x00000000eca00000| Untracked 
| 203|0x00000000ecb00000, 0x00000000ecbbb128, 0x00000000ecc00000| 73%| E|  |TAMS 0x00000000ecb00000, 0x00000000ecb00000| Complete 
| 204|0x00000000ecc00000, 0x00000000ecd00000, 0x00000000ecd00000|100%| E|CS|TAMS 0x00000000ecc00000, 0x00000000ecc00000| Complete 
| 205|0x00000000ecd00000, 0x00000000ece00000, 0x00000000ece00000|100%| E|CS|TAMS 0x00000000ecd00000, 0x00000000ecd00000| Complete 
| 206|0x00000000ece00000, 0x00000000ecf00000, 0x00000000ecf00000|100%| E|CS|TAMS 0x00000000ece00000, 0x00000000ece00000| Complete 
| 207|0x00000000ecf00000, 0x00000000ed000000, 0x00000000ed000000|100%| E|CS|TAMS 0x00000000ecf00000, 0x00000000ecf00000| Complete 
| 208|0x00000000ed000000, 0x00000000ed100000, 0x00000000ed100000|100%| E|CS|TAMS 0x00000000ed000000, 0x00000000ed000000| Complete 
| 209|0x00000000ed100000, 0x00000000ed200000, 0x00000000ed200000|100%| E|CS|TAMS 0x00000000ed100000, 0x00000000ed100000| Complete 
| 210|0x00000000ed200000, 0x00000000ed300000, 0x00000000ed300000|100%| E|CS|TAMS 0x00000000ed200000, 0x00000000ed200000| Complete 
| 211|0x00000000ed300000, 0x00000000ed400000, 0x00000000ed400000|100%| E|CS|TAMS 0x00000000ed300000, 0x00000000ed300000| Complete 
| 212|0x00000000ed400000, 0x00000000ed500000, 0x00000000ed500000|100%| E|CS|TAMS 0x00000000ed400000, 0x00000000ed400000| Complete 
| 213|0x00000000ed500000, 0x00000000ed600000, 0x00000000ed600000|100%| E|CS|TAMS 0x00000000ed500000, 0x00000000ed500000| Complete 
| 214|0x00000000ed600000, 0x00000000ed700000, 0x00000000ed700000|100%| E|CS|TAMS 0x00000000ed600000, 0x00000000ed600000| Complete 
| 215|0x00000000ed700000, 0x00000000ed800000, 0x00000000ed800000|100%| E|CS|TAMS 0x00000000ed700000, 0x00000000ed700000| Complete 
| 216|0x00000000ed800000, 0x00000000ed900000, 0x00000000ed900000|100%| E|CS|TAMS 0x00000000ed800000, 0x00000000ed800000| Complete 
| 217|0x00000000ed900000, 0x00000000eda00000, 0x00000000eda00000|100%| E|CS|TAMS 0x00000000ed900000, 0x00000000ed900000| Complete 
| 218|0x00000000eda00000, 0x00000000edb00000, 0x00000000edb00000|100%| E|CS|TAMS 0x00000000eda00000, 0x00000000eda00000| Complete 
| 219|0x00000000edb00000, 0x00000000edc00000, 0x00000000edc00000|100%| E|CS|TAMS 0x00000000edb00000, 0x00000000edb00000| Complete 
| 220|0x00000000edc00000, 0x00000000edd00000, 0x00000000edd00000|100%| E|CS|TAMS 0x00000000edc00000, 0x00000000edc00000| Complete 
| 221|0x00000000edd00000, 0x00000000ede00000, 0x00000000ede00000|100%| E|CS|TAMS 0x00000000edd00000, 0x00000000edd00000| Complete 
| 222|0x00000000ede00000, 0x00000000edf00000, 0x00000000edf00000|100%| E|CS|TAMS 0x00000000ede00000, 0x00000000ede00000| Complete 
| 223|0x00000000edf00000, 0x00000000ee000000, 0x00000000ee000000|100%| E|CS|TAMS 0x00000000edf00000, 0x00000000edf00000| Complete 
| 224|0x00000000ee000000, 0x00000000ee100000, 0x00000000ee100000|100%| E|CS|TAMS 0x00000000ee000000, 0x00000000ee000000| Complete 
| 225|0x00000000ee100000, 0x00000000ee200000, 0x00000000ee200000|100%| E|CS|TAMS 0x00000000ee100000, 0x00000000ee100000| Complete 
| 226|0x00000000ee200000, 0x00000000ee300000, 0x00000000ee300000|100%| E|CS|TAMS 0x00000000ee200000, 0x00000000ee200000| Complete 
| 227|0x00000000ee300000, 0x00000000ee400000, 0x00000000ee400000|100%| E|  |TAMS 0x00000000ee300000, 0x00000000ee300000| Complete 
| 228|0x00000000ee400000, 0x00000000ee500000, 0x00000000ee500000|100%| E|CS|TAMS 0x00000000ee400000, 0x00000000ee400000| Complete 
| 229|0x00000000ee500000, 0x00000000ee600000, 0x00000000ee600000|100%| E|CS|TAMS 0x00000000ee500000, 0x00000000ee500000| Complete 
| 230|0x00000000ee600000, 0x00000000ee700000, 0x00000000ee700000|100%| E|CS|TAMS 0x00000000ee600000, 0x00000000ee600000| Complete 
| 231|0x00000000ee700000, 0x00000000ee800000, 0x00000000ee800000|100%| E|CS|TAMS 0x00000000ee700000, 0x00000000ee700000| Complete 
| 232|0x00000000ee800000, 0x00000000ee900000, 0x00000000ee900000|100%| E|CS|TAMS 0x00000000ee800000, 0x00000000ee800000| Complete 
| 233|0x00000000ee900000, 0x00000000eea00000, 0x00000000eea00000|100%| E|CS|TAMS 0x00000000ee900000, 0x00000000ee900000| Complete 
| 234|0x00000000eea00000, 0x00000000eeb00000, 0x00000000eeb00000|100%| E|CS|TAMS 0x00000000eea00000, 0x00000000eea00000| Complete 
| 235|0x00000000eeb00000, 0x00000000eec00000, 0x00000000eec00000|100%| E|CS|TAMS 0x00000000eeb00000, 0x00000000eeb00000| Complete 
| 236|0x00000000eec00000, 0x00000000eed00000, 0x00000000eed00000|100%| E|CS|TAMS 0x00000000eec00000, 0x00000000eec00000| Complete 
| 237|0x00000000eed00000, 0x00000000eee00000, 0x00000000eee00000|100%| E|CS|TAMS 0x00000000eed00000, 0x00000000eed00000| Complete 
| 238|0x00000000eee00000, 0x00000000eef00000, 0x00000000eef00000|100%| E|CS|TAMS 0x00000000eee00000, 0x00000000eee00000| Complete 
| 239|0x00000000eef00000, 0x00000000ef000000, 0x00000000ef000000|100%| E|CS|TAMS 0x00000000eef00000, 0x00000000eef00000| Complete 
| 240|0x00000000ef000000, 0x00000000ef100000, 0x00000000ef100000|100%| E|CS|TAMS 0x00000000ef000000, 0x00000000ef000000| Complete 
| 241|0x00000000ef100000, 0x00000000ef200000, 0x00000000ef200000|100%| E|CS|TAMS 0x00000000ef100000, 0x00000000ef100000| Complete 
| 242|0x00000000ef200000, 0x00000000ef300000, 0x00000000ef300000|100%| E|CS|TAMS 0x00000000ef200000, 0x00000000ef200000| Complete 
| 243|0x00000000ef300000, 0x00000000ef400000, 0x00000000ef400000|100%| E|CS|TAMS 0x00000000ef300000, 0x00000000ef300000| Complete 
| 244|0x00000000ef400000, 0x00000000ef500000, 0x00000000ef500000|100%| E|CS|TAMS 0x00000000ef400000, 0x00000000ef400000| Complete 
| 245|0x00000000ef500000, 0x00000000ef600000, 0x00000000ef600000|100%| E|CS|TAMS 0x00000000ef500000, 0x00000000ef500000| Complete 
| 246|0x00000000ef600000, 0x00000000ef700000, 0x00000000ef700000|100%| E|CS|TAMS 0x00000000ef600000, 0x00000000ef600000| Complete 
| 247|0x00000000ef700000, 0x00000000ef800000, 0x00000000ef800000|100%| E|CS|TAMS 0x00000000ef700000, 0x00000000ef700000| Complete 
| 248|0x00000000ef800000, 0x00000000ef900000, 0x00000000ef900000|100%| E|CS|TAMS 0x00000000ef800000, 0x00000000ef800000| Complete 
| 249|0x00000000ef900000, 0x00000000efa00000, 0x00000000efa00000|100%| E|CS|TAMS 0x00000000ef900000, 0x00000000ef900000| Complete 
| 250|0x00000000efa00000, 0x00000000efb00000, 0x00000000efb00000|100%| E|CS|TAMS 0x00000000efa00000, 0x00000000efa00000| Complete 
| 251|0x00000000efb00000, 0x00000000efc00000, 0x00000000efc00000|100%| E|CS|TAMS 0x00000000efb00000, 0x00000000efb00000| Complete 
| 252|0x00000000efc00000, 0x00000000efd00000, 0x00000000efd00000|100%| E|CS|TAMS 0x00000000efc00000, 0x00000000efc00000| Complete 
| 253|0x00000000efd00000, 0x00000000efe00000, 0x00000000efe00000|100%| E|CS|TAMS 0x00000000efd00000, 0x00000000efd00000| Complete 
| 254|0x00000000efe00000, 0x00000000eff00000, 0x00000000eff00000|100%| E|CS|TAMS 0x00000000efe00000, 0x00000000efe00000| Complete 
| 255|0x00000000eff00000, 0x00000000f0000000, 0x00000000f0000000|100%| E|CS|TAMS 0x00000000eff00000, 0x00000000eff00000| Complete 

Card table byte_map: [0x000002332e140000,0x000002332e240000] _byte_map_base: 0x000002332da40000

Marking Bits (Prev, Next): (CMBitMap*) 0x000002332da86660, (CMBitMap*) 0x000002332da86628
 Prev Bits: [0x00000233462e0000, 0x0000023346ae0000)
 Next Bits: [0x0000023345ae0000, 0x00000233462e0000)

Polling page: 0x000002332bd70000

Metaspace:

Usage:
  Non-class:     52.14 MB capacity,    50.80 MB ( 97%) used,     1.13 MB (  2%) free+waste,   213.88 KB ( <1%) overhead. 
      Class:      8.49 MB capacity,     7.74 MB ( 91%) used,   666.55 KB (  8%) free+waste,   104.62 KB (  1%) overhead. 
       Both:     60.63 MB capacity,    58.53 MB ( 97%) used,     1.78 MB (  3%) free+waste,   318.50 KB ( <1%) overhead. 

Virtual space:
  Non-class space:       54.00 MB reserved,      52.33 MB ( 97%) committed 
      Class space:      248.00 MB reserved,       8.50 MB (  3%) committed 
             Both:      302.00 MB reserved,      60.83 MB ( 20%) committed 

Chunk freelists:
   Non-Class:  63.00 KB
       Class:  0 bytes
        Both:  63.00 KB

MaxMetaspaceSize: 256.00 MB
CompressedClassSpaceSize: 248.00 MB
Initial GC threshold: 20.80 MB
Current GC threshold: 98.46 MB
CDS: off

CodeHeap 'non-profiled nmethods': size=120064Kb used=3681Kb max_used=3681Kb free=116382Kb
 bounds [0x000002333e4a0000, 0x000002333e840000, 0x00000233459e0000]
CodeHeap 'profiled nmethods': size=120000Kb used=13690Kb max_used=13690Kb free=106309Kb
 bounds [0x0000023336f70000, 0x0000023337cd0000, 0x000002333e4a0000]
CodeHeap 'non-nmethods': size=5696Kb used=2321Kb max_used=2353Kb free=3374Kb
 bounds [0x00000233369e0000, 0x0000023336c50000, 0x0000023336f70000]
 total_blobs=7303 nmethods=6467 adapters=749
 compilation: enabled
              stopped_count=0, restarted_count=0
 full_count=0

Compilation events (20 events):
Event: 81.581 Thread 0x000002334968d800 nmethod 6488 0x0000023337ccb390 code [0x0000023337ccb540, 0x0000023337ccb638]
Event: 81.583 Thread 0x000002334968d800 6489       3       java.beans.ThreadGroupContext::getContext (16 bytes)
Event: 81.584 Thread 0x000002334968d800 nmethod 6489 0x0000023337ccb710 code [0x0000023337ccb8e0, 0x0000023337ccbb88]
Event: 81.584 Thread 0x000002334968d800 6490   !   3       java.beans.WeakIdentityMap::removeStaleEntries (151 bytes)
Event: 81.585 Thread 0x000002334968d800 nmethod 6490 0x0000023337ccbc90 code [0x0000023337ccbf00, 0x0000023337ccce98]
Event: 81.586 Thread 0x0000023349685000 6491       4       org.codehaus.groovy.util.SingleKeyHashMap::get (67 bytes)
Event: 81.602 Thread 0x0000023349685000 nmethod 6491 0x000002333e834e90 code [0x000002333e835060, 0x000002333e8355c8]
Event: 81.609 Thread 0x000002334968d800 6492       3       groovy.lang.MetaClassImpl::getMetaProperty (45 bytes)
Event: 81.611 Thread 0x000002334968d800 nmethod 6492 0x0000023337ccd590 code [0x0000023337ccd780, 0x0000023337ccdc58]
Event: 81.646 Thread 0x0000023349685000 6493       4       groovy.lang.MetaClassImpl::addToAllMethodsIfPublic (22 bytes)
Event: 81.662 Thread 0x0000023349685000 nmethod 6493 0x000002333e835990 code [0x000002333e835b40, 0x000002333e836138]
Event: 81.678 Thread 0x000002334968d800 6494       3       java.beans.WeakIdentityMap$Entry::isMatched (22 bytes)
Event: 81.678 Thread 0x000002334968d800 nmethod 6494 0x0000023337ccde10 code [0x0000023337ccdfc0, 0x0000023337cce218]
Event: 81.703 Thread 0x0000023349685000 6495       4       java.util.zip.ZipFile::getZipEntry (325 bytes)
Event: 81.742 Thread 0x000002334968d800 6496       3       java.util.LinkedList::<init> (11 bytes)
Event: 81.743 Thread 0x000002334968d800 nmethod 6496 0x0000023337cce290 code [0x0000023337cce480, 0x0000023337cce828]
Event: 81.753 Thread 0x0000023349685000 nmethod 6495 0x000002333e836490 code [0x000002333e8366a0, 0x000002333e8379c8]
Event: 81.754 Thread 0x0000023349685000 6497       4       groovy.lang.MetaMethod::isStatic (16 bytes)
Event: 81.755 Thread 0x0000023349685000 nmethod 6497 0x000002333e838410 code [0x000002333e8385a0, 0x000002333e838658]
Event: 81.768 Thread 0x0000023349685000 6498 %     4       groovy.lang.MetaClassImpl::inheritInterfaceNewMetaMethods @ 100 (195 bytes)

GC Heap History (20 events):
Event: 3.036 GC heap before
{Heap before GC invocations=0 (full 0):
 garbage-first heap   total 262144K, used 11264K [0x00000000e0000000, 0x0000000100000000)
  region size 1024K, 12 young (12288K), 0 survivors (0K)
 Metaspace       used 6747K, capacity 6937K, committed 7168K, reserved 262144K
  class space    used 573K, capacity 650K, committed 768K, reserved 253952K
}
Event: 3.050 GC heap after
{Heap after GC invocations=1 (full 0):
 garbage-first heap   total 262144K, used 2985K [0x00000000e0000000, 0x0000000100000000)
  region size 1024K, 2 young (2048K), 2 survivors (2048K)
 Metaspace       used 6747K, capacity 6937K, committed 7168K, reserved 262144K
  class space    used 573K, capacity 650K, committed 768K, reserved 253952K
}
Event: 5.469 GC heap before
{Heap before GC invocations=1 (full 0):
 garbage-first heap   total 262144K, used 15273K [0x00000000e0000000, 0x0000000100000000)
  region size 1024K, 12 young (12288K), 2 survivors (2048K)
 Metaspace       used 9946K, capacity 10173K, committed 10368K, reserved 264192K
  class space    used 988K, capacity 1072K, committed 1152K, reserved 253952K
}
Event: 5.479 GC heap after
{Heap after GC invocations=2 (full 0):
 garbage-first heap   total 262144K, used 9475K [0x00000000e0000000, 0x0000000100000000)
  region size 1024K, 2 young (2048K), 2 survivors (2048K)
 Metaspace       used 9946K, capacity 10173K, committed 10368K, reserved 264192K
  class space    used 988K, capacity 1072K, committed 1152K, reserved 253952K
}
Event: 6.915 GC heap before
{Heap before GC invocations=2 (full 0):
 garbage-first heap   total 262144K, used 23811K [0x00000000e0000000, 0x0000000100000000)
  region size 1024K, 16 young (16384K), 2 survivors (2048K)
 Metaspace       used 11212K, capacity 11451K, committed 11520K, reserved 264192K
  class space    used 1146K, capacity 1242K, committed 1280K, reserved 253952K
}
Event: 6.920 GC heap after
{Heap after GC invocations=3 (full 0):
 garbage-first heap   total 262144K, used 9898K [0x00000000e0000000, 0x0000000100000000)
  region size 1024K, 1 young (1024K), 1 survivors (1024K)
 Metaspace       used 11212K, capacity 11451K, committed 11520K, reserved 264192K
  class space    used 1146K, capacity 1242K, committed 1280K, reserved 253952K
}
Event: 7.874 GC heap before
{Heap before GC invocations=3 (full 0):
 garbage-first heap   total 262144K, used 29354K [0x00000000e0000000, 0x0000000100000000)
  region size 1024K, 20 young (20480K), 1 survivors (1024K)
 Metaspace       used 11359K, capacity 11643K, committed 11776K, reserved 266240K
  class space    used 1148K, capacity 1242K, committed 1280K, reserved 253952K
}
Event: 7.881 GC heap after
{Heap after GC invocations=4 (full 0):
 garbage-first heap   total 262144K, used 14531K [0x00000000e0000000, 0x0000000100000000)
  region size 1024K, 3 young (3072K), 3 survivors (3072K)
 Metaspace       used 11359K, capacity 11643K, committed 11776K, reserved 266240K
  class space    used 1148K, capacity 1242K, committed 1280K, reserved 253952K
}
Event: 13.531 GC heap before
{Heap before GC invocations=4 (full 0):
 garbage-first heap   total 262144K, used 41155K [0x00000000e0000000, 0x0000000100000000)
  region size 1024K, 29 young (29696K), 3 survivors (3072K)
 Metaspace       used 16211K, capacity 16584K, committed 16896K, reserved 270336K
  class space    used 1815K, capacity 1933K, committed 2048K, reserved 253952K
}
Event: 13.546 GC heap after
{Heap after GC invocations=5 (full 0):
 garbage-first heap   total 262144K, used 16603K [0x00000000e0000000, 0x0000000100000000)
  region size 1024K, 3 young (3072K), 3 survivors (3072K)
 Metaspace       used 16211K, capacity 16584K, committed 16896K, reserved 270336K
  class space    used 1815K, capacity 1933K, committed 2048K, reserved 253952K
}
Event: 14.711 GC heap before
{Heap before GC invocations=5 (full 0):
 garbage-first heap   total 262144K, used 52443K [0x00000000e0000000, 0x0000000100000000)
  region size 1024K, 38 young (38912K), 3 survivors (3072K)
 Metaspace       used 20604K, capacity 21082K, committed 21296K, reserved 274432K
  class space    used 2479K, capacity 2648K, committed 2688K, reserved 253952K
}
Event: 14.724 GC heap after
{Heap after GC invocations=6 (full 0):
 garbage-first heap   total 262144K, used 17754K [0x00000000e0000000, 0x0000000100000000)
  region size 1024K, 4 young (4096K), 4 survivors (4096K)
 Metaspace       used 20604K, capacity 21082K, committed 21296K, reserved 274432K
  class space    used 2479K, capacity 2648K, committed 2688K, reserved 253952K
}
Event: 14.754 GC heap before
{Heap before GC invocations=6 (full 0):
 garbage-first heap   total 262144K, used 19802K [0x00000000e0000000, 0x0000000100000000)
  region size 1024K, 7 young (7168K), 4 survivors (4096K)
 Metaspace       used 20713K, capacity 21146K, committed 21296K, reserved 274432K
  class space    used 2496K, capacity 2648K, committed 2688K, reserved 253952K
}
Event: 14.763 GC heap after
{Heap after GC invocations=7 (full 0):
 garbage-first heap   total 262144K, used 17965K [0x00000000e0000000, 0x0000000100000000)
  region size 1024K, 4 young (4096K), 4 survivors (4096K)
 Metaspace       used 20713K, capacity 21146K, committed 21296K, reserved 274432K
  class space    used 2496K, capacity 2648K, committed 2688K, reserved 253952K
}
Event: 26.737 GC heap before
{Heap before GC invocations=8 (full 0):
 garbage-first heap   total 262144K, used 148013K [0x00000000e0000000, 0x0000000100000000)
  region size 1024K, 132 young (135168K), 4 survivors (4096K)
 Metaspace       used 34917K, capacity 35805K, committed 35888K, reserved 286720K
  class space    used 4600K, capacity 4929K, committed 4992K, reserved 253952K
}
Event: 26.770 GC heap after
{Heap after GC invocations=9 (full 0):
 garbage-first heap   total 262144K, used 22846K [0x00000000e0000000, 0x0000000100000000)
  region size 1024K, 9 young (9216K), 9 survivors (9216K)
 Metaspace       used 34917K, capacity 35805K, committed 35888K, reserved 286720K
  class space    used 4600K, capacity 4929K, committed 4992K, reserved 253952K
}
Event: 47.475 GC heap before
{Heap before GC invocations=10 (full 0):
 garbage-first heap   total 262144K, used 173374K [0x00000000e0000000, 0x0000000100000000)
  region size 1024K, 153 young (156672K), 9 survivors (9216K)
 Metaspace       used 50303K, capacity 51692K, committed 51760K, reserved 299008K
  class space    used 6484K, capacity 7000K, committed 7040K, reserved 253952K
}
Event: 47.618 GC heap after
{Heap after GC invocations=11 (full 0):
 garbage-first heap   total 262144K, used 32727K [0x00000000e0000000, 0x0000000100000000)
  region size 1024K, 18 young (18432K), 18 survivors (18432K)
 Metaspace       used 50303K, capacity 51692K, committed 51760K, reserved 299008K
  class space    used 6484K, capacity 7000K, committed 7040K, reserved 253952K
}
Event: 54.394 GC heap before
{Heap before GC invocations=11 (full 0):
 garbage-first heap   total 262144K, used 160727K [0x00000000e0000000, 0x0000000100000000)
  region size 1024K, 144 young (147456K), 18 survivors (18432K)
 Metaspace       used 58164K, capacity 60115K, committed 60240K, reserved 307200K
  class space    used 7641K, capacity 8392K, committed 8448K, reserved 253952K
}
Event: 54.499 GC heap after
{Heap after GC invocations=12 (full 0):
 garbage-first heap   total 262144K, used 39775K [0x00000000e0000000, 0x0000000100000000)
  region size 1024K, 17 young (17408K), 17 survivors (17408K)
 Metaspace       used 58164K, capacity 60115K, committed 60240K, reserved 307200K
  class space    used 7641K, capacity 8392K, committed 8448K, reserved 253952K
}

Deoptimization events (20 events):
Event: 81.552 Thread 0x000002334eeea800 Uncommon trap: trap_request=0xffffff4d fr.pc=0x000002333e4d0648 relative=0x0000000000000228
Event: 81.552 Thread 0x000002334eeea800 Uncommon trap: reason=unstable_if action=reinterpret pc=0x000002333e4d0648 method=java.lang.AbstractStringBuilder.isLatin1()Z @ 10 c2
Event: 81.552 Thread 0x000002334eeea800 DEOPT PACKING pc=0x000002333e4d0648 sp=0x000000f945afbff0
Event: 81.553 Thread 0x000002334eeea800 DEOPT UNPACKING pc=0x0000023336a2a1a9 sp=0x000000f945afbf30 mode 2
Event: 81.556 Thread 0x000002334eeea800 Uncommon trap: trap_request=0xffffff4d fr.pc=0x000002333e55dff8 relative=0x0000000000000058
Event: 81.556 Thread 0x000002334eeea800 Uncommon trap: reason=unstable_if action=reinterpret pc=0x000002333e55dff8 method=java.util.Objects.equals(Ljava/lang/Object;Ljava/lang/Object;)Z @ 6 c2
Event: 81.556 Thread 0x000002334eeea800 DEOPT PACKING pc=0x000002333e55dff8 sp=0x000000f945afc2d0
Event: 81.556 Thread 0x000002334eeea800 DEOPT UNPACKING pc=0x0000023336a2a1a9 sp=0x000000f945afc270 mode 2
Event: 81.568 Thread 0x0000023349c76800 Uncommon trap: trap_request=0xffffff4d fr.pc=0x000002333e4b767c relative=0x00000000000001bc
Event: 81.568 Thread 0x0000023349c76800 Uncommon trap: reason=unstable_if action=reinterpret pc=0x000002333e4b767c method=java.lang.String.isLatin1()Z @ 10 c2
Event: 81.568 Thread 0x0000023349c76800 DEOPT PACKING pc=0x000002333e4b767c sp=0x000000f9430fcab0
Event: 81.568 Thread 0x0000023349c76800 DEOPT UNPACKING pc=0x0000023336a2a1a9 sp=0x000000f9430fc9e8 mode 2
Event: 81.604 Thread 0x000002334eeea800 Uncommon trap: trap_request=0xffffffc6 fr.pc=0x000002333e776344 relative=0x0000000000000384
Event: 81.604 Thread 0x000002334eeea800 Uncommon trap: reason=bimorphic_or_optimized_type_check action=maybe_recompile pc=0x000002333e776344 method=groovy.lang.MetaClassImpl.filterPropertyMethod(Ljava/lang/Object;ZZ)Ljava/lang/Object; @ 165 c2
Event: 81.604 Thread 0x000002334eeea800 DEOPT PACKING pc=0x000002333e776344 sp=0x000000f945afa8f0
Event: 81.604 Thread 0x000002334eeea800 DEOPT UNPACKING pc=0x0000023336a2a1a9 sp=0x000000f945afa858 mode 2
Event: 81.615 Thread 0x000002334eeea800 Uncommon trap: trap_request=0xffffffc6 fr.pc=0x000002333e835508 relative=0x00000000000004a8
Event: 81.618 Thread 0x000002334eeea800 Uncommon trap: reason=bimorphic_or_optimized_type_check action=maybe_recompile pc=0x000002333e835508 method=org.codehaus.groovy.util.SingleKeyHashMap.get(Ljava/lang/Object;)Ljava/lang/Object; @ 1 c2
Event: 81.618 Thread 0x000002334eeea800 DEOPT PACKING pc=0x000002333e835508 sp=0x000000f945afad30
Event: 81.618 Thread 0x000002334eeea800 DEOPT UNPACKING pc=0x0000023336a2a1a9 sp=0x000000f945aface0 mode 2

Classes redefined (0 events):
No events

Internal exceptions (20 events):
Event: 56.681 Thread 0x000002334eee9800 Exception <a 'java/lang/NoSuchMethodError'{0x00000000ed51cb90}: 'java.lang.Object java.lang.invoke.DirectMethodHandle$Holder.invokeStaticInit(java.lang.Object, java.lang.Object, long, java.lang.Object)'> (0x00000000ed51cb90) thrown at [s\src\hotspot\share\interpreter\linkResolver.cpp, line 773]
Event: 64.297 Thread 0x0000023349c76800 Exception <a 'java/lang/NoSuchMethodError'{0x00000000ed1bc350}: <clinit>> (0x00000000ed1bc350) thrown at [s\src\hotspot\share\prims\jni.cpp, line 1367]
Event: 64.299 Thread 0x0000023349c76800 Exception <a 'java/lang/NoSuchMethodError'{0x00000000ed1c5468}: <clinit>> (0x00000000ed1c5468) thrown at [s\src\hotspot\share\prims\jni.cpp, line 1367]
Event: 64.301 Thread 0x0000023349c76800 Exception <a 'java/lang/NoSuchMethodError'{0x00000000ed1ce500}: <clinit>> (0x00000000ed1ce500) thrown at [s\src\hotspot\share\prims\jni.cpp, line 1367]
Event: 81.458 Thread 0x000002334eef4000 Exception <a 'java/lang/NoSuchMethodError'{0x00000000ed2de010}: 'void java.lang.invoke.DirectMethodHandle$Holder.invokeSpecial(java.lang.Object, java.lang.Object, java.lang.Object, int)'> (0x00000000ed2de010) thrown at [s\src\hotspot\share\interpreter\linkResolver.cpp, line 773]
Event: 81.558 Thread 0x000002334eeea800 Exception <a 'java/lang/ClassNotFoundException'{0x00000000ecd64dd8}: groovy/runtime/metaclass/[Ljava/lang/Object;MetaClass> (0x00000000ecd64dd8) thrown at [s\src\hotspot\share\prims\jni.cpp, line 638]
Event: 81.559 Thread 0x0000023349c76800 Exception <a 'java/lang/NoSuchMethodError'{0x00000000ecd82368}: <clinit>> (0x00000000ecd82368) thrown at [s\src\hotspot\share\prims\jni.cpp, line 1367]
Event: 81.562 Thread 0x0000023349c76800 Exception <a 'java/lang/NoSuchMethodError'{0x00000000ecd93d30}: <clinit>> (0x00000000ecd93d30) thrown at [s\src\hotspot\share\prims\jni.cpp, line 1367]
Event: 81.562 Thread 0x0000023349c76800 Exception <a 'java/lang/NoSuchMethodError'{0x00000000ecd94b50}: <clinit>> (0x00000000ecd94b50) thrown at [s\src\hotspot\share\prims\jni.cpp, line 1367]
Event: 81.565 Thread 0x0000023349c76800 Exception <a 'java/lang/NoSuchMethodError'{0x00000000ecda65b0}: <clinit>> (0x00000000ecda65b0) thrown at [s\src\hotspot\share\prims\jni.cpp, line 1367]
Event: 81.566 Thread 0x0000023349c76800 Exception <a 'java/lang/NoSuchMethodError'{0x00000000ecda8ab8}: <clinit>> (0x00000000ecda8ab8) thrown at [s\src\hotspot\share\prims\jni.cpp, line 1367]
Event: 81.568 Thread 0x0000023349c76800 Exception <a 'java/lang/NoSuchMethodError'{0x00000000ecdb3368}: <clinit>> (0x00000000ecdb3368) thrown at [s\src\hotspot\share\prims\jni.cpp, line 1367]
Event: 81.583 Thread 0x000002334eeea800 Exception <a 'java/lang/ClassNotFoundException'{0x00000000ecd6b2f8}: [Ljava/lang/Object;BeanInfo> (0x00000000ecd6b2f8) thrown at [s\src\hotspot\share\prims\jni.cpp, line 638]
Event: 81.583 Thread 0x000002334eeea800 Exception <a 'java/lang/ClassNotFoundException'{0x00000000ecd6bb60}: [Ljava/lang/Object;BeanInfo> (0x00000000ecd6bb60) thrown at [s\src\hotspot\share\prims\jni.cpp, line 638]
Event: 81.585 Thread 0x000002334eeea800 Exception <a 'java/lang/ClassNotFoundException'{0x00000000ecd6c488}: [Ljava/lang/Object;Customizer> (0x00000000ecd6c488) thrown at [s\src\hotspot\share\prims\jni.cpp, line 638]
Event: 81.585 Thread 0x000002334eeea800 Exception <a 'java/lang/ClassNotFoundException'{0x00000000ecd6ccf0}: [Ljava/lang/Object;Customizer> (0x00000000ecd6ccf0) thrown at [s\src\hotspot\share\prims\jni.cpp, line 638]
Event: 81.703 Thread 0x000002334eeea800 Exception <a 'java/lang/ClassNotFoundException'{0x00000000ecc49f68}: groovy/lang/GString$1BeanInfo> (0x00000000ecc49f68) thrown at [s\src\hotspot\share\classfile\systemDictionary.cpp, line 230]
Event: 81.738 Thread 0x000002334eeea800 Exception <a 'java/lang/ClassNotFoundException'{0x00000000ecc67fd0}: groovy/lang/GStringBeanInfo> (0x00000000ecc67fd0) thrown at [s\src\hotspot\share\classfile\systemDictionary.cpp, line 230]
Event: 81.739 Thread 0x000002334eeea800 Exception <a 'java/lang/ClassNotFoundException'{0x00000000ecc855d8}: groovy/lang/GStringCustomizer> (0x00000000ecc855d8) thrown at [s\src\hotspot\share\classfile\systemDictionary.cpp, line 230]
Event: 81.742 Thread 0x000002334eeea800 Exception <a 'java/lang/ClassNotFoundException'{0x00000000eccac490}: groovy/lang/GString$1Customizer> (0x00000000eccac490) thrown at [s\src\hotspot\share\classfile\systemDictionary.cpp, line 230]

Events (20 events):
Event: 81.739 loading class groovy/lang/GStringCustomizer
Event: 81.739 loading class groovy/lang/GStringCustomizer done
Event: 81.739 loading class groovy/lang/GStringCustomizer
Event: 81.739 loading class groovy/lang/GStringCustomizer done
Event: 81.739 loading class groovy/lang/GStringCustomizer
Event: 81.739 loading class groovy/lang/GStringCustomizer done
Event: 81.740 Executing VM operation: RevokeBias
Event: 81.740 Executing VM operation: RevokeBias done
Event: 81.740 Executing VM operation: RevokeBias
Event: 81.740 Executing VM operation: RevokeBias done
Event: 81.740 Executing VM operation: RevokeBias
Event: 81.741 Executing VM operation: RevokeBias done
Event: 81.741 loading class groovy/lang/GString$1Customizer
Event: 81.741 loading class groovy/lang/GString$1Customizer done
Event: 81.742 loading class groovy/lang/GString$1Customizer
Event: 81.742 loading class groovy/lang/GString$1Customizer done
Event: 81.742 loading class groovy/lang/GString$1Customizer
Event: 81.742 loading class groovy/lang/GString$1Customizer done
Event: 81.744 loading class groovy/runtime/metaclass/org/codehaus/groovy/runtime/GStringImplMetaClass
Event: 81.744 loading class groovy/runtime/metaclass/org/codehaus/groovy/runtime/GStringImplMetaClass done


Dynamic libraries:
0x00007ff600a60000 - 0x00007ff600a6e000 	C:\Program Files\Eclipse Adoptium\jdk-11.0.19.7-hotspot\bin\java.exe
0x00007ffdda610000 - 0x00007ffdda807000 	C:\WINDOWS\SYSTEM32\ntdll.dll
0x00007ffdd8680000 - 0x00007ffdd873d000 	C:\WINDOWS\System32\KERNEL32.DLL
0x00007ffdd8020000 - 0x00007ffdd8316000 	C:\WINDOWS\System32\KERNELBASE.dll
0x00007ffdd5490000 - 0x00007ffdd5520000 	C:\WINDOWS\SYSTEM32\apphelp.dll
0x00007ffdb3640000 - 0x00007ffdb3ad6000 	C:\WINDOWS\SYSTEM32\AcLayers.DLL
0x00007ffdd9650000 - 0x00007ffdd96ee000 	C:\WINDOWS\System32\msvcrt.dll
0x00007ffdd8ff0000 - 0x00007ffdd918e000 	C:\WINDOWS\System32\USER32.dll
0x00007ffdd7db0000 - 0x00007ffdd7dd2000 	C:\WINDOWS\System32\win32u.dll
0x00007ffdd9aa0000 - 0x00007ffdd9acc000 	C:\WINDOWS\System32\GDI32.dll
0x00007ffdd8480000 - 0x00007ffdd859a000 	C:\WINDOWS\System32\gdi32full.dll
0x00007ffdd85d0000 - 0x00007ffdd866d000 	C:\WINDOWS\System32\msvcp_win.dll
0x00007ffdd7f20000 - 0x00007ffdd8020000 	C:\WINDOWS\System32\ucrtbase.dll
0x00007ffdd9ad0000 - 0x00007ffdda214000 	C:\WINDOWS\System32\SHELL32.dll
0x00007ffdd8f90000 - 0x00007ffdd8fe5000 	C:\WINDOWS\System32\SHLWAPI.dll
0x00007ffdda4c0000 - 0x00007ffdda56e000 	C:\WINDOWS\System32\ADVAPI32.dll
0x00007ffdd98e0000 - 0x00007ffdd997c000 	C:\WINDOWS\System32\sechost.dll
0x00007ffdda220000 - 0x00007ffdda346000 	C:\WINDOWS\System32\RPCRT4.dll
0x000002332bce0000 - 0x000002332bce3000 	C:\WINDOWS\SYSTEM32\sfc.dll
0x00007ffdc4770000 - 0x00007ffdc480d000 	C:\WINDOWS\SYSTEM32\WINSPOOL.DRV
0x00007ffdd8740000 - 0x00007ffdd8a94000 	C:\WINDOWS\System32\combase.dll
0x00007ffdd9330000 - 0x00007ffdd93dd000 	C:\WINDOWS\System32\shcore.dll
0x00007ffdc37a0000 - 0x00007ffdc37b2000 	C:\WINDOWS\SYSTEM32\sfc_os.DLL
0x00007ffdd36c0000 - 0x00007ffdd36d1000 	C:\WINDOWS\SYSTEM32\SortWindows61.dll
0x00007ffdd97c0000 - 0x00007ffdd97f0000 	C:\WINDOWS\System32\IMM32.DLL
0x00007ffdd74c0000 - 0x00007ffdd74f0000 	C:\WINDOWS\system32\DriverStore\FileRepository\nvacwu.inf_amd64_bdd6ea477d4e2fba\nvinitx.dll
0x00007ffdd74b0000 - 0x00007ffdd74ba000 	C:\WINDOWS\SYSTEM32\VERSION.dll
0x00007ffdd5d50000 - 0x00007ffdd64eb000 	C:\WINDOWS\SYSTEM32\windows.storage.dll
0x00007ffdd7730000 - 0x00007ffdd775d000 	C:\WINDOWS\SYSTEM32\Wldp.dll
0x000000006a050000 - 0x000000006a056000 	C:\Program Files\NVIDIA Corporation\CoProcManager\_etoured.dll
0x00007ffdd3490000 - 0x00007ffdd34cb000 	C:\Program Files\NVIDIA Corporation\CoProcManager\nvd3d9wrapx.dll
0x00007ffdd8aa0000 - 0x00007ffdd8f0e000 	C:\WINDOWS\System32\SETUPAPI.dll
0x00007ffdd7d60000 - 0x00007ffdd7dae000 	C:\WINDOWS\System32\cfgmgr32.dll
0x00007ffdd85a0000 - 0x00007ffdd85c7000 	C:\WINDOWS\System32\bcrypt.dll
0x00007ffdd33e0000 - 0x00007ffdd3404000 	C:\Program Files\NVIDIA Corporation\CoProcManager\nvdxgiwrapx.dll
0x00007ffdd18d0000 - 0x00007ffdd18e8000 	C:\Program Files\Eclipse Adoptium\jdk-11.0.19.7-hotspot\bin\jli.dll
0x00007ffdd18b0000 - 0x00007ffdd18c9000 	C:\Program Files\Eclipse Adoptium\jdk-11.0.19.7-hotspot\bin\VCRUNTIME140.dll
0x00007ffdc9e40000 - 0x00007ffdca0da000 	C:\WINDOWS\WinSxS\amd64_microsoft.windows.common-controls_6595b64144ccf1df_6.0.19041.3570_none_60bb2a3971f3e41a\COMCTL32.dll
0x00007ffdd1cc0000 - 0x00007ffdd1ccc000 	C:\Program Files\Eclipse Adoptium\jdk-11.0.19.7-hotspot\bin\vcruntime140_1.dll
0x00007ffdb8e00000 - 0x00007ffdb8e91000 	C:\Program Files\Eclipse Adoptium\jdk-11.0.19.7-hotspot\bin\msvcp140.dll
0x00007ffdaad80000 - 0x00007ffdab93c000 	C:\Program Files\Eclipse Adoptium\jdk-11.0.19.7-hotspot\bin\server\jvm.dll
0x00007ffdd92c0000 - 0x00007ffdd92c8000 	C:\WINDOWS\System32\PSAPI.DLL
0x00007ffdd36e0000 - 0x00007ffdd36e9000 	C:\WINDOWS\SYSTEM32\WSOCK32.dll
0x00007ffdc70b0000 - 0x00007ffdc70d7000 	C:\WINDOWS\SYSTEM32\WINMM.dll
0x00007ffdda450000 - 0x00007ffdda4bb000 	C:\WINDOWS\System32\WS2_32.dll
0x00007ffdd5b50000 - 0x00007ffdd5b62000 	C:\WINDOWS\SYSTEM32\kernel.appcore.dll
0x00007ffdd19f0000 - 0x00007ffdd1a00000 	C:\Program Files\Eclipse Adoptium\jdk-11.0.19.7-hotspot\bin\verify.dll
0x00007ffdc6760000 - 0x00007ffdc6944000 	C:\WINDOWS\SYSTEM32\DBGHELP.DLL
0x00007ffdc66f0000 - 0x00007ffdc6724000 	C:\WINDOWS\SYSTEM32\dbgcore.DLL
0x000002332d9b0000 - 0x000002332da32000 	C:\WINDOWS\System32\bcryptPrimitives.dll
0x00007ffdd0fa0000 - 0x00007ffdd0fc8000 	C:\Program Files\Eclipse Adoptium\jdk-11.0.19.7-hotspot\bin\java.dll
0x00007ffdd18a0000 - 0x00007ffdd18aa000 	C:\Program Files\Eclipse Adoptium\jdk-11.0.19.7-hotspot\bin\jimage.dll
0x00007ffdd0ac0000 - 0x00007ffdd0ad8000 	C:\Program Files\Eclipse Adoptium\jdk-11.0.19.7-hotspot\bin\zip.dll
0x00007ffdd7c20000 - 0x00007ffdd7c45000 	C:\WINDOWS\SYSTEM32\profapi.dll
0x00007ffdce9f0000 - 0x00007ffdcea09000 	C:\Program Files\Eclipse Adoptium\jdk-11.0.19.7-hotspot\bin\net.dll
0x00007ffdcd9b0000 - 0x00007ffdcdaba000 	C:\WINDOWS\SYSTEM32\WINHTTP.dll
0x00007ffdd73e0000 - 0x00007ffdd744a000 	C:\WINDOWS\system32\mswsock.dll
0x00007ffdce500000 - 0x00007ffdce513000 	C:\Program Files\Eclipse Adoptium\jdk-11.0.19.7-hotspot\bin\nio.dll
0x00007ffdd2d10000 - 0x00007ffdd2d37000 	C:\Users\1\.gradle\native\68d5fa5c4cc2d200863cafc0d521ce42e7d3e7ee720ec0a83991735586a16f82\windows-amd64\native-platform.dll
0x00007ffdb8b60000 - 0x00007ffdb8ca4000 	C:\Users\1\.gradle\native\e376f236ea51e6404a007f0833ffe2c6e607c4080706a723a18a27aeea778392\windows-amd64\native-platform-file-events.dll
0x00007ffdd3700000 - 0x00007ffdd3709000 	C:\Program Files\Eclipse Adoptium\jdk-11.0.19.7-hotspot\bin\management.dll
0x00007ffdd36f0000 - 0x00007ffdd36fb000 	C:\Program Files\Eclipse Adoptium\jdk-11.0.19.7-hotspot\bin\management_ext.dll
0x00007ffdd7610000 - 0x00007ffdd7628000 	C:\WINDOWS\SYSTEM32\CRYPTSP.dll
0x00007ffdd6c90000 - 0x00007ffdd6cc4000 	C:\WINDOWS\system32\rsaenh.dll
0x00007ffdd7ba0000 - 0x00007ffdd7bce000 	C:\WINDOWS\SYSTEM32\USERENV.dll
0x00007ffdd7630000 - 0x00007ffdd763c000 	C:\WINDOWS\SYSTEM32\CRYPTBASE.dll
0x00007ffdd70d0000 - 0x00007ffdd710b000 	C:\WINDOWS\SYSTEM32\IPHLPAPI.DLL
0x00007ffdd8670000 - 0x00007ffdd8678000 	C:\WINDOWS\System32\NSI.dll
0x00007ffdce4d0000 - 0x00007ffdce4e7000 	C:\WINDOWS\SYSTEM32\dhcpcsvc6.DLL
0x00007ffdcf380000 - 0x00007ffdcf39d000 	C:\WINDOWS\SYSTEM32\dhcpcsvc.DLL
0x00007ffdd7110000 - 0x00007ffdd71da000 	C:\WINDOWS\SYSTEM32\DNSAPI.dll

dbghelp: loaded successfully - version: 4.0.5 - missing functions: none
symbol engine: initialized successfully - sym options: 0x614 - pdb path: .;C:\Program Files\Eclipse Adoptium\jdk-11.0.19.7-hotspot\bin;C:\WINDOWS\SYSTEM32;C:\WINDOWS\system32\DriverStore\FileRepository\nvacwu.inf_amd64_bdd6ea477d4e2fba;C:\Program Files\NVIDIA Corporation\CoProcManager;C:\WINDOWS\WinSxS\amd64_microsoft.windows.common-controls_6595b64144ccf1df_6.0.19041.3570_none_60bb2a3971f3e41a;C:\Program Files\Eclipse Adoptium\jdk-11.0.19.7-hotspot\bin\server;C:\Users\1\.gradle\native\68d5fa5c4cc2d200863cafc0d521ce42e7d3e7ee720ec0a83991735586a16f82\windows-amd64;C:\Users\1\.gradle\native\e376f236ea51e6404a007f0833ffe2c6e607c4080706a723a18a27aeea778392\windows-amd64

VM Arguments:
jvm_args: --add-opens=java.base/java.util=ALL-UNNAMED --add-opens=java.base/java.lang=ALL-UNNAMED --add-opens=java.base/java.lang.invoke=ALL-UNNAMED --add-opens=java.prefs/java.util.prefs=ALL-UNNAMED --add-opens=java.base/java.nio.charset=ALL-UNNAMED --add-opens=java.base/java.net=ALL-UNNAMED --add-opens=java.base/java.util.concurrent.atomic=ALL-UNNAMED -XX:MaxMetaspaceSize=256m -XX:+HeapDumpOnOutOfMemoryError -Xms256m -Xmx512m -Dfile.encoding=windows-1251 -Duser.country=RU -Duser.language=ru -Duser.variant 
java_command: org.gradle.launcher.daemon.bootstrap.GradleDaemon 7.6
java_class_path (initial): C:\Users\1\.gradle\wrapper\dists\gradle-7.6-bin\9l9tetv7ltxvx3i8an4pb86ye\gradle-7.6\lib\gradle-launcher-7.6.jar
Launcher Type: SUN_STANDARD

[Global flags]
     intx CICompilerCount                          = 2                                         {product} {ergonomic}
   size_t CompressedClassSpaceSize                 = 260046848                                 {product} {ergonomic}
     uint ConcGCThreads                            = 1                                         {product} {ergonomic}
     uint G1ConcRefinementThreads                  = 2                                         {product} {ergonomic}
   size_t G1HeapRegionSize                         = 1048576                                   {product} {ergonomic}
    uintx GCDrainStackTargetSize                   = 64                                        {product} {ergonomic}
     bool HeapDumpOnOutOfMemoryError               = true                                   {manageable} {command line}
   size_t InitialHeapSize                          = 268435456                                 {product} {command line}
   size_t MarkStackSize                            = 4194304                                   {product} {ergonomic}
   size_t MaxHeapSize                              = 536870912                                 {product} {command line}
   size_t MaxMetaspaceSize                         = 268435456                                 {product} {command line}
   size_t MaxNewSize                               = 321912832                                 {product} {ergonomic}
   size_t MinHeapDeltaBytes                        = 1048576                                   {product} {ergonomic}
    uintx NonNMethodCodeHeapSize                   = 5825164                                {pd product} {ergonomic}
    uintx NonProfiledCodeHeapSize                  = 122916538                              {pd product} {ergonomic}
    uintx ProfiledCodeHeapSize                     = 122916538                              {pd product} {ergonomic}
    uintx ReservedCodeCacheSize                    = 251658240                              {pd product} {ergonomic}
     bool SegmentedCodeCache                       = true                                      {product} {ergonomic}
     bool UseCompressedClassPointers               = true                                 {lp64_product} {ergonomic}
     bool UseCompressedOops                        = true                                 {lp64_product} {ergonomic}
     bool UseG1GC                                  = true                                      {product} {ergonomic}
     bool UseLargePagesIndividualAllocation        = false                                  {pd product} {ergonomic}

Logging:
Log output configuration:
 #0: stdout all=warning uptime,level,tags
 #1: stderr all=off uptime,level,tags

Environment Variables:
PATH=C:\Program Files\Eclipse Adoptium\jdk-11.0.19.7-hotspot\bin;C:\WINDOWS\system32;C:\WINDOWS;C:\WINDOWS\System32\Wbem;C:\WINDOWS\System32\WindowsPowerShell\v1.0\;C:\WINDOWS\System32\OpenSSH\;C:\Program Files\Git\cmd;C:\Users\1\AppData\Local\Microsoft\WindowsApps;;C:\Users\1\AppData\Local\Programs\Microsoft VS Code\bin
USERNAME=1
OS=Windows_NT
PROCESSOR_IDENTIFIER=Intel64 Family 6 Model 37 Stepping 5, GenuineIntel
TMP=C:\Users\1\AppData\Local\Temp
TEMP=C:\Users\1\AppData\Local\Temp



---------------  S Y S T E M  ---------------

OS: Windows 10 , 64 bit Build 19041 (10.0.19041.3570)
OS uptime: 0 days 1:38 hours

CPU:total 2 (initial active 2) (2 cores per cpu, 1 threads per core) family 6 model 37 stepping 5 microcode 0x7, cmov, cx8, fxsr, mmx, sse, sse2, sse3, ssse3, popcnt, tsc, tscinvbit

Memory: 4k page, system-wide physical 3766M (346M free)
TotalPageFile size 5814M (AvailPageFile size 2M)
current process WorkingSet (physical memory assigned to process): 410M, peak: 410M
current process commit charge ("private bytes"): 498M, peak: 498M

vm_info: OpenJDK 64-Bit Server VM (11.0.19+7) for windows-amd64 JRE (11.0.19+7), built on Apr 18 2023 23:12:18 by "" with MS VC++ 16.7 (VS2019)

END.
