#
# There is insufficient memory for the Java Runtime Environment to continue.
# Native memory allocation (malloc) failed to allocate 394256 bytes for Chunk::new
# Possible reasons:
#   The system is out of physical RAM or swap space
#   The process is running with CompressedOops enabled, and the Java Heap may be blocking the growth of the native heap
# Possible solutions:
#   Reduce memory load on the system
#   Increase physical memory or swap space
#   Check if swap backing store is full
#   Decrease Java heap size (-Xmx/-Xms)
#   Decrease number of Java threads
#   Decrease Java thread stack sizes (-Xss)
#   Set larger code cache with -XX:ReservedCodeCacheSize=
#   JVM is running with Unscaled Compressed Oops mode in which the Java heap is
#     placed in the first 4GB address space. The Java Heap base address is the
#     maximum limit for the native heap growth. Please use -XX:HeapBaseMinAddress
#     to set the Java Heap base and to place the Java Heap above 4GB virtual address.
# This output file may be truncated or incomplete.
#
#  Out of Memory Error (arena.cpp:197), pid=9876, tid=7132
#
# JRE version: OpenJDK Runtime Environment Temurin-11.0.19+7 (11.0.19+7) (build 11.0.19+7)
# Java VM: OpenJDK 64-Bit Server VM Temurin-11.0.19+7 (11.0.19+7, mixed mode, tiered, compressed oops, g1 gc, windows-amd64)
# No core dump will be written. Minidumps are not enabled by default on client versions of Windows
#

---------------  S U M M A R Y ------------

Command Line: -Dorg.gradle.internal.worker.tmpdir=C:\Users\1\IdeaProjects\Idea03\Idea03\build\tmp\test\work -Dorg.gradle.native=false -Xmx512m -Dfile.encoding=windows-1251 -Duser.country=RU -Duser.language=ru -Duser.variant -ea worker.org.gradle.process.internal.worker.GradleWorkerMain 'Gradle Test Executor 2'

Host: Intel(R) Pentium(R) CPU        P6200  @ 2.13GHz, 2 cores, 3G,  Windows 10 , 64 bit Build 19041 (10.0.19041.3570)
Time: Mon Oct 30 22:50:08 2023 RTZ 2 (s 10 , 64 bit Build 19041 (10.0.19041.3570) elapsed time: 9.348716 seconds (0d 0h 0m 9s)

---------------  T H R E A D  ---------------

Current thread (0x00000212918ef800):  JavaThread "C2 CompilerThread0" daemon [_thread_in_native, id=7132, stack(0x0000008d71f00000,0x0000008d72000000)]


Current CompileTask:
C2:   9351 2165       4       java.lang.invoke.MethodType::makeImpl (108 bytes)

Stack: [0x0000008d71f00000,0x0000008d72000000]
Native frames: (J=compiled Java code, j=interpreted, Vv=VM code, C=native code)
V  [jvm.dll+0x64fb5a]
V  [jvm.dll+0x7e3549]
V  [jvm.dll+0x7e4c49]
V  [jvm.dll+0x7e5333]
V  [jvm.dll+0x26afd5]
V  [jvm.dll+0xc1a5c]
V  [jvm.dll+0xc200c]
V  [jvm.dll+0x2dd462]
V  [jvm.dll+0x559fe7]
V  [jvm.dll+0x22253b]
V  [jvm.dll+0x224b78]
V  [jvm.dll+0x221c74]
V  [jvm.dll+0x19e6c1]
V  [jvm.dll+0x231f59]
V  [jvm.dll+0x2300af]
V  [jvm.dll+0x7a48d0]
V  [jvm.dll+0x79d6e4]
V  [jvm.dll+0x64e915]
C  [ucrtbase.dll+0x21bb2]
C  [KERNEL32.DLL+0x17344]
C  [ntdll.dll+0x526b1]


---------------  P R O C E S S  ---------------

Threads class SMR info:
_java_thread_list=0x0000021294ca8a60, length=14, elements={
0x00000212f5ce1000, 0x000002129186a800, 0x0000021291876000, 0x00000212918df000,
0x00000212918e3000, 0x00000212918eb000, 0x00000212918ef800, 0x00000212918f5000,
0x0000021291925000, 0x0000021291bc5800, 0x0000021292c14000, 0x0000021292233000,
0x0000021294500800, 0x0000021292038800
}

Java Threads: ( => current thread )
  0x00000212f5ce1000 JavaThread "Test worker" [_thread_blocked, id=924, stack(0x0000008d71300000,0x0000008d71400000)]
  0x000002129186a800 JavaThread "Reference Handler" daemon [_thread_blocked, id=1192, stack(0x0000008d71a00000,0x0000008d71b00000)]
  0x0000021291876000 JavaThread "Finalizer" daemon [_thread_blocked, id=636, stack(0x0000008d71b00000,0x0000008d71c00000)]
  0x00000212918df000 JavaThread "Signal Dispatcher" daemon [_thread_blocked, id=5428, stack(0x0000008d71c00000,0x0000008d71d00000)]
  0x00000212918e3000 JavaThread "Attach Listener" daemon [_thread_blocked, id=9424, stack(0x0000008d71d00000,0x0000008d71e00000)]
  0x00000212918eb000 JavaThread "Service Thread" daemon [_thread_blocked, id=7864, stack(0x0000008d71e00000,0x0000008d71f00000)]
=>0x00000212918ef800 JavaThread "C2 CompilerThread0" daemon [_thread_in_native, id=7132, stack(0x0000008d71f00000,0x0000008d72000000)]
  0x00000212918f5000 JavaThread "C1 CompilerThread0" daemon [_thread_blocked, id=1780, stack(0x0000008d72000000,0x0000008d72100000)]
  0x0000021291925000 JavaThread "Sweeper thread" daemon [_thread_blocked, id=7804, stack(0x0000008d72100000,0x0000008d72200000)]
  0x0000021291bc5800 JavaThread "Common-Cleaner" daemon [_thread_blocked, id=4316, stack(0x0000008d72300000,0x0000008d72400000)]
  0x0000021292c14000 JavaThread "/127.0.0.1:50529 to /127.0.0.1:50527 workers" [_thread_in_vm, id=2268, stack(0x0000008d72600000,0x0000008d72700000)]
  0x0000021294500800 JavaThread "ForkJoinPool.commonPool-worker-3" daemon [_thread_blocked, id=9504, stack(0x0000008d72900000,0x0000008d72a00000)]
  0x0000021292038800 JavaThread "AsyncHttpClient-1-1" daemon [_thread_blocked, id=3492, stack(0x0000008d72a00000,0x0000008d72b00000)]

Other Threads:
  0x000002129185d800 VMThread "VM Thread" [stack: 0x0000008d71900000,0x0000008d71a00000] [id=8112]
  0x0000021291bb8800 WatcherThread [stack: 0x0000008d72200000,0x0000008d72300000] [id=6320]
  0x00000212f5d02800 GCTaskThread "GC Thread#0" [stack: 0x0000008d71400000,0x0000008d71500000] [id=9572]
  0x0000021292452000 GCTaskThread "GC Thread#1" [stack: 0x0000008d72400000,0x0000008d72500000] [id=9512]
  0x00000212f5d14800 ConcurrentGCThread "G1 Main Marker" [stack: 0x0000008d71500000,0x0000008d71600000] [id=9744]
  0x00000212f5d15800 ConcurrentGCThread "G1 Conc#0" [stack: 0x0000008d71600000,0x0000008d71700000] [id=3536]
  0x00000212f5d4f000 ConcurrentGCThread "G1 Refine#0" [stack: 0x0000008d71700000,0x0000008d71800000] [id=8932]
  0x00000212f5d50000 ConcurrentGCThread "G1 Young RemSet Sampling" [stack: 0x0000008d71800000,0x0000008d71900000] [id=2524]

Threads with active compile tasks:
C2 CompilerThread0     9490 2165       4       java.lang.invoke.MethodType::makeImpl (108 bytes)

VM state:not at safepoint (normal execution)

VM Mutex/Monitor currently owned by a thread: None

OutOfMemory and StackOverflow Exception counts:
OutOfMemoryError java_heap_errors=1
LinkageErrors=62

Heap address: 0x00000000e0000000, size: 512 MB, Compressed Oops mode: 32-bit
Narrow klass base: 0x0000000000000000, Narrow klass shift: 3
Compressed class space size: 1073741824 Address: 0x0000000100000000

Heap:
 garbage-first heap   total 61440K, used 33558K [0x00000000e0000000, 0x0000000100000000)
  region size 1024K, 22 young (22528K), 1 survivors (1024K)
 Metaspace       used 27335K, capacity 28264K, committed 28416K, reserved 1075200K
  class space    used 3133K, capacity 3492K, committed 3584K, reserved 1048576K
Heap Regions: E=young(eden), S=young(survivor), O=old, HS=humongous(starts), HC=humongous(continues), CS=collection set, F=free, A=archive, TAMS=top-at-mark-start (previous, next)
|   0|0x00000000e0000000, 0x00000000e0100000, 0x00000000e0100000|100%| O|  |TAMS 0x00000000e0100000, 0x00000000e0000000| Untracked 
|   1|0x00000000e0100000, 0x00000000e0200000, 0x00000000e0200000|100%| O|  |TAMS 0x00000000e0200000, 0x00000000e0100000| Untracked 
|   2|0x00000000e0200000, 0x00000000e0300000, 0x00000000e0300000|100%| O|  |TAMS 0x00000000e0300000, 0x00000000e0200000| Untracked 
|   3|0x00000000e0300000, 0x00000000e0400000, 0x00000000e0400000|100%| O|  |TAMS 0x00000000e0400000, 0x00000000e0300000| Untracked 
|   4|0x00000000e0400000, 0x00000000e0500000, 0x00000000e0500000|100%| O|  |TAMS 0x00000000e0500000, 0x00000000e0400000| Untracked 
|   5|0x00000000e0500000, 0x00000000e0600000, 0x00000000e0600000|100%| O|  |TAMS 0x00000000e0600000, 0x00000000e0500000| Untracked 
|   6|0x00000000e0600000, 0x00000000e0700000, 0x00000000e0700000|100%| O|  |TAMS 0x00000000e0700000, 0x00000000e0600000| Untracked 
|   7|0x00000000e0700000, 0x00000000e0800000, 0x00000000e0800000|100%| O|  |TAMS 0x00000000e0800000, 0x00000000e0700000| Untracked 
|   8|0x00000000e0800000, 0x00000000e0900000, 0x00000000e0900000|100%| O|  |TAMS 0x00000000e0900000, 0x00000000e0800000| Untracked 
|   9|0x00000000e0900000, 0x00000000e0a00000, 0x00000000e0a00000|100%| O|  |TAMS 0x00000000e09b3600, 0x00000000e0900000| Untracked 
|  10|0x00000000e0a00000, 0x00000000e0b00000, 0x00000000e0b00000|100%| O|  |TAMS 0x00000000e0a00000, 0x00000000e0a00000| Untracked 
|  11|0x00000000e0b00000, 0x00000000e0bce600, 0x00000000e0c00000| 80%| O|  |TAMS 0x00000000e0b00000, 0x00000000e0b00000| Untracked 
|  12|0x00000000e0c00000, 0x00000000e0c00000, 0x00000000e0d00000|  0%| F|  |TAMS 0x00000000e0c00000, 0x00000000e0c00000| Untracked 
|  13|0x00000000e0d00000, 0x00000000e0d00000, 0x00000000e0e00000|  0%| F|  |TAMS 0x00000000e0d00000, 0x00000000e0d00000| Untracked 
|  14|0x00000000e0e00000, 0x00000000e0e00000, 0x00000000e0f00000|  0%| F|  |TAMS 0x00000000e0e00000, 0x00000000e0e00000| Untracked 
|  15|0x00000000e0f00000, 0x00000000e0f00000, 0x00000000e1000000|  0%| F|  |TAMS 0x00000000e0f00000, 0x00000000e0f00000| Untracked 
|  16|0x00000000e1000000, 0x00000000e1000000, 0x00000000e1100000|  0%| F|  |TAMS 0x00000000e1000000, 0x00000000e1000000| Untracked 
|  17|0x00000000e1100000, 0x00000000e1100000, 0x00000000e1200000|  0%| F|  |TAMS 0x00000000e1100000, 0x00000000e1100000| Untracked 
|  18|0x00000000e1200000, 0x00000000e1200000, 0x00000000e1300000|  0%| F|  |TAMS 0x00000000e1200000, 0x00000000e1200000| Untracked 
|  19|0x00000000e1300000, 0x00000000e1300000, 0x00000000e1400000|  0%| F|  |TAMS 0x00000000e1300000, 0x00000000e1300000| Untracked 
|  20|0x00000000e1400000, 0x00000000e1400000, 0x00000000e1500000|  0%| F|  |TAMS 0x00000000e1400000, 0x00000000e1400000| Untracked 
|  21|0x00000000e1500000, 0x00000000e1500000, 0x00000000e1600000|  0%| F|  |TAMS 0x00000000e1500000, 0x00000000e1500000| Untracked 
|  22|0x00000000e1600000, 0x00000000e1600000, 0x00000000e1700000|  0%| F|  |TAMS 0x00000000e1600000, 0x00000000e1600000| Untracked 
|  23|0x00000000e1700000, 0x00000000e1700000, 0x00000000e1800000|  0%| F|  |TAMS 0x00000000e1700000, 0x00000000e1700000| Untracked 
|  24|0x00000000e1800000, 0x00000000e1800000, 0x00000000e1900000|  0%| F|  |TAMS 0x00000000e1800000, 0x00000000e1800000| Untracked 
|  25|0x00000000e1900000, 0x00000000e1900000, 0x00000000e1a00000|  0%| F|  |TAMS 0x00000000e1900000, 0x00000000e1900000| Untracked 
|  26|0x00000000e1a00000, 0x00000000e1a00000, 0x00000000e1b00000|  0%| F|  |TAMS 0x00000000e1a00000, 0x00000000e1a00000| Untracked 
|  27|0x00000000e1b00000, 0x00000000e1b00000, 0x00000000e1c00000|  0%| F|  |TAMS 0x00000000e1b00000, 0x00000000e1b00000| Untracked 
|  28|0x00000000e1c00000, 0x00000000e1c00000, 0x00000000e1d00000|  0%| F|  |TAMS 0x00000000e1c00000, 0x00000000e1c00000| Untracked 
|  29|0x00000000e1d00000, 0x00000000e1d00000, 0x00000000e1e00000|  0%| F|  |TAMS 0x00000000e1d00000, 0x00000000e1d00000| Untracked 
|  30|0x00000000e1e00000, 0x00000000e1e00000, 0x00000000e1f00000|  0%| F|  |TAMS 0x00000000e1e00000, 0x00000000e1e00000| Untracked 
|  31|0x00000000e1f00000, 0x00000000e1f00000, 0x00000000e2000000|  0%| F|  |TAMS 0x00000000e1f00000, 0x00000000e1f00000| Untracked 
|  32|0x00000000e2000000, 0x00000000e2000000, 0x00000000e2100000|  0%| F|  |TAMS 0x00000000e2000000, 0x00000000e2000000| Untracked 
|  33|0x00000000e2100000, 0x00000000e2100000, 0x00000000e2200000|  0%| F|  |TAMS 0x00000000e2100000, 0x00000000e2100000| Untracked 
|  34|0x00000000e2200000, 0x00000000e2200000, 0x00000000e2300000|  0%| F|  |TAMS 0x00000000e2200000, 0x00000000e2200000| Untracked 
|  35|0x00000000e2300000, 0x00000000e2300000, 0x00000000e2400000|  0%| F|  |TAMS 0x00000000e2300000, 0x00000000e2300000| Untracked 
|  36|0x00000000e2400000, 0x00000000e2400000, 0x00000000e2500000|  0%| F|  |TAMS 0x00000000e2400000, 0x00000000e2400000| Untracked 
|  37|0x00000000e2500000, 0x00000000e25f7558, 0x00000000e2600000| 96%| S|CS|TAMS 0x00000000e2500000, 0x00000000e2500000| Complete 
|  38|0x00000000e2600000, 0x00000000e2600000, 0x00000000e2700000|  0%| F|  |TAMS 0x00000000e2600000, 0x00000000e2600000| Untracked 
|  39|0x00000000e2700000, 0x00000000e27dd548, 0x00000000e2800000| 86%| E|  |TAMS 0x00000000e2700000, 0x00000000e2700000| Complete 
|  40|0x00000000e2800000, 0x00000000e2900000, 0x00000000e2900000|100%| E|CS|TAMS 0x00000000e2800000, 0x00000000e2800000| Complete 
|  41|0x00000000e2900000, 0x00000000e2a00000, 0x00000000e2a00000|100%| E|CS|TAMS 0x00000000e2900000, 0x00000000e2900000| Complete 
|  42|0x00000000e2a00000, 0x00000000e2b00000, 0x00000000e2b00000|100%| E|CS|TAMS 0x00000000e2a00000, 0x00000000e2a00000| Complete 
|  43|0x00000000e2b00000, 0x00000000e2c00000, 0x00000000e2c00000|100%| E|CS|TAMS 0x00000000e2b00000, 0x00000000e2b00000| Complete 
|  44|0x00000000e2c00000, 0x00000000e2d00000, 0x00000000e2d00000|100%| E|CS|TAMS 0x00000000e2c00000, 0x00000000e2c00000| Complete 
|  45|0x00000000e2d00000, 0x00000000e2e00000, 0x00000000e2e00000|100%| E|CS|TAMS 0x00000000e2d00000, 0x00000000e2d00000| Complete 
|  46|0x00000000e2e00000, 0x00000000e2f00000, 0x00000000e2f00000|100%| E|CS|TAMS 0x00000000e2e00000, 0x00000000e2e00000| Complete 
|  47|0x00000000e2f00000, 0x00000000e3000000, 0x00000000e3000000|100%| E|CS|TAMS 0x00000000e2f00000, 0x00000000e2f00000| Complete 
|  48|0x00000000e3000000, 0x00000000e3100000, 0x00000000e3100000|100%| E|CS|TAMS 0x00000000e3000000, 0x00000000e3000000| Complete 
|  49|0x00000000e3100000, 0x00000000e3200000, 0x00000000e3200000|100%| E|CS|TAMS 0x00000000e3100000, 0x00000000e3100000| Complete 
|  50|0x00000000e3200000, 0x00000000e3300000, 0x00000000e3300000|100%| E|CS|TAMS 0x00000000e3200000, 0x00000000e3200000| Complete 
|  51|0x00000000e3300000, 0x00000000e3400000, 0x00000000e3400000|100%| E|CS|TAMS 0x00000000e3300000, 0x00000000e3300000| Complete 
|  52|0x00000000e3400000, 0x00000000e3500000, 0x00000000e3500000|100%| E|CS|TAMS 0x00000000e3400000, 0x00000000e3400000| Complete 
|  53|0x00000000e3500000, 0x00000000e3600000, 0x00000000e3600000|100%| E|CS|TAMS 0x00000000e3500000, 0x00000000e3500000| Complete 
|  54|0x00000000e3600000, 0x00000000e3700000, 0x00000000e3700000|100%| E|CS|TAMS 0x00000000e3600000, 0x00000000e3600000| Complete 
|  55|0x00000000e3700000, 0x00000000e3800000, 0x00000000e3800000|100%| E|CS|TAMS 0x00000000e3700000, 0x00000000e3700000| Complete 
|  56|0x00000000e3800000, 0x00000000e3900000, 0x00000000e3900000|100%| E|CS|TAMS 0x00000000e3800000, 0x00000000e3800000| Complete 
|  57|0x00000000e3900000, 0x00000000e3a00000, 0x00000000e3a00000|100%| E|CS|TAMS 0x00000000e3900000, 0x00000000e3900000| Complete 
|  58|0x00000000e3a00000, 0x00000000e3b00000, 0x00000000e3b00000|100%| E|CS|TAMS 0x00000000e3a00000, 0x00000000e3a00000| Complete 
|  59|0x00000000e3b00000, 0x00000000e3c00000, 0x00000000e3c00000|100%| E|CS|TAMS 0x00000000e3b00000, 0x00000000e3b00000| Complete 

Card table byte_map: [0x00000212f63c0000,0x00000212f64c0000] _byte_map_base: 0x00000212f5cc0000

Marking Bits (Prev, Next): (CMBitMap*) 0x00000212f5d118a0, (CMBitMap*) 0x00000212f5d11868
 Prev Bits: [0x00000212ff560000, 0x00000212ffd60000)
 Next Bits: [0x00000212fed60000, 0x00000212ff560000)

Polling page: 0x00000212f4200000

Metaspace:

Usage:
  Non-class:     24.19 MB capacity,    23.64 MB ( 98%) used,   477.17 KB (  2%) free+waste,    92.50 KB ( <1%) overhead. 
      Class:      3.41 MB capacity,     3.06 MB ( 90%) used,   312.82 KB (  9%) free+waste,    46.06 KB (  1%) overhead. 
       Both:     27.60 MB capacity,    26.69 MB ( 97%) used,   789.99 KB (  3%) free+waste,   138.56 KB ( <1%) overhead. 

Virtual space:
  Non-class space:       26.00 MB reserved,      24.25 MB ( 93%) committed 
      Class space:        1.00 GB reserved,       3.50 MB ( <1%) committed 
             Both:        1.03 GB reserved,      27.75 MB (  3%) committed 

Chunk freelists:
   Non-Class:  60.00 KB
       Class:  0 bytes
        Both:  60.00 KB

MaxMetaspaceSize: 17179869184.00 GB
CompressedClassSpaceSize: 1.00 GB
Initial GC threshold: 20.80 MB
Current GC threshold: 35.00 MB
CDS: off

CodeHeap 'non-profiled nmethods': size=120064Kb used=1008Kb max_used=1008Kb free=119055Kb
 bounds [0x0000021287ac0000, 0x0000021287d30000, 0x000002128f000000]
CodeHeap 'profiled nmethods': size=120000Kb used=4964Kb max_used=4964Kb free=115035Kb
 bounds [0x0000021280590000, 0x0000021280a70000, 0x0000021287ac0000]
CodeHeap 'non-nmethods': size=5696Kb used=1218Kb max_used=1244Kb free=4477Kb
 bounds [0x0000021280000000, 0x0000021280270000, 0x0000021280590000]
 total_blobs=2755 nmethods=2260 adapters=408
 compilation: enabled
              stopped_count=0, restarted_count=0
 full_count=0

Compilation events (20 events):
Event: 9.328 Thread 0x00000212918f5000 2202       3       java.io.ObjectOutputStream$HandleTable::lookup (56 bytes)
Event: 9.329 Thread 0x00000212918f5000 nmethod 2202 0x0000021280a3fe90 code [0x0000021280a40080, 0x0000021280a403e8]
Event: 9.330 Thread 0x00000212918f5000 2204       3       java.io.ObjectOutputStream$BlockDataOutputStream::writeByte (33 bytes)
Event: 9.330 Thread 0x00000212918f5000 nmethod 2204 0x0000021280a40610 code [0x0000021280a407e0, 0x0000021280a409a8]
Event: 9.331 Thread 0x00000212918f5000 2206       3       org.gradle.internal.io.StreamByteBuffer::allocateSpace (73 bytes)
Event: 9.332 Thread 0x00000212918f5000 nmethod 2206 0x0000021280a40a90 code [0x0000021280a40ca0, 0x0000021280a41408]
Event: 9.332 Thread 0x00000212918f5000 2207   !   3       java.io.ObjectOutputStream::writeObject0 (619 bytes)
Event: 9.338 Thread 0x00000212918f5000 nmethod 2207 0x0000021280a41710 code [0x0000021280a41da0, 0x0000021280a458b8]
Event: 9.339 Thread 0x00000212918f5000 2208       3       java.io.ObjectOutputStream$HandleTable::insert (39 bytes)
Event: 9.339 Thread 0x00000212918f5000 nmethod 2208 0x0000021280a46f90 code [0x0000021280a47180, 0x0000021280a47528]
Event: 9.339 Thread 0x00000212918f5000 2209       3       java.io.ObjectOutputStream$BlockDataOutputStream::getUTFLength (124 bytes)
Event: 9.340 Thread 0x00000212918f5000 nmethod 2209 0x0000021280a47710 code [0x0000021280a47920, 0x0000021280a47f08]
Event: 9.340 Thread 0x00000212918f5000 2210       3       java.io.ObjectOutputStream$BlockDataOutputStream::writeBytes (144 bytes)
Event: 9.341 Thread 0x00000212918f5000 nmethod 2210 0x0000021280a48190 code [0x0000021280a483c0, 0x0000021280a48a78]
Event: 9.341 Thread 0x00000212918f5000 2211       3       java.util.AbstractList$Itr::hasNext (20 bytes)
Event: 9.341 Thread 0x00000212918f5000 nmethod 2211 0x0000021280a48d90 code [0x0000021280a48f60, 0x0000021280a49188]
Event: 9.341 Thread 0x00000212918f5000 2212       1       org.gradle.internal.serialize.ExceptionReplacingObjectOutputStream::getObjectTransformer (5 bytes)
Event: 9.341 Thread 0x00000212918f5000 nmethod 2212 0x0000021287bb9c90 code [0x0000021287bb9e40, 0x0000021287bb9ef8]
Event: 9.341 Thread 0x00000212918f5000 2213       3       java.io.Bits::putInt (36 bytes)
Event: 9.342 Thread 0x00000212918f5000 nmethod 2213 0x0000021280a49290 code [0x0000021280a49440, 0x0000021280a495d8]

GC Heap History (14 events):
Event: 1.581 GC heap before
{Heap before GC invocations=0 (full 0):
 garbage-first heap   total 61440K, used 6144K [0x00000000e0000000, 0x0000000100000000)
  region size 1024K, 7 young (7168K), 0 survivors (0K)
 Metaspace       used 9078K, capacity 9266K, committed 9472K, reserved 1058816K
  class space    used 883K, capacity 968K, committed 1024K, reserved 1048576K
}
Event: 1.598 GC heap after
{Heap after GC invocations=1 (full 0):
 garbage-first heap   total 61440K, used 2519K [0x00000000e0000000, 0x0000000100000000)
  region size 1024K, 1 young (1024K), 1 survivors (1024K)
 Metaspace       used 9078K, capacity 9266K, committed 9472K, reserved 1058816K
  class space    used 883K, capacity 968K, committed 1024K, reserved 1048576K
}
Event: 2.001 GC heap before
{Heap before GC invocations=1 (full 0):
 garbage-first heap   total 61440K, used 5591K [0x00000000e0000000, 0x0000000100000000)
  region size 1024K, 4 young (4096K), 1 survivors (1024K)
 Metaspace       used 9228K, capacity 9490K, committed 9728K, reserved 1058816K
  class space    used 890K, capacity 1000K, committed 1024K, reserved 1048576K
}
Event: 2.006 GC heap after
{Heap after GC invocations=2 (full 0):
 garbage-first heap   total 61440K, used 4194K [0x00000000e0000000, 0x0000000100000000)
  region size 1024K, 1 young (1024K), 1 survivors (1024K)
 Metaspace       used 9228K, capacity 9490K, committed 9728K, reserved 1058816K
  class space    used 890K, capacity 1000K, committed 1024K, reserved 1048576K
}
Event: 3.872 GC heap before
{Heap before GC invocations=2 (full 0):
 garbage-first heap   total 61440K, used 14434K [0x00000000e0000000, 0x0000000100000000)
  region size 1024K, 12 young (12288K), 1 survivors (1024K)
 Metaspace       used 12868K, capacity 13172K, committed 13312K, reserved 1060864K
  class space    used 1332K, capacity 1420K, committed 1536K, reserved 1048576K
}
Event: 3.883 GC heap after
{Heap after GC invocations=3 (full 0):
 garbage-first heap   total 61440K, used 7070K [0x00000000e0000000, 0x0000000100000000)
  region size 1024K, 2 young (2048K), 2 survivors (2048K)
 Metaspace       used 12868K, capacity 13172K, committed 13312K, reserved 1060864K
  class space    used 1332K, capacity 1420K, committed 1536K, reserved 1048576K
}
Event: 4.836 GC heap before
{Heap before GC invocations=3 (full 0):
 garbage-first heap   total 61440K, used 21406K [0x00000000e0000000, 0x0000000100000000)
  region size 1024K, 16 young (16384K), 2 survivors (2048K)
 Metaspace       used 15640K, capacity 16285K, committed 16384K, reserved 1062912K
  class space    used 1747K, capacity 1960K, committed 2048K, reserved 1048576K
}
Event: 4.847 GC heap after
{Heap after GC invocations=4 (full 0):
 garbage-first heap   total 61440K, used 7831K [0x00000000e0000000, 0x0000000100000000)
  region size 1024K, 1 young (1024K), 1 survivors (1024K)
 Metaspace       used 15640K, capacity 16285K, committed 16384K, reserved 1062912K
  class space    used 1747K, capacity 1960K, committed 2048K, reserved 1048576K
}
Event: 6.235 GC heap before
{Heap before GC invocations=4 (full 0):
 garbage-first heap   total 61440K, used 27287K [0x00000000e0000000, 0x0000000100000000)
  region size 1024K, 20 young (20480K), 1 survivors (1024K)
 Metaspace       used 19721K, capacity 20483K, committed 20736K, reserved 1067008K
  class space    used 2191K, capacity 2464K, committed 2560K, reserved 1048576K
}
Event: 6.248 GC heap after
{Heap after GC invocations=5 (full 0):
 garbage-first heap   total 61440K, used 10076K [0x00000000e0000000, 0x0000000100000000)
  region size 1024K, 3 young (3072K), 3 survivors (3072K)
 Metaspace       used 19721K, capacity 20483K, committed 20736K, reserved 1067008K
  class space    used 2191K, capacity 2464K, committed 2560K, reserved 1048576K
}
Event: 7.061 GC heap before
{Heap before GC invocations=5 (full 0):
 garbage-first heap   total 61440K, used 19292K [0x00000000e0000000, 0x0000000100000000)
  region size 1024K, 14 young (14336K), 3 survivors (3072K)
 Metaspace       used 20448K, capacity 21148K, committed 21248K, reserved 1069056K
  class space    used 2234K, capacity 2517K, committed 2560K, reserved 1048576K
}
Event: 7.084 GC heap after
{Heap after GC invocations=6 (full 0):
 garbage-first heap   total 61440K, used 11981K [0x00000000e0000000, 0x0000000100000000)
  region size 1024K, 2 young (2048K), 2 survivors (2048K)
 Metaspace       used 20448K, capacity 21148K, committed 21248K, reserved 1069056K
  class space    used 2234K, capacity 2517K, committed 2560K, reserved 1048576K
}
Event: 8.009 GC heap before
{Heap before GC invocations=7 (full 0):
 garbage-first heap   total 61440K, used 32461K [0x00000000e0000000, 0x0000000100000000)
  region size 1024K, 22 young (22528K), 2 survivors (2048K)
 Metaspace       used 23382K, capacity 24161K, committed 24320K, reserved 1071104K
  class space    used 2648K, capacity 2950K, committed 3072K, reserved 1048576K
}
Event: 8.017 GC heap after
{Heap after GC invocations=8 (full 0):
 garbage-first heap   total 61440K, used 13078K [0x00000000e0000000, 0x0000000100000000)
  region size 1024K, 1 young (1024K), 1 survivors (1024K)
 Metaspace       used 23382K, capacity 24161K, committed 24320K, reserved 1071104K
  class space    used 2648K, capacity 2950K, committed 3072K, reserved 1048576K
}

Deoptimization events (20 events):
Event: 9.004 Thread 0x00000212f5ce1000 DEOPT PACKING pc=0x0000021287b3c1d8 sp=0x0000008d713fad20
Event: 9.004 Thread 0x00000212f5ce1000 DEOPT UNPACKING pc=0x000002128004a1a9 sp=0x0000008d713face0 mode 2
Event: 9.310 Thread 0x00000212922e7800 DEOPT PACKING pc=0x000002128074b491 sp=0x0000008d727fc340
Event: 9.310 Thread 0x00000212922e7800 DEOPT UNPACKING pc=0x000002128004a93f sp=0x0000008d727fb7b8 mode 0
Event: 9.319 Thread 0x00000212922e7800 Uncommon trap: trap_request=0xffffffde fr.pc=0x0000021287b94030 relative=0x0000000000000190
Event: 9.319 Thread 0x00000212922e7800 Uncommon trap: reason=class_check action=maybe_recompile pc=0x0000021287b94030 method=java.lang.String.equals(Ljava/lang/Object;)Z @ 8 c2
Event: 9.319 Thread 0x00000212922e7800 DEOPT PACKING pc=0x0000021287b94030 sp=0x0000008d727fd5a0
Event: 9.319 Thread 0x00000212922e7800 DEOPT UNPACKING pc=0x000002128004a1a9 sp=0x0000008d727fd538 mode 2
Event: 9.319 Thread 0x00000212922e7800 Uncommon trap: trap_request=0xffffffde fr.pc=0x0000021287b94030 relative=0x0000000000000190
Event: 9.319 Thread 0x00000212922e7800 Uncommon trap: reason=class_check action=maybe_recompile pc=0x0000021287b94030 method=java.lang.String.equals(Ljava/lang/Object;)Z @ 8 c2
Event: 9.319 Thread 0x00000212922e7800 DEOPT PACKING pc=0x0000021287b94030 sp=0x0000008d727fd5c0
Event: 9.319 Thread 0x00000212922e7800 DEOPT UNPACKING pc=0x000002128004a1a9 sp=0x0000008d727fd548 mode 2
Event: 9.323 Thread 0x00000212922e7800 Uncommon trap: trap_request=0xffffffde fr.pc=0x0000021287b94030 relative=0x0000000000000190
Event: 9.323 Thread 0x00000212922e7800 Uncommon trap: reason=class_check action=maybe_recompile pc=0x0000021287b94030 method=java.lang.String.equals(Ljava/lang/Object;)Z @ 8 c2
Event: 9.323 Thread 0x00000212922e7800 DEOPT PACKING pc=0x0000021287b94030 sp=0x0000008d727fd1e0
Event: 9.323 Thread 0x00000212922e7800 DEOPT UNPACKING pc=0x000002128004a1a9 sp=0x0000008d727fd178 mode 2
Event: 9.323 Thread 0x00000212922e7800 Uncommon trap: trap_request=0xffffffde fr.pc=0x0000021287b94030 relative=0x0000000000000190
Event: 9.323 Thread 0x00000212922e7800 Uncommon trap: reason=class_check action=maybe_recompile pc=0x0000021287b94030 method=java.lang.String.equals(Ljava/lang/Object;)Z @ 8 c2
Event: 9.323 Thread 0x00000212922e7800 DEOPT PACKING pc=0x0000021287b94030 sp=0x0000008d727fd200
Event: 9.323 Thread 0x00000212922e7800 DEOPT UNPACKING pc=0x000002128004a1a9 sp=0x0000008d727fd188 mode 2

Classes redefined (0 events):
No events

Internal exceptions (20 events):
Event: 7.799 Thread 0x00000212f5ce1000 Exception <a 'java/lang/NoClassDefFoundError'{0x00000000e2b5f5c0}> (0x00000000e2b5f5c0) thrown at [s\src\hotspot\share\oops\instanceKlass.cpp, line 1029]
Event: 7.801 Thread 0x00000212f5ce1000 Exception <a 'java/lang/NoClassDefFoundError'{0x00000000e2b81898}: org/apache/logging/log4j/spi/ExtendedLoggerWrapper> (0x00000000e2b81898) thrown at [s\src\hotspot\share\classfile\systemDictionary.cpp, line 219]
Event: 7.803 Thread 0x00000212f5ce1000 Exception <a 'java/lang/NoClassDefFoundError'{0x00000000e2ba14d8}: org/apache/log4j/Priority> (0x00000000e2ba14d8) thrown at [s\src\hotspot\share\classfile\systemDictionary.cpp, line 219]
Event: 7.970 Thread 0x00000212f5ce1000 Exception <a 'java/lang/NoSuchMethodError'{0x00000000e2772af8}: 'void java.lang.invoke.DirectMethodHandle$Holder.invokeStatic(java.lang.Object, java.lang.Object, java.lang.Object, java.lang.Object, java.lang.Object, java.lang.Object)'> (0x00000000e2772af8) thrown at [s\src\hotspot\share\interpreter\linkResolver.cpp, line 773]
Event: 8.581 Thread 0x00000212f5ce1000 Exception <a 'java/lang/NoSuchMethodError'{0x00000000e2cc2928}: 'java.lang.Object java.lang.invoke.DirectMethodHandle$Holder.invokeInterface(java.lang.Object, java.lang.Object, java.lang.Object, java.lang.Object)'> (0x00000000e2cc2928) thrown at [s\src\hotspot\share\interpreter\linkResolver.cpp, line 773]
Event: 8.687 Thread 0x00000212f5ce1000 Exception <a 'java/lang/IncompatibleClassChangeError'{0x00000000e2cdda40}: Found class java.lang.Object, but interface was expected> (0x00000000e2cdda40) thrown at [s\src\hotspot\share\interpreter\linkResolver.cpp, line 839]
Event: 9.062 Thread 0x0000021292d56000 Exception <a 'java/lang/NoSuchMethodError'{0x00000000e2a88f40}: 'void java.lang.invoke.DirectMethodHandle$Holder.invokeStatic(java.lang.Object, long)'> (0x00000000e2a88f40) thrown at [s\src\hotspot\share\interpreter\linkResolver.cpp, line 773]
Event: 9.064 Thread 0x0000021292d56000 Exception <a 'java/lang/NoSuchMethodError'{0x00000000e2a8e100}: 'java.lang.Object java.lang.invoke.DirectMethodHandle$Holder.invokeStatic(java.lang.Object, long)'> (0x00000000e2a8e100) thrown at [s\src\hotspot\share\interpreter\linkResolver.cpp, line 773]
Event: 9.076 Thread 0x0000021292d56000 Exception <a 'java/lang/NoSuchMethodError'{0x00000000e2a9be98}: 'java.lang.Object java.lang.invoke.DirectMethodHandle$Holder.invokeStaticInit(java.lang.Object, java.lang.Object, long, java.lang.Object)'> (0x00000000e2a9be98) thrown at [s\src\hotspot\share\interpreter\linkResolver.cpp, line 773]
Event: 9.077 Thread 0x0000021292d56000 Exception <a 'java/lang/NoSuchMethodError'{0x00000000e2aa1900}: 'java.lang.Object java.lang.invoke.DirectMethodHandle$Holder.invokeStatic(java.lang.Object, java.lang.Object, long)'> (0x00000000e2aa1900) thrown at [s\src\hotspot\share\interpreter\linkResolver.cpp, line 773]
Event: 9.077 Thread 0x0000021292d56000 Exception <a 'java/lang/NoSuchMethodError'{0x00000000e2aa7bd0}: 'java.lang.Object java.lang.invoke.Invokers$Holder.linkToTargetMethod(java.lang.Object, long, java.lang.Object)'> (0x00000000e2aa7bd0) thrown at [s\src\hotspot\share\interpreter\linkResolver.cpp, line 773]
Event: 9.146 Thread 0x00000212f5ce1000 Exception <a 'java/lang/OutOfMemoryError'{0x00000000e2a55578}: unable to create native thread: possibly out of memory or process/resource limits reached> (0x00000000e2a55578) thrown at [s\src\hotspot\share\prims\jvm.cpp, line 2927]
Event: 9.181 Thread 0x00000212f5ce1000 Exception <a 'java/lang/reflect/InvocationTargetException'{0x00000000e2924390}> (0x00000000e2924390) thrown at [s\src\hotspot\share\runtime\reflection.cpp, line 1247]
Event: 9.185 Thread 0x00000212f5ce1000 Exception <a 'java/lang/IncompatibleClassChangeError'{0x00000000e293ced0}: Found class java.lang.Object, but interface was expected> (0x00000000e293ced0) thrown at [s\src\hotspot\share\interpreter\linkResolver.cpp, line 839]
Event: 9.187 Thread 0x00000212f5ce1000 Exception <a 'java/lang/NullPointerException'{0x00000000e2945718}> (0x00000000e2945718) thrown at [s\src\hotspot\share\interpreter\linkResolver.cpp, line 1440]
Event: 9.187 Thread 0x00000212f5ce1000 Exception <a 'java/lang/reflect/InvocationTargetException'{0x00000000e2945f38}> (0x00000000e2945f38) thrown at [s\src\hotspot\share\runtime\reflection.cpp, line 1247]
Event: 9.276 Thread 0x00000212f5ce1000 Exception <a 'java/lang/NoSuchMethodError'{0x00000000e2829638}: 'void java.lang.invoke.DirectMethodHandle$Holder.invokeVirtual(java.lang.Object, java.lang.Object)'> (0x00000000e2829638) thrown at [s\src\hotspot\share\interpreter\linkResolver.cpp, line 773]
Event: 9.309 Thread 0x00000212922e7800 Exception <a 'java/lang/NoSuchMethodError'{0x00000000e28e1758}: <clinit>> (0x00000000e28e1758) thrown at [s\src\hotspot\share\prims\jni.cpp, line 1367]
Event: 9.310 Thread 0x00000212922e7800 Exception <a 'java/lang/NoSuchMethodError'{0x00000000e28e3658}: <clinit>> (0x00000000e28e3658) thrown at [s\src\hotspot\share\prims\jni.cpp, line 1367]
Event: 9.320 Thread 0x00000212922e7800 Exception <a 'java/lang/NoSuchMethodError'{0x00000000e271bd80}: <clinit>> (0x00000000e271bd80) thrown at [s\src\hotspot\share\prims\jni.cpp, line 1367]

Events (20 events):
Event: 9.326 Executing VM operation: RevokeBias
Event: 9.326 Executing VM operation: RevokeBias done
Event: 9.327 Executing VM operation: RevokeBias
Event: 9.327 Executing VM operation: RevokeBias done
Event: 9.327 Executing VM operation: RevokeBias
Event: 9.327 Executing VM operation: RevokeBias done
Event: 9.327 Executing VM operation: RevokeBias
Event: 9.327 Executing VM operation: RevokeBias done
Event: 9.328 Executing VM operation: RevokeBias
Event: 9.328 Executing VM operation: RevokeBias done
Event: 9.328 Executing VM operation: RevokeBias
Event: 9.328 Executing VM operation: RevokeBias done
Event: 9.329 Executing VM operation: RevokeBias
Event: 9.329 Executing VM operation: RevokeBias done
Event: 9.329 Executing VM operation: RevokeBias
Event: 9.329 Executing VM operation: RevokeBias done
Event: 9.329 Executing VM operation: BulkRevokeBias
Event: 9.330 Executing VM operation: BulkRevokeBias done
Event: 9.342 loading class java/util/function/UnaryOperator
Event: 9.343 Executing VM operation: RevokeBias


Dynamic libraries:
0x00007ff622350000 - 0x00007ff62235e000 	C:\Program Files\Eclipse Adoptium\jdk-11.0.19.7-hotspot\bin\java.exe
0x00007ffdda610000 - 0x00007ffdda807000 	C:\WINDOWS\SYSTEM32\ntdll.dll
0x00007ffdd8680000 - 0x00007ffdd873d000 	C:\WINDOWS\System32\KERNEL32.DLL
0x00007ffdd8020000 - 0x00007ffdd8316000 	C:\WINDOWS\System32\KERNELBASE.dll
0x00007ffdd5490000 - 0x00007ffdd5520000 	C:\WINDOWS\SYSTEM32\apphelp.dll
0x00007ffdb3640000 - 0x00007ffdb3ad6000 	C:\WINDOWS\SYSTEM32\AcLayers.DLL
0x00007ffdd9650000 - 0x00007ffdd96ee000 	C:\WINDOWS\System32\msvcrt.dll
0x00007ffdd8ff0000 - 0x00007ffdd918e000 	C:\WINDOWS\System32\USER32.dll
0x00007ffdd7db0000 - 0x00007ffdd7dd2000 	C:\WINDOWS\System32\win32u.dll
0x00007ffdd9aa0000 - 0x00007ffdd9acc000 	C:\WINDOWS\System32\GDI32.dll
0x00007ffdd8480000 - 0x00007ffdd859a000 	C:\WINDOWS\System32\gdi32full.dll
0x00007ffdd85d0000 - 0x00007ffdd866d000 	C:\WINDOWS\System32\msvcp_win.dll
0x00007ffdd7f20000 - 0x00007ffdd8020000 	C:\WINDOWS\System32\ucrtbase.dll
0x00007ffdd9ad0000 - 0x00007ffdda214000 	C:\WINDOWS\System32\SHELL32.dll
0x00007ffdd8f90000 - 0x00007ffdd8fe5000 	C:\WINDOWS\System32\SHLWAPI.dll
0x00007ffdda4c0000 - 0x00007ffdda56e000 	C:\WINDOWS\System32\ADVAPI32.dll
0x00007ffdd98e0000 - 0x00007ffdd997c000 	C:\WINDOWS\System32\sechost.dll
0x00007ffdda220000 - 0x00007ffdda346000 	C:\WINDOWS\System32\RPCRT4.dll
0x00000212f3fe0000 - 0x00000212f3fe3000 	C:\WINDOWS\SYSTEM32\sfc.dll
0x00007ffdc4770000 - 0x00007ffdc480d000 	C:\WINDOWS\SYSTEM32\WINSPOOL.DRV
0x00007ffdd8740000 - 0x00007ffdd8a94000 	C:\WINDOWS\System32\combase.dll
0x00007ffdd9330000 - 0x00007ffdd93dd000 	C:\WINDOWS\System32\shcore.dll
0x00007ffdc37a0000 - 0x00007ffdc37b2000 	C:\WINDOWS\SYSTEM32\sfc_os.DLL
0x00007ffdd3920000 - 0x00007ffdd3931000 	C:\WINDOWS\SYSTEM32\SortWindows61.dll
0x00007ffdd97c0000 - 0x00007ffdd97f0000 	C:\WINDOWS\System32\IMM32.DLL
0x00007ffdd74c0000 - 0x00007ffdd74f0000 	C:\WINDOWS\system32\DriverStore\FileRepository\nvacwu.inf_amd64_bdd6ea477d4e2fba\nvinitx.dll
0x00007ffdd74b0000 - 0x00007ffdd74ba000 	C:\WINDOWS\SYSTEM32\VERSION.dll
0x00007ffdd5d50000 - 0x00007ffdd64eb000 	C:\WINDOWS\SYSTEM32\windows.storage.dll
0x00007ffdd7730000 - 0x00007ffdd775d000 	C:\WINDOWS\SYSTEM32\Wldp.dll
0x000000006a050000 - 0x000000006a056000 	C:\Program Files\NVIDIA Corporation\CoProcManager\_etoured.dll
0x00007ffdd3490000 - 0x00007ffdd34cb000 	C:\Program Files\NVIDIA Corporation\CoProcManager\nvd3d9wrapx.dll
0x00007ffdd8aa0000 - 0x00007ffdd8f0e000 	C:\WINDOWS\System32\SETUPAPI.dll
0x00007ffdd7d60000 - 0x00007ffdd7dae000 	C:\WINDOWS\System32\cfgmgr32.dll
0x00007ffdd85a0000 - 0x00007ffdd85c7000 	C:\WINDOWS\System32\bcrypt.dll
0x00007ffdd33e0000 - 0x00007ffdd3404000 	C:\Program Files\NVIDIA Corporation\CoProcManager\nvdxgiwrapx.dll
0x00007ffdd2000000 - 0x00007ffdd2019000 	C:\Program Files\Eclipse Adoptium\jdk-11.0.19.7-hotspot\bin\VCRUNTIME140.dll
0x00007ffdd27c0000 - 0x00007ffdd27d8000 	C:\Program Files\Eclipse Adoptium\jdk-11.0.19.7-hotspot\bin\jli.dll
0x00007ffdc9e40000 - 0x00007ffdca0da000 	C:\WINDOWS\WinSxS\amd64_microsoft.windows.common-controls_6595b64144ccf1df_6.0.19041.3570_none_60bb2a3971f3e41a\COMCTL32.dll
0x00007ffdd3910000 - 0x00007ffdd391c000 	C:\Program Files\Eclipse Adoptium\jdk-11.0.19.7-hotspot\bin\vcruntime140_1.dll
0x00007ffdbb750000 - 0x00007ffdbb7e1000 	C:\Program Files\Eclipse Adoptium\jdk-11.0.19.7-hotspot\bin\msvcp140.dll
0x00007ffda6280000 - 0x00007ffda6e3c000 	C:\Program Files\Eclipse Adoptium\jdk-11.0.19.7-hotspot\bin\server\jvm.dll
0x00007ffdd92c0000 - 0x00007ffdd92c8000 	C:\WINDOWS\System32\PSAPI.DLL
0x00007ffdc70b0000 - 0x00007ffdc70d7000 	C:\WINDOWS\SYSTEM32\WINMM.dll
0x00007ffdd36e0000 - 0x00007ffdd36e9000 	C:\WINDOWS\SYSTEM32\WSOCK32.dll
0x00007ffdda450000 - 0x00007ffdda4bb000 	C:\WINDOWS\System32\WS2_32.dll
0x00007ffdd5b50000 - 0x00007ffdd5b62000 	C:\WINDOWS\SYSTEM32\kernel.appcore.dll
0x00007ffdd2fc0000 - 0x00007ffdd2fd0000 	C:\Program Files\Eclipse Adoptium\jdk-11.0.19.7-hotspot\bin\verify.dll
0x00007ffdc6760000 - 0x00007ffdc6944000 	C:\WINDOWS\SYSTEM32\DBGHELP.DLL
0x00007ffdc66f0000 - 0x00007ffdc6724000 	C:\WINDOWS\SYSTEM32\dbgcore.DLL
0x00000212f4170000 - 0x00000212f41f2000 	C:\WINDOWS\System32\bcryptPrimitives.dll
0x00007ffdd2ea0000 - 0x00007ffdd2ec8000 	C:\Program Files\Eclipse Adoptium\jdk-11.0.19.7-hotspot\bin\java.dll
0x00007ffdd2e90000 - 0x00007ffdd2e9a000 	C:\Program Files\Eclipse Adoptium\jdk-11.0.19.7-hotspot\bin\jimage.dll
0x00007ffdca3a0000 - 0x00007ffdca3b8000 	C:\Program Files\Eclipse Adoptium\jdk-11.0.19.7-hotspot\bin\zip.dll
0x00007ffdd7c20000 - 0x00007ffdd7c45000 	C:\WINDOWS\SYSTEM32\profapi.dll
0x00007ffdca300000 - 0x00007ffdca319000 	C:\Program Files\Eclipse Adoptium\jdk-11.0.19.7-hotspot\bin\net.dll
0x00007ffdcd9b0000 - 0x00007ffdcdaba000 	C:\WINDOWS\SYSTEM32\WINHTTP.dll
0x00007ffdd73e0000 - 0x00007ffdd744a000 	C:\WINDOWS\system32\mswsock.dll
0x00007ffdca2e0000 - 0x00007ffdca2f3000 	C:\Program Files\Eclipse Adoptium\jdk-11.0.19.7-hotspot\bin\nio.dll
0x00007ffdd7610000 - 0x00007ffdd7628000 	C:\WINDOWS\SYSTEM32\CRYPTSP.dll
0x00007ffdd6c90000 - 0x00007ffdd6cc4000 	C:\WINDOWS\system32\rsaenh.dll
0x00007ffdd7ba0000 - 0x00007ffdd7bce000 	C:\WINDOWS\SYSTEM32\USERENV.dll
0x00007ffdd7630000 - 0x00007ffdd763c000 	C:\WINDOWS\SYSTEM32\CRYPTBASE.dll
0x00007ffdd70d0000 - 0x00007ffdd710b000 	C:\WINDOWS\SYSTEM32\IPHLPAPI.DLL
0x00007ffdd8670000 - 0x00007ffdd8678000 	C:\WINDOWS\System32\NSI.dll
0x00007ffdce4d0000 - 0x00007ffdce4e7000 	C:\WINDOWS\SYSTEM32\dhcpcsvc6.DLL
0x00007ffdcf380000 - 0x00007ffdcf39d000 	C:\WINDOWS\SYSTEM32\dhcpcsvc.DLL
0x00007ffdd7110000 - 0x00007ffdd71da000 	C:\WINDOWS\SYSTEM32\DNSAPI.dll
0x00007ffdd2140000 - 0x00007ffdd2167000 	C:\Program Files\Eclipse Adoptium\jdk-11.0.19.7-hotspot\bin\sunec.dll
0x00007ffdcb510000 - 0x00007ffdcb51a000 	C:\Windows\System32\rasadhlp.dll
0x00007ffdcbb80000 - 0x00007ffdcbc02000 	C:\WINDOWS\System32\fwpuclnt.dll
0x00007ffdd2d50000 - 0x00007ffdd2d59000 	C:\Program Files\Eclipse Adoptium\jdk-11.0.19.7-hotspot\bin\management.dll
0x00007ffdd2d40000 - 0x00007ffdd2d4b000 	C:\Program Files\Eclipse Adoptium\jdk-11.0.19.7-hotspot\bin\management_ext.dll
0x00007ffdbee30000 - 0x00007ffdbee47000 	C:\WINDOWS\system32\napinsp.dll
0x00007ffdc1460000 - 0x00007ffdc147b000 	C:\WINDOWS\system32\pnrpnsp.dll
0x00007ffdc18e0000 - 0x00007ffdc18f5000 	C:\WINDOWS\system32\wshbth.dll
0x00007ffdd3670000 - 0x00007ffdd368d000 	C:\WINDOWS\system32\NLAapi.dll
0x00007ffdc8dc0000 - 0x00007ffdc8dd2000 	C:\WINDOWS\System32\winrnr.dll

dbghelp: loaded successfully - version: 4.0.5 - missing functions: none
symbol engine: initialized successfully - sym options: 0x614 - pdb path: .;C:\Program Files\Eclipse Adoptium\jdk-11.0.19.7-hotspot\bin;C:\WINDOWS\SYSTEM32;C:\WINDOWS\system32\DriverStore\FileRepository\nvacwu.inf_amd64_bdd6ea477d4e2fba;C:\Program Files\NVIDIA Corporation\CoProcManager;C:\WINDOWS\WinSxS\amd64_microsoft.windows.common-controls_6595b64144ccf1df_6.0.19041.3570_none_60bb2a3971f3e41a;C:\Program Files\Eclipse Adoptium\jdk-11.0.19.7-hotspot\bin\server

VM Arguments:
jvm_args: -Dorg.gradle.internal.worker.tmpdir=C:\Users\1\IdeaProjects\Idea03\Idea03\build\tmp\test\work -Dorg.gradle.native=false -Xmx512m -Dfile.encoding=windows-1251 -Duser.country=RU -Duser.language=ru -Duser.variant -ea 
java_command: worker.org.gradle.process.internal.worker.GradleWorkerMain 'Gradle Test Executor 2'
java_class_path (initial): C:\\Users\\1\\.gradle\\caches\\7.6\\workerMain\\gradle-worker.jar;C:\\Users\\1\\IdeaProjects\\Idea03\\Idea03\\build\\classes\\java\\test;C:\\Users\\1\\IdeaProjects\\Idea03\\Idea03\\build\\classes\\java\\main;C:\\Users\\1\\.gradle\\caches\\modules-2\\files-2.1\\org.junit.jupiter\\junit-jupiter-params\\5.9.0\\d6b6ccd3585351f617b06f066675271afebe9b28\\junit-jupiter-params-5.9.0.jar;C:\\Users\\1\\.gradle\\caches\\modules-2\\files-2.1\\org.junit.jupiter\\junit-jupiter-engine\\5.9.0\\cc1cb5efae97493dcffb687253a0964ad2e7b99\\junit-jupiter-engine-5.9.0.jar;C:\\Users\\1\\.gradle\\caches\\modules-2\\files-2.1\\org.junit.jupiter\\junit-jupiter-api\\5.9.0\\a44f7eba3ea214f6ec87ad9fccd3b2ac4681a4\\junit-jupiter-api-5.9.0.jar;C:\\Users\\1\\.gradle\\caches\\modules-2\\files-2.1\\org.junit.platform\\junit-platform-engine\\1.9.0\\bd46891f01817b5ffdd368cb0482a34746610acb\\junit-platform-engine-1.9.0.jar;C:\\Users\\1\\.gradle\\caches\\modules-2\\files-2.1\\org.junit.platform\\junit-platform-commons\\1.9.0\\b727889107fc28c7460b21d1083212f8ce7602c6\\junit-platform-commons-1.9.0.jar;C:\\Users\\1\\.gradle\\caches\\modules-2\\files-2.1\\org.junit.jupiter\\junit-jupiter\\5.9.0\\db1cd1cd9e3138cf9e5ecb12a2ccc9cfbdf6a1d\\junit-jupiter-5.9.0.jar;C:\\Users\\1\\.gradle\\caches\\modules-2\\files-2.1\\org.seleniumhq.selenium\\selenium-java\\4.11.0\\18cef0adbc08d152da07b234a04f6e8240ce215f\\selenium-java-4.11.0.jar;C:\\Users\\1\\.gradle\\caches\\modules-2\\files-2.1\\io.github.bonigarcia\\webdrivermanager\\5.4.1\\442d8a6a6e5ad6aad7e1ac281be5845ad13b6ff0\\webdrivermanager-5.4.1.jar;C:\\Users\\1\\.gradle\\caches\\modules-2\\files-2.1\\org.seleniumhq.selenium\\selenium-chrome-driver\\4.11.0\\4c44dd3f0402a8b988966a153714af1c69e26d13\\selenium-chrome-driver-4.11.0.jar;C:\\Users\\1\\.gradle\\caches\\modules-2\\files-2.1\\org.seleniumhq.selenium\\selenium-devtools-v113\\4.11.0\\a0dc1c6e06f210ffa8b189dd607966f105303aff\\selenium-devtools-v113-4.11.0.jar;C:\\Users\\1\\.gradle\\cac
Launcher Type: SUN_STANDARD

[Global flags]
     intx CICompilerCount                          = 2                                         {product} {ergonomic}
     uint ConcGCThreads                            = 1                                         {product} {ergonomic}
     uint G1ConcRefinementThreads                  = 2                                         {product} {ergonomic}
   size_t G1HeapRegionSize                         = 1048576                                   {product} {ergonomic}
    uintx GCDrainStackTargetSize                   = 64                                        {product} {ergonomic}
   size_t InitialHeapSize                          = 62914560                                  {product} {ergonomic}
   size_t MarkStackSize                            = 4194304                                   {product} {ergonomic}
   size_t MaxHeapSize                              = 536870912                                 {product} {command line}
   size_t MaxNewSize                               = 321912832                                 {product} {ergonomic}
   size_t MinHeapDeltaBytes                        = 1048576                                   {product} {ergonomic}
    uintx NonNMethodCodeHeapSize                   = 5825164                                {pd product} {ergonomic}
    uintx NonProfiledCodeHeapSize                  = 122916538                              {pd product} {ergonomic}
    uintx ProfiledCodeHeapSize                     = 122916538                              {pd product} {ergonomic}
    uintx ReservedCodeCacheSize                    = 251658240                              {pd product} {ergonomic}
     bool SegmentedCodeCache                       = true                                      {product} {ergonomic}
     bool UseCompressedClassPointers               = true                                 {lp64_product} {ergonomic}
     bool UseCompressedOops                        = true                                 {lp64_product} {ergonomic}
     bool UseG1GC                                  = true                                      {product} {ergonomic}
     bool UseLargePagesIndividualAllocation        = false                                  {pd product} {ergonomic}

Logging:
Log output configuration:
 #0: stdout all=warning uptime,level,tags
 #1: stderr all=off uptime,level,tags

Environment Variables:
PATH=C:\Program Files\Eclipse Adoptium\jdk-11.0.19.7-hotspot\bin;C:\WINDOWS\system32;C:\WINDOWS;C:\WINDOWS\System32\Wbem;C:\WINDOWS\System32\WindowsPowerShell\v1.0\;C:\WINDOWS\System32\OpenSSH\;C:\Program Files\Git\cmd;C:\Users\1\AppData\Local\Microsoft\WindowsApps;;C:\Users\1\AppData\Local\Programs\Microsoft VS Code\bin
USERNAME=1
OS=Windows_NT
PROCESSOR_IDENTIFIER=Intel64 Family 6 Model 37 Stepping 5, GenuineIntel
TMP=C:\Users\1\AppData\Local\Temp
TEMP=C:\Users\1\AppData\Local\Temp



---------------  S Y S T E M  ---------------

OS: Windows 10 , 64 bit Build 19041 (10.0.19041.3570)
OS uptime: 0 days 1:27 hours

CPU:total 2 (initial active 2) (2 cores per cpu, 1 threads per core) family 6 model 37 stepping 5 microcode 0x7, cmov, cx8, fxsr, mmx, sse, sse2, sse3, ssse3, popcnt, tsc, tscinvbit

Memory: 4k page, system-wide physical 3766M (322M free)
TotalPageFile size 5814M (AvailPageFile size 3M)
current process WorkingSet (physical memory assigned to process): 146M, peak: 147M
current process commit charge ("private bytes"): 195M, peak: 196M

vm_info: OpenJDK 64-Bit Server VM (11.0.19+7) for windows-amd64 JRE (11.0.19+7), built on Apr 18 2023 23:12:18 by "" with MS VC++ 16.7 (VS2019)

END.
