#
# There is insufficient memory for the Java Runtime Environment to continue.
# Native memory allocation (malloc) failed to allocate 1089936 bytes for Chunk::new
# Possible reasons:
#   The system is out of physical RAM or swap space
#   The process is running with CompressedOops enabled, and the Java Heap may be blocking the growth of the native heap
# Possible solutions:
#   Reduce memory load on the system
#   Increase physical memory or swap space
#   Check if swap backing store is full
#   Decrease Java heap size (-Xmx/-Xms)
#   Decrease number of Java threads
#   Decrease Java thread stack sizes (-Xss)
#   Set larger code cache with -XX:ReservedCodeCacheSize=
#   JVM is running with Unscaled Compressed Oops mode in which the Java heap is
#     placed in the first 4GB address space. The Java Heap base address is the
#     maximum limit for the native heap growth. Please use -XX:HeapBaseMinAddress
#     to set the Java Heap base and to place the Java Heap above 4GB virtual address.
# This output file may be truncated or incomplete.
#
#  Out of Memory Error (arena.cpp:197), pid=6188, tid=6640
#
# JRE version: OpenJDK Runtime Environment Temurin-11.0.19+7 (11.0.19+7) (build 11.0.19+7)
# Java VM: OpenJDK 64-Bit Server VM Temurin-11.0.19+7 (11.0.19+7, mixed mode, tiered, compressed oops, g1 gc, windows-amd64)
# No core dump will be written. Minidumps are not enabled by default on client versions of Windows
#

---------------  S U M M A R Y ------------

Command Line: --add-opens=java.base/java.util=ALL-UNNAMED --add-opens=java.base/java.lang=ALL-UNNAMED --add-opens=java.base/java.lang.invoke=ALL-UNNAMED --add-opens=java.prefs/java.util.prefs=ALL-UNNAMED --add-opens=java.base/java.nio.charset=ALL-UNNAMED --add-opens=java.base/java.net=ALL-UNNAMED --add-opens=java.base/java.util.concurrent.atomic=ALL-UNNAMED -XX:MaxMetaspaceSize=256m -XX:+HeapDumpOnOutOfMemoryError -Xms256m -Xmx512m -Dfile.encoding=windows-1251 -Duser.country=RU -Duser.language=ru -Duser.variant org.gradle.launcher.daemon.bootstrap.GradleDaemon 7.6

Host: Intel(R) Pentium(R) CPU        P6200  @ 2.13GHz, 2 cores, 3G,  Windows 10 , 64 bit Build 19041 (10.0.19041.3570)
Time: Sun Oct 29 10:46:12 2023 RTZ 2 (s 10 , 64 bit Build 19041 (10.0.19041.3570) elapsed time: 11.410176 seconds (0d 0h 0m 11s)

---------------  T H R E A D  ---------------

Current thread (0x00000260e238c800):  JavaThread "C2 CompilerThread0" daemon [_thread_in_native, id=6640, stack(0x000000ed24e00000,0x000000ed24f00000)]


Current CompileTask:
C2:  11418 2075   !   4       java.net.URLClassLoader$1::run (81 bytes)

Stack: [0x000000ed24e00000,0x000000ed24f00000]
Native frames: (J=compiled Java code, j=interpreted, Vv=VM code, C=native code)
V  [jvm.dll+0x64fb5a]
V  [jvm.dll+0x7e3549]
V  [jvm.dll+0x7e4c49]
V  [jvm.dll+0x7e5333]
V  [jvm.dll+0x26afd5]
V  [jvm.dll+0xc1a5c]
V  [jvm.dll+0xc200c]
V  [jvm.dll+0x2dd462]
V  [jvm.dll+0x559fe7]
V  [jvm.dll+0x22ba61]
V  [jvm.dll+0x225129]
V  [jvm.dll+0x221c74]
V  [jvm.dll+0x19e6c1]
V  [jvm.dll+0x231f59]
V  [jvm.dll+0x2300af]
V  [jvm.dll+0x7a48d0]
V  [jvm.dll+0x79d6e4]
V  [jvm.dll+0x64e915]
C  [ucrtbase.dll+0x21bb2]
C  [KERNEL32.DLL+0x17344]
C  [ntdll.dll+0x526b1]


---------------  P R O C E S S  ---------------

Threads class SMR info:
_java_thread_list=0x00000260e3f5ae00, length=23, elements={
0x00000260c6745800, 0x00000260e234d000, 0x00000260e2342000, 0x00000260e2377000,
0x00000260e237a000, 0x00000260e237f000, 0x00000260e238c800, 0x00000260e2395000,
0x00000260e23aa800, 0x00000260e2599800, 0x00000260e319c000, 0x00000260e565c800,
0x00000260c4cb9000, 0x00000260e2d8f800, 0x00000260e41d2000, 0x00000260e42c3000,
0x00000260e4345800, 0x00000260e4267000, 0x00000260e261a000, 0x00000260e33da800,
0x00000260e33db000, 0x00000260e33d8800, 0x00000260e33dc000
}

Java Threads: ( => current thread )
  0x00000260c6745800 JavaThread "main" [_thread_blocked, id=3636, stack(0x000000ed24200000,0x000000ed24300000)]
  0x00000260e234d000 JavaThread "Reference Handler" daemon [_thread_blocked, id=2100, stack(0x000000ed24900000,0x000000ed24a00000)]
  0x00000260e2342000 JavaThread "Finalizer" daemon [_thread_blocked, id=9692, stack(0x000000ed24a00000,0x000000ed24b00000)]
  0x00000260e2377000 JavaThread "Signal Dispatcher" daemon [_thread_blocked, id=4560, stack(0x000000ed24b00000,0x000000ed24c00000)]
  0x00000260e237a000 JavaThread "Attach Listener" daemon [_thread_blocked, id=1924, stack(0x000000ed24c00000,0x000000ed24d00000)]
  0x00000260e237f000 JavaThread "Service Thread" daemon [_thread_blocked, id=6600, stack(0x000000ed24d00000,0x000000ed24e00000)]
=>0x00000260e238c800 JavaThread "C2 CompilerThread0" daemon [_thread_in_native, id=6640, stack(0x000000ed24e00000,0x000000ed24f00000)]
  0x00000260e2395000 JavaThread "C1 CompilerThread0" daemon [_thread_blocked, id=5188, stack(0x000000ed24f00000,0x000000ed25000000)]
  0x00000260e23aa800 JavaThread "Sweeper thread" daemon [_thread_blocked, id=6364, stack(0x000000ed25000000,0x000000ed25100000)]
  0x00000260e2599800 JavaThread "Common-Cleaner" daemon [_thread_blocked, id=5644, stack(0x000000ed25100000,0x000000ed25200000)]
  0x00000260e319c000 JavaThread "Daemon health stats" [_thread_blocked, id=5180, stack(0x000000ed25400000,0x000000ed25500000)]
  0x00000260e565c800 JavaThread "Incoming local TCP Connector on port 53296" [_thread_in_native, id=3848, stack(0x000000ed25500000,0x000000ed25600000)]
  0x00000260c4cb9000 JavaThread "Daemon periodic checks" [_thread_blocked, id=2576, stack(0x000000ed25600000,0x000000ed25700000)]
  0x00000260e2d8f800 JavaThread "Daemon" [_thread_blocked, id=6956, stack(0x000000ed25700000,0x000000ed25800000)]
  0x00000260e41d2000 JavaThread "Handler for socket connection from /127.0.0.1:53296 to /127.0.0.1:53297" [_thread_in_native, id=5876, stack(0x000000ed25800000,0x000000ed25900000)]
  0x00000260e42c3000 JavaThread "Cancel handler" [_thread_blocked, id=9368, stack(0x000000ed25900000,0x000000ed25a00000)]
  0x00000260e4345800 JavaThread "Daemon worker" [_thread_in_vm, id=4532, stack(0x000000ed25a00000,0x000000ed25b00000)]
  0x00000260e4267000 JavaThread "Asynchronous log dispatcher for DefaultDaemonConnection: socket connection from /127.0.0.1:53296 to /127.0.0.1:53297" [_thread_blocked, id=9336, stack(0x000000ed25b00000,0x000000ed25c00000)]
  0x00000260e261a000 JavaThread "Stdin handler" [_thread_blocked, id=7000, stack(0x000000ed25c00000,0x000000ed25d00000)]
  0x00000260e33da800 JavaThread "Daemon client event forwarder" [_thread_blocked, id=5440, stack(0x000000ed25d00000,0x000000ed25e00000)]
  0x00000260e33db000 JavaThread "Cache worker for journal cache (C:\Users\1\.gradle\caches\journal-1)" [_thread_blocked, id=7740, stack(0x000000ed25e00000,0x000000ed25f00000)]
  0x00000260e33d8800 JavaThread "File lock request listener" [_thread_in_native, id=7824, stack(0x000000ed25f00000,0x000000ed26000000)]
  0x00000260e33dc000 JavaThread "Cache worker for file hash cache (C:\Users\1\.gradle\caches\7.6\fileHashes)" [_thread_blocked, id=2756, stack(0x000000ed26000000,0x000000ed26100000)]

Other Threads:
  0x00000260e22de000 VMThread "VM Thread" [stack: 0x000000ed24800000,0x000000ed24900000] [id=3640]
  0x00000260e25d8000 WatcherThread [stack: 0x000000ed25200000,0x000000ed25300000] [id=5520]
  0x00000260c6765800 GCTaskThread "GC Thread#0" [stack: 0x000000ed24300000,0x000000ed24400000] [id=6464]
  0x00000260e2d34800 GCTaskThread "GC Thread#1" [stack: 0x000000ed25300000,0x000000ed25400000] [id=8288]
  0x00000260c677b000 ConcurrentGCThread "G1 Main Marker" [stack: 0x000000ed24400000,0x000000ed24500000] [id=10000]
  0x00000260c677c000 ConcurrentGCThread "G1 Conc#0" [stack: 0x000000ed24500000,0x000000ed24600000] [id=5232]
  0x00000260c687b000 ConcurrentGCThread "G1 Refine#0" [stack: 0x000000ed24600000,0x000000ed24700000] [id=9052]
  0x00000260c687c000 ConcurrentGCThread "G1 Young RemSet Sampling" [stack: 0x000000ed24700000,0x000000ed24800000] [id=8556]

Threads with active compile tasks:
C2 CompilerThread0    11552 2075   !   4       java.net.URLClassLoader$1::run (81 bytes)

VM state:not at safepoint (normal execution)

VM Mutex/Monitor currently owned by a thread: None

Heap address: 0x00000000e0000000, size: 512 MB, Compressed Oops mode: 32-bit
Narrow klass base: 0x0000000000000000, Narrow klass shift: 3
Compressed class space size: 260046848 Address: 0x0000000100000000

Heap:
 garbage-first heap   total 262144K, used 38893K [0x00000000e0000000, 0x0000000100000000)
  region size 1024K, 27 young (27648K), 4 survivors (4096K)
 Metaspace       used 22998K, capacity 23533K, committed 23728K, reserved 276480K
  class space    used 2893K, capacity 3067K, committed 3072K, reserved 253952K
Heap Regions: E=young(eden), S=young(survivor), O=old, HS=humongous(starts), HC=humongous(continues), CS=collection set, F=free, A=archive, TAMS=top-at-mark-start (previous, next)
|   0|0x00000000e0000000, 0x00000000e0100000, 0x00000000e0100000|100%| O|  |TAMS 0x00000000e0100000, 0x00000000e0000000| Untracked 
|   1|0x00000000e0100000, 0x00000000e0200000, 0x00000000e0200000|100%|HS|  |TAMS 0x00000000e0200000, 0x00000000e0100000| Complete 
|   2|0x00000000e0200000, 0x00000000e0300000, 0x00000000e0300000|100%|HC|  |TAMS 0x00000000e0300000, 0x00000000e0200000| Complete 
|   3|0x00000000e0300000, 0x00000000e0400000, 0x00000000e0400000|100%|HC|  |TAMS 0x00000000e0400000, 0x00000000e0300000| Complete 
|   4|0x00000000e0400000, 0x00000000e0500000, 0x00000000e0500000|100%| O|  |TAMS 0x00000000e0500000, 0x00000000e0400000| Untracked 
|   5|0x00000000e0500000, 0x00000000e0600000, 0x00000000e0600000|100%| O|  |TAMS 0x00000000e0600000, 0x00000000e0500000| Untracked 
|   6|0x00000000e0600000, 0x00000000e0700000, 0x00000000e0700000|100%| O|  |TAMS 0x00000000e0700000, 0x00000000e0600000| Untracked 
|   7|0x00000000e0700000, 0x00000000e0800000, 0x00000000e0800000|100%| O|  |TAMS 0x00000000e0800000, 0x00000000e0700000| Untracked 
|   8|0x00000000e0800000, 0x00000000e0900000, 0x00000000e0900000|100%| O|  |TAMS 0x00000000e0900000, 0x00000000e0800000| Untracked 
|   9|0x00000000e0900000, 0x00000000e0a00000, 0x00000000e0a00000|100%| O|  |TAMS 0x00000000e0a00000, 0x00000000e0900000| Untracked 
|  10|0x00000000e0a00000, 0x00000000e0b00000, 0x00000000e0b00000|100%| O|  |TAMS 0x00000000e0b00000, 0x00000000e0a00000| Untracked 
|  11|0x00000000e0b00000, 0x00000000e0c00000, 0x00000000e0c00000|100%| O|  |TAMS 0x00000000e0c00000, 0x00000000e0b00000| Untracked 
|  12|0x00000000e0c00000, 0x00000000e0d00000, 0x00000000e0d00000|100%| O|  |TAMS 0x00000000e0d00000, 0x00000000e0c00000| Untracked 
|  13|0x00000000e0d00000, 0x00000000e0d6f000, 0x00000000e0e00000| 43%| O|  |TAMS 0x00000000e0d6f000, 0x00000000e0d00000| Untracked 
|  14|0x00000000e0e00000, 0x00000000e0e00000, 0x00000000e0f00000|  0%| F|  |TAMS 0x00000000e0e00000, 0x00000000e0e00000| Untracked 
|  15|0x00000000e0f00000, 0x00000000e0f00000, 0x00000000e1000000|  0%| F|  |TAMS 0x00000000e0f00000, 0x00000000e0f00000| Untracked 
|  16|0x00000000e1000000, 0x00000000e1000000, 0x00000000e1100000|  0%| F|  |TAMS 0x00000000e1000000, 0x00000000e1000000| Untracked 
|  17|0x00000000e1100000, 0x00000000e1100000, 0x00000000e1200000|  0%| F|  |TAMS 0x00000000e1100000, 0x00000000e1100000| Untracked 
|  18|0x00000000e1200000, 0x00000000e1200000, 0x00000000e1300000|  0%| F|  |TAMS 0x00000000e1200000, 0x00000000e1200000| Untracked 
|  19|0x00000000e1300000, 0x00000000e1300000, 0x00000000e1400000|  0%| F|  |TAMS 0x00000000e1300000, 0x00000000e1300000| Untracked 
|  20|0x00000000e1400000, 0x00000000e1400000, 0x00000000e1500000|  0%| F|  |TAMS 0x00000000e1400000, 0x00000000e1400000| Untracked 
|  21|0x00000000e1500000, 0x00000000e1500000, 0x00000000e1600000|  0%| F|  |TAMS 0x00000000e1500000, 0x00000000e1500000| Untracked 
|  22|0x00000000e1600000, 0x00000000e1600000, 0x00000000e1700000|  0%| F|  |TAMS 0x00000000e1600000, 0x00000000e1600000| Untracked 
|  23|0x00000000e1700000, 0x00000000e1700000, 0x00000000e1800000|  0%| F|  |TAMS 0x00000000e1700000, 0x00000000e1700000| Untracked 
|  24|0x00000000e1800000, 0x00000000e1800000, 0x00000000e1900000|  0%| F|  |TAMS 0x00000000e1800000, 0x00000000e1800000| Untracked 
|  25|0x00000000e1900000, 0x00000000e1900000, 0x00000000e1a00000|  0%| F|  |TAMS 0x00000000e1900000, 0x00000000e1900000| Untracked 
|  26|0x00000000e1a00000, 0x00000000e1a00000, 0x00000000e1b00000|  0%| F|  |TAMS 0x00000000e1a00000, 0x00000000e1a00000| Untracked 
|  27|0x00000000e1b00000, 0x00000000e1b00000, 0x00000000e1c00000|  0%| F|  |TAMS 0x00000000e1b00000, 0x00000000e1b00000| Untracked 
|  28|0x00000000e1c00000, 0x00000000e1c00000, 0x00000000e1d00000|  0%| F|  |TAMS 0x00000000e1c00000, 0x00000000e1c00000| Untracked 
|  29|0x00000000e1d00000, 0x00000000e1d00000, 0x00000000e1e00000|  0%| F|  |TAMS 0x00000000e1d00000, 0x00000000e1d00000| Untracked 
|  30|0x00000000e1e00000, 0x00000000e1e00000, 0x00000000e1f00000|  0%| F|  |TAMS 0x00000000e1e00000, 0x00000000e1e00000| Untracked 
|  31|0x00000000e1f00000, 0x00000000e1f00000, 0x00000000e2000000|  0%| F|  |TAMS 0x00000000e1f00000, 0x00000000e1f00000| Untracked 
|  32|0x00000000e2000000, 0x00000000e2000000, 0x00000000e2100000|  0%| F|  |TAMS 0x00000000e2000000, 0x00000000e2000000| Untracked 
|  33|0x00000000e2100000, 0x00000000e2100000, 0x00000000e2200000|  0%| F|  |TAMS 0x00000000e2100000, 0x00000000e2100000| Untracked 
|  34|0x00000000e2200000, 0x00000000e2200000, 0x00000000e2300000|  0%| F|  |TAMS 0x00000000e2200000, 0x00000000e2200000| Untracked 
|  35|0x00000000e2300000, 0x00000000e2300000, 0x00000000e2400000|  0%| F|  |TAMS 0x00000000e2300000, 0x00000000e2300000| Untracked 
|  36|0x00000000e2400000, 0x00000000e2400000, 0x00000000e2500000|  0%| F|  |TAMS 0x00000000e2400000, 0x00000000e2400000| Untracked 
|  37|0x00000000e2500000, 0x00000000e2500000, 0x00000000e2600000|  0%| F|  |TAMS 0x00000000e2500000, 0x00000000e2500000| Untracked 
|  38|0x00000000e2600000, 0x00000000e2600000, 0x00000000e2700000|  0%| F|  |TAMS 0x00000000e2600000, 0x00000000e2600000| Untracked 
|  39|0x00000000e2700000, 0x00000000e2700000, 0x00000000e2800000|  0%| F|  |TAMS 0x00000000e2700000, 0x00000000e2700000| Untracked 
|  40|0x00000000e2800000, 0x00000000e2800000, 0x00000000e2900000|  0%| F|  |TAMS 0x00000000e2800000, 0x00000000e2800000| Untracked 
|  41|0x00000000e2900000, 0x00000000e2900000, 0x00000000e2a00000|  0%| F|  |TAMS 0x00000000e2900000, 0x00000000e2900000| Untracked 
|  42|0x00000000e2a00000, 0x00000000e2a00000, 0x00000000e2b00000|  0%| F|  |TAMS 0x00000000e2a00000, 0x00000000e2a00000| Untracked 
|  43|0x00000000e2b00000, 0x00000000e2b00000, 0x00000000e2c00000|  0%| F|  |TAMS 0x00000000e2b00000, 0x00000000e2b00000| Untracked 
|  44|0x00000000e2c00000, 0x00000000e2c00000, 0x00000000e2d00000|  0%| F|  |TAMS 0x00000000e2c00000, 0x00000000e2c00000| Untracked 
|  45|0x00000000e2d00000, 0x00000000e2d00000, 0x00000000e2e00000|  0%| F|  |TAMS 0x00000000e2d00000, 0x00000000e2d00000| Untracked 
|  46|0x00000000e2e00000, 0x00000000e2e00000, 0x00000000e2f00000|  0%| F|  |TAMS 0x00000000e2e00000, 0x00000000e2e00000| Untracked 
|  47|0x00000000e2f00000, 0x00000000e2f00000, 0x00000000e3000000|  0%| F|  |TAMS 0x00000000e2f00000, 0x00000000e2f00000| Untracked 
|  48|0x00000000e3000000, 0x00000000e3000000, 0x00000000e3100000|  0%| F|  |TAMS 0x00000000e3000000, 0x00000000e3000000| Untracked 
|  49|0x00000000e3100000, 0x00000000e3100000, 0x00000000e3200000|  0%| F|  |TAMS 0x00000000e3100000, 0x00000000e3100000| Untracked 
|  50|0x00000000e3200000, 0x00000000e3200000, 0x00000000e3300000|  0%| F|  |TAMS 0x00000000e3200000, 0x00000000e3200000| Untracked 
|  51|0x00000000e3300000, 0x00000000e3300000, 0x00000000e3400000|  0%| F|  |TAMS 0x00000000e3300000, 0x00000000e3300000| Untracked 
|  52|0x00000000e3400000, 0x00000000e3400000, 0x00000000e3500000|  0%| F|  |TAMS 0x00000000e3400000, 0x00000000e3400000| Untracked 
|  53|0x00000000e3500000, 0x00000000e3500000, 0x00000000e3600000|  0%| F|  |TAMS 0x00000000e3500000, 0x00000000e3500000| Untracked 
|  54|0x00000000e3600000, 0x00000000e3600000, 0x00000000e3700000|  0%| F|  |TAMS 0x00000000e3600000, 0x00000000e3600000| Untracked 
|  55|0x00000000e3700000, 0x00000000e3700000, 0x00000000e3800000|  0%| F|  |TAMS 0x00000000e3700000, 0x00000000e3700000| Untracked 
|  56|0x00000000e3800000, 0x00000000e3800000, 0x00000000e3900000|  0%| F|  |TAMS 0x00000000e3800000, 0x00000000e3800000| Untracked 
|  57|0x00000000e3900000, 0x00000000e3900000, 0x00000000e3a00000|  0%| F|  |TAMS 0x00000000e3900000, 0x00000000e3900000| Untracked 
|  58|0x00000000e3a00000, 0x00000000e3a00000, 0x00000000e3b00000|  0%| F|  |TAMS 0x00000000e3a00000, 0x00000000e3a00000| Untracked 
|  59|0x00000000e3b00000, 0x00000000e3b00000, 0x00000000e3c00000|  0%| F|  |TAMS 0x00000000e3b00000, 0x00000000e3b00000| Untracked 
|  60|0x00000000e3c00000, 0x00000000e3c00000, 0x00000000e3d00000|  0%| F|  |TAMS 0x00000000e3c00000, 0x00000000e3c00000| Untracked 
|  61|0x00000000e3d00000, 0x00000000e3d00000, 0x00000000e3e00000|  0%| F|  |TAMS 0x00000000e3d00000, 0x00000000e3d00000| Untracked 
|  62|0x00000000e3e00000, 0x00000000e3e00000, 0x00000000e3f00000|  0%| F|  |TAMS 0x00000000e3e00000, 0x00000000e3e00000| Untracked 
|  63|0x00000000e3f00000, 0x00000000e3f00000, 0x00000000e4000000|  0%| F|  |TAMS 0x00000000e3f00000, 0x00000000e3f00000| Untracked 
|  64|0x00000000e4000000, 0x00000000e4000000, 0x00000000e4100000|  0%| F|  |TAMS 0x00000000e4000000, 0x00000000e4000000| Untracked 
|  65|0x00000000e4100000, 0x00000000e4100000, 0x00000000e4200000|  0%| F|  |TAMS 0x00000000e4100000, 0x00000000e4100000| Untracked 
|  66|0x00000000e4200000, 0x00000000e4200000, 0x00000000e4300000|  0%| F|  |TAMS 0x00000000e4200000, 0x00000000e4200000| Untracked 
|  67|0x00000000e4300000, 0x00000000e4300000, 0x00000000e4400000|  0%| F|  |TAMS 0x00000000e4300000, 0x00000000e4300000| Untracked 
|  68|0x00000000e4400000, 0x00000000e4400000, 0x00000000e4500000|  0%| F|  |TAMS 0x00000000e4400000, 0x00000000e4400000| Untracked 
|  69|0x00000000e4500000, 0x00000000e4500000, 0x00000000e4600000|  0%| F|  |TAMS 0x00000000e4500000, 0x00000000e4500000| Untracked 
|  70|0x00000000e4600000, 0x00000000e4600000, 0x00000000e4700000|  0%| F|  |TAMS 0x00000000e4600000, 0x00000000e4600000| Untracked 
|  71|0x00000000e4700000, 0x00000000e4700000, 0x00000000e4800000|  0%| F|  |TAMS 0x00000000e4700000, 0x00000000e4700000| Untracked 
|  72|0x00000000e4800000, 0x00000000e4800000, 0x00000000e4900000|  0%| F|  |TAMS 0x00000000e4800000, 0x00000000e4800000| Untracked 
|  73|0x00000000e4900000, 0x00000000e4900000, 0x00000000e4a00000|  0%| F|  |TAMS 0x00000000e4900000, 0x00000000e4900000| Untracked 
|  74|0x00000000e4a00000, 0x00000000e4a00000, 0x00000000e4b00000|  0%| F|  |TAMS 0x00000000e4a00000, 0x00000000e4a00000| Untracked 
|  75|0x00000000e4b00000, 0x00000000e4b00000, 0x00000000e4c00000|  0%| F|  |TAMS 0x00000000e4b00000, 0x00000000e4b00000| Untracked 
|  76|0x00000000e4c00000, 0x00000000e4c00000, 0x00000000e4d00000|  0%| F|  |TAMS 0x00000000e4c00000, 0x00000000e4c00000| Untracked 
|  77|0x00000000e4d00000, 0x00000000e4d00000, 0x00000000e4e00000|  0%| F|  |TAMS 0x00000000e4d00000, 0x00000000e4d00000| Untracked 
|  78|0x00000000e4e00000, 0x00000000e4e00000, 0x00000000e4f00000|  0%| F|  |TAMS 0x00000000e4e00000, 0x00000000e4e00000| Untracked 
|  79|0x00000000e4f00000, 0x00000000e4f00000, 0x00000000e5000000|  0%| F|  |TAMS 0x00000000e4f00000, 0x00000000e4f00000| Untracked 
|  80|0x00000000e5000000, 0x00000000e5000000, 0x00000000e5100000|  0%| F|  |TAMS 0x00000000e5000000, 0x00000000e5000000| Untracked 
|  81|0x00000000e5100000, 0x00000000e5100000, 0x00000000e5200000|  0%| F|  |TAMS 0x00000000e5100000, 0x00000000e5100000| Untracked 
|  82|0x00000000e5200000, 0x00000000e5200000, 0x00000000e5300000|  0%| F|  |TAMS 0x00000000e5200000, 0x00000000e5200000| Untracked 
|  83|0x00000000e5300000, 0x00000000e5300000, 0x00000000e5400000|  0%| F|  |TAMS 0x00000000e5300000, 0x00000000e5300000| Untracked 
|  84|0x00000000e5400000, 0x00000000e5400000, 0x00000000e5500000|  0%| F|  |TAMS 0x00000000e5400000, 0x00000000e5400000| Untracked 
|  85|0x00000000e5500000, 0x00000000e5500000, 0x00000000e5600000|  0%| F|  |TAMS 0x00000000e5500000, 0x00000000e5500000| Untracked 
|  86|0x00000000e5600000, 0x00000000e5600000, 0x00000000e5700000|  0%| F|  |TAMS 0x00000000e5600000, 0x00000000e5600000| Untracked 
|  87|0x00000000e5700000, 0x00000000e5700000, 0x00000000e5800000|  0%| F|  |TAMS 0x00000000e5700000, 0x00000000e5700000| Untracked 
|  88|0x00000000e5800000, 0x00000000e5800000, 0x00000000e5900000|  0%| F|  |TAMS 0x00000000e5800000, 0x00000000e5800000| Untracked 
|  89|0x00000000e5900000, 0x00000000e5900000, 0x00000000e5a00000|  0%| F|  |TAMS 0x00000000e5900000, 0x00000000e5900000| Untracked 
|  90|0x00000000e5a00000, 0x00000000e5a00000, 0x00000000e5b00000|  0%| F|  |TAMS 0x00000000e5a00000, 0x00000000e5a00000| Untracked 
|  91|0x00000000e5b00000, 0x00000000e5b00000, 0x00000000e5c00000|  0%| F|  |TAMS 0x00000000e5b00000, 0x00000000e5b00000| Untracked 
|  92|0x00000000e5c00000, 0x00000000e5c00000, 0x00000000e5d00000|  0%| F|  |TAMS 0x00000000e5c00000, 0x00000000e5c00000| Untracked 
|  93|0x00000000e5d00000, 0x00000000e5d00000, 0x00000000e5e00000|  0%| F|  |TAMS 0x00000000e5d00000, 0x00000000e5d00000| Untracked 
|  94|0x00000000e5e00000, 0x00000000e5e00000, 0x00000000e5f00000|  0%| F|  |TAMS 0x00000000e5e00000, 0x00000000e5e00000| Untracked 
|  95|0x00000000e5f00000, 0x00000000e5f00000, 0x00000000e6000000|  0%| F|  |TAMS 0x00000000e5f00000, 0x00000000e5f00000| Untracked 
|  96|0x00000000e6000000, 0x00000000e6000000, 0x00000000e6100000|  0%| F|  |TAMS 0x00000000e6000000, 0x00000000e6000000| Untracked 
|  97|0x00000000e6100000, 0x00000000e6100000, 0x00000000e6200000|  0%| F|  |TAMS 0x00000000e6100000, 0x00000000e6100000| Untracked 
|  98|0x00000000e6200000, 0x00000000e6200000, 0x00000000e6300000|  0%| F|  |TAMS 0x00000000e6200000, 0x00000000e6200000| Untracked 
|  99|0x00000000e6300000, 0x00000000e6300000, 0x00000000e6400000|  0%| F|  |TAMS 0x00000000e6300000, 0x00000000e6300000| Untracked 
| 100|0x00000000e6400000, 0x00000000e6400000, 0x00000000e6500000|  0%| F|  |TAMS 0x00000000e6400000, 0x00000000e6400000| Untracked 
| 101|0x00000000e6500000, 0x00000000e6500000, 0x00000000e6600000|  0%| F|  |TAMS 0x00000000e6500000, 0x00000000e6500000| Untracked 
| 102|0x00000000e6600000, 0x00000000e6600000, 0x00000000e6700000|  0%| F|  |TAMS 0x00000000e6600000, 0x00000000e6600000| Untracked 
| 103|0x00000000e6700000, 0x00000000e6700000, 0x00000000e6800000|  0%| F|  |TAMS 0x00000000e6700000, 0x00000000e6700000| Untracked 
| 104|0x00000000e6800000, 0x00000000e6800000, 0x00000000e6900000|  0%| F|  |TAMS 0x00000000e6800000, 0x00000000e6800000| Untracked 
| 105|0x00000000e6900000, 0x00000000e6900000, 0x00000000e6a00000|  0%| F|  |TAMS 0x00000000e6900000, 0x00000000e6900000| Untracked 
| 106|0x00000000e6a00000, 0x00000000e6a00000, 0x00000000e6b00000|  0%| F|  |TAMS 0x00000000e6a00000, 0x00000000e6a00000| Untracked 
| 107|0x00000000e6b00000, 0x00000000e6b00000, 0x00000000e6c00000|  0%| F|  |TAMS 0x00000000e6b00000, 0x00000000e6b00000| Untracked 
| 108|0x00000000e6c00000, 0x00000000e6c00000, 0x00000000e6d00000|  0%| F|  |TAMS 0x00000000e6c00000, 0x00000000e6c00000| Untracked 
| 109|0x00000000e6d00000, 0x00000000e6d00000, 0x00000000e6e00000|  0%| F|  |TAMS 0x00000000e6d00000, 0x00000000e6d00000| Untracked 
| 110|0x00000000e6e00000, 0x00000000e6e00000, 0x00000000e6f00000|  0%| F|  |TAMS 0x00000000e6e00000, 0x00000000e6e00000| Untracked 
| 111|0x00000000e6f00000, 0x00000000e6f00000, 0x00000000e7000000|  0%| F|  |TAMS 0x00000000e6f00000, 0x00000000e6f00000| Untracked 
| 112|0x00000000e7000000, 0x00000000e7000000, 0x00000000e7100000|  0%| F|  |TAMS 0x00000000e7000000, 0x00000000e7000000| Untracked 
| 113|0x00000000e7100000, 0x00000000e7100000, 0x00000000e7200000|  0%| F|  |TAMS 0x00000000e7100000, 0x00000000e7100000| Untracked 
| 114|0x00000000e7200000, 0x00000000e7200000, 0x00000000e7300000|  0%| F|  |TAMS 0x00000000e7200000, 0x00000000e7200000| Untracked 
| 115|0x00000000e7300000, 0x00000000e7300000, 0x00000000e7400000|  0%| F|  |TAMS 0x00000000e7300000, 0x00000000e7300000| Untracked 
| 116|0x00000000e7400000, 0x00000000e7400000, 0x00000000e7500000|  0%| F|  |TAMS 0x00000000e7400000, 0x00000000e7400000| Untracked 
| 117|0x00000000e7500000, 0x00000000e7500000, 0x00000000e7600000|  0%| F|  |TAMS 0x00000000e7500000, 0x00000000e7500000| Untracked 
| 118|0x00000000e7600000, 0x00000000e7600000, 0x00000000e7700000|  0%| F|  |TAMS 0x00000000e7600000, 0x00000000e7600000| Untracked 
| 119|0x00000000e7700000, 0x00000000e7700000, 0x00000000e7800000|  0%| F|  |TAMS 0x00000000e7700000, 0x00000000e7700000| Untracked 
| 120|0x00000000e7800000, 0x00000000e7800000, 0x00000000e7900000|  0%| F|  |TAMS 0x00000000e7800000, 0x00000000e7800000| Untracked 
| 121|0x00000000e7900000, 0x00000000e7900000, 0x00000000e7a00000|  0%| F|  |TAMS 0x00000000e7900000, 0x00000000e7900000| Untracked 
| 122|0x00000000e7a00000, 0x00000000e7a00000, 0x00000000e7b00000|  0%| F|  |TAMS 0x00000000e7a00000, 0x00000000e7a00000| Untracked 
| 123|0x00000000e7b00000, 0x00000000e7b00000, 0x00000000e7c00000|  0%| F|  |TAMS 0x00000000e7b00000, 0x00000000e7b00000| Untracked 
| 124|0x00000000e7c00000, 0x00000000e7c00000, 0x00000000e7d00000|  0%| F|  |TAMS 0x00000000e7c00000, 0x00000000e7c00000| Untracked 
| 125|0x00000000e7d00000, 0x00000000e7d00000, 0x00000000e7e00000|  0%| F|  |TAMS 0x00000000e7d00000, 0x00000000e7d00000| Untracked 
| 126|0x00000000e7e00000, 0x00000000e7e00000, 0x00000000e7f00000|  0%| F|  |TAMS 0x00000000e7e00000, 0x00000000e7e00000| Untracked 
| 127|0x00000000e7f00000, 0x00000000e7f00000, 0x00000000e8000000|  0%| F|  |TAMS 0x00000000e7f00000, 0x00000000e7f00000| Untracked 
| 128|0x00000000e8000000, 0x00000000e8000000, 0x00000000e8100000|  0%| F|  |TAMS 0x00000000e8000000, 0x00000000e8000000| Untracked 
| 129|0x00000000e8100000, 0x00000000e8100000, 0x00000000e8200000|  0%| F|  |TAMS 0x00000000e8100000, 0x00000000e8100000| Untracked 
| 130|0x00000000e8200000, 0x00000000e8200000, 0x00000000e8300000|  0%| F|  |TAMS 0x00000000e8200000, 0x00000000e8200000| Untracked 
| 131|0x00000000e8300000, 0x00000000e8300000, 0x00000000e8400000|  0%| F|  |TAMS 0x00000000e8300000, 0x00000000e8300000| Untracked 
| 132|0x00000000e8400000, 0x00000000e8400000, 0x00000000e8500000|  0%| F|  |TAMS 0x00000000e8400000, 0x00000000e8400000| Untracked 
| 133|0x00000000e8500000, 0x00000000e8500000, 0x00000000e8600000|  0%| F|  |TAMS 0x00000000e8500000, 0x00000000e8500000| Untracked 
| 134|0x00000000e8600000, 0x00000000e8600000, 0x00000000e8700000|  0%| F|  |TAMS 0x00000000e8600000, 0x00000000e8600000| Untracked 
| 135|0x00000000e8700000, 0x00000000e8700000, 0x00000000e8800000|  0%| F|  |TAMS 0x00000000e8700000, 0x00000000e8700000| Untracked 
| 136|0x00000000e8800000, 0x00000000e8800000, 0x00000000e8900000|  0%| F|  |TAMS 0x00000000e8800000, 0x00000000e8800000| Untracked 
| 137|0x00000000e8900000, 0x00000000e8900000, 0x00000000e8a00000|  0%| F|  |TAMS 0x00000000e8900000, 0x00000000e8900000| Untracked 
| 138|0x00000000e8a00000, 0x00000000e8a00000, 0x00000000e8b00000|  0%| F|  |TAMS 0x00000000e8a00000, 0x00000000e8a00000| Untracked 
| 139|0x00000000e8b00000, 0x00000000e8b00000, 0x00000000e8c00000|  0%| F|  |TAMS 0x00000000e8b00000, 0x00000000e8b00000| Untracked 
| 140|0x00000000e8c00000, 0x00000000e8c00000, 0x00000000e8d00000|  0%| F|  |TAMS 0x00000000e8c00000, 0x00000000e8c00000| Untracked 
| 141|0x00000000e8d00000, 0x00000000e8d00000, 0x00000000e8e00000|  0%| F|  |TAMS 0x00000000e8d00000, 0x00000000e8d00000| Untracked 
| 142|0x00000000e8e00000, 0x00000000e8e00000, 0x00000000e8f00000|  0%| F|  |TAMS 0x00000000e8e00000, 0x00000000e8e00000| Untracked 
| 143|0x00000000e8f00000, 0x00000000e8f00000, 0x00000000e9000000|  0%| F|  |TAMS 0x00000000e8f00000, 0x00000000e8f00000| Untracked 
| 144|0x00000000e9000000, 0x00000000e9000000, 0x00000000e9100000|  0%| F|  |TAMS 0x00000000e9000000, 0x00000000e9000000| Untracked 
| 145|0x00000000e9100000, 0x00000000e9100000, 0x00000000e9200000|  0%| F|  |TAMS 0x00000000e9100000, 0x00000000e9100000| Untracked 
| 146|0x00000000e9200000, 0x00000000e9200000, 0x00000000e9300000|  0%| F|  |TAMS 0x00000000e9200000, 0x00000000e9200000| Untracked 
| 147|0x00000000e9300000, 0x00000000e9300000, 0x00000000e9400000|  0%| F|  |TAMS 0x00000000e9300000, 0x00000000e9300000| Untracked 
| 148|0x00000000e9400000, 0x00000000e9400000, 0x00000000e9500000|  0%| F|  |TAMS 0x00000000e9400000, 0x00000000e9400000| Untracked 
| 149|0x00000000e9500000, 0x00000000e9500000, 0x00000000e9600000|  0%| F|  |TAMS 0x00000000e9500000, 0x00000000e9500000| Untracked 
| 150|0x00000000e9600000, 0x00000000e9600000, 0x00000000e9700000|  0%| F|  |TAMS 0x00000000e9600000, 0x00000000e9600000| Untracked 
| 151|0x00000000e9700000, 0x00000000e9700000, 0x00000000e9800000|  0%| F|  |TAMS 0x00000000e9700000, 0x00000000e9700000| Untracked 
| 152|0x00000000e9800000, 0x00000000e9800000, 0x00000000e9900000|  0%| F|  |TAMS 0x00000000e9800000, 0x00000000e9800000| Untracked 
| 153|0x00000000e9900000, 0x00000000e9900000, 0x00000000e9a00000|  0%| F|  |TAMS 0x00000000e9900000, 0x00000000e9900000| Untracked 
| 154|0x00000000e9a00000, 0x00000000e9a00000, 0x00000000e9b00000|  0%| F|  |TAMS 0x00000000e9a00000, 0x00000000e9a00000| Untracked 
| 155|0x00000000e9b00000, 0x00000000e9b00000, 0x00000000e9c00000|  0%| F|  |TAMS 0x00000000e9b00000, 0x00000000e9b00000| Untracked 
| 156|0x00000000e9c00000, 0x00000000e9c00000, 0x00000000e9d00000|  0%| F|  |TAMS 0x00000000e9c00000, 0x00000000e9c00000| Untracked 
| 157|0x00000000e9d00000, 0x00000000e9d00000, 0x00000000e9e00000|  0%| F|  |TAMS 0x00000000e9d00000, 0x00000000e9d00000| Untracked 
| 158|0x00000000e9e00000, 0x00000000e9e00000, 0x00000000e9f00000|  0%| F|  |TAMS 0x00000000e9e00000, 0x00000000e9e00000| Untracked 
| 159|0x00000000e9f00000, 0x00000000e9f00000, 0x00000000ea000000|  0%| F|  |TAMS 0x00000000e9f00000, 0x00000000e9f00000| Untracked 
| 160|0x00000000ea000000, 0x00000000ea000000, 0x00000000ea100000|  0%| F|  |TAMS 0x00000000ea000000, 0x00000000ea000000| Untracked 
| 161|0x00000000ea100000, 0x00000000ea100000, 0x00000000ea200000|  0%| F|  |TAMS 0x00000000ea100000, 0x00000000ea100000| Untracked 
| 162|0x00000000ea200000, 0x00000000ea200000, 0x00000000ea300000|  0%| F|  |TAMS 0x00000000ea200000, 0x00000000ea200000| Untracked 
| 163|0x00000000ea300000, 0x00000000ea300000, 0x00000000ea400000|  0%| F|  |TAMS 0x00000000ea300000, 0x00000000ea300000| Untracked 
| 164|0x00000000ea400000, 0x00000000ea400000, 0x00000000ea500000|  0%| F|  |TAMS 0x00000000ea400000, 0x00000000ea400000| Untracked 
| 165|0x00000000ea500000, 0x00000000ea500000, 0x00000000ea600000|  0%| F|  |TAMS 0x00000000ea500000, 0x00000000ea500000| Untracked 
| 166|0x00000000ea600000, 0x00000000ea600000, 0x00000000ea700000|  0%| F|  |TAMS 0x00000000ea600000, 0x00000000ea600000| Untracked 
| 167|0x00000000ea700000, 0x00000000ea700000, 0x00000000ea800000|  0%| F|  |TAMS 0x00000000ea700000, 0x00000000ea700000| Untracked 
| 168|0x00000000ea800000, 0x00000000ea800000, 0x00000000ea900000|  0%| F|  |TAMS 0x00000000ea800000, 0x00000000ea800000| Untracked 
| 169|0x00000000ea900000, 0x00000000ea900000, 0x00000000eaa00000|  0%| F|  |TAMS 0x00000000ea900000, 0x00000000ea900000| Untracked 
| 170|0x00000000eaa00000, 0x00000000eaa00000, 0x00000000eab00000|  0%| F|  |TAMS 0x00000000eaa00000, 0x00000000eaa00000| Untracked 
| 171|0x00000000eab00000, 0x00000000eab00000, 0x00000000eac00000|  0%| F|  |TAMS 0x00000000eab00000, 0x00000000eab00000| Untracked 
| 172|0x00000000eac00000, 0x00000000eac00000, 0x00000000ead00000|  0%| F|  |TAMS 0x00000000eac00000, 0x00000000eac00000| Untracked 
| 173|0x00000000ead00000, 0x00000000ead00000, 0x00000000eae00000|  0%| F|  |TAMS 0x00000000ead00000, 0x00000000ead00000| Untracked 
| 174|0x00000000eae00000, 0x00000000eae00000, 0x00000000eaf00000|  0%| F|  |TAMS 0x00000000eae00000, 0x00000000eae00000| Untracked 
| 175|0x00000000eaf00000, 0x00000000eaf00000, 0x00000000eb000000|  0%| F|  |TAMS 0x00000000eaf00000, 0x00000000eaf00000| Untracked 
| 176|0x00000000eb000000, 0x00000000eb000000, 0x00000000eb100000|  0%| F|  |TAMS 0x00000000eb000000, 0x00000000eb000000| Untracked 
| 177|0x00000000eb100000, 0x00000000eb100000, 0x00000000eb200000|  0%| F|  |TAMS 0x00000000eb100000, 0x00000000eb100000| Untracked 
| 178|0x00000000eb200000, 0x00000000eb200000, 0x00000000eb300000|  0%| F|  |TAMS 0x00000000eb200000, 0x00000000eb200000| Untracked 
| 179|0x00000000eb300000, 0x00000000eb300000, 0x00000000eb400000|  0%| F|  |TAMS 0x00000000eb300000, 0x00000000eb300000| Untracked 
| 180|0x00000000eb400000, 0x00000000eb400000, 0x00000000eb500000|  0%| F|  |TAMS 0x00000000eb400000, 0x00000000eb400000| Untracked 
| 181|0x00000000eb500000, 0x00000000eb500000, 0x00000000eb600000|  0%| F|  |TAMS 0x00000000eb500000, 0x00000000eb500000| Untracked 
| 182|0x00000000eb600000, 0x00000000eb600000, 0x00000000eb700000|  0%| F|  |TAMS 0x00000000eb600000, 0x00000000eb600000| Untracked 
| 183|0x00000000eb700000, 0x00000000eb700000, 0x00000000eb800000|  0%| F|  |TAMS 0x00000000eb700000, 0x00000000eb700000| Untracked 
| 184|0x00000000eb800000, 0x00000000eb800000, 0x00000000eb900000|  0%| F|  |TAMS 0x00000000eb800000, 0x00000000eb800000| Untracked 
| 185|0x00000000eb900000, 0x00000000eb900000, 0x00000000eba00000|  0%| F|  |TAMS 0x00000000eb900000, 0x00000000eb900000| Untracked 
| 186|0x00000000eba00000, 0x00000000eba00000, 0x00000000ebb00000|  0%| F|  |TAMS 0x00000000eba00000, 0x00000000eba00000| Untracked 
| 187|0x00000000ebb00000, 0x00000000ebb00000, 0x00000000ebc00000|  0%| F|  |TAMS 0x00000000ebb00000, 0x00000000ebb00000| Untracked 
| 188|0x00000000ebc00000, 0x00000000ebc00000, 0x00000000ebd00000|  0%| F|  |TAMS 0x00000000ebc00000, 0x00000000ebc00000| Untracked 
| 189|0x00000000ebd00000, 0x00000000ebd00000, 0x00000000ebe00000|  0%| F|  |TAMS 0x00000000ebd00000, 0x00000000ebd00000| Untracked 
| 190|0x00000000ebe00000, 0x00000000ebe00000, 0x00000000ebf00000|  0%| F|  |TAMS 0x00000000ebe00000, 0x00000000ebe00000| Untracked 
| 191|0x00000000ebf00000, 0x00000000ebf00000, 0x00000000ec000000|  0%| F|  |TAMS 0x00000000ebf00000, 0x00000000ebf00000| Untracked 
| 192|0x00000000ec000000, 0x00000000ec000000, 0x00000000ec100000|  0%| F|  |TAMS 0x00000000ec000000, 0x00000000ec000000| Untracked 
| 193|0x00000000ec100000, 0x00000000ec100000, 0x00000000ec200000|  0%| F|  |TAMS 0x00000000ec100000, 0x00000000ec100000| Untracked 
| 194|0x00000000ec200000, 0x00000000ec200000, 0x00000000ec300000|  0%| F|  |TAMS 0x00000000ec200000, 0x00000000ec200000| Untracked 
| 195|0x00000000ec300000, 0x00000000ec300000, 0x00000000ec400000|  0%| F|  |TAMS 0x00000000ec300000, 0x00000000ec300000| Untracked 
| 196|0x00000000ec400000, 0x00000000ec400000, 0x00000000ec500000|  0%| F|  |TAMS 0x00000000ec400000, 0x00000000ec400000| Untracked 
| 197|0x00000000ec500000, 0x00000000ec500000, 0x00000000ec600000|  0%| F|  |TAMS 0x00000000ec500000, 0x00000000ec500000| Untracked 
| 198|0x00000000ec600000, 0x00000000ec600000, 0x00000000ec700000|  0%| F|  |TAMS 0x00000000ec600000, 0x00000000ec600000| Untracked 
| 199|0x00000000ec700000, 0x00000000ec700000, 0x00000000ec800000|  0%| F|  |TAMS 0x00000000ec700000, 0x00000000ec700000| Untracked 
| 200|0x00000000ec800000, 0x00000000ec800000, 0x00000000ec900000|  0%| F|  |TAMS 0x00000000ec800000, 0x00000000ec800000| Untracked 
| 201|0x00000000ec900000, 0x00000000ec900000, 0x00000000eca00000|  0%| F|  |TAMS 0x00000000ec900000, 0x00000000ec900000| Untracked 
| 202|0x00000000eca00000, 0x00000000eca00000, 0x00000000ecb00000|  0%| F|  |TAMS 0x00000000eca00000, 0x00000000eca00000| Untracked 
| 203|0x00000000ecb00000, 0x00000000ecb00000, 0x00000000ecc00000|  0%| F|  |TAMS 0x00000000ecb00000, 0x00000000ecb00000| Untracked 
| 204|0x00000000ecc00000, 0x00000000ecc00000, 0x00000000ecd00000|  0%| F|  |TAMS 0x00000000ecc00000, 0x00000000ecc00000| Untracked 
| 205|0x00000000ecd00000, 0x00000000ecd00000, 0x00000000ece00000|  0%| F|  |TAMS 0x00000000ecd00000, 0x00000000ecd00000| Untracked 
| 206|0x00000000ece00000, 0x00000000ece00000, 0x00000000ecf00000|  0%| F|  |TAMS 0x00000000ece00000, 0x00000000ece00000| Untracked 
| 207|0x00000000ecf00000, 0x00000000ecf00000, 0x00000000ed000000|  0%| F|  |TAMS 0x00000000ecf00000, 0x00000000ecf00000| Untracked 
| 208|0x00000000ed000000, 0x00000000ed000000, 0x00000000ed100000|  0%| F|  |TAMS 0x00000000ed000000, 0x00000000ed000000| Untracked 
| 209|0x00000000ed100000, 0x00000000ed100000, 0x00000000ed200000|  0%| F|  |TAMS 0x00000000ed100000, 0x00000000ed100000| Untracked 
| 210|0x00000000ed200000, 0x00000000ed200000, 0x00000000ed300000|  0%| F|  |TAMS 0x00000000ed200000, 0x00000000ed200000| Untracked 
| 211|0x00000000ed300000, 0x00000000ed300000, 0x00000000ed400000|  0%| F|  |TAMS 0x00000000ed300000, 0x00000000ed300000| Untracked 
| 212|0x00000000ed400000, 0x00000000ed400000, 0x00000000ed500000|  0%| F|  |TAMS 0x00000000ed400000, 0x00000000ed400000| Untracked 
| 213|0x00000000ed500000, 0x00000000ed500000, 0x00000000ed600000|  0%| F|  |TAMS 0x00000000ed500000, 0x00000000ed500000| Untracked 
| 214|0x00000000ed600000, 0x00000000ed600000, 0x00000000ed700000|  0%| F|  |TAMS 0x00000000ed600000, 0x00000000ed600000| Untracked 
| 215|0x00000000ed700000, 0x00000000ed700000, 0x00000000ed800000|  0%| F|  |TAMS 0x00000000ed700000, 0x00000000ed700000| Untracked 
| 216|0x00000000ed800000, 0x00000000ed800000, 0x00000000ed900000|  0%| F|  |TAMS 0x00000000ed800000, 0x00000000ed800000| Untracked 
| 217|0x00000000ed900000, 0x00000000ed900000, 0x00000000eda00000|  0%| F|  |TAMS 0x00000000ed900000, 0x00000000ed900000| Untracked 
| 218|0x00000000eda00000, 0x00000000eda00000, 0x00000000edb00000|  0%| F|  |TAMS 0x00000000eda00000, 0x00000000eda00000| Untracked 
| 219|0x00000000edb00000, 0x00000000edb00000, 0x00000000edc00000|  0%| F|  |TAMS 0x00000000edb00000, 0x00000000edb00000| Untracked 
| 220|0x00000000edc00000, 0x00000000edc00000, 0x00000000edd00000|  0%| F|  |TAMS 0x00000000edc00000, 0x00000000edc00000| Untracked 
| 221|0x00000000edd00000, 0x00000000edd00000, 0x00000000ede00000|  0%| F|  |TAMS 0x00000000edd00000, 0x00000000edd00000| Untracked 
| 222|0x00000000ede00000, 0x00000000ede00000, 0x00000000edf00000|  0%| F|  |TAMS 0x00000000ede00000, 0x00000000ede00000| Untracked 
| 223|0x00000000edf00000, 0x00000000edf00000, 0x00000000ee000000|  0%| F|  |TAMS 0x00000000edf00000, 0x00000000edf00000| Untracked 
| 224|0x00000000ee000000, 0x00000000ee000000, 0x00000000ee100000|  0%| F|  |TAMS 0x00000000ee000000, 0x00000000ee000000| Untracked 
| 225|0x00000000ee100000, 0x00000000ee100000, 0x00000000ee200000|  0%| F|  |TAMS 0x00000000ee100000, 0x00000000ee100000| Untracked 
| 226|0x00000000ee200000, 0x00000000ee200000, 0x00000000ee300000|  0%| F|  |TAMS 0x00000000ee200000, 0x00000000ee200000| Untracked 
| 227|0x00000000ee300000, 0x00000000ee300000, 0x00000000ee400000|  0%| F|  |TAMS 0x00000000ee300000, 0x00000000ee300000| Untracked 
| 228|0x00000000ee400000, 0x00000000ee400000, 0x00000000ee500000|  0%| F|  |TAMS 0x00000000ee400000, 0x00000000ee400000| Untracked 
| 229|0x00000000ee500000, 0x00000000ee580800, 0x00000000ee600000| 50%| E|  |TAMS 0x00000000ee500000, 0x00000000ee500000| Complete 
| 230|0x00000000ee600000, 0x00000000ee700000, 0x00000000ee700000|100%| E|CS|TAMS 0x00000000ee600000, 0x00000000ee600000| Complete 
| 231|0x00000000ee700000, 0x00000000ee800000, 0x00000000ee800000|100%| E|CS|TAMS 0x00000000ee700000, 0x00000000ee700000| Complete 
| 232|0x00000000ee800000, 0x00000000ee900000, 0x00000000ee900000|100%| E|CS|TAMS 0x00000000ee800000, 0x00000000ee800000| Complete 
| 233|0x00000000ee900000, 0x00000000eea00000, 0x00000000eea00000|100%| E|CS|TAMS 0x00000000ee900000, 0x00000000ee900000| Complete 
| 234|0x00000000eea00000, 0x00000000eeb00000, 0x00000000eeb00000|100%| E|CS|TAMS 0x00000000eea00000, 0x00000000eea00000| Complete 
| 235|0x00000000eeb00000, 0x00000000eec00000, 0x00000000eec00000|100%| E|CS|TAMS 0x00000000eeb00000, 0x00000000eeb00000| Complete 
| 236|0x00000000eec00000, 0x00000000eed00000, 0x00000000eed00000|100%| E|CS|TAMS 0x00000000eec00000, 0x00000000eec00000| Complete 
| 237|0x00000000eed00000, 0x00000000eee00000, 0x00000000eee00000|100%| E|CS|TAMS 0x00000000eed00000, 0x00000000eed00000| Complete 
| 238|0x00000000eee00000, 0x00000000eef00000, 0x00000000eef00000|100%| E|CS|TAMS 0x00000000eee00000, 0x00000000eee00000| Complete 
| 239|0x00000000eef00000, 0x00000000ef000000, 0x00000000ef000000|100%| E|CS|TAMS 0x00000000eef00000, 0x00000000eef00000| Complete 
| 240|0x00000000ef000000, 0x00000000ef100000, 0x00000000ef100000|100%| E|CS|TAMS 0x00000000ef000000, 0x00000000ef000000| Complete 
| 241|0x00000000ef100000, 0x00000000ef200000, 0x00000000ef200000|100%| E|CS|TAMS 0x00000000ef100000, 0x00000000ef100000| Complete 
| 242|0x00000000ef200000, 0x00000000ef300000, 0x00000000ef300000|100%| E|CS|TAMS 0x00000000ef200000, 0x00000000ef200000| Complete 
| 243|0x00000000ef300000, 0x00000000ef400000, 0x00000000ef400000|100%| E|CS|TAMS 0x00000000ef300000, 0x00000000ef300000| Complete 
| 244|0x00000000ef400000, 0x00000000ef500000, 0x00000000ef500000|100%| E|CS|TAMS 0x00000000ef400000, 0x00000000ef400000| Complete 
| 245|0x00000000ef500000, 0x00000000ef600000, 0x00000000ef600000|100%| E|CS|TAMS 0x00000000ef500000, 0x00000000ef500000| Complete 
| 246|0x00000000ef600000, 0x00000000ef700000, 0x00000000ef700000|100%| E|CS|TAMS 0x00000000ef600000, 0x00000000ef600000| Complete 
| 247|0x00000000ef700000, 0x00000000ef800000, 0x00000000ef800000|100%| E|CS|TAMS 0x00000000ef700000, 0x00000000ef700000| Complete 
| 248|0x00000000ef800000, 0x00000000ef88c580, 0x00000000ef900000| 54%| S|CS|TAMS 0x00000000ef800000, 0x00000000ef800000| Complete 
| 249|0x00000000ef900000, 0x00000000efa00000, 0x00000000efa00000|100%| S|CS|TAMS 0x00000000ef900000, 0x00000000ef900000| Complete 
| 250|0x00000000efa00000, 0x00000000efb00000, 0x00000000efb00000|100%| S|CS|TAMS 0x00000000efa00000, 0x00000000efa00000| Complete 
| 251|0x00000000efb00000, 0x00000000efc00000, 0x00000000efc00000|100%| S|CS|TAMS 0x00000000efb00000, 0x00000000efb00000| Complete 
| 252|0x00000000efc00000, 0x00000000efd00000, 0x00000000efd00000|100%| E|CS|TAMS 0x00000000efc00000, 0x00000000efc00000| Complete 
| 253|0x00000000efd00000, 0x00000000efe00000, 0x00000000efe00000|100%| E|CS|TAMS 0x00000000efd00000, 0x00000000efd00000| Complete 
| 254|0x00000000efe00000, 0x00000000eff00000, 0x00000000eff00000|100%| E|CS|TAMS 0x00000000efe00000, 0x00000000efe00000| Complete 
| 255|0x00000000eff00000, 0x00000000f0000000, 0x00000000f0000000|100%| E|  |TAMS 0x00000000eff00000, 0x00000000eff00000| Complete 

Card table byte_map: [0x00000260c6e30000,0x00000260c6f30000] _byte_map_base: 0x00000260c6730000

Marking Bits (Prev, Next): (CMBitMap*) 0x00000260c6778180, (CMBitMap*) 0x00000260c6778148
 Prev Bits: [0x00000260defd0000, 0x00000260df7d0000)
 Next Bits: [0x00000260de7d0000, 0x00000260defd0000)

Polling page: 0x00000260c4b80000

Metaspace:

Usage:
  Non-class:     19.99 MB capacity,    19.63 MB ( 98%) used,   322.16 KB (  2%) free+waste,    38.81 KB ( <1%) overhead. 
      Class:      3.00 MB capacity,     2.83 MB ( 94%) used,   154.38 KB (  5%) free+waste,    19.12 KB ( <1%) overhead. 
       Both:     22.98 MB capacity,    22.46 MB ( 98%) used,   476.55 KB (  2%) free+waste,    57.94 KB ( <1%) overhead. 

Virtual space:
  Non-class space:       22.00 MB reserved,      20.17 MB ( 92%) committed 
      Class space:      248.00 MB reserved,       3.00 MB (  1%) committed 
             Both:      270.00 MB reserved,      23.17 MB (  9%) committed 

Chunk freelists:
   Non-Class:  62.00 KB
       Class:  5.00 KB
        Both:  67.00 KB

MaxMetaspaceSize: 256.00 MB
CompressedClassSpaceSize: 248.00 MB
Initial GC threshold: 20.80 MB
Current GC threshold: 35.08 MB
CDS: off

CodeHeap 'non-profiled nmethods': size=120064Kb used=1004Kb max_used=1004Kb free=119059Kb
 bounds [0x00000260d7190000, 0x00000260d7400000, 0x00000260de6d0000]
CodeHeap 'profiled nmethods': size=120000Kb used=4420Kb max_used=4420Kb free=115579Kb
 bounds [0x00000260cfc60000, 0x00000260d00c0000, 0x00000260d7190000]
CodeHeap 'non-nmethods': size=5696Kb used=1210Kb max_used=1238Kb free=4485Kb
 bounds [0x00000260cf6d0000, 0x00000260cf940000, 0x00000260cfc60000]
 total_blobs=2558 nmethods=2073 adapters=398
 compilation: enabled
              stopped_count=0, restarted_count=0
 full_count=0

Compilation events (20 events):
Event: 11.077 Thread 0x00000260e2395000 nmethod 2068 0x00000260d00ab490 code [0x00000260d00ab700, 0x00000260d00ac118]
Event: 11.077 Thread 0x00000260e2395000 2070       3       org.gradle.internal.service.AbstractServiceMethod::<init> (42 bytes)
Event: 11.080 Thread 0x00000260e2395000 nmethod 2070 0x00000260d00ac410 code [0x00000260d00ac780, 0x00000260d00ae288]
Event: 11.080 Thread 0x00000260e2395000 2071       3       java.util.LinkedList$ListItr::<init> (47 bytes)
Event: 11.080 Thread 0x00000260e2395000 nmethod 2071 0x00000260d00aea10 code [0x00000260d00aebe0, 0x00000260d00aeec8]
Event: 11.083 Thread 0x00000260e238c800 2072       4       java.lang.ClassNotFoundException::<init> (7 bytes)
Event: 11.092 Thread 0x00000260e238c800 nmethod 2072 0x00000260d7288a10 code [0x00000260d7288bc0, 0x00000260d7289308]
Event: 11.106 Thread 0x00000260e238c800 2073       4       java.lang.Integer::getChars (131 bytes)
Event: 11.116 Thread 0x00000260e238c800 nmethod 2073 0x00000260d7289490 code [0x00000260d7289640, 0x00000260d7289a18]
Event: 11.116 Thread 0x00000260e238c800 2074       4       java.lang.AbstractStringBuilder::append (55 bytes)
Event: 11.137 Thread 0x00000260e238c800 nmethod 2074 0x00000260d7289c10 code [0x00000260d7289dc0, 0x00000260d728a778]
Event: 11.157 Thread 0x00000260e238c800 2075   !   4       java.net.URLClassLoader$1::run (81 bytes)
Event: 11.191 Thread 0x00000260e2395000 2077       3       jdk.internal.reflect.ReflectionFactory::copyConstructor (10 bytes)
Event: 11.192 Thread 0x00000260e2395000 nmethod 2077 0x00000260d00af010 code [0x00000260d00af200, 0x00000260d00af508]
Event: 11.192 Thread 0x00000260e2395000 2078       3       java.lang.reflect.Constructor::<init> (50 bytes)
Event: 11.192 Thread 0x00000260e2395000 nmethod 2078 0x00000260d00af690 code [0x00000260d00af860, 0x00000260d00afcd8]
Event: 11.221 Thread 0x00000260e2395000 2080       3       java.lang.Class::privateGetDeclaredConstructors (79 bytes)
Event: 11.222 Thread 0x00000260e2395000 nmethod 2080 0x00000260d00afe10 code [0x00000260d00b0020, 0x00000260d00b0528]
Event: 11.370 Thread 0x00000260e2395000 2081       3       java.util.concurrent.locks.ReentrantLock::unlock (10 bytes)
Event: 11.371 Thread 0x00000260e2395000 nmethod 2081 0x00000260d00b0710 code [0x00000260d00b08e0, 0x00000260d00b0c18]

GC Heap History (14 events):
Event: 1.760 GC heap before
{Heap before GC invocations=0 (full 0):
 garbage-first heap   total 262144K, used 11264K [0x00000000e0000000, 0x0000000100000000)
  region size 1024K, 12 young (12288K), 0 survivors (0K)
 Metaspace       used 6747K, capacity 6933K, committed 7168K, reserved 262144K
  class space    used 573K, capacity 650K, committed 768K, reserved 253952K
}
Event: 1.774 GC heap after
{Heap after GC invocations=1 (full 0):
 garbage-first heap   total 262144K, used 2987K [0x00000000e0000000, 0x0000000100000000)
  region size 1024K, 2 young (2048K), 2 survivors (2048K)
 Metaspace       used 6747K, capacity 6933K, committed 7168K, reserved 262144K
  class space    used 573K, capacity 650K, committed 768K, reserved 253952K
}
Event: 3.800 GC heap before
{Heap before GC invocations=1 (full 0):
 garbage-first heap   total 262144K, used 15275K [0x00000000e0000000, 0x0000000100000000)
  region size 1024K, 12 young (12288K), 2 survivors (2048K)
 Metaspace       used 9946K, capacity 10169K, committed 10368K, reserved 264192K
  class space    used 988K, capacity 1072K, committed 1152K, reserved 253952K
}
Event: 3.812 GC heap after
{Heap after GC invocations=2 (full 0):
 garbage-first heap   total 262144K, used 9216K [0x00000000e0000000, 0x0000000100000000)
  region size 1024K, 2 young (2048K), 2 survivors (2048K)
 Metaspace       used 9946K, capacity 10169K, committed 10368K, reserved 264192K
  class space    used 988K, capacity 1072K, committed 1152K, reserved 253952K
}
Event: 4.768 GC heap before
{Heap before GC invocations=2 (full 0):
 garbage-first heap   total 262144K, used 23552K [0x00000000e0000000, 0x0000000100000000)
  region size 1024K, 16 young (16384K), 2 survivors (2048K)
 Metaspace       used 11230K, capacity 11511K, committed 11776K, reserved 266240K
  class space    used 1146K, capacity 1242K, committed 1280K, reserved 253952K
}
Event: 4.774 GC heap after
{Heap after GC invocations=3 (full 0):
 garbage-first heap   total 262144K, used 9825K [0x00000000e0000000, 0x0000000100000000)
  region size 1024K, 1 young (1024K), 1 survivors (1024K)
 Metaspace       used 11230K, capacity 11511K, committed 11776K, reserved 266240K
  class space    used 1146K, capacity 1242K, committed 1280K, reserved 253952K
}
Event: 5.544 GC heap before
{Heap before GC invocations=3 (full 0):
 garbage-first heap   total 262144K, used 29281K [0x00000000e0000000, 0x0000000100000000)
  region size 1024K, 20 young (20480K), 1 survivors (1024K)
 Metaspace       used 11345K, capacity 11639K, committed 11776K, reserved 266240K
  class space    used 1149K, capacity 1242K, committed 1280K, reserved 253952K
}
Event: 5.556 GC heap after
{Heap after GC invocations=4 (full 0):
 garbage-first heap   total 262144K, used 13695K [0x00000000e0000000, 0x0000000100000000)
  region size 1024K, 3 young (3072K), 3 survivors (3072K)
 Metaspace       used 11345K, capacity 11639K, committed 11776K, reserved 266240K
  class space    used 1149K, capacity 1242K, committed 1280K, reserved 253952K
}
Event: 8.979 GC heap before
{Heap before GC invocations=4 (full 0):
 garbage-first heap   total 262144K, used 40319K [0x00000000e0000000, 0x0000000100000000)
  region size 1024K, 29 young (29696K), 3 survivors (3072K)
 Metaspace       used 16301K, capacity 16708K, committed 16896K, reserved 270336K
  class space    used 1828K, capacity 1933K, committed 2048K, reserved 253952K
}
Event: 8.992 GC heap after
{Heap after GC invocations=5 (full 0):
 garbage-first heap   total 262144K, used 16063K [0x00000000e0000000, 0x0000000100000000)
  region size 1024K, 3 young (3072K), 3 survivors (3072K)
 Metaspace       used 16301K, capacity 16708K, committed 16896K, reserved 270336K
  class space    used 1828K, capacity 1933K, committed 2048K, reserved 253952K
}
Event: 10.485 GC heap before
{Heap before GC invocations=5 (full 0):
 garbage-first heap   total 262144K, used 51903K [0x00000000e0000000, 0x0000000100000000)
  region size 1024K, 38 young (38912K), 3 survivors (3072K)
 Metaspace       used 20619K, capacity 21078K, committed 21120K, reserved 272384K
  class space    used 2483K, capacity 2648K, committed 2688K, reserved 253952K
}
Event: 10.499 GC heap after
{Heap after GC invocations=6 (full 0):
 garbage-first heap   total 262144K, used 17364K [0x00000000e0000000, 0x0000000100000000)
  region size 1024K, 4 young (4096K), 4 survivors (4096K)
 Metaspace       used 20619K, capacity 21078K, committed 21120K, reserved 272384K
  class space    used 2483K, capacity 2648K, committed 2688K, reserved 253952K
}
Event: 10.611 GC heap before
{Heap before GC invocations=6 (full 0):
 garbage-first heap   total 262144K, used 20436K [0x00000000e0000000, 0x0000000100000000)
  region size 1024K, 8 young (8192K), 4 survivors (4096K)
 Metaspace       used 20842K, capacity 21250K, committed 21296K, reserved 274432K
  class space    used 2521K, capacity 2683K, committed 2688K, reserved 253952K
}
Event: 10.624 GC heap after
{Heap after GC invocations=7 (full 0):
 garbage-first heap   total 262144K, used 17389K [0x00000000e0000000, 0x0000000100000000)
  region size 1024K, 4 young (4096K), 4 survivors (4096K)
 Metaspace       used 20842K, capacity 21250K, committed 21296K, reserved 274432K
  class space    used 2521K, capacity 2683K, committed 2688K, reserved 253952K
}

Deoptimization events (20 events):
Event: 10.024 Thread 0x00000260e4345800 Uncommon trap: trap_request=0xffffff4d fr.pc=0x00000260d720a148 relative=0x0000000000000508
Event: 10.025 Thread 0x00000260e4345800 Uncommon trap: reason=unstable_if action=reinterpret pc=0x00000260d720a148 method=java.io.File.getName()Ljava/lang/String; @ 16 c2
Event: 10.025 Thread 0x00000260e4345800 DEOPT PACKING pc=0x00000260d720a148 sp=0x000000ed25afcd00
Event: 10.025 Thread 0x00000260e4345800 DEOPT UNPACKING pc=0x00000260cf71a1a9 sp=0x000000ed25afccd0 mode 2
Event: 10.025 Thread 0x00000260e4345800 Uncommon trap: trap_request=0xffffff4d fr.pc=0x00000260d720905c relative=0x000000000000041c
Event: 10.025 Thread 0x00000260e4345800 Uncommon trap: reason=unstable_if action=reinterpret pc=0x00000260d720905c method=java.lang.String.substring(I)Ljava/lang/String; @ 34 c2
Event: 10.025 Thread 0x00000260e4345800 DEOPT PACKING pc=0x00000260d720905c sp=0x000000ed25afcc80
Event: 10.025 Thread 0x00000260e4345800 DEOPT UNPACKING pc=0x00000260cf71a1a9 sp=0x000000ed25afcc58 mode 2
Event: 10.086 Thread 0x00000260e4345800 Uncommon trap: trap_request=0xffffff4d fr.pc=0x00000260d726db8c relative=0x000000000000054c
Event: 10.086 Thread 0x00000260e4345800 Uncommon trap: reason=unstable_if action=reinterpret pc=0x00000260d726db8c method=java.lang.Integer.getChars(II[B)I @ 25 c2
Event: 10.086 Thread 0x00000260e4345800 DEOPT PACKING pc=0x00000260d726db8c sp=0x000000ed25afc170
Event: 10.086 Thread 0x00000260e4345800 DEOPT UNPACKING pc=0x00000260cf71a1a9 sp=0x000000ed25afc0b8 mode 2
Event: 10.870 Thread 0x00000260e4345800 Uncommon trap: trap_request=0xffffff4d fr.pc=0x00000260d71b8614 relative=0x00000000000000d4
Event: 10.870 Thread 0x00000260e4345800 Uncommon trap: reason=unstable_if action=reinterpret pc=0x00000260d71b8614 method=java.util.HashMap.hash(Ljava/lang/Object;)I @ 1 c2
Event: 10.870 Thread 0x00000260e4345800 DEOPT PACKING pc=0x00000260d71b8614 sp=0x000000ed25afb6a0
Event: 10.870 Thread 0x00000260e4345800 DEOPT UNPACKING pc=0x00000260cf71a1a9 sp=0x000000ed25afb5e0 mode 2
Event: 10.920 Thread 0x00000260e4345800 Uncommon trap: trap_request=0xffffff4d fr.pc=0x00000260d726f230 relative=0x00000000000003b0
Event: 10.920 Thread 0x00000260e4345800 Uncommon trap: reason=unstable_if action=reinterpret pc=0x00000260d726f230 method=jdk.internal.org.objectweb.asm.Type.getArgumentsAndReturnSizes(Ljava/lang/String;)I @ 88 c2
Event: 10.920 Thread 0x00000260e4345800 DEOPT PACKING pc=0x00000260d726f230 sp=0x000000ed25af96f0
Event: 10.920 Thread 0x00000260e4345800 DEOPT UNPACKING pc=0x00000260cf71a1a9 sp=0x000000ed25af9678 mode 2

Classes redefined (0 events):
No events

Internal exceptions (20 events):
Event: 2.632 Thread 0x00000260c6745800 Exception <a 'java/lang/NoSuchMethodError'{0x00000000ef9a1928}: 'void java.lang.invoke.DelegatingMethodHandle$Holder.delegate(java.lang.Object, java.lang.Object, int, java.lang.Object)'> (0x00000000ef9a1928) thrown at [s\src\hotspot\share\interpreter\linkResolver.cpp, line 773]
Event: 5.512 Thread 0x00000260c6745800 Exception <a 'java/security/PrivilegedActionException'{0x00000000eede3480}> (0x00000000eede3480) thrown at [s\src\hotspot\share\prims\jvm.cpp, line 1306]
Event: 5.512 Thread 0x00000260c6745800 Exception <a 'java/security/PrivilegedActionException'{0x00000000eede39f8}> (0x00000000eede39f8) thrown at [s\src\hotspot\share\prims\jvm.cpp, line 1306]
Event: 6.437 Thread 0x00000260c6745800 Exception <a 'java/lang/NoSuchMethodError'{0x00000000eef79b10}: 'java.lang.Object java.lang.invoke.DirectMethodHandle$Holder.invokeStaticInit(java.lang.Object, java.lang.Object, java.lang.Object)'> (0x00000000eef79b10) thrown at [s\src\hotspot\share\interpreter\linkResolver.cpp, line 773]
Event: 7.094 Thread 0x00000260c6745800 Exception <a 'java/lang/NoSuchMethodError'{0x00000000ee6ee0d0}: 'java.lang.Object java.lang.invoke.DirectMethodHandle$Holder.invokeStaticInit(java.lang.Object, int, int, int, int)'> (0x00000000ee6ee0d0) thrown at [s\src\hotspot\share\interpreter\linkResolver.cpp, line 773]
Event: 7.793 Thread 0x00000260c6745800 Exception <a 'java/lang/NoSuchMethodError'{0x00000000ee5283d8}: 'java.lang.Object java.lang.invoke.DirectMethodHandle$Holder.invokeStaticInit(java.lang.Object, java.lang.Object, int, int, int, int)'> (0x00000000ee5283d8) thrown at [s\src\hotspot\share\interpreter\linkResolver.cpp, line 773]
Event: 8.930 Thread 0x00000260c6745800 Exception <a 'java/io/IOException'{0x00000000ee4f2b00}> (0x00000000ee4f2b00) thrown at [s\src\hotspot\share\prims\jni.cpp, line 617]
Event: 9.227 Thread 0x00000260e4345800 Exception <a 'java/lang/NoSuchMethodError'{0x00000000efa49908}: 'long java.lang.invoke.DirectMethodHandle$Holder.invokeInterface(java.lang.Object, java.lang.Object)'> (0x00000000efa49908) thrown at [s\src\hotspot\share\interpreter\linkResolver.cpp, line 773]
Event: 9.230 Thread 0x00000260e4345800 Exception <a 'java/lang/NoSuchMethodError'{0x00000000efa569a8}: 'void java.lang.invoke.DelegatingMethodHandle$Holder.reinvoke_L(java.lang.Object, java.lang.Object, java.lang.Object, java.lang.Object, java.lang.Object, java.lang.Object, java.lang.Object)'> (0x00000000efa569a8) thrown at [s\src\hotspot\share\interpreter\linkResolver.cpp, line 773]
Event: 9.636 Thread 0x00000260e4345800 Exception <a 'java/lang/NoSuchMethodError'{0x00000000ef28eea8}: 'void java.lang.invoke.DirectMethodHandle$Holder.invokeStaticInit(java.lang.Object)'> (0x00000000ef28eea8) thrown at [s\src\hotspot\share\interpreter\linkResolver.cpp, line 773]
Event: 9.696 Thread 0x00000260e4345800 Exception <a 'java/lang/NoSuchMethodError'{0x00000000ef175828}: 'java.lang.Object java.lang.invoke.DirectMethodHandle$Holder.invokeStatic(java.lang.Object, java.lang.Object, java.lang.Object, int)'> (0x00000000ef175828) thrown at [s\src\hotspot\share\interpreter\linkResolver.cpp, line 773]
Event: 9.697 Thread 0x00000260e4345800 Exception <a 'java/lang/NoSuchMethodError'{0x00000000ef179c30}: 'java.lang.Object java.lang.invoke.DirectMethodHandle$Holder.invokeSpecial(java.lang.Object, java.lang.Object, java.lang.Object, java.lang.Object, int)'> (0x00000000ef179c30) thrown at [s\src\hotspot\share\interpreter\linkResolver.cpp, line 773]
Event: 9.697 Thread 0x00000260e4345800 Exception <a 'java/lang/NoSuchMethodError'{0x00000000ef17d618}: 'java.lang.Object java.lang.invoke.Invokers$Holder.linkToTargetMethod(java.lang.Object, java.lang.Object, int, java.lang.Object)'> (0x00000000ef17d618) thrown at [s\src\hotspot\share\interpreter\linkResolver.cpp, line 773]
Event: 10.087 Thread 0x00000260e4345800 Exception <a 'java/lang/NoSuchMethodError'{0x00000000ee8939f0}: 'java.lang.Object java.lang.invoke.Invokers$Holder.linkToTargetMethod(java.lang.Object, java.lang.Object, java.lang.Object, java.lang.Object, java.lang.Object, java.lang.Object)'> (0x00000000ee8939f0) thrown at [s\src\hotspot\share\interpreter\linkResolver.cpp, line 773]
Event: 10.748 Thread 0x00000260e4345800 Exception <a 'java/lang/NoSuchMethodError'{0x00000000efd79488}: 'int java.lang.invoke.DirectMethodHandle$Holder.invokeSpecialIFC(java.lang.Object, java.lang.Object, java.lang.Object, java.lang.Object)'> (0x00000000efd79488) thrown at [s\src\hotspot\share\interpreter\linkResolver.cpp, line 773]
Event: 10.753 Thread 0x00000260e4345800 Exception <a 'java/lang/NoSuchMethodError'{0x00000000efd87868}: 'java.lang.Object java.lang.invoke.DirectMethodHandle$Holder.invokeInterface(java.lang.Object, java.lang.Object, java.lang.Object)'> (0x00000000efd87868) thrown at [s\src\hotspot\share\interpreter\linkResolver.cpp, line 773]
Event: 10.753 Thread 0x00000260e4345800 Exception <a 'java/lang/IncompatibleClassChangeError'{0x00000000efd8ad40}: Found class java.lang.Object, but interface was expected> (0x00000000efd8ad40) thrown at [s\src\hotspot\share\interpreter\linkResolver.cpp, line 839]
Event: 10.870 Thread 0x00000260e4345800 Implicit null exception at 0x00000260d71b8578 to 0x00000260d71b860a
Event: 11.010 Thread 0x00000260e4345800 Exception <a 'java/lang/NoSuchMethodError'{0x00000000ef2d17e8}: 'void java.lang.invoke.DirectMethodHandle$Holder.invokeSpecial(java.lang.Object, java.lang.Object, java.lang.Object, java.lang.Object, java.lang.Object)'> (0x00000000ef2d17e8) thrown at [s\src\hotspot\share\interpreter\linkResolver.cpp, line 773]
Event: 11.074 Thread 0x00000260e4345800 Exception <a 'java/lang/NoSuchMethodError'{0x00000000eef1a5e8}: 'java.lang.Object java.lang.invoke.DirectMethodHandle$Holder.invokeSpecial(java.lang.Object, java.lang.Object, java.lang.Object, java.lang.Object, java.lang.Object, java.lang.Object, java.lang.Object, java.lang.Object, java.lang.Object)'> (0x00000000eef1a5e8) thrown at [s\src\hotspot\share\interpreter\linkResolver.cpp, line 773]

Events (20 events):
Event: 11.376 loading class org/gradle/internal/jvm/inspection/DefaultJvmMetadataDetector
Event: 11.376 loading class org/gradle/internal/jvm/inspection/DefaultJvmMetadataDetector done
Event: 11.378 loading class org/gradle/internal/jvm/inspection/ProbedSystemProperty
Event: 11.378 loading class org/gradle/internal/jvm/inspection/ProbedSystemProperty done
Event: 11.380 loading class org/gradle/internal/jvm/inspection/JvmInstallationMetadata
Event: 11.380 loading class org/gradle/internal/jvm/inspection/JvmInstallationMetadata done
Event: 11.382 loading class org/gradle/internal/jvm/inspection/InvalidInstallationWarningReporter
Event: 11.382 loading class org/gradle/internal/jvm/inspection/InvalidInstallationWarningReporter done
Event: 11.383 loading class org/gradle/jvm/toolchain/internal/InstallationLocation
Event: 11.383 loading class org/gradle/jvm/toolchain/internal/InstallationLocation done
Event: 11.385 loading class org/gradle/jvm/toolchain/internal/InstallationLocation
Event: 11.385 loading class org/gradle/jvm/toolchain/internal/InstallationLocation done
Event: 11.385 loading class org/gradle/internal/jvm/inspection/CachingJvmMetadataDetector
Event: 11.385 loading class org/gradle/internal/jvm/inspection/CachingJvmMetadataDetector done
Event: 11.387 loading class org/gradle/internal/jvm/inspection/JvmInstallationMetadata$DefaultJvmInstallationMetadata
Event: 11.387 loading class org/gradle/internal/jvm/inspection/JvmInstallationMetadata$DefaultJvmInstallationMetadata done
Event: 11.389 loading class org/gradle/internal/jvm/inspection/JvmInstallationMetadata$DefaultJvmInstallationMetadata
Event: 11.389 loading class org/gradle/internal/jvm/inspection/JvmInstallationMetadata$DefaultJvmInstallationMetadata done
Event: 11.389 loading class org/gradle/internal/serialization/Cached
Event: 11.389 loading class org/gradle/internal/serialization/Cached done


Dynamic libraries:
0x00007ff7857b0000 - 0x00007ff7857be000 	C:\Program Files\Eclipse Adoptium\jdk-11.0.19.7-hotspot\bin\java.exe
0x00007ffb0cf90000 - 0x00007ffb0d187000 	C:\WINDOWS\SYSTEM32\ntdll.dll
0x00007ffb0cc50000 - 0x00007ffb0cd0d000 	C:\WINDOWS\System32\KERNEL32.DLL
0x00007ffb0a670000 - 0x00007ffb0a966000 	C:\WINDOWS\System32\KERNELBASE.dll
0x00007ffb07e10000 - 0x00007ffb07ea0000 	C:\WINDOWS\SYSTEM32\apphelp.dll
0x00007ffabbf00000 - 0x00007ffabc396000 	C:\WINDOWS\SYSTEM32\AcLayers.DLL
0x00007ffb0b850000 - 0x00007ffb0b8ee000 	C:\WINDOWS\System32\msvcrt.dll
0x00007ffb0c560000 - 0x00007ffb0c6fe000 	C:\WINDOWS\System32\USER32.dll
0x00007ffb0af10000 - 0x00007ffb0af32000 	C:\WINDOWS\System32\win32u.dll
0x00007ffb0bbf0000 - 0x00007ffb0bc1c000 	C:\WINDOWS\System32\GDI32.dll
0x00007ffb0ab00000 - 0x00007ffb0ac1a000 	C:\WINDOWS\System32\gdi32full.dll
0x00007ffb0aa60000 - 0x00007ffb0aafd000 	C:\WINDOWS\System32\msvcp_win.dll
0x00007ffb0ad80000 - 0x00007ffb0ae80000 	C:\WINDOWS\System32\ucrtbase.dll
0x00007ffb0bce0000 - 0x00007ffb0c424000 	C:\WINDOWS\System32\SHELL32.dll
0x00007ffb0bb90000 - 0x00007ffb0bbe5000 	C:\WINDOWS\System32\SHLWAPI.dll
0x00007ffb0cd10000 - 0x00007ffb0cdbe000 	C:\WINDOWS\System32\ADVAPI32.dll
0x00007ffb0c700000 - 0x00007ffb0c79c000 	C:\WINDOWS\System32\sechost.dll
0x00007ffb0c430000 - 0x00007ffb0c556000 	C:\WINDOWS\System32\RPCRT4.dll
0x00000260c4ae0000 - 0x00000260c4ae3000 	C:\WINDOWS\SYSTEM32\sfc.dll
0x00007ffaf6dd0000 - 0x00007ffaf6e6d000 	C:\WINDOWS\SYSTEM32\WINSPOOL.DRV
0x00007ffb0aff0000 - 0x00007ffb0b344000 	C:\WINDOWS\System32\combase.dll
0x00007ffb0bae0000 - 0x00007ffb0bb8d000 	C:\WINDOWS\System32\shcore.dll
0x00007ffaf74e0000 - 0x00007ffaf74f2000 	C:\WINDOWS\SYSTEM32\sfc_os.DLL
0x00007ffb041f0000 - 0x00007ffb04201000 	C:\WINDOWS\SYSTEM32\SortWindows61.dll
0x00007ffb0b8f0000 - 0x00007ffb0b920000 	C:\WINDOWS\System32\IMM32.DLL
0x00007ffb09e00000 - 0x00007ffb09e30000 	C:\WINDOWS\system32\DriverStore\FileRepository\nvacwu.inf_amd64_bdd6ea477d4e2fba\nvinitx.dll
0x00007ffb09dd0000 - 0x00007ffb09dda000 	C:\WINDOWS\SYSTEM32\VERSION.dll
0x00007ffb086d0000 - 0x00007ffb08e6b000 	C:\WINDOWS\SYSTEM32\windows.storage.dll
0x00007ffb0a0b0000 - 0x00007ffb0a0dd000 	C:\WINDOWS\SYSTEM32\Wldp.dll
0x000000006ee90000 - 0x000000006ee96000 	C:\Program Files\NVIDIA Corporation\CoProcManager\_etoured.dll
0x00007ffb05e50000 - 0x00007ffb05e8b000 	C:\Program Files\NVIDIA Corporation\CoProcManager\nvd3d9wrapx.dll
0x00007ffb0b350000 - 0x00007ffb0b7be000 	C:\WINDOWS\System32\SETUPAPI.dll
0x00007ffb0a9a0000 - 0x00007ffb0a9ee000 	C:\WINDOWS\System32\cfgmgr32.dll
0x00007ffb0a970000 - 0x00007ffb0a997000 	C:\WINDOWS\System32\bcrypt.dll
0x00007ffb05d90000 - 0x00007ffb05db4000 	C:\Program Files\NVIDIA Corporation\CoProcManager\nvdxgiwrapx.dll
0x00007ffb041d0000 - 0x00007ffb041e8000 	C:\Program Files\Eclipse Adoptium\jdk-11.0.19.7-hotspot\bin\jli.dll
0x00007ffb040f0000 - 0x00007ffb04109000 	C:\Program Files\Eclipse Adoptium\jdk-11.0.19.7-hotspot\bin\VCRUNTIME140.dll
0x00007ffafca50000 - 0x00007ffafccea000 	C:\WINDOWS\WinSxS\amd64_microsoft.windows.common-controls_6595b64144ccf1df_6.0.19041.3570_none_60bb2a3971f3e41a\COMCTL32.dll
0x00007ffb05680000 - 0x00007ffb0568c000 	C:\Program Files\Eclipse Adoptium\jdk-11.0.19.7-hotspot\bin\vcruntime140_1.dll
0x00007ffaec930000 - 0x00007ffaec9c1000 	C:\Program Files\Eclipse Adoptium\jdk-11.0.19.7-hotspot\bin\msvcp140.dll
0x00007ffae77d0000 - 0x00007ffae838c000 	C:\Program Files\Eclipse Adoptium\jdk-11.0.19.7-hotspot\bin\server\jvm.dll
0x00007ffb0cdc0000 - 0x00007ffb0cdc8000 	C:\WINDOWS\System32\PSAPI.DLL
0x00007ffb058d0000 - 0x00007ffb058d9000 	C:\WINDOWS\SYSTEM32\WSOCK32.dll
0x00007ffb0b7c0000 - 0x00007ffb0b82b000 	C:\WINDOWS\System32\WS2_32.dll
0x00007ffaf9480000 - 0x00007ffaf94a7000 	C:\WINDOWS\SYSTEM32\WINMM.dll
0x00007ffb084d0000 - 0x00007ffb084e2000 	C:\WINDOWS\SYSTEM32\kernel.appcore.dll
0x00007ffb05640000 - 0x00007ffb05650000 	C:\Program Files\Eclipse Adoptium\jdk-11.0.19.7-hotspot\bin\verify.dll
0x00007ffaf8bd0000 - 0x00007ffaf8db4000 	C:\WINDOWS\SYSTEM32\DBGHELP.DLL
0x00007ffaf8b90000 - 0x00007ffaf8bc4000 	C:\WINDOWS\SYSTEM32\dbgcore.DLL
0x00007ffb0ae80000 - 0x00007ffb0af02000 	C:\WINDOWS\System32\bcryptPrimitives.dll
0x00007ffafcd10000 - 0x00007ffafcd38000 	C:\Program Files\Eclipse Adoptium\jdk-11.0.19.7-hotspot\bin\java.dll
0x00007ffb041c0000 - 0x00007ffb041ca000 	C:\Program Files\Eclipse Adoptium\jdk-11.0.19.7-hotspot\bin\jimage.dll
0x00007ffb00e10000 - 0x00007ffb00e28000 	C:\Program Files\Eclipse Adoptium\jdk-11.0.19.7-hotspot\bin\zip.dll
0x00007ffb0a5a0000 - 0x00007ffb0a5c5000 	C:\WINDOWS\SYSTEM32\profapi.dll
0x00007ffb00430000 - 0x00007ffb00449000 	C:\Program Files\Eclipse Adoptium\jdk-11.0.19.7-hotspot\bin\net.dll
0x00007ffaffe70000 - 0x00007ffafff7a000 	C:\WINDOWS\SYSTEM32\WINHTTP.dll
0x00007ffb09d60000 - 0x00007ffb09dca000 	C:\WINDOWS\system32\mswsock.dll
0x00007ffafbb10000 - 0x00007ffafbb23000 	C:\Program Files\Eclipse Adoptium\jdk-11.0.19.7-hotspot\bin\nio.dll
0x00007ffb049a0000 - 0x00007ffb049c7000 	C:\Users\1\.gradle\native\68d5fa5c4cc2d200863cafc0d521ce42e7d3e7ee720ec0a83991735586a16f82\windows-amd64\native-platform.dll
0x00007ffaf8780000 - 0x00007ffaf88c4000 	C:\Users\1\.gradle\native\e376f236ea51e6404a007f0833ffe2c6e607c4080706a723a18a27aeea778392\windows-amd64\native-platform-file-events.dll
0x00007ffb060d0000 - 0x00007ffb060d9000 	C:\Program Files\Eclipse Adoptium\jdk-11.0.19.7-hotspot\bin\management.dll
0x00007ffb05550000 - 0x00007ffb0555b000 	C:\Program Files\Eclipse Adoptium\jdk-11.0.19.7-hotspot\bin\management_ext.dll
0x00007ffb09fb0000 - 0x00007ffb09fc8000 	C:\WINDOWS\SYSTEM32\CRYPTSP.dll
0x00007ffb09600000 - 0x00007ffb09634000 	C:\WINDOWS\system32\rsaenh.dll
0x00007ffb0a520000 - 0x00007ffb0a54e000 	C:\WINDOWS\SYSTEM32\USERENV.dll
0x00007ffb09fd0000 - 0x00007ffb09fdc000 	C:\WINDOWS\SYSTEM32\CRYPTBASE.dll
0x00007ffb09a40000 - 0x00007ffb09a7b000 	C:\WINDOWS\SYSTEM32\IPHLPAPI.DLL
0x00007ffb0c820000 - 0x00007ffb0c828000 	C:\WINDOWS\System32\NSI.dll
0x00007ffb012d0000 - 0x00007ffb012e7000 	C:\WINDOWS\SYSTEM32\dhcpcsvc6.DLL
0x00007ffb01cb0000 - 0x00007ffb01ccd000 	C:\WINDOWS\SYSTEM32\dhcpcsvc.DLL
0x00007ffb09a80000 - 0x00007ffb09b4a000 	C:\WINDOWS\SYSTEM32\DNSAPI.dll

dbghelp: loaded successfully - version: 4.0.5 - missing functions: none
symbol engine: initialized successfully - sym options: 0x614 - pdb path: .;C:\Program Files\Eclipse Adoptium\jdk-11.0.19.7-hotspot\bin;C:\WINDOWS\SYSTEM32;C:\WINDOWS\system32\DriverStore\FileRepository\nvacwu.inf_amd64_bdd6ea477d4e2fba;C:\Program Files\NVIDIA Corporation\CoProcManager;C:\WINDOWS\WinSxS\amd64_microsoft.windows.common-controls_6595b64144ccf1df_6.0.19041.3570_none_60bb2a3971f3e41a;C:\Program Files\Eclipse Adoptium\jdk-11.0.19.7-hotspot\bin\server;C:\Users\1\.gradle\native\68d5fa5c4cc2d200863cafc0d521ce42e7d3e7ee720ec0a83991735586a16f82\windows-amd64;C:\Users\1\.gradle\native\e376f236ea51e6404a007f0833ffe2c6e607c4080706a723a18a27aeea778392\windows-amd64

VM Arguments:
jvm_args: --add-opens=java.base/java.util=ALL-UNNAMED --add-opens=java.base/java.lang=ALL-UNNAMED --add-opens=java.base/java.lang.invoke=ALL-UNNAMED --add-opens=java.prefs/java.util.prefs=ALL-UNNAMED --add-opens=java.base/java.nio.charset=ALL-UNNAMED --add-opens=java.base/java.net=ALL-UNNAMED --add-opens=java.base/java.util.concurrent.atomic=ALL-UNNAMED -XX:MaxMetaspaceSize=256m -XX:+HeapDumpOnOutOfMemoryError -Xms256m -Xmx512m -Dfile.encoding=windows-1251 -Duser.country=RU -Duser.language=ru -Duser.variant 
java_command: org.gradle.launcher.daemon.bootstrap.GradleDaemon 7.6
java_class_path (initial): C:\Users\1\.gradle\wrapper\dists\gradle-7.6-bin\9l9tetv7ltxvx3i8an4pb86ye\gradle-7.6\lib\gradle-launcher-7.6.jar
Launcher Type: SUN_STANDARD

[Global flags]
     intx CICompilerCount                          = 2                                         {product} {ergonomic}
   size_t CompressedClassSpaceSize                 = 260046848                                 {product} {ergonomic}
     uint ConcGCThreads                            = 1                                         {product} {ergonomic}
     uint G1ConcRefinementThreads                  = 2                                         {product} {ergonomic}
   size_t G1HeapRegionSize                         = 1048576                                   {product} {ergonomic}
    uintx GCDrainStackTargetSize                   = 64                                        {product} {ergonomic}
     bool HeapDumpOnOutOfMemoryError               = true                                   {manageable} {command line}
   size_t InitialHeapSize                          = 268435456                                 {product} {command line}
   size_t MarkStackSize                            = 4194304                                   {product} {ergonomic}
   size_t MaxHeapSize                              = 536870912                                 {product} {command line}
   size_t MaxMetaspaceSize                         = 268435456                                 {product} {command line}
   size_t MaxNewSize                               = 321912832                                 {product} {ergonomic}
   size_t MinHeapDeltaBytes                        = 1048576                                   {product} {ergonomic}
    uintx NonNMethodCodeHeapSize                   = 5825164                                {pd product} {ergonomic}
    uintx NonProfiledCodeHeapSize                  = 122916538                              {pd product} {ergonomic}
    uintx ProfiledCodeHeapSize                     = 122916538                              {pd product} {ergonomic}
    uintx ReservedCodeCacheSize                    = 251658240                              {pd product} {ergonomic}
     bool SegmentedCodeCache                       = true                                      {product} {ergonomic}
     bool UseCompressedClassPointers               = true                                 {lp64_product} {ergonomic}
     bool UseCompressedOops                        = true                                 {lp64_product} {ergonomic}
     bool UseG1GC                                  = true                                      {product} {ergonomic}
     bool UseLargePagesIndividualAllocation        = false                                  {pd product} {ergonomic}

Logging:
Log output configuration:
 #0: stdout all=warning uptime,level,tags
 #1: stderr all=off uptime,level,tags

Environment Variables:
PATH=C:\Program Files\Eclipse Adoptium\jdk-11.0.19.7-hotspot\bin;C:\WINDOWS\system32;C:\WINDOWS;C:\WINDOWS\System32\Wbem;C:\WINDOWS\System32\WindowsPowerShell\v1.0\;C:\WINDOWS\System32\OpenSSH\;C:\Program Files\Git\cmd;C:\Users\1\AppData\Local\Microsoft\WindowsApps;;C:\Users\1\AppData\Local\Programs\Microsoft VS Code\bin
USERNAME=1
OS=Windows_NT
PROCESSOR_IDENTIFIER=Intel64 Family 6 Model 37 Stepping 5, GenuineIntel
TMP=C:\Users\1\AppData\Local\Temp
TEMP=C:\Users\1\AppData\Local\Temp



---------------  S Y S T E M  ---------------

OS: Windows 10 , 64 bit Build 19041 (10.0.19041.3570)
OS uptime: 0 days 1:27 hours

CPU:total 2 (initial active 2) (2 cores per cpu, 1 threads per core) family 6 model 37 stepping 5 microcode 0x7, cmov, cx8, fxsr, mmx, sse, sse2, sse3, ssse3, popcnt, tsc, tscinvbit

Memory: 4k page, system-wide physical 3766M (334M free)
TotalPageFile size 5814M (AvailPageFile size 3M)
current process WorkingSet (physical memory assigned to process): 181M, peak: 181M
current process commit charge ("private bytes"): 408M, peak: 408M

vm_info: OpenJDK 64-Bit Server VM (11.0.19+7) for windows-amd64 JRE (11.0.19+7), built on Apr 18 2023 23:12:18 by "" with MS VC++ 16.7 (VS2019)

END.
