#
# There is insufficient memory for the Java Runtime Environment to continue.
# Native memory allocation (malloc) failed to allocate 2158256 bytes for Chunk::new
# Possible reasons:
#   The system is out of physical RAM or swap space
#   The process is running with CompressedOops enabled, and the Java Heap may be blocking the growth of the native heap
# Possible solutions:
#   Reduce memory load on the system
#   Increase physical memory or swap space
#   Check if swap backing store is full
#   Decrease Java heap size (-Xmx/-Xms)
#   Decrease number of Java threads
#   Decrease Java thread stack sizes (-Xss)
#   Set larger code cache with -XX:ReservedCodeCacheSize=
#   JVM is running with Unscaled Compressed Oops mode in which the Java heap is
#     placed in the first 4GB address space. The Java Heap base address is the
#     maximum limit for the native heap growth. Please use -XX:HeapBaseMinAddress
#     to set the Java Heap base and to place the Java Heap above 4GB virtual address.
# This output file may be truncated or incomplete.
#
#  Out of Memory Error (arena.cpp:197), pid=7600, tid=8212
#
# JRE version: OpenJDK Runtime Environment Temurin-11.0.19+7 (11.0.19+7) (build 11.0.19+7)
# Java VM: OpenJDK 64-Bit Server VM Temurin-11.0.19+7 (11.0.19+7, mixed mode, tiered, compressed oops, g1 gc, windows-amd64)
# No core dump will be written. Minidumps are not enabled by default on client versions of Windows
#

---------------  S U M M A R Y ------------

Command Line: --add-opens=java.base/java.util=ALL-UNNAMED --add-opens=java.base/java.lang=ALL-UNNAMED --add-opens=java.base/java.lang.invoke=ALL-UNNAMED --add-opens=java.prefs/java.util.prefs=ALL-UNNAMED --add-opens=java.base/java.nio.charset=ALL-UNNAMED --add-opens=java.base/java.net=ALL-UNNAMED --add-opens=java.base/java.util.concurrent.atomic=ALL-UNNAMED -XX:MaxMetaspaceSize=256m -XX:+HeapDumpOnOutOfMemoryError -Xms256m -Xmx512m -Dfile.encoding=windows-1251 -Duser.country=RU -Duser.language=ru -Duser.variant org.gradle.launcher.daemon.bootstrap.GradleDaemon 7.6

Host: Intel(R) Pentium(R) CPU        P6200  @ 2.13GHz, 2 cores, 3G,  Windows 10 , 64 bit Build 19041 (10.0.19041.3570)
Time: Sun Oct 29 22:07:24 2023 RTZ 2 (s 10 , 64 bit Build 19041 (10.0.19041.3570) elapsed time: 17.831080 seconds (0d 0h 0m 17s)

---------------  T H R E A D  ---------------

Current thread (0x0000020041575000):  JavaThread "C2 CompilerThread0" daemon [_thread_in_native, id=8212, stack(0x000000a35e400000,0x000000a35e500000)]


Current CompileTask:
C2:  17833 4077       4       java.lang.invoke.LambdaForm$Name::replaceNames (174 bytes)

Stack: [0x000000a35e400000,0x000000a35e500000]
Native frames: (J=compiled Java code, j=interpreted, Vv=VM code, C=native code)
V  [jvm.dll+0x64fb5a]
V  [jvm.dll+0x7e3549]
V  [jvm.dll+0x7e4c49]
V  [jvm.dll+0x7e5333]
V  [jvm.dll+0x26afd5]
V  [jvm.dll+0xc1a5c]
V  [jvm.dll+0xc200c]
V  [jvm.dll+0x37b337]
V  [jvm.dll+0x3462e5]
V  [jvm.dll+0x34567a]
V  [jvm.dll+0x222d7f]
V  [jvm.dll+0x221d88]
V  [jvm.dll+0x19e6c1]
V  [jvm.dll+0x231f59]
V  [jvm.dll+0x2300af]
V  [jvm.dll+0x7a48d0]
V  [jvm.dll+0x79d6e4]
V  [jvm.dll+0x64e915]
C  [ucrtbase.dll+0x21bb2]
C  [KERNEL32.DLL+0x17344]
C  [ntdll.dll+0x526b1]


---------------  P R O C E S S  ---------------

Threads class SMR info:
_java_thread_list=0x0000020042674460, length=35, elements={
0x0000020025846800, 0x00000200414fe000, 0x00000200414f5000, 0x0000020041561800,
0x0000020041565000, 0x000002004156a000, 0x0000020041575000, 0x0000020041582000,
0x0000020041595800, 0x000002004178c800, 0x0000020041a65800, 0x000002004455b800,
0x0000020042a2b000, 0x00000200444fc800, 0x0000020041a00800, 0x00000200438cf800,
0x00000200430ae000, 0x0000020043f1e800, 0x0000020042d94800, 0x000002004157c800,
0x000002004157f000, 0x0000020041580800, 0x0000020042d3d800, 0x0000020042d3c000,
0x0000020042d3e800, 0x0000020042d42800, 0x0000020042d3d000, 0x0000020042d48000,
0x0000020042d47000, 0x0000020042d44800, 0x0000020042d45800, 0x0000020042d48800,
0x0000020042d43800, 0x000002004157a000, 0x0000020042d3f800
}

Java Threads: ( => current thread )
  0x0000020025846800 JavaThread "main" [_thread_blocked, id=2776, stack(0x000000a35d800000,0x000000a35d900000)]
  0x00000200414fe000 JavaThread "Reference Handler" daemon [_thread_blocked, id=4992, stack(0x000000a35df00000,0x000000a35e000000)]
  0x00000200414f5000 JavaThread "Finalizer" daemon [_thread_blocked, id=3756, stack(0x000000a35e000000,0x000000a35e100000)]
  0x0000020041561800 JavaThread "Signal Dispatcher" daemon [_thread_blocked, id=8580, stack(0x000000a35e100000,0x000000a35e200000)]
  0x0000020041565000 JavaThread "Attach Listener" daemon [_thread_blocked, id=5552, stack(0x000000a35e200000,0x000000a35e300000)]
  0x000002004156a000 JavaThread "Service Thread" daemon [_thread_blocked, id=7872, stack(0x000000a35e300000,0x000000a35e400000)]
=>0x0000020041575000 JavaThread "C2 CompilerThread0" daemon [_thread_in_native, id=8212, stack(0x000000a35e400000,0x000000a35e500000)]
  0x0000020041582000 JavaThread "C1 CompilerThread0" daemon [_thread_blocked, id=7356, stack(0x000000a35e500000,0x000000a35e600000)]
  0x0000020041595800 JavaThread "Sweeper thread" daemon [_thread_blocked, id=6324, stack(0x000000a35e600000,0x000000a35e700000)]
  0x000002004178c800 JavaThread "Common-Cleaner" daemon [_thread_blocked, id=8360, stack(0x000000a35e700000,0x000000a35e800000)]
  0x0000020041a65800 JavaThread "Daemon health stats" [_thread_blocked, id=1512, stack(0x000000a35ea00000,0x000000a35eb00000)]
  0x000002004455b800 JavaThread "Incoming local TCP Connector on port 58563" [_thread_in_native, id=668, stack(0x000000a35eb00000,0x000000a35ec00000)]
  0x0000020042a2b000 JavaThread "Daemon periodic checks" [_thread_blocked, id=7588, stack(0x000000a35ec00000,0x000000a35ed00000)]
  0x00000200444fc800 JavaThread "Daemon" [_thread_blocked, id=560, stack(0x000000a35ed00000,0x000000a35ee00000)]
  0x0000020041a00800 JavaThread "Handler for socket connection from /127.0.0.1:58563 to /127.0.0.1:58564" [_thread_in_native, id=2704, stack(0x000000a35ee00000,0x000000a35ef00000)]
  0x00000200438cf800 JavaThread "Cancel handler" [_thread_blocked, id=7648, stack(0x000000a35ef00000,0x000000a35f000000)]
  0x00000200430ae000 JavaThread "Daemon worker" [_thread_in_vm, id=4752, stack(0x000000a35f000000,0x000000a35f100000)]
  0x0000020043f1e800 JavaThread "Asynchronous log dispatcher for DefaultDaemonConnection: socket connection from /127.0.0.1:58563 to /127.0.0.1:58564" [_thread_blocked, id=8344, stack(0x000000a35f100000,0x000000a35f200000)]
  0x0000020042d94800 JavaThread "Stdin handler" [_thread_blocked, id=6060, stack(0x000000a35f200000,0x000000a35f300000)]
  0x000002004157c800 JavaThread "Daemon client event forwarder" [_thread_blocked, id=884, stack(0x000000a35f300000,0x000000a35f400000)]
  0x000002004157f000 JavaThread "Cache worker for journal cache (C:\Users\1\.gradle\caches\journal-1)" [_thread_blocked, id=4904, stack(0x000000a35f400000,0x000000a35f500000)]
  0x0000020041580800 JavaThread "File lock request listener" [_thread_in_native, id=936, stack(0x000000a35f500000,0x000000a35f600000)]
  0x0000020042d3d800 JavaThread "Cache worker for file hash cache (C:\Users\1\.gradle\caches\7.6\fileHashes)" [_thread_blocked, id=4412, stack(0x000000a35f600000,0x000000a35f700000)]
  0x0000020042d3c000 JavaThread "File watcher server" daemon [_thread_in_native, id=7364, stack(0x000000a35f700000,0x000000a35f800000)]
  0x0000020042d3e800 JavaThread "File watcher consumer" daemon [_thread_blocked, id=6212, stack(0x000000a35f800000,0x000000a35f900000)]
  0x0000020042d42800 JavaThread "Cache worker for checksums cache (C:\Users\1\IdeaProjects\Idea03\Idea03\.gradle\7.6\checksums)" [_thread_blocked, id=4624, stack(0x000000a35f900000,0x000000a35fa00000)]
  0x0000020042d3d000 JavaThread "Cache worker for cache directory md-rule (C:\Users\1\.gradle\caches\7.6\md-rule)" [_thread_blocked, id=7452, stack(0x000000a35fa00000,0x000000a35fb00000)]
  0x0000020042d48000 JavaThread "Cache worker for file content cache (C:\Users\1\.gradle\caches\7.6\fileContent)" [_thread_blocked, id=1788, stack(0x000000a35fb00000,0x000000a35fc00000)]
  0x0000020042d47000 JavaThread "Cache worker for file hash cache (C:\Users\1\IdeaProjects\Idea03\Idea03\.gradle\7.6\fileHashes)" [_thread_blocked, id=2724, stack(0x000000a35fc00000,0x000000a35fd00000)]
  0x0000020042d44800 JavaThread "Cache worker for cache directory md-supplier (C:\Users\1\.gradle\caches\7.6\md-supplier)" [_thread_blocked, id=3060, stack(0x000000a35fd00000,0x000000a35fe00000)]
  0x0000020042d45800 JavaThread "Cache worker for execution history cache (C:\Users\1\.gradle\caches\7.6\executionHistory)" [_thread_blocked, id=8668, stack(0x000000a35fe00000,0x000000a35ff00000)]
  0x0000020042d48800 JavaThread "jar transforms" [_thread_blocked, id=8964, stack(0x000000a35ff00000,0x000000a360000000)]
  0x0000020042d43800 JavaThread "jar transforms Thread 2" [_thread_blocked, id=9012, stack(0x000000a360000000,0x000000a360100000)]
  0x000002004157a000 JavaThread "Cache worker for dependencies-accessors (C:\Users\1\IdeaProjects\Idea03\Idea03\.gradle\7.6\dependencies-accessors)" [_thread_blocked, id=336, stack(0x000000a360100000,0x000000a360200000)]
  0x0000020042d3f800 JavaThread "Cache worker for Build Output Cleanup Cache (C:\Users\1\IdeaProjects\Idea03\Idea03\.gradle\buildOutputCleanup)" [_thread_blocked, id=3084, stack(0x000000a360200000,0x000000a360300000)]

Other Threads:
  0x00000200414b9000 VMThread "VM Thread" [stack: 0x000000a35de00000,0x000000a35df00000] [id=3944]
  0x00000200417a8000 WatcherThread [stack: 0x000000a35e800000,0x000000a35e900000] [id=6612]
  0x0000020025866000 GCTaskThread "GC Thread#0" [stack: 0x000000a35d900000,0x000000a35da00000] [id=3424]
  0x0000020041e70800 GCTaskThread "GC Thread#1" [stack: 0x000000a35e900000,0x000000a35ea00000] [id=9048]
  0x0000020025878000 ConcurrentGCThread "G1 Main Marker" [stack: 0x000000a35da00000,0x000000a35db00000] [id=4544]
  0x0000020025879000 ConcurrentGCThread "G1 Conc#0" [stack: 0x000000a35db00000,0x000000a35dc00000] [id=840]
  0x000002002597b000 ConcurrentGCThread "G1 Refine#0" [stack: 0x000000a35dc00000,0x000000a35dd00000] [id=992]
  0x000002002597c000 ConcurrentGCThread "G1 Young RemSet Sampling" [stack: 0x000000a35dd00000,0x000000a35de00000] [id=2652]

Threads with active compile tasks:
C2 CompilerThread0    17947 4077       4       java.lang.invoke.LambdaForm$Name::replaceNames (174 bytes)

VM state:not at safepoint (normal execution)

VM Mutex/Monitor currently owned by a thread: None

Heap address: 0x00000000e0000000, size: 512 MB, Compressed Oops mode: 32-bit
Narrow klass base: 0x0000000000000000, Narrow klass shift: 3
Compressed class space size: 260046848 Address: 0x0000000100000000

Heap:
 garbage-first heap   total 262144K, used 55782K [0x00000000e0000000, 0x0000000100000000)
  region size 1024K, 39 young (39936K), 12 survivors (12288K)
 Metaspace       used 48207K, capacity 49454K, committed 49584K, reserved 296960K
  class space    used 6163K, capacity 6645K, committed 6656K, reserved 253952K
Heap Regions: E=young(eden), S=young(survivor), O=old, HS=humongous(starts), HC=humongous(continues), CS=collection set, F=free, A=archive, TAMS=top-at-mark-start (previous, next)
|   0|0x00000000e0000000, 0x00000000e0100000, 0x00000000e0100000|100%| O|  |TAMS 0x00000000e0100000, 0x00000000e0000000| Untracked 
|   1|0x00000000e0100000, 0x00000000e0200000, 0x00000000e0200000|100%| O|  |TAMS 0x00000000e0200000, 0x00000000e0100000| Untracked 
|   2|0x00000000e0200000, 0x00000000e0300000, 0x00000000e0300000|100%|HS|  |TAMS 0x00000000e0300000, 0x00000000e0200000| Complete 
|   3|0x00000000e0300000, 0x00000000e0400000, 0x00000000e0400000|100%|HC|  |TAMS 0x00000000e0400000, 0x00000000e0300000| Complete 
|   4|0x00000000e0400000, 0x00000000e0500000, 0x00000000e0500000|100%|HC|  |TAMS 0x00000000e0500000, 0x00000000e0400000| Complete 
|   5|0x00000000e0500000, 0x00000000e0600000, 0x00000000e0600000|100%| O|  |TAMS 0x00000000e0600000, 0x00000000e0500000| Untracked 
|   6|0x00000000e0600000, 0x00000000e0700000, 0x00000000e0700000|100%| O|  |TAMS 0x00000000e0700000, 0x00000000e0600000| Untracked 
|   7|0x00000000e0700000, 0x00000000e0800000, 0x00000000e0800000|100%| O|  |TAMS 0x00000000e0800000, 0x00000000e0700000| Untracked 
|   8|0x00000000e0800000, 0x00000000e0900000, 0x00000000e0900000|100%| O|  |TAMS 0x00000000e0900000, 0x00000000e0800000| Untracked 
|   9|0x00000000e0900000, 0x00000000e0a00000, 0x00000000e0a00000|100%| O|  |TAMS 0x00000000e0a00000, 0x00000000e0900000| Untracked 
|  10|0x00000000e0a00000, 0x00000000e0b00000, 0x00000000e0b00000|100%| O|  |TAMS 0x00000000e0b00000, 0x00000000e0a00000| Untracked 
|  11|0x00000000e0b00000, 0x00000000e0c00000, 0x00000000e0c00000|100%| O|  |TAMS 0x00000000e0c00000, 0x00000000e0b00000| Untracked 
|  12|0x00000000e0c00000, 0x00000000e0d00000, 0x00000000e0d00000|100%| O|  |TAMS 0x00000000e0d00000, 0x00000000e0c00000| Untracked 
|  13|0x00000000e0d00000, 0x00000000e0e00000, 0x00000000e0e00000|100%| O|  |TAMS 0x00000000e0deba00, 0x00000000e0d00000| Untracked 
|  14|0x00000000e0e00000, 0x00000000e0e00000, 0x00000000e0f00000|  0%| F|  |TAMS 0x00000000e0e00000, 0x00000000e0e00000| Untracked 
|  15|0x00000000e0f00000, 0x00000000e0f00000, 0x00000000e1000000|  0%| F|  |TAMS 0x00000000e0f00000, 0x00000000e0f00000| Untracked 
|  16|0x00000000e1000000, 0x00000000e1000000, 0x00000000e1100000|  0%| F|  |TAMS 0x00000000e1000000, 0x00000000e1000000| Untracked 
|  17|0x00000000e1100000, 0x00000000e1100000, 0x00000000e1200000|  0%| F|  |TAMS 0x00000000e1100000, 0x00000000e1100000| Untracked 
|  18|0x00000000e1200000, 0x00000000e1300000, 0x00000000e1300000|100%| O|  |TAMS 0x00000000e1200000, 0x00000000e1200000| Untracked 
|  19|0x00000000e1300000, 0x00000000e1400000, 0x00000000e1400000|100%| O|  |TAMS 0x00000000e1300000, 0x00000000e1300000| Untracked 
|  20|0x00000000e1400000, 0x00000000e1479800, 0x00000000e1500000| 47%| O|  |TAMS 0x00000000e1400000, 0x00000000e1400000| Untracked 
|  21|0x00000000e1500000, 0x00000000e1500000, 0x00000000e1600000|  0%| F|  |TAMS 0x00000000e1500000, 0x00000000e1500000| Untracked 
|  22|0x00000000e1600000, 0x00000000e1600000, 0x00000000e1700000|  0%| F|  |TAMS 0x00000000e1600000, 0x00000000e1600000| Untracked 
|  23|0x00000000e1700000, 0x00000000e1700000, 0x00000000e1800000|  0%| F|  |TAMS 0x00000000e1700000, 0x00000000e1700000| Untracked 
|  24|0x00000000e1800000, 0x00000000e1800000, 0x00000000e1900000|  0%| F|  |TAMS 0x00000000e1800000, 0x00000000e1800000| Untracked 
|  25|0x00000000e1900000, 0x00000000e1900000, 0x00000000e1a00000|  0%| F|  |TAMS 0x00000000e1900000, 0x00000000e1900000| Untracked 
|  26|0x00000000e1a00000, 0x00000000e1a00000, 0x00000000e1b00000|  0%| F|  |TAMS 0x00000000e1a00000, 0x00000000e1a00000| Untracked 
|  27|0x00000000e1b00000, 0x00000000e1b00000, 0x00000000e1c00000|  0%| F|  |TAMS 0x00000000e1b00000, 0x00000000e1b00000| Untracked 
|  28|0x00000000e1c00000, 0x00000000e1c00000, 0x00000000e1d00000|  0%| F|  |TAMS 0x00000000e1c00000, 0x00000000e1c00000| Untracked 
|  29|0x00000000e1d00000, 0x00000000e1d00000, 0x00000000e1e00000|  0%| F|  |TAMS 0x00000000e1d00000, 0x00000000e1d00000| Untracked 
|  30|0x00000000e1e00000, 0x00000000e1e00000, 0x00000000e1f00000|  0%| F|  |TAMS 0x00000000e1e00000, 0x00000000e1e00000| Untracked 
|  31|0x00000000e1f00000, 0x00000000e1f00000, 0x00000000e2000000|  0%| F|  |TAMS 0x00000000e1f00000, 0x00000000e1f00000| Untracked 
|  32|0x00000000e2000000, 0x00000000e2000000, 0x00000000e2100000|  0%| F|  |TAMS 0x00000000e2000000, 0x00000000e2000000| Untracked 
|  33|0x00000000e2100000, 0x00000000e2100000, 0x00000000e2200000|  0%| F|  |TAMS 0x00000000e2100000, 0x00000000e2100000| Untracked 
|  34|0x00000000e2200000, 0x00000000e2200000, 0x00000000e2300000|  0%| F|  |TAMS 0x00000000e2200000, 0x00000000e2200000| Untracked 
|  35|0x00000000e2300000, 0x00000000e2300000, 0x00000000e2400000|  0%| F|  |TAMS 0x00000000e2300000, 0x00000000e2300000| Untracked 
|  36|0x00000000e2400000, 0x00000000e2400000, 0x00000000e2500000|  0%| F|  |TAMS 0x00000000e2400000, 0x00000000e2400000| Untracked 
|  37|0x00000000e2500000, 0x00000000e2500000, 0x00000000e2600000|  0%| F|  |TAMS 0x00000000e2500000, 0x00000000e2500000| Untracked 
|  38|0x00000000e2600000, 0x00000000e2600000, 0x00000000e2700000|  0%| F|  |TAMS 0x00000000e2600000, 0x00000000e2600000| Untracked 
|  39|0x00000000e2700000, 0x00000000e2700000, 0x00000000e2800000|  0%| F|  |TAMS 0x00000000e2700000, 0x00000000e2700000| Untracked 
|  40|0x00000000e2800000, 0x00000000e2800000, 0x00000000e2900000|  0%| F|  |TAMS 0x00000000e2800000, 0x00000000e2800000| Untracked 
|  41|0x00000000e2900000, 0x00000000e2900000, 0x00000000e2a00000|  0%| F|  |TAMS 0x00000000e2900000, 0x00000000e2900000| Untracked 
|  42|0x00000000e2a00000, 0x00000000e2a00000, 0x00000000e2b00000|  0%| F|  |TAMS 0x00000000e2a00000, 0x00000000e2a00000| Untracked 
|  43|0x00000000e2b00000, 0x00000000e2b00000, 0x00000000e2c00000|  0%| F|  |TAMS 0x00000000e2b00000, 0x00000000e2b00000| Untracked 
|  44|0x00000000e2c00000, 0x00000000e2c00000, 0x00000000e2d00000|  0%| F|  |TAMS 0x00000000e2c00000, 0x00000000e2c00000| Untracked 
|  45|0x00000000e2d00000, 0x00000000e2d00000, 0x00000000e2e00000|  0%| F|  |TAMS 0x00000000e2d00000, 0x00000000e2d00000| Untracked 
|  46|0x00000000e2e00000, 0x00000000e2e00000, 0x00000000e2f00000|  0%| F|  |TAMS 0x00000000e2e00000, 0x00000000e2e00000| Untracked 
|  47|0x00000000e2f00000, 0x00000000e2f00000, 0x00000000e3000000|  0%| F|  |TAMS 0x00000000e2f00000, 0x00000000e2f00000| Untracked 
|  48|0x00000000e3000000, 0x00000000e3000000, 0x00000000e3100000|  0%| F|  |TAMS 0x00000000e3000000, 0x00000000e3000000| Untracked 
|  49|0x00000000e3100000, 0x00000000e3100000, 0x00000000e3200000|  0%| F|  |TAMS 0x00000000e3100000, 0x00000000e3100000| Untracked 
|  50|0x00000000e3200000, 0x00000000e3200000, 0x00000000e3300000|  0%| F|  |TAMS 0x00000000e3200000, 0x00000000e3200000| Untracked 
|  51|0x00000000e3300000, 0x00000000e3300000, 0x00000000e3400000|  0%| F|  |TAMS 0x00000000e3300000, 0x00000000e3300000| Untracked 
|  52|0x00000000e3400000, 0x00000000e3400000, 0x00000000e3500000|  0%| F|  |TAMS 0x00000000e3400000, 0x00000000e3400000| Untracked 
|  53|0x00000000e3500000, 0x00000000e3500000, 0x00000000e3600000|  0%| F|  |TAMS 0x00000000e3500000, 0x00000000e3500000| Untracked 
|  54|0x00000000e3600000, 0x00000000e3600000, 0x00000000e3700000|  0%| F|  |TAMS 0x00000000e3600000, 0x00000000e3600000| Untracked 
|  55|0x00000000e3700000, 0x00000000e3700000, 0x00000000e3800000|  0%| F|  |TAMS 0x00000000e3700000, 0x00000000e3700000| Untracked 
|  56|0x00000000e3800000, 0x00000000e3800000, 0x00000000e3900000|  0%| F|  |TAMS 0x00000000e3800000, 0x00000000e3800000| Untracked 
|  57|0x00000000e3900000, 0x00000000e3900000, 0x00000000e3a00000|  0%| F|  |TAMS 0x00000000e3900000, 0x00000000e3900000| Untracked 
|  58|0x00000000e3a00000, 0x00000000e3a00000, 0x00000000e3b00000|  0%| F|  |TAMS 0x00000000e3a00000, 0x00000000e3a00000| Untracked 
|  59|0x00000000e3b00000, 0x00000000e3b00000, 0x00000000e3c00000|  0%| F|  |TAMS 0x00000000e3b00000, 0x00000000e3b00000| Untracked 
|  60|0x00000000e3c00000, 0x00000000e3c00000, 0x00000000e3d00000|  0%| F|  |TAMS 0x00000000e3c00000, 0x00000000e3c00000| Untracked 
|  61|0x00000000e3d00000, 0x00000000e3d00000, 0x00000000e3e00000|  0%| F|  |TAMS 0x00000000e3d00000, 0x00000000e3d00000| Untracked 
|  62|0x00000000e3e00000, 0x00000000e3e00000, 0x00000000e3f00000|  0%| F|  |TAMS 0x00000000e3e00000, 0x00000000e3e00000| Untracked 
|  63|0x00000000e3f00000, 0x00000000e3f00000, 0x00000000e4000000|  0%| F|  |TAMS 0x00000000e3f00000, 0x00000000e3f00000| Untracked 
|  64|0x00000000e4000000, 0x00000000e4000000, 0x00000000e4100000|  0%| F|  |TAMS 0x00000000e4000000, 0x00000000e4000000| Untracked 
|  65|0x00000000e4100000, 0x00000000e4100000, 0x00000000e4200000|  0%| F|  |TAMS 0x00000000e4100000, 0x00000000e4100000| Untracked 
|  66|0x00000000e4200000, 0x00000000e4200000, 0x00000000e4300000|  0%| F|  |TAMS 0x00000000e4200000, 0x00000000e4200000| Untracked 
|  67|0x00000000e4300000, 0x00000000e4300000, 0x00000000e4400000|  0%| F|  |TAMS 0x00000000e4300000, 0x00000000e4300000| Untracked 
|  68|0x00000000e4400000, 0x00000000e4400000, 0x00000000e4500000|  0%| F|  |TAMS 0x00000000e4400000, 0x00000000e4400000| Untracked 
|  69|0x00000000e4500000, 0x00000000e4500000, 0x00000000e4600000|  0%| F|  |TAMS 0x00000000e4500000, 0x00000000e4500000| Untracked 
|  70|0x00000000e4600000, 0x00000000e4600000, 0x00000000e4700000|  0%| F|  |TAMS 0x00000000e4600000, 0x00000000e4600000| Untracked 
|  71|0x00000000e4700000, 0x00000000e4700000, 0x00000000e4800000|  0%| F|  |TAMS 0x00000000e4700000, 0x00000000e4700000| Untracked 
|  72|0x00000000e4800000, 0x00000000e4800000, 0x00000000e4900000|  0%| F|  |TAMS 0x00000000e4800000, 0x00000000e4800000| Untracked 
|  73|0x00000000e4900000, 0x00000000e4900000, 0x00000000e4a00000|  0%| F|  |TAMS 0x00000000e4900000, 0x00000000e4900000| Untracked 
|  74|0x00000000e4a00000, 0x00000000e4a00000, 0x00000000e4b00000|  0%| F|  |TAMS 0x00000000e4a00000, 0x00000000e4a00000| Untracked 
|  75|0x00000000e4b00000, 0x00000000e4b00000, 0x00000000e4c00000|  0%| F|  |TAMS 0x00000000e4b00000, 0x00000000e4b00000| Untracked 
|  76|0x00000000e4c00000, 0x00000000e4c00000, 0x00000000e4d00000|  0%| F|  |TAMS 0x00000000e4c00000, 0x00000000e4c00000| Untracked 
|  77|0x00000000e4d00000, 0x00000000e4d00000, 0x00000000e4e00000|  0%| F|  |TAMS 0x00000000e4d00000, 0x00000000e4d00000| Untracked 
|  78|0x00000000e4e00000, 0x00000000e4e00000, 0x00000000e4f00000|  0%| F|  |TAMS 0x00000000e4e00000, 0x00000000e4e00000| Untracked 
|  79|0x00000000e4f00000, 0x00000000e4f00000, 0x00000000e5000000|  0%| F|  |TAMS 0x00000000e4f00000, 0x00000000e4f00000| Untracked 
|  80|0x00000000e5000000, 0x00000000e5000000, 0x00000000e5100000|  0%| F|  |TAMS 0x00000000e5000000, 0x00000000e5000000| Untracked 
|  81|0x00000000e5100000, 0x00000000e5100000, 0x00000000e5200000|  0%| F|  |TAMS 0x00000000e5100000, 0x00000000e5100000| Untracked 
|  82|0x00000000e5200000, 0x00000000e5200000, 0x00000000e5300000|  0%| F|  |TAMS 0x00000000e5200000, 0x00000000e5200000| Untracked 
|  83|0x00000000e5300000, 0x00000000e5300000, 0x00000000e5400000|  0%| F|  |TAMS 0x00000000e5300000, 0x00000000e5300000| Untracked 
|  84|0x00000000e5400000, 0x00000000e5400000, 0x00000000e5500000|  0%| F|  |TAMS 0x00000000e5400000, 0x00000000e5400000| Untracked 
|  85|0x00000000e5500000, 0x00000000e5500000, 0x00000000e5600000|  0%| F|  |TAMS 0x00000000e5500000, 0x00000000e5500000| Untracked 
|  86|0x00000000e5600000, 0x00000000e5600000, 0x00000000e5700000|  0%| F|  |TAMS 0x00000000e5600000, 0x00000000e5600000| Untracked 
|  87|0x00000000e5700000, 0x00000000e5700000, 0x00000000e5800000|  0%| F|  |TAMS 0x00000000e5700000, 0x00000000e5700000| Untracked 
|  88|0x00000000e5800000, 0x00000000e5800000, 0x00000000e5900000|  0%| F|  |TAMS 0x00000000e5800000, 0x00000000e5800000| Untracked 
|  89|0x00000000e5900000, 0x00000000e5900000, 0x00000000e5a00000|  0%| F|  |TAMS 0x00000000e5900000, 0x00000000e5900000| Untracked 
|  90|0x00000000e5a00000, 0x00000000e5a00000, 0x00000000e5b00000|  0%| F|  |TAMS 0x00000000e5a00000, 0x00000000e5a00000| Untracked 
|  91|0x00000000e5b00000, 0x00000000e5b00000, 0x00000000e5c00000|  0%| F|  |TAMS 0x00000000e5b00000, 0x00000000e5b00000| Untracked 
|  92|0x00000000e5c00000, 0x00000000e5c00000, 0x00000000e5d00000|  0%| F|  |TAMS 0x00000000e5c00000, 0x00000000e5c00000| Untracked 
|  93|0x00000000e5d00000, 0x00000000e5d00000, 0x00000000e5e00000|  0%| F|  |TAMS 0x00000000e5d00000, 0x00000000e5d00000| Untracked 
|  94|0x00000000e5e00000, 0x00000000e5e00000, 0x00000000e5f00000|  0%| F|  |TAMS 0x00000000e5e00000, 0x00000000e5e00000| Untracked 
|  95|0x00000000e5f00000, 0x00000000e5f00000, 0x00000000e6000000|  0%| F|  |TAMS 0x00000000e5f00000, 0x00000000e5f00000| Untracked 
|  96|0x00000000e6000000, 0x00000000e6000000, 0x00000000e6100000|  0%| F|  |TAMS 0x00000000e6000000, 0x00000000e6000000| Untracked 
|  97|0x00000000e6100000, 0x00000000e6100000, 0x00000000e6200000|  0%| F|  |TAMS 0x00000000e6100000, 0x00000000e6100000| Untracked 
|  98|0x00000000e6200000, 0x00000000e6200000, 0x00000000e6300000|  0%| F|  |TAMS 0x00000000e6200000, 0x00000000e6200000| Untracked 
|  99|0x00000000e6300000, 0x00000000e6300000, 0x00000000e6400000|  0%| F|  |TAMS 0x00000000e6300000, 0x00000000e6300000| Untracked 
| 100|0x00000000e6400000, 0x00000000e6400000, 0x00000000e6500000|  0%| F|  |TAMS 0x00000000e6400000, 0x00000000e6400000| Untracked 
| 101|0x00000000e6500000, 0x00000000e6500000, 0x00000000e6600000|  0%| F|  |TAMS 0x00000000e6500000, 0x00000000e6500000| Untracked 
| 102|0x00000000e6600000, 0x00000000e6600000, 0x00000000e6700000|  0%| F|  |TAMS 0x00000000e6600000, 0x00000000e6600000| Untracked 
| 103|0x00000000e6700000, 0x00000000e6700000, 0x00000000e6800000|  0%| F|  |TAMS 0x00000000e6700000, 0x00000000e6700000| Untracked 
| 104|0x00000000e6800000, 0x00000000e6800000, 0x00000000e6900000|  0%| F|  |TAMS 0x00000000e6800000, 0x00000000e6800000| Untracked 
| 105|0x00000000e6900000, 0x00000000e6900000, 0x00000000e6a00000|  0%| F|  |TAMS 0x00000000e6900000, 0x00000000e6900000| Untracked 
| 106|0x00000000e6a00000, 0x00000000e6a00000, 0x00000000e6b00000|  0%| F|  |TAMS 0x00000000e6a00000, 0x00000000e6a00000| Untracked 
| 107|0x00000000e6b00000, 0x00000000e6b00000, 0x00000000e6c00000|  0%| F|  |TAMS 0x00000000e6b00000, 0x00000000e6b00000| Untracked 
| 108|0x00000000e6c00000, 0x00000000e6c00000, 0x00000000e6d00000|  0%| F|  |TAMS 0x00000000e6c00000, 0x00000000e6c00000| Untracked 
| 109|0x00000000e6d00000, 0x00000000e6d00000, 0x00000000e6e00000|  0%| F|  |TAMS 0x00000000e6d00000, 0x00000000e6d00000| Untracked 
| 110|0x00000000e6e00000, 0x00000000e6e00000, 0x00000000e6f00000|  0%| F|  |TAMS 0x00000000e6e00000, 0x00000000e6e00000| Untracked 
| 111|0x00000000e6f00000, 0x00000000e6f00000, 0x00000000e7000000|  0%| F|  |TAMS 0x00000000e6f00000, 0x00000000e6f00000| Untracked 
| 112|0x00000000e7000000, 0x00000000e7000000, 0x00000000e7100000|  0%| F|  |TAMS 0x00000000e7000000, 0x00000000e7000000| Untracked 
| 113|0x00000000e7100000, 0x00000000e7100000, 0x00000000e7200000|  0%| F|  |TAMS 0x00000000e7100000, 0x00000000e7100000| Untracked 
| 114|0x00000000e7200000, 0x00000000e7200000, 0x00000000e7300000|  0%| F|  |TAMS 0x00000000e7200000, 0x00000000e7200000| Untracked 
| 115|0x00000000e7300000, 0x00000000e7300000, 0x00000000e7400000|  0%| F|  |TAMS 0x00000000e7300000, 0x00000000e7300000| Untracked 
| 116|0x00000000e7400000, 0x00000000e7400000, 0x00000000e7500000|  0%| F|  |TAMS 0x00000000e7400000, 0x00000000e7400000| Untracked 
| 117|0x00000000e7500000, 0x00000000e7500000, 0x00000000e7600000|  0%| F|  |TAMS 0x00000000e7500000, 0x00000000e7500000| Untracked 
| 118|0x00000000e7600000, 0x00000000e7600000, 0x00000000e7700000|  0%| F|  |TAMS 0x00000000e7600000, 0x00000000e7600000| Untracked 
| 119|0x00000000e7700000, 0x00000000e7700000, 0x00000000e7800000|  0%| F|  |TAMS 0x00000000e7700000, 0x00000000e7700000| Untracked 
| 120|0x00000000e7800000, 0x00000000e7800000, 0x00000000e7900000|  0%| F|  |TAMS 0x00000000e7800000, 0x00000000e7800000| Untracked 
| 121|0x00000000e7900000, 0x00000000e7900000, 0x00000000e7a00000|  0%| F|  |TAMS 0x00000000e7900000, 0x00000000e7900000| Untracked 
| 122|0x00000000e7a00000, 0x00000000e7a00000, 0x00000000e7b00000|  0%| F|  |TAMS 0x00000000e7a00000, 0x00000000e7a00000| Untracked 
| 123|0x00000000e7b00000, 0x00000000e7b00000, 0x00000000e7c00000|  0%| F|  |TAMS 0x00000000e7b00000, 0x00000000e7b00000| Untracked 
| 124|0x00000000e7c00000, 0x00000000e7c00000, 0x00000000e7d00000|  0%| F|  |TAMS 0x00000000e7c00000, 0x00000000e7c00000| Untracked 
| 125|0x00000000e7d00000, 0x00000000e7d00000, 0x00000000e7e00000|  0%| F|  |TAMS 0x00000000e7d00000, 0x00000000e7d00000| Untracked 
| 126|0x00000000e7e00000, 0x00000000e7e00000, 0x00000000e7f00000|  0%| F|  |TAMS 0x00000000e7e00000, 0x00000000e7e00000| Untracked 
| 127|0x00000000e7f00000, 0x00000000e7f00000, 0x00000000e8000000|  0%| F|  |TAMS 0x00000000e7f00000, 0x00000000e7f00000| Untracked 
| 128|0x00000000e8000000, 0x00000000e8000000, 0x00000000e8100000|  0%| F|  |TAMS 0x00000000e8000000, 0x00000000e8000000| Untracked 
| 129|0x00000000e8100000, 0x00000000e8100000, 0x00000000e8200000|  0%| F|  |TAMS 0x00000000e8100000, 0x00000000e8100000| Untracked 
| 130|0x00000000e8200000, 0x00000000e8200000, 0x00000000e8300000|  0%| F|  |TAMS 0x00000000e8200000, 0x00000000e8200000| Untracked 
| 131|0x00000000e8300000, 0x00000000e8300000, 0x00000000e8400000|  0%| F|  |TAMS 0x00000000e8300000, 0x00000000e8300000| Untracked 
| 132|0x00000000e8400000, 0x00000000e8400000, 0x00000000e8500000|  0%| F|  |TAMS 0x00000000e8400000, 0x00000000e8400000| Untracked 
| 133|0x00000000e8500000, 0x00000000e8500000, 0x00000000e8600000|  0%| F|  |TAMS 0x00000000e8500000, 0x00000000e8500000| Untracked 
| 134|0x00000000e8600000, 0x00000000e8600000, 0x00000000e8700000|  0%| F|  |TAMS 0x00000000e8600000, 0x00000000e8600000| Untracked 
| 135|0x00000000e8700000, 0x00000000e8700000, 0x00000000e8800000|  0%| F|  |TAMS 0x00000000e8700000, 0x00000000e8700000| Untracked 
| 136|0x00000000e8800000, 0x00000000e8800000, 0x00000000e8900000|  0%| F|  |TAMS 0x00000000e8800000, 0x00000000e8800000| Untracked 
| 137|0x00000000e8900000, 0x00000000e8900000, 0x00000000e8a00000|  0%| F|  |TAMS 0x00000000e8900000, 0x00000000e8900000| Untracked 
| 138|0x00000000e8a00000, 0x00000000e8a00000, 0x00000000e8b00000|  0%| F|  |TAMS 0x00000000e8a00000, 0x00000000e8a00000| Untracked 
| 139|0x00000000e8b00000, 0x00000000e8b00000, 0x00000000e8c00000|  0%| F|  |TAMS 0x00000000e8b00000, 0x00000000e8b00000| Untracked 
| 140|0x00000000e8c00000, 0x00000000e8c00000, 0x00000000e8d00000|  0%| F|  |TAMS 0x00000000e8c00000, 0x00000000e8c00000| Untracked 
| 141|0x00000000e8d00000, 0x00000000e8d00000, 0x00000000e8e00000|  0%| F|  |TAMS 0x00000000e8d00000, 0x00000000e8d00000| Untracked 
| 142|0x00000000e8e00000, 0x00000000e8e00000, 0x00000000e8f00000|  0%| F|  |TAMS 0x00000000e8e00000, 0x00000000e8e00000| Untracked 
| 143|0x00000000e8f00000, 0x00000000e8f00000, 0x00000000e9000000|  0%| F|  |TAMS 0x00000000e8f00000, 0x00000000e8f00000| Untracked 
| 144|0x00000000e9000000, 0x00000000e9000000, 0x00000000e9100000|  0%| F|  |TAMS 0x00000000e9000000, 0x00000000e9000000| Untracked 
| 145|0x00000000e9100000, 0x00000000e9100000, 0x00000000e9200000|  0%| F|  |TAMS 0x00000000e9100000, 0x00000000e9100000| Untracked 
| 146|0x00000000e9200000, 0x00000000e9200000, 0x00000000e9300000|  0%| F|  |TAMS 0x00000000e9200000, 0x00000000e9200000| Untracked 
| 147|0x00000000e9300000, 0x00000000e9300000, 0x00000000e9400000|  0%| F|  |TAMS 0x00000000e9300000, 0x00000000e9300000| Untracked 
| 148|0x00000000e9400000, 0x00000000e9500000, 0x00000000e9500000|100%| S|CS|TAMS 0x00000000e9400000, 0x00000000e9400000| Complete 
| 149|0x00000000e9500000, 0x00000000e9600000, 0x00000000e9600000|100%| S|CS|TAMS 0x00000000e9500000, 0x00000000e9500000| Complete 
| 150|0x00000000e9600000, 0x00000000e9700000, 0x00000000e9700000|100%| S|CS|TAMS 0x00000000e9600000, 0x00000000e9600000| Complete 
| 151|0x00000000e9700000, 0x00000000e9800000, 0x00000000e9800000|100%| S|CS|TAMS 0x00000000e9700000, 0x00000000e9700000| Complete 
| 152|0x00000000e9800000, 0x00000000e9900000, 0x00000000e9900000|100%| S|CS|TAMS 0x00000000e9800000, 0x00000000e9800000| Complete 
| 153|0x00000000e9900000, 0x00000000e9a00000, 0x00000000e9a00000|100%| S|CS|TAMS 0x00000000e9900000, 0x00000000e9900000| Complete 
| 154|0x00000000e9a00000, 0x00000000e9b00000, 0x00000000e9b00000|100%| S|CS|TAMS 0x00000000e9a00000, 0x00000000e9a00000| Complete 
| 155|0x00000000e9b00000, 0x00000000e9c00000, 0x00000000e9c00000|100%| S|CS|TAMS 0x00000000e9b00000, 0x00000000e9b00000| Complete 
| 156|0x00000000e9c00000, 0x00000000e9d00000, 0x00000000e9d00000|100%| S|CS|TAMS 0x00000000e9c00000, 0x00000000e9c00000| Complete 
| 157|0x00000000e9d00000, 0x00000000e9e00000, 0x00000000e9e00000|100%| S|CS|TAMS 0x00000000e9d00000, 0x00000000e9d00000| Complete 
| 158|0x00000000e9e00000, 0x00000000e9f00000, 0x00000000e9f00000|100%| S|CS|TAMS 0x00000000e9e00000, 0x00000000e9e00000| Complete 
| 159|0x00000000e9f00000, 0x00000000ea000000, 0x00000000ea000000|100%| S|CS|TAMS 0x00000000e9f00000, 0x00000000e9f00000| Complete 
| 160|0x00000000ea000000, 0x00000000ea000000, 0x00000000ea100000|  0%| F|  |TAMS 0x00000000ea000000, 0x00000000ea000000| Untracked 
| 161|0x00000000ea100000, 0x00000000ea100000, 0x00000000ea200000|  0%| F|  |TAMS 0x00000000ea100000, 0x00000000ea100000| Untracked 
| 162|0x00000000ea200000, 0x00000000ea200000, 0x00000000ea300000|  0%| F|  |TAMS 0x00000000ea200000, 0x00000000ea200000| Untracked 
| 163|0x00000000ea300000, 0x00000000ea300000, 0x00000000ea400000|  0%| F|  |TAMS 0x00000000ea300000, 0x00000000ea300000| Untracked 
| 164|0x00000000ea400000, 0x00000000ea400000, 0x00000000ea500000|  0%| F|  |TAMS 0x00000000ea400000, 0x00000000ea400000| Untracked 
| 165|0x00000000ea500000, 0x00000000ea500000, 0x00000000ea600000|  0%| F|  |TAMS 0x00000000ea500000, 0x00000000ea500000| Untracked 
| 166|0x00000000ea600000, 0x00000000ea600000, 0x00000000ea700000|  0%| F|  |TAMS 0x00000000ea600000, 0x00000000ea600000| Untracked 
| 167|0x00000000ea700000, 0x00000000ea700000, 0x00000000ea800000|  0%| F|  |TAMS 0x00000000ea700000, 0x00000000ea700000| Untracked 
| 168|0x00000000ea800000, 0x00000000ea800000, 0x00000000ea900000|  0%| F|  |TAMS 0x00000000ea800000, 0x00000000ea800000| Untracked 
| 169|0x00000000ea900000, 0x00000000ea900000, 0x00000000eaa00000|  0%| F|  |TAMS 0x00000000ea900000, 0x00000000ea900000| Untracked 
| 170|0x00000000eaa00000, 0x00000000eaa00000, 0x00000000eab00000|  0%| F|  |TAMS 0x00000000eaa00000, 0x00000000eaa00000| Untracked 
| 171|0x00000000eab00000, 0x00000000eab00000, 0x00000000eac00000|  0%| F|  |TAMS 0x00000000eab00000, 0x00000000eab00000| Untracked 
| 172|0x00000000eac00000, 0x00000000eac00000, 0x00000000ead00000|  0%| F|  |TAMS 0x00000000eac00000, 0x00000000eac00000| Untracked 
| 173|0x00000000ead00000, 0x00000000ead00000, 0x00000000eae00000|  0%| F|  |TAMS 0x00000000ead00000, 0x00000000ead00000| Untracked 
| 174|0x00000000eae00000, 0x00000000eae00000, 0x00000000eaf00000|  0%| F|  |TAMS 0x00000000eae00000, 0x00000000eae00000| Untracked 
| 175|0x00000000eaf00000, 0x00000000eaf00000, 0x00000000eb000000|  0%| F|  |TAMS 0x00000000eaf00000, 0x00000000eaf00000| Untracked 
| 176|0x00000000eb000000, 0x00000000eb000000, 0x00000000eb100000|  0%| F|  |TAMS 0x00000000eb000000, 0x00000000eb000000| Untracked 
| 177|0x00000000eb100000, 0x00000000eb100000, 0x00000000eb200000|  0%| F|  |TAMS 0x00000000eb100000, 0x00000000eb100000| Untracked 
| 178|0x00000000eb200000, 0x00000000eb200000, 0x00000000eb300000|  0%| F|  |TAMS 0x00000000eb200000, 0x00000000eb200000| Untracked 
| 179|0x00000000eb300000, 0x00000000eb300000, 0x00000000eb400000|  0%| F|  |TAMS 0x00000000eb300000, 0x00000000eb300000| Untracked 
| 180|0x00000000eb400000, 0x00000000eb400000, 0x00000000eb500000|  0%| F|  |TAMS 0x00000000eb400000, 0x00000000eb400000| Untracked 
| 181|0x00000000eb500000, 0x00000000eb500000, 0x00000000eb600000|  0%| F|  |TAMS 0x00000000eb500000, 0x00000000eb500000| Untracked 
| 182|0x00000000eb600000, 0x00000000eb600000, 0x00000000eb700000|  0%| F|  |TAMS 0x00000000eb600000, 0x00000000eb600000| Untracked 
| 183|0x00000000eb700000, 0x00000000eb700000, 0x00000000eb800000|  0%| F|  |TAMS 0x00000000eb700000, 0x00000000eb700000| Untracked 
| 184|0x00000000eb800000, 0x00000000eb800000, 0x00000000eb900000|  0%| F|  |TAMS 0x00000000eb800000, 0x00000000eb800000| Untracked 
| 185|0x00000000eb900000, 0x00000000eb900000, 0x00000000eba00000|  0%| F|  |TAMS 0x00000000eb900000, 0x00000000eb900000| Untracked 
| 186|0x00000000eba00000, 0x00000000eba00000, 0x00000000ebb00000|  0%| F|  |TAMS 0x00000000eba00000, 0x00000000eba00000| Untracked 
| 187|0x00000000ebb00000, 0x00000000ebb00000, 0x00000000ebc00000|  0%| F|  |TAMS 0x00000000ebb00000, 0x00000000ebb00000| Untracked 
| 188|0x00000000ebc00000, 0x00000000ebc00000, 0x00000000ebd00000|  0%| F|  |TAMS 0x00000000ebc00000, 0x00000000ebc00000| Untracked 
| 189|0x00000000ebd00000, 0x00000000ebd00000, 0x00000000ebe00000|  0%| F|  |TAMS 0x00000000ebd00000, 0x00000000ebd00000| Untracked 
| 190|0x00000000ebe00000, 0x00000000ebe00000, 0x00000000ebf00000|  0%| F|  |TAMS 0x00000000ebe00000, 0x00000000ebe00000| Untracked 
| 191|0x00000000ebf00000, 0x00000000ebf00000, 0x00000000ec000000|  0%| F|  |TAMS 0x00000000ebf00000, 0x00000000ebf00000| Untracked 
| 192|0x00000000ec000000, 0x00000000ec000000, 0x00000000ec100000|  0%| F|  |TAMS 0x00000000ec000000, 0x00000000ec000000| Untracked 
| 193|0x00000000ec100000, 0x00000000ec100000, 0x00000000ec200000|  0%| F|  |TAMS 0x00000000ec100000, 0x00000000ec100000| Untracked 
| 194|0x00000000ec200000, 0x00000000ec200000, 0x00000000ec300000|  0%| F|  |TAMS 0x00000000ec200000, 0x00000000ec200000| Untracked 
| 195|0x00000000ec300000, 0x00000000ec300000, 0x00000000ec400000|  0%| F|  |TAMS 0x00000000ec300000, 0x00000000ec300000| Untracked 
| 196|0x00000000ec400000, 0x00000000ec400000, 0x00000000ec500000|  0%| F|  |TAMS 0x00000000ec400000, 0x00000000ec400000| Untracked 
| 197|0x00000000ec500000, 0x00000000ec500000, 0x00000000ec600000|  0%| F|  |TAMS 0x00000000ec500000, 0x00000000ec500000| Untracked 
| 198|0x00000000ec600000, 0x00000000ec600000, 0x00000000ec700000|  0%| F|  |TAMS 0x00000000ec600000, 0x00000000ec600000| Untracked 
| 199|0x00000000ec700000, 0x00000000ec700000, 0x00000000ec800000|  0%| F|  |TAMS 0x00000000ec700000, 0x00000000ec700000| Untracked 
| 200|0x00000000ec800000, 0x00000000ec800000, 0x00000000ec900000|  0%| F|  |TAMS 0x00000000ec800000, 0x00000000ec800000| Untracked 
| 201|0x00000000ec900000, 0x00000000ec900000, 0x00000000eca00000|  0%| F|  |TAMS 0x00000000ec900000, 0x00000000ec900000| Untracked 
| 202|0x00000000eca00000, 0x00000000eca00000, 0x00000000ecb00000|  0%| F|  |TAMS 0x00000000eca00000, 0x00000000eca00000| Untracked 
| 203|0x00000000ecb00000, 0x00000000ecb00000, 0x00000000ecc00000|  0%| F|  |TAMS 0x00000000ecb00000, 0x00000000ecb00000| Untracked 
| 204|0x00000000ecc00000, 0x00000000ecc00000, 0x00000000ecd00000|  0%| F|  |TAMS 0x00000000ecc00000, 0x00000000ecc00000| Untracked 
| 205|0x00000000ecd00000, 0x00000000ecd00000, 0x00000000ece00000|  0%| F|  |TAMS 0x00000000ecd00000, 0x00000000ecd00000| Untracked 
| 206|0x00000000ece00000, 0x00000000ece00000, 0x00000000ecf00000|  0%| F|  |TAMS 0x00000000ece00000, 0x00000000ece00000| Untracked 
| 207|0x00000000ecf00000, 0x00000000ecf00000, 0x00000000ed000000|  0%| F|  |TAMS 0x00000000ecf00000, 0x00000000ecf00000| Untracked 
| 208|0x00000000ed000000, 0x00000000ed000000, 0x00000000ed100000|  0%| F|  |TAMS 0x00000000ed000000, 0x00000000ed000000| Untracked 
| 209|0x00000000ed100000, 0x00000000ed100000, 0x00000000ed200000|  0%| F|  |TAMS 0x00000000ed100000, 0x00000000ed100000| Untracked 
| 210|0x00000000ed200000, 0x00000000ed200000, 0x00000000ed300000|  0%| F|  |TAMS 0x00000000ed200000, 0x00000000ed200000| Untracked 
| 211|0x00000000ed300000, 0x00000000ed300000, 0x00000000ed400000|  0%| F|  |TAMS 0x00000000ed300000, 0x00000000ed300000| Untracked 
| 212|0x00000000ed400000, 0x00000000ed400000, 0x00000000ed500000|  0%| F|  |TAMS 0x00000000ed400000, 0x00000000ed400000| Untracked 
| 213|0x00000000ed500000, 0x00000000ed500000, 0x00000000ed600000|  0%| F|  |TAMS 0x00000000ed500000, 0x00000000ed500000| Untracked 
| 214|0x00000000ed600000, 0x00000000ed600000, 0x00000000ed700000|  0%| F|  |TAMS 0x00000000ed600000, 0x00000000ed600000| Untracked 
| 215|0x00000000ed700000, 0x00000000ed700000, 0x00000000ed800000|  0%| F|  |TAMS 0x00000000ed700000, 0x00000000ed700000| Untracked 
| 216|0x00000000ed800000, 0x00000000ed800000, 0x00000000ed900000|  0%| F|  |TAMS 0x00000000ed800000, 0x00000000ed800000| Untracked 
| 217|0x00000000ed900000, 0x00000000ed900000, 0x00000000eda00000|  0%| F|  |TAMS 0x00000000ed900000, 0x00000000ed900000| Untracked 
| 218|0x00000000eda00000, 0x00000000eda00000, 0x00000000edb00000|  0%| F|  |TAMS 0x00000000eda00000, 0x00000000eda00000| Untracked 
| 219|0x00000000edb00000, 0x00000000edb00000, 0x00000000edc00000|  0%| F|  |TAMS 0x00000000edb00000, 0x00000000edb00000| Untracked 
| 220|0x00000000edc00000, 0x00000000edc00000, 0x00000000edd00000|  0%| F|  |TAMS 0x00000000edc00000, 0x00000000edc00000| Untracked 
| 221|0x00000000edd00000, 0x00000000edd00000, 0x00000000ede00000|  0%| F|  |TAMS 0x00000000edd00000, 0x00000000edd00000| Untracked 
| 222|0x00000000ede00000, 0x00000000ede00000, 0x00000000edf00000|  0%| F|  |TAMS 0x00000000ede00000, 0x00000000ede00000| Untracked 
| 223|0x00000000edf00000, 0x00000000edf00000, 0x00000000ee000000|  0%| F|  |TAMS 0x00000000edf00000, 0x00000000edf00000| Untracked 
| 224|0x00000000ee000000, 0x00000000ee000000, 0x00000000ee100000|  0%| F|  |TAMS 0x00000000ee000000, 0x00000000ee000000| Untracked 
| 225|0x00000000ee100000, 0x00000000ee100000, 0x00000000ee200000|  0%| F|  |TAMS 0x00000000ee100000, 0x00000000ee100000| Untracked 
| 226|0x00000000ee200000, 0x00000000ee200000, 0x00000000ee300000|  0%| F|  |TAMS 0x00000000ee200000, 0x00000000ee200000| Untracked 
| 227|0x00000000ee300000, 0x00000000ee300000, 0x00000000ee400000|  0%| F|  |TAMS 0x00000000ee300000, 0x00000000ee300000| Untracked 
| 228|0x00000000ee400000, 0x00000000ee400000, 0x00000000ee500000|  0%| F|  |TAMS 0x00000000ee400000, 0x00000000ee400000| Untracked 
| 229|0x00000000ee500000, 0x00000000ee600000, 0x00000000ee600000|100%| E|  |TAMS 0x00000000ee500000, 0x00000000ee500000| Complete 
| 230|0x00000000ee600000, 0x00000000ee700000, 0x00000000ee700000|100%| E|CS|TAMS 0x00000000ee600000, 0x00000000ee600000| Complete 
| 231|0x00000000ee700000, 0x00000000ee800000, 0x00000000ee800000|100%| E|CS|TAMS 0x00000000ee700000, 0x00000000ee700000| Complete 
| 232|0x00000000ee800000, 0x00000000ee900000, 0x00000000ee900000|100%| E|CS|TAMS 0x00000000ee800000, 0x00000000ee800000| Complete 
| 233|0x00000000ee900000, 0x00000000eea00000, 0x00000000eea00000|100%| E|CS|TAMS 0x00000000ee900000, 0x00000000ee900000| Complete 
| 234|0x00000000eea00000, 0x00000000eeb00000, 0x00000000eeb00000|100%| E|CS|TAMS 0x00000000eea00000, 0x00000000eea00000| Complete 
| 235|0x00000000eeb00000, 0x00000000eec00000, 0x00000000eec00000|100%| E|CS|TAMS 0x00000000eeb00000, 0x00000000eeb00000| Complete 
| 236|0x00000000eec00000, 0x00000000eed00000, 0x00000000eed00000|100%| E|CS|TAMS 0x00000000eec00000, 0x00000000eec00000| Complete 
| 237|0x00000000eed00000, 0x00000000eee00000, 0x00000000eee00000|100%| E|CS|TAMS 0x00000000eed00000, 0x00000000eed00000| Complete 
| 238|0x00000000eee00000, 0x00000000eef00000, 0x00000000eef00000|100%| E|CS|TAMS 0x00000000eee00000, 0x00000000eee00000| Complete 
| 239|0x00000000eef00000, 0x00000000ef000000, 0x00000000ef000000|100%| E|CS|TAMS 0x00000000eef00000, 0x00000000eef00000| Complete 
| 240|0x00000000ef000000, 0x00000000ef100000, 0x00000000ef100000|100%| E|CS|TAMS 0x00000000ef000000, 0x00000000ef000000| Complete 
| 241|0x00000000ef100000, 0x00000000ef200000, 0x00000000ef200000|100%| E|CS|TAMS 0x00000000ef100000, 0x00000000ef100000| Complete 
| 242|0x00000000ef200000, 0x00000000ef300000, 0x00000000ef300000|100%| E|CS|TAMS 0x00000000ef200000, 0x00000000ef200000| Complete 
| 243|0x00000000ef300000, 0x00000000ef400000, 0x00000000ef400000|100%| E|CS|TAMS 0x00000000ef300000, 0x00000000ef300000| Complete 
| 244|0x00000000ef400000, 0x00000000ef500000, 0x00000000ef500000|100%| E|CS|TAMS 0x00000000ef400000, 0x00000000ef400000| Complete 
| 245|0x00000000ef500000, 0x00000000ef600000, 0x00000000ef600000|100%| E|CS|TAMS 0x00000000ef500000, 0x00000000ef500000| Complete 
| 246|0x00000000ef600000, 0x00000000ef700000, 0x00000000ef700000|100%| E|CS|TAMS 0x00000000ef600000, 0x00000000ef600000| Complete 
| 247|0x00000000ef700000, 0x00000000ef800000, 0x00000000ef800000|100%| E|CS|TAMS 0x00000000ef700000, 0x00000000ef700000| Complete 
| 248|0x00000000ef800000, 0x00000000ef900000, 0x00000000ef900000|100%| E|CS|TAMS 0x00000000ef800000, 0x00000000ef800000| Complete 
| 249|0x00000000ef900000, 0x00000000efa00000, 0x00000000efa00000|100%| E|CS|TAMS 0x00000000ef900000, 0x00000000ef900000| Complete 
| 250|0x00000000efa00000, 0x00000000efb00000, 0x00000000efb00000|100%| E|CS|TAMS 0x00000000efa00000, 0x00000000efa00000| Complete 
| 251|0x00000000efb00000, 0x00000000efc00000, 0x00000000efc00000|100%| E|CS|TAMS 0x00000000efb00000, 0x00000000efb00000| Complete 
| 252|0x00000000efc00000, 0x00000000efd00000, 0x00000000efd00000|100%| E|CS|TAMS 0x00000000efc00000, 0x00000000efc00000| Complete 
| 253|0x00000000efd00000, 0x00000000efe00000, 0x00000000efe00000|100%| E|CS|TAMS 0x00000000efd00000, 0x00000000efd00000| Complete 
| 254|0x00000000efe00000, 0x00000000eff00000, 0x00000000eff00000|100%| E|CS|TAMS 0x00000000efe00000, 0x00000000efe00000| Complete 
| 255|0x00000000eff00000, 0x00000000f0000000, 0x00000000f0000000|100%| E|CS|TAMS 0x00000000eff00000, 0x00000000eff00000| Complete 

Card table byte_map: [0x000002003d7d0000,0x000002003d8d0000] _byte_map_base: 0x000002003d0d0000

Marking Bits (Prev, Next): (CMBitMap*) 0x0000020025875408, (CMBitMap*) 0x0000020025875440
 Prev Bits: [0x000002003d9d0000, 0x000002003e1d0000)
 Next Bits: [0x000002003e1d0000, 0x000002003e9d0000)

Polling page: 0x0000020025a30000

Metaspace:

Usage:
  Non-class:     41.81 MB capacity,    41.06 MB ( 98%) used,   635.19 KB (  1%) free+waste,   130.06 KB ( <1%) overhead. 
      Class:      6.49 MB capacity,     6.02 MB ( 93%) used,   418.18 KB (  6%) free+waste,    63.44 KB ( <1%) overhead. 
       Both:     48.29 MB capacity,    47.08 MB ( 97%) used,     1.03 MB (  2%) free+waste,   193.50 KB ( <1%) overhead. 

Virtual space:
  Non-class space:       42.00 MB reserved,      41.92 MB (>99%) committed 
      Class space:      248.00 MB reserved,       6.50 MB (  3%) committed 
             Both:      290.00 MB reserved,      48.42 MB ( 17%) committed 

Chunk freelists:
   Non-Class:  55.00 KB
       Class:  11.00 KB
        Both:  66.00 KB

MaxMetaspaceSize: 256.00 MB
CompressedClassSpaceSize: 248.00 MB
Initial GC threshold: 20.80 MB
Current GC threshold: 58.83 MB
CDS: off

CodeHeap 'non-profiled nmethods': size=120064Kb used=1941Kb max_used=1941Kb free=118123Kb
 bounds [0x0000020036290000, 0x0000020036500000, 0x000002003d7d0000]
CodeHeap 'profiled nmethods': size=120000Kb used=8830Kb max_used=8830Kb free=111169Kb
 bounds [0x000002002ed60000, 0x000002002f600000, 0x0000020036290000]
CodeHeap 'non-nmethods': size=5696Kb used=2291Kb max_used=2318Kb free=3404Kb
 bounds [0x000002002e7d0000, 0x000002002ea40000, 0x000002002ed60000]
 total_blobs=4912 nmethods=4114 adapters=711
 compilation: enabled
              stopped_count=0, restarted_count=0
 full_count=0

Compilation events (20 events):
Event: 17.617 Thread 0x0000020041582000 nmethod 4109 0x000002002f5e4310 code [0x000002002f5e4600, 0x000002002f5e5538]
Event: 17.665 Thread 0x0000020041582000 4110       1       java.util.logging.Logger::getName (5 bytes)
Event: 17.666 Thread 0x0000020041582000 nmethod 4110 0x0000020036473610 code [0x00000200364737c0, 0x0000020036473878]
Event: 17.713 Thread 0x0000020041582000 4111       3       jdk.internal.misc.Unsafe::allocateUninitializedArray (52 bytes)
Event: 17.713 Thread 0x0000020041582000 nmethod 4111 0x000002002f5e5a90 code [0x000002002f5e5ca0, 0x000002002f5e60f8]
Event: 17.714 Thread 0x0000020041582000 4112       3       java.lang.invoke.LambdaForm$MH/0x00000001000e2040::invoke (155 bytes)
Event: 17.714 Thread 0x0000020041582000 nmethod 4112 0x000002002f5e6290 code [0x000002002f5e6520, 0x000002002f5e7478]
Event: 17.715 Thread 0x0000020041582000 4113       3       java.util.logging.LogManager::getProperty (9 bytes)
Event: 17.716 Thread 0x0000020041582000 nmethod 4113 0x000002002f5e7890 code [0x000002002f5e7a40, 0x000002002f5e7c08]
Event: 17.791 Thread 0x0000020041582000 4114       3       jdk.internal.reflect.Reflection::verifyMemberAccess (190 bytes)
Event: 17.796 Thread 0x0000020041582000 nmethod 4114 0x000002002f5e7d10 code [0x000002002f5e8220, 0x000002002f5ea8e8]
Event: 17.809 Thread 0x0000020041582000 4115       2       java.lang.String$CaseInsensitiveComparator::compare (13 bytes)
Event: 17.809 Thread 0x0000020041582000 nmethod 4115 0x000002002f5eb490 code [0x000002002f5eb640, 0x000002002f5eb7c8]
Event: 17.809 Thread 0x0000020041582000 4116       2       java.util.Arrays::binarySearch0 (95 bytes)
Event: 17.810 Thread 0x0000020041582000 nmethod 4116 0x000002002f5eb890 code [0x000002002f5eba60, 0x000002002f5ebcb8]
Event: 17.811 Thread 0x0000020041582000 4118       3       java.lang.invoke.ClassSpecializer$SpeciesData::transformHelper (56 bytes)
Event: 17.812 Thread 0x0000020041582000 nmethod 4118 0x000002002f5ebe90 code [0x000002002f5ec0c0, 0x000002002f5ec9b8]
Event: 17.813 Thread 0x0000020041582000 4119       3       jdk.internal.org.objectweb.asm.ClassWriter::newConstItem (320 bytes)
Event: 17.816 Thread 0x0000020041582000 nmethod 4119 0x000002002f5ecc10 code [0x000002002f5ed160, 0x000002002f5f0078]
Event: 17.818 Thread 0x0000020041582000 4120       3       java.lang.invoke.InvokerBytecodeGenerator::addMethod (685 bytes)

GC Heap History (18 events):
Event: 1.082 GC heap before
{Heap before GC invocations=0 (full 0):
 garbage-first heap   total 262144K, used 11264K [0x00000000e0000000, 0x0000000100000000)
  region size 1024K, 12 young (12288K), 0 survivors (0K)
 Metaspace       used 6746K, capacity 6933K, committed 7168K, reserved 262144K
  class space    used 573K, capacity 650K, committed 768K, reserved 253952K
}
Event: 1.094 GC heap after
{Heap after GC invocations=1 (full 0):
 garbage-first heap   total 262144K, used 3398K [0x00000000e0000000, 0x0000000100000000)
  region size 1024K, 2 young (2048K), 2 survivors (2048K)
 Metaspace       used 6746K, capacity 6933K, committed 7168K, reserved 262144K
  class space    used 573K, capacity 650K, committed 768K, reserved 253952K
}
Event: 2.152 GC heap before
{Heap before GC invocations=1 (full 0):
 garbage-first heap   total 262144K, used 15686K [0x00000000e0000000, 0x0000000100000000)
  region size 1024K, 12 young (12288K), 2 survivors (2048K)
 Metaspace       used 9937K, capacity 10169K, committed 10368K, reserved 264192K
  class space    used 988K, capacity 1072K, committed 1152K, reserved 253952K
}
Event: 2.162 GC heap after
{Heap after GC invocations=2 (full 0):
 garbage-first heap   total 262144K, used 9325K [0x00000000e0000000, 0x0000000100000000)
  region size 1024K, 2 young (2048K), 2 survivors (2048K)
 Metaspace       used 9937K, capacity 10169K, committed 10368K, reserved 264192K
  class space    used 988K, capacity 1072K, committed 1152K, reserved 253952K
}
Event: 3.200 GC heap before
{Heap before GC invocations=2 (full 0):
 garbage-first heap   total 262144K, used 26733K [0x00000000e0000000, 0x0000000100000000)
  region size 1024K, 19 young (19456K), 2 survivors (2048K)
 Metaspace       used 11255K, capacity 11511K, committed 11776K, reserved 266240K
  class space    used 1146K, capacity 1242K, committed 1280K, reserved 253952K
}
Event: 3.208 GC heap after
{Heap after GC invocations=3 (full 0):
 garbage-first heap   total 262144K, used 10190K [0x00000000e0000000, 0x0000000100000000)
  region size 1024K, 1 young (1024K), 1 survivors (1024K)
 Metaspace       used 11255K, capacity 11511K, committed 11776K, reserved 266240K
  class space    used 1146K, capacity 1242K, committed 1280K, reserved 253952K
}
Event: 4.004 GC heap before
{Heap before GC invocations=3 (full 0):
 garbage-first heap   total 262144K, used 32718K [0x00000000e0000000, 0x0000000100000000)
  region size 1024K, 23 young (23552K), 1 survivors (1024K)
 Metaspace       used 11422K, capacity 11823K, committed 12160K, reserved 266240K
  class space    used 1170K, capacity 1282K, committed 1408K, reserved 253952K
}
Event: 4.013 GC heap after
{Heap after GC invocations=4 (full 0):
 garbage-first heap   total 262144K, used 14722K [0x00000000e0000000, 0x0000000100000000)
  region size 1024K, 3 young (3072K), 3 survivors (3072K)
 Metaspace       used 11422K, capacity 11823K, committed 12160K, reserved 266240K
  class space    used 1170K, capacity 1282K, committed 1408K, reserved 253952K
}
Event: 7.313 GC heap before
{Heap before GC invocations=4 (full 0):
 garbage-first heap   total 262144K, used 43394K [0x00000000e0000000, 0x0000000100000000)
  region size 1024K, 31 young (31744K), 3 survivors (3072K)
 Metaspace       used 17643K, capacity 18040K, committed 18304K, reserved 270336K
  class space    used 2030K, capacity 2145K, committed 2176K, reserved 253952K
}
Event: 7.338 GC heap after
{Heap after GC invocations=5 (full 0):
 garbage-first heap   total 262144K, used 16506K [0x00000000e0000000, 0x0000000100000000)
  region size 1024K, 3 young (3072K), 3 survivors (3072K)
 Metaspace       used 17643K, capacity 18040K, committed 18304K, reserved 270336K
  class space    used 2030K, capacity 2145K, committed 2176K, reserved 253952K
}
Event: 8.234 GC heap before
{Heap before GC invocations=5 (full 0):
 garbage-first heap   total 262144K, used 48250K [0x00000000e0000000, 0x0000000100000000)
  region size 1024K, 35 young (35840K), 3 survivors (3072K)
 Metaspace       used 20835K, capacity 21250K, committed 21296K, reserved 274432K
  class space    used 2520K, capacity 2683K, committed 2688K, reserved 253952K
}
Event: 8.248 GC heap after
{Heap after GC invocations=6 (full 0):
 garbage-first heap   total 262144K, used 17499K [0x00000000e0000000, 0x0000000100000000)
  region size 1024K, 4 young (4096K), 4 survivors (4096K)
 Metaspace       used 20835K, capacity 21250K, committed 21296K, reserved 274432K
  class space    used 2520K, capacity 2683K, committed 2688K, reserved 253952K
}
Event: 11.049 GC heap before
{Heap before GC invocations=7 (full 0):
 garbage-first heap   total 262144K, used 100443K [0x00000000e0000000, 0x0000000100000000)
  region size 1024K, 85 young (87040K), 4 survivors (4096K)
 Metaspace       used 29063K, capacity 29778K, committed 29872K, reserved 280576K
  class space    used 3820K, capacity 4093K, committed 4096K, reserved 253952K
}
Event: 11.073 GC heap after
{Heap after GC invocations=8 (full 0):
 garbage-first heap   total 262144K, used 20398K [0x00000000e0000000, 0x0000000100000000)
  region size 1024K, 6 young (6144K), 6 survivors (6144K)
 Metaspace       used 29063K, capacity 29778K, committed 29872K, reserved 280576K
  class space    used 3820K, capacity 4093K, committed 4096K, reserved 253952K
}
Event: 12.741 GC heap before
{Heap before GC invocations=8 (full 0):
 garbage-first heap   total 262144K, used 64430K [0x00000000e0000000, 0x0000000100000000)
  region size 1024K, 50 young (51200K), 6 survivors (6144K)
 Metaspace       used 34943K, capacity 35802K, committed 35888K, reserved 286720K
  class space    used 4599K, capacity 4930K, committed 4992K, reserved 253952K
}
Event: 12.769 GC heap after
{Heap after GC invocations=9 (full 0):
 garbage-first heap   total 262144K, used 22427K [0x00000000e0000000, 0x0000000100000000)
  region size 1024K, 8 young (8192K), 8 survivors (8192K)
 Metaspace       used 34943K, capacity 35802K, committed 35888K, reserved 286720K
  class space    used 4599K, capacity 4930K, committed 4992K, reserved 253952K
}
Event: 16.574 GC heap before
{Heap before GC invocations=10 (full 0):
 garbage-first heap   total 262144K, used 115611K [0x00000000e0000000, 0x0000000100000000)
  region size 1024K, 96 young (98304K), 8 survivors (8192K)
 Metaspace       used 45030K, capacity 46087K, committed 46256K, reserved 294912K
  class space    used 5657K, capacity 6046K, committed 6144K, reserved 253952K
}
Event: 16.627 GC heap after
{Heap after GC invocations=11 (full 0):
 garbage-first heap   total 262144K, used 29158K [0x00000000e0000000, 0x0000000100000000)
  region size 1024K, 12 young (12288K), 12 survivors (12288K)
 Metaspace       used 45030K, capacity 46087K, committed 46256K, reserved 294912K
  class space    used 5657K, capacity 6046K, committed 6144K, reserved 253952K
}

Deoptimization events (20 events):
Event: 16.472 Thread 0x00000200430ae000 Uncommon trap: trap_request=0xffffff4d fr.pc=0x00000200362e1a9c relative=0x000000000000017c
Event: 16.472 Thread 0x00000200430ae000 Uncommon trap: reason=unstable_if action=reinterpret pc=0x00000200362e1a9c method=java.lang.StringCoding.encodeUTF8(B[BZ)[B @ 2 c2
Event: 16.472 Thread 0x00000200430ae000 DEOPT PACKING pc=0x00000200362e1a9c sp=0x000000a35f0f9a90
Event: 16.472 Thread 0x00000200430ae000 DEOPT UNPACKING pc=0x000002002e81a1a9 sp=0x000000a35f0f9a38 mode 2
Event: 16.564 Thread 0x00000200430ae000 Uncommon trap: trap_request=0xffffffc6 fr.pc=0x00000200363b0e80 relative=0x0000000000000220
Event: 16.564 Thread 0x00000200430ae000 Uncommon trap: reason=bimorphic_or_optimized_type_check action=maybe_recompile pc=0x00000200363b0e80 method=com.google.common.base.CharMatcher.indexIn(Ljava/lang/CharSequence;I)I @ 31 c2
Event: 16.564 Thread 0x00000200430ae000 DEOPT PACKING pc=0x00000200363b0e80 sp=0x000000a35f0f79d0
Event: 16.564 Thread 0x00000200430ae000 DEOPT UNPACKING pc=0x000002002e81a1a9 sp=0x000000a35f0f7978 mode 2
Event: 16.702 Thread 0x00000200430ae000 Uncommon trap: trap_request=0xffffffc6 fr.pc=0x00000200363b0e80 relative=0x0000000000000220
Event: 16.702 Thread 0x00000200430ae000 Uncommon trap: reason=bimorphic_or_optimized_type_check action=maybe_recompile pc=0x00000200363b0e80 method=com.google.common.base.CharMatcher.indexIn(Ljava/lang/CharSequence;I)I @ 31 c2
Event: 16.702 Thread 0x00000200430ae000 DEOPT PACKING pc=0x00000200363b0e80 sp=0x000000a35f0f9410
Event: 16.702 Thread 0x00000200430ae000 DEOPT UNPACKING pc=0x000002002e81a1a9 sp=0x000000a35f0f93b8 mode 2
Event: 17.400 Thread 0x00000200430ae000 Uncommon trap: trap_request=0xffffff4d fr.pc=0x00000200364628f4 relative=0x0000000000005eb4
Event: 17.400 Thread 0x00000200430ae000 Uncommon trap: reason=unstable_if action=reinterpret pc=0x00000200364628f4 method=org.objectweb.asm.Frame.execute(IILorg/objectweb/asm/Symbol;Lorg/objectweb/asm/SymbolTable;)V @ 1 c2
Event: 17.400 Thread 0x00000200430ae000 DEOPT PACKING pc=0x00000200364628f4 sp=0x000000a35f0f5010
Event: 17.400 Thread 0x00000200430ae000 DEOPT UNPACKING pc=0x000002002e81a1a9 sp=0x000000a35f0f4fc8 mode 2
Event: 17.809 Thread 0x00000200430ae000 Uncommon trap: trap_request=0xffffff7e fr.pc=0x0000020036437a54 relative=0x0000000000003934
Event: 17.809 Thread 0x00000200430ae000 Uncommon trap: reason=predicate action=maybe_recompile pc=0x0000020036437a54 method=java.util.Arrays.binarySearch0([Ljava/lang/Object;IILjava/lang/Object;Ljava/util/Comparator;)I @ 25 c2
Event: 17.809 Thread 0x00000200430ae000 DEOPT PACKING pc=0x0000020036437a54 sp=0x000000a35f0f35f0
Event: 17.809 Thread 0x00000200430ae000 DEOPT UNPACKING pc=0x000002002e81a1a9 sp=0x000000a35f0f35f8 mode 2

Classes redefined (0 events):
No events

Internal exceptions (20 events):
Event: 16.522 Thread 0x00000200430ae000 Exception <a 'java/lang/ClassNotFoundException'{0x00000000ea2eeb98}: build_368rhwvnjwrwhs8pphjq1k0tqCustomizer> (0x00000000ea2eeb98) thrown at [s\src\hotspot\share\classfile\systemDictionary.cpp, line 230]
Event: 16.550 Thread 0x00000200430ae000 Exception <a 'java/lang/ClassNotFoundException'{0x00000000ea1816f8}: org/gradle/internal/metaobject/ConfigureDelegateBeanInfo> (0x00000000ea1816f8) thrown at [s\src\hotspot\share\classfile\systemDictionary.cpp, line 230]
Event: 16.551 Thread 0x00000200430ae000 Exception <a 'java/lang/ClassNotFoundException'{0x00000000ea1a9730}: org/gradle/internal/metaobject/ConfigureDelegateCustomizer> (0x00000000ea1a9730) thrown at [s\src\hotspot\share\classfile\systemDictionary.cpp, line 230]
Event: 16.559 Thread 0x00000200430ae000 Exception <a 'java/lang/ClassNotFoundException'{0x00000000ea00f970}: org/gradle/plugin/use/internal/PluginRequestCollector$PluginDependenciesSpecImplBeanInfo> (0x00000000ea00f970) thrown at [s\src\hotspot\share\classfile\systemDictionary.cpp, line 230]
Event: 16.560 Thread 0x00000200430ae000 Exception <a 'java/lang/ClassNotFoundException'{0x00000000ea040538}: org/gradle/plugin/use/internal/PluginRequestCollector$PluginDependenciesSpecImplCustomizer> (0x00000000ea040538) thrown at [s\src\hotspot\share\classfile\systemDictionary.cpp, line 230]
Event: 16.697 Thread 0x00000200430ae000 Exception <a 'java/lang/NoSuchMethodError'{0x00000000efc7e730}: 'void java.lang.invoke.DirectMethodHandle$Holder.invokeInterface(java.lang.Object, java.lang.Object)'> (0x00000000efc7e730) thrown at [s\src\hotspot\share\interpreter\linkResolver.cpp, line 773]
Event: 16.782 Thread 0x00000200430ae000 Exception <a 'java/lang/NoSuchMethodError'{0x00000000ef9bc408}: 'java.lang.Object java.lang.invoke.DelegatingMethodHandle$Holder.reinvoke_L(java.lang.Object, java.lang.Object, java.lang.Object, java.lang.Object, java.lang.Object, java.lang.Object, java.lang.Object, java.lang.Object, java.lang.Object, java.lang.Object, java.lang.Object, java.lang.Object, java.lang.Object, java.lang.Object, java.lang.Object, java.lang.Object, java.lang.Object, java.lang.Object, java.lang.Object, java.lang.Object, java.lang.O
Event: 16.785 Thread 0x00000200430ae000 Exception <a 'java/lang/NoSuchMethodError'{0x00000000ef9c8068}: 'java.lang.Object java.lang.invoke.Invokers$Holder.invoker(java.lang.Object, java.lang.Object, java.lang.Object, java.lang.Object, java.lang.Object, java.lang.Object, java.lang.Object, java.lang.Object, java.lang.Object, java.lang.Object, java.lang.Object, java.lang.Object, java.lang.Object, java.lang.Object, java.lang.Object, java.lang.Object, java.lang.Object, java.lang.Object, java.lang.Object, java.lang.Object, java.lang.Object)'> (0x00000
Event: 16.786 Thread 0x00000200430ae000 Exception <a 'java/lang/NoSuchMethodError'{0x00000000ef9cf3d8}: 'java.lang.Object java.lang.invoke.DelegatingMethodHandle$Holder.delegate(java.lang.Object, java.lang.Object, java.lang.Object, java.lang.Object, java.lang.Object, java.lang.Object, java.lang.Object, java.lang.Object, java.lang.Object, java.lang.Object, java.lang.Object, java.lang.Object, java.lang.Object, java.lang.Object, java.lang.Object, java.lang.Object, java.lang.Object, java.lang.Object, java.lang.Object, java.lang.Object, java.lang.Obj
Event: 16.802 Thread 0x00000200430ae000 Exception <a 'java/lang/NoSuchMethodError'{0x00000000ef818450}: 'java.lang.Object java.lang.invoke.DirectMethodHandle$Holder.invokeStatic(java.lang.Object, java.lang.Object, java.lang.Object, java.lang.Object, java.lang.Object, java.lang.Object, java.lang.Object, java.lang.Object, java.lang.Object, java.lang.Object, java.lang.Object, java.lang.Object, java.lang.Object, java.lang.Object, java.lang.Object)'> (0x00000000ef818450) thrown at [s\src\hotspot\share\interpreter\linkResolver.cpp, line 773]
Event: 16.808 Thread 0x00000200430ae000 Exception <a 'java/lang/NoSuchMethodError'{0x00000000ef828a88}: 'java.lang.Object java.lang.invoke.DirectMethodHandle$Holder.invokeStatic(java.lang.Object, java.lang.Object, java.lang.Object, java.lang.Object, java.lang.Object, java.lang.Object, java.lang.Object, java.lang.Object, java.lang.Object, java.lang.Object, java.lang.Object, java.lang.Object, java.lang.Object, java.lang.Object, java.lang.Object, java.lang.Object)'> (0x00000000ef828a88) thrown at [s\src\hotspot\share\interpreter\linkResolver.cpp, l
Event: 16.810 Thread 0x00000200430ae000 Exception <a 'java/lang/NoSuchMethodError'{0x00000000ef838fd0}: 'java.lang.Object java.lang.invoke.DelegatingMethodHandle$Holder.reinvoke_L(java.lang.Object, java.lang.Object, java.lang.Object, java.lang.Object, java.lang.Object, java.lang.Object, java.lang.Object, java.lang.Object, java.lang.Object, java.lang.Object, java.lang.Object, java.lang.Object, java.lang.Object, java.lang.Object, java.lang.Object, java.lang.Object, java.lang.Object, java.lang.Object, java.lang.Object, java.lang.Object)'> (0x000000
Event: 17.395 Thread 0x00000200430ae000 Exception <a 'java/lang/NoSuchMethodError'{0x00000000ee9d2930}: 'java.lang.Object java.lang.invoke.DirectMethodHandle$Holder.invokeStatic(java.lang.Object, java.lang.Object, java.lang.Object, java.lang.Object, int)'> (0x00000000ee9d2930) thrown at [s\src\hotspot\share\interpreter\linkResolver.cpp, line 773]
Event: 17.396 Thread 0x00000200430ae000 Exception <a 'java/lang/NoSuchMethodError'{0x00000000ee9d7878}: 'java.lang.Object java.lang.invoke.DirectMethodHandle$Holder.invokeSpecial(java.lang.Object, java.lang.Object, java.lang.Object, java.lang.Object, java.lang.Object, int)'> (0x00000000ee9d7878) thrown at [s\src\hotspot\share\interpreter\linkResolver.cpp, line 773]
Event: 17.397 Thread 0x00000200430ae000 Exception <a 'java/lang/NoSuchMethodError'{0x00000000ee9dc408}: 'java.lang.Object java.lang.invoke.Invokers$Holder.linkToTargetMethod(java.lang.Object, java.lang.Object, java.lang.Object, int, java.lang.Object)'> (0x00000000ee9dc408) thrown at [s\src\hotspot\share\interpreter\linkResolver.cpp, line 773]
Event: 17.402 Thread 0x00000200430ae000 Exception <a 'java/lang/NoSuchMethodError'{0x00000000ee807510}: 'java.lang.Object java.lang.invoke.Invokers$Holder.linkToTargetMethod(java.lang.Object, int, int, java.lang.Object)'> (0x00000000ee807510) thrown at [s\src\hotspot\share\interpreter\linkResolver.cpp, line 773]
Event: 17.405 Thread 0x00000200430ae000 Exception <a 'java/lang/NoSuchMethodError'{0x00000000ee81f678}: 'java.lang.Object java.lang.invoke.DirectMethodHandle$Holder.invokeStatic(java.lang.Object, java.lang.Object, int, int, java.lang.Object, java.lang.Object)'> (0x00000000ee81f678) thrown at [s\src\hotspot\share\interpreter\linkResolver.cpp, line 773]
Event: 17.520 Thread 0x00000200430ae000 Exception <a 'java/lang/NoSuchMethodError'{0x00000000ee7c16a8}: 'java.lang.Object java.lang.invoke.DirectMethodHandle$Holder.invokeSpecial(java.lang.Object, java.lang.Object, int, int, java.lang.Object, java.lang.Object, java.lang.Object)'> (0x00000000ee7c16a8) thrown at [s\src\hotspot\share\interpreter\linkResolver.cpp, line 773]
Event: 17.520 Thread 0x00000200430ae000 Exception <a 'java/lang/NoSuchMethodError'{0x00000000ee7c6178}: 'java.lang.Object java.lang.invoke.DelegatingMethodHandle$Holder.reinvoke_L(java.lang.Object, int, int, java.lang.Object, java.lang.Object, java.lang.Object)'> (0x00000000ee7c6178) thrown at [s\src\hotspot\share\interpreter\linkResolver.cpp, line 773]
Event: 17.724 Thread 0x00000200430ae000 Exception <a 'java/lang/IncompatibleClassChangeError'{0x00000000ee516b40}: Found class java.lang.Object, but interface was expected> (0x00000000ee516b40) thrown at [s\src\hotspot\share\interpreter\linkResolver.cpp, line 839]

Events (20 events):
Event: 17.796 loading class com/sun/jmx/mbeanserver/MBeanAnalyzer$AttrMethods done
Event: 17.796 loading class javax/management/openmbean/CompositeType
Event: 17.799 loading class javax/management/openmbean/CompositeType done
Event: 17.799 loading class javax/management/openmbean/TabularType
Event: 17.800 loading class javax/management/openmbean/TabularType done
Event: 17.800 loading class com/sun/jmx/mbeanserver/DefaultMXBeanMappingFactory$TabularMapping
Event: 17.801 loading class com/sun/jmx/mbeanserver/DefaultMXBeanMappingFactory$TabularMapping done
Event: 17.802 loading class com/sun/jmx/mbeanserver/DefaultMXBeanMappingFactory$CollectionMapping
Event: 17.805 loading class com/sun/jmx/mbeanserver/DefaultMXBeanMappingFactory$CollectionMapping done
Event: 17.805 loading class com/sun/jmx/mbeanserver/MBeanIntrospector$MBeanInfoMaker
Event: 17.806 loading class com/sun/jmx/mbeanserver/MBeanAnalyzer$MBeanVisitor
Event: 17.806 loading class com/sun/jmx/mbeanserver/MBeanAnalyzer$MBeanVisitor done
Event: 17.806 loading class com/sun/jmx/mbeanserver/MBeanIntrospector$MBeanInfoMaker done
Event: 17.806 loading class javax/management/openmbean/OpenMBeanAttributeInfoSupport
Event: 17.808 loading class javax/management/openmbean/OpenMBeanAttributeInfo
Event: 17.808 loading class javax/management/openmbean/OpenMBeanParameterInfo
Event: 17.808 loading class javax/management/openmbean/OpenMBeanParameterInfo done
Event: 17.808 loading class javax/management/openmbean/OpenMBeanAttributeInfo done
Event: 17.808 loading class javax/management/openmbean/OpenMBeanAttributeInfoSupport done
Event: 17.819 loading class com/sun/jmx/mbeanserver/PerInterface


Dynamic libraries:
0x00007ff6cfbb0000 - 0x00007ff6cfbbe000 	C:\Program Files\Eclipse Adoptium\jdk-11.0.19.7-hotspot\bin\java.exe
0x00007ffab1130000 - 0x00007ffab1327000 	C:\WINDOWS\SYSTEM32\ntdll.dll
0x00007ffaafac0000 - 0x00007ffaafb7d000 	C:\WINDOWS\System32\KERNEL32.DLL
0x00007ffaaecd0000 - 0x00007ffaaefc6000 	C:\WINDOWS\System32\KERNELBASE.dll
0x00007ffaabfb0000 - 0x00007ffaac040000 	C:\WINDOWS\SYSTEM32\apphelp.dll
0x00007ffa89c70000 - 0x00007ffa8a106000 	C:\WINDOWS\SYSTEM32\AcLayers.DLL
0x00007ffab0ff0000 - 0x00007ffab108e000 	C:\WINDOWS\System32\msvcrt.dll
0x00007ffaaff40000 - 0x00007ffab00de000 	C:\WINDOWS\System32\USER32.dll
0x00007ffaaec00000 - 0x00007ffaaec22000 	C:\WINDOWS\System32\win32u.dll
0x00007ffaafd40000 - 0x00007ffaafd6c000 	C:\WINDOWS\System32\GDI32.dll
0x00007ffaaeae0000 - 0x00007ffaaebfa000 	C:\WINDOWS\System32\gdi32full.dll
0x00007ffaaec30000 - 0x00007ffaaeccd000 	C:\WINDOWS\System32\msvcp_win.dll
0x00007ffaaefd0000 - 0x00007ffaaf0d0000 	C:\WINDOWS\System32\ucrtbase.dll
0x00007ffab07f0000 - 0x00007ffab0f34000 	C:\WINDOWS\System32\SHELL32.dll
0x00007ffab1090000 - 0x00007ffab10e5000 	C:\WINDOWS\System32\SHLWAPI.dll
0x00007ffaafd70000 - 0x00007ffaafe1e000 	C:\WINDOWS\System32\ADVAPI32.dll
0x00007ffab0750000 - 0x00007ffab07ec000 	C:\WINDOWS\System32\sechost.dll
0x00007ffaaf330000 - 0x00007ffaaf456000 	C:\WINDOWS\System32\RPCRT4.dll
0x0000020023c20000 - 0x0000020023c23000 	C:\WINDOWS\SYSTEM32\sfc.dll
0x00007ffa9b600000 - 0x00007ffa9b69d000 	C:\WINDOWS\SYSTEM32\WINSPOOL.DRV
0x00007ffab0320000 - 0x00007ffab0674000 	C:\WINDOWS\System32\combase.dll
0x00007ffaaf270000 - 0x00007ffaaf31d000 	C:\WINDOWS\System32\shcore.dll
0x00007ffa9a270000 - 0x00007ffa9a282000 	C:\WINDOWS\SYSTEM32\sfc_os.DLL
0x00007ffaa8740000 - 0x00007ffaa8751000 	C:\WINDOWS\SYSTEM32\SortWindows61.dll
0x00007ffab00e0000 - 0x00007ffab0110000 	C:\WINDOWS\System32\IMM32.DLL
0x00007ffaadfe0000 - 0x00007ffaae010000 	C:\WINDOWS\system32\DriverStore\FileRepository\nvacwu.inf_amd64_bdd6ea477d4e2fba\nvinitx.dll
0x00007ffaadfd0000 - 0x00007ffaadfda000 	C:\WINDOWS\SYSTEM32\VERSION.dll
0x00007ffaac870000 - 0x00007ffaad00b000 	C:\WINDOWS\SYSTEM32\windows.storage.dll
0x00007ffaae250000 - 0x00007ffaae27d000 	C:\WINDOWS\SYSTEM32\Wldp.dll
0x0000000062ea0000 - 0x0000000062ea6000 	C:\Program Files\NVIDIA Corporation\CoProcManager\_etoured.dll
0x00007ffaa9f90000 - 0x00007ffaa9fcb000 	C:\Program Files\NVIDIA Corporation\CoProcManager\nvd3d9wrapx.dll
0x00007ffaaf4d0000 - 0x00007ffaaf93e000 	C:\WINDOWS\System32\SETUPAPI.dll
0x00007ffaae810000 - 0x00007ffaae85e000 	C:\WINDOWS\System32\cfgmgr32.dll
0x00007ffaaf0d0000 - 0x00007ffaaf0f7000 	C:\WINDOWS\System32\bcrypt.dll
0x00007ffaa9cc0000 - 0x00007ffaa9ce4000 	C:\Program Files\NVIDIA Corporation\CoProcManager\nvdxgiwrapx.dll
0x00007ffaa0bb0000 - 0x00007ffaa0bc8000 	C:\Program Files\Eclipse Adoptium\jdk-11.0.19.7-hotspot\bin\jli.dll
0x00007ffaa0470000 - 0x00007ffaa0489000 	C:\Program Files\Eclipse Adoptium\jdk-11.0.19.7-hotspot\bin\VCRUNTIME140.dll
0x00007ffaa0e40000 - 0x00007ffaa10da000 	C:\WINDOWS\WinSxS\amd64_microsoft.windows.common-controls_6595b64144ccf1df_6.0.19041.3570_none_60bb2a3971f3e41a\COMCTL32.dll
0x00007ffaaa430000 - 0x00007ffaaa43c000 	C:\Program Files\Eclipse Adoptium\jdk-11.0.19.7-hotspot\bin\vcruntime140_1.dll
0x00007ffa90f00000 - 0x00007ffa90f91000 	C:\Program Files\Eclipse Adoptium\jdk-11.0.19.7-hotspot\bin\msvcp140.dll
0x00007ffa7a080000 - 0x00007ffa7ac3c000 	C:\Program Files\Eclipse Adoptium\jdk-11.0.19.7-hotspot\bin\server\jvm.dll
0x00007ffaaf4c0000 - 0x00007ffaaf4c8000 	C:\WINDOWS\System32\PSAPI.DLL
0x00007ffaaa230000 - 0x00007ffaaa239000 	C:\WINDOWS\SYSTEM32\WSOCK32.dll
0x00007ffaaf940000 - 0x00007ffaaf9ab000 	C:\WINDOWS\System32\WS2_32.dll
0x00007ffa9c600000 - 0x00007ffa9c627000 	C:\WINDOWS\SYSTEM32\WINMM.dll
0x00007ffaac670000 - 0x00007ffaac682000 	C:\WINDOWS\SYSTEM32\kernel.appcore.dll
0x00007ffaa83f0000 - 0x00007ffaa8400000 	C:\Program Files\Eclipse Adoptium\jdk-11.0.19.7-hotspot\bin\verify.dll
0x00007ffa9e180000 - 0x00007ffa9e364000 	C:\WINDOWS\SYSTEM32\DBGHELP.DLL
0x00007ffa9e140000 - 0x00007ffa9e174000 	C:\WINDOWS\SYSTEM32\dbgcore.DLL
0x00007ffaaf100000 - 0x00007ffaaf182000 	C:\WINDOWS\System32\bcryptPrimitives.dll
0x00007ffaa03c0000 - 0x00007ffaa03e8000 	C:\Program Files\Eclipse Adoptium\jdk-11.0.19.7-hotspot\bin\java.dll
0x00007ffaa8290000 - 0x00007ffaa829a000 	C:\Program Files\Eclipse Adoptium\jdk-11.0.19.7-hotspot\bin\jimage.dll
0x00007ffa9fca0000 - 0x00007ffa9fcb8000 	C:\Program Files\Eclipse Adoptium\jdk-11.0.19.7-hotspot\bin\zip.dll
0x00007ffaae740000 - 0x00007ffaae765000 	C:\WINDOWS\SYSTEM32\profapi.dll
0x00007ffa9f5e0000 - 0x00007ffa9f5f9000 	C:\Program Files\Eclipse Adoptium\jdk-11.0.19.7-hotspot\bin\net.dll
0x00007ffaa40b0000 - 0x00007ffaa41ba000 	C:\WINDOWS\SYSTEM32\WINHTTP.dll
0x00007ffaadef0000 - 0x00007ffaadf5a000 	C:\WINDOWS\system32\mswsock.dll
0x00007ffa9edb0000 - 0x00007ffa9edc3000 	C:\Program Files\Eclipse Adoptium\jdk-11.0.19.7-hotspot\bin\nio.dll
0x00007ffaa0410000 - 0x00007ffaa0437000 	C:\Users\1\.gradle\native\68d5fa5c4cc2d200863cafc0d521ce42e7d3e7ee720ec0a83991735586a16f82\windows-amd64\native-platform.dll
0x00007ffa961f0000 - 0x00007ffa96334000 	C:\Users\1\.gradle\native\e376f236ea51e6404a007f0833ffe2c6e607c4080706a723a18a27aeea778392\windows-amd64\native-platform-file-events.dll
0x00007ffaa8b70000 - 0x00007ffaa8b79000 	C:\Program Files\Eclipse Adoptium\jdk-11.0.19.7-hotspot\bin\management.dll
0x00007ffaa89a0000 - 0x00007ffaa89ab000 	C:\Program Files\Eclipse Adoptium\jdk-11.0.19.7-hotspot\bin\management_ext.dll
0x00007ffaae130000 - 0x00007ffaae148000 	C:\WINDOWS\SYSTEM32\CRYPTSP.dll
0x00007ffaad7b0000 - 0x00007ffaad7e4000 	C:\WINDOWS\system32\rsaenh.dll
0x00007ffaae700000 - 0x00007ffaae72e000 	C:\WINDOWS\SYSTEM32\USERENV.dll
0x00007ffaae150000 - 0x00007ffaae15c000 	C:\WINDOWS\SYSTEM32\CRYPTBASE.dll
0x00007ffaadbf0000 - 0x00007ffaadc2b000 	C:\WINDOWS\SYSTEM32\IPHLPAPI.DLL
0x00007ffaaf9b0000 - 0x00007ffaaf9b8000 	C:\WINDOWS\System32\NSI.dll
0x00007ffaa5610000 - 0x00007ffaa5627000 	C:\WINDOWS\SYSTEM32\dhcpcsvc6.DLL
0x00007ffaa5ee0000 - 0x00007ffaa5efd000 	C:\WINDOWS\SYSTEM32\dhcpcsvc.DLL
0x00007ffaadc30000 - 0x00007ffaadcfa000 	C:\WINDOWS\SYSTEM32\DNSAPI.dll

dbghelp: loaded successfully - version: 4.0.5 - missing functions: none
symbol engine: initialized successfully - sym options: 0x614 - pdb path: .;C:\Program Files\Eclipse Adoptium\jdk-11.0.19.7-hotspot\bin;C:\WINDOWS\SYSTEM32;C:\WINDOWS\system32\DriverStore\FileRepository\nvacwu.inf_amd64_bdd6ea477d4e2fba;C:\Program Files\NVIDIA Corporation\CoProcManager;C:\WINDOWS\WinSxS\amd64_microsoft.windows.common-controls_6595b64144ccf1df_6.0.19041.3570_none_60bb2a3971f3e41a;C:\Program Files\Eclipse Adoptium\jdk-11.0.19.7-hotspot\bin\server;C:\Users\1\.gradle\native\68d5fa5c4cc2d200863cafc0d521ce42e7d3e7ee720ec0a83991735586a16f82\windows-amd64;C:\Users\1\.gradle\native\e376f236ea51e6404a007f0833ffe2c6e607c4080706a723a18a27aeea778392\windows-amd64

VM Arguments:
jvm_args: --add-opens=java.base/java.util=ALL-UNNAMED --add-opens=java.base/java.lang=ALL-UNNAMED --add-opens=java.base/java.lang.invoke=ALL-UNNAMED --add-opens=java.prefs/java.util.prefs=ALL-UNNAMED --add-opens=java.base/java.nio.charset=ALL-UNNAMED --add-opens=java.base/java.net=ALL-UNNAMED --add-opens=java.base/java.util.concurrent.atomic=ALL-UNNAMED -XX:MaxMetaspaceSize=256m -XX:+HeapDumpOnOutOfMemoryError -Xms256m -Xmx512m -Dfile.encoding=windows-1251 -Duser.country=RU -Duser.language=ru -Duser.variant 
java_command: org.gradle.launcher.daemon.bootstrap.GradleDaemon 7.6
java_class_path (initial): C:\Users\1\.gradle\wrapper\dists\gradle-7.6-bin\9l9tetv7ltxvx3i8an4pb86ye\gradle-7.6\lib\gradle-launcher-7.6.jar
Launcher Type: SUN_STANDARD

[Global flags]
     intx CICompilerCount                          = 2                                         {product} {ergonomic}
   size_t CompressedClassSpaceSize                 = 260046848                                 {product} {ergonomic}
     uint ConcGCThreads                            = 1                                         {product} {ergonomic}
     uint G1ConcRefinementThreads                  = 2                                         {product} {ergonomic}
   size_t G1HeapRegionSize                         = 1048576                                   {product} {ergonomic}
    uintx GCDrainStackTargetSize                   = 64                                        {product} {ergonomic}
     bool HeapDumpOnOutOfMemoryError               = true                                   {manageable} {command line}
   size_t InitialHeapSize                          = 268435456                                 {product} {command line}
   size_t MarkStackSize                            = 4194304                                   {product} {ergonomic}
   size_t MaxHeapSize                              = 536870912                                 {product} {command line}
   size_t MaxMetaspaceSize                         = 268435456                                 {product} {command line}
   size_t MaxNewSize                               = 321912832                                 {product} {ergonomic}
   size_t MinHeapDeltaBytes                        = 1048576                                   {product} {ergonomic}
    uintx NonNMethodCodeHeapSize                   = 5825164                                {pd product} {ergonomic}
    uintx NonProfiledCodeHeapSize                  = 122916538                              {pd product} {ergonomic}
    uintx ProfiledCodeHeapSize                     = 122916538                              {pd product} {ergonomic}
    uintx ReservedCodeCacheSize                    = 251658240                              {pd product} {ergonomic}
     bool SegmentedCodeCache                       = true                                      {product} {ergonomic}
     bool UseCompressedClassPointers               = true                                 {lp64_product} {ergonomic}
     bool UseCompressedOops                        = true                                 {lp64_product} {ergonomic}
     bool UseG1GC                                  = true                                      {product} {ergonomic}
     bool UseLargePagesIndividualAllocation        = false                                  {pd product} {ergonomic}

Logging:
Log output configuration:
 #0: stdout all=warning uptime,level,tags
 #1: stderr all=off uptime,level,tags

Environment Variables:
PATH=C:\Program Files\Eclipse Adoptium\jdk-11.0.19.7-hotspot\bin;C:\WINDOWS\system32;C:\WINDOWS;C:\WINDOWS\System32\Wbem;C:\WINDOWS\System32\WindowsPowerShell\v1.0\;C:\WINDOWS\System32\OpenSSH\;C:\Program Files\Git\cmd;C:\Users\1\AppData\Local\Microsoft\WindowsApps;;C:\Users\1\AppData\Local\Programs\Microsoft VS Code\bin
USERNAME=1
OS=Windows_NT
PROCESSOR_IDENTIFIER=Intel64 Family 6 Model 37 Stepping 5, GenuineIntel
TMP=C:\Users\1\AppData\Local\Temp
TEMP=C:\Users\1\AppData\Local\Temp



---------------  S Y S T E M  ---------------

OS: Windows 10 , 64 bit Build 19041 (10.0.19041.3570)
OS uptime: 0 days 1:39 hours

CPU:total 2 (initial active 2) (2 cores per cpu, 1 threads per core) family 6 model 37 stepping 5 microcode 0x7, cmov, cx8, fxsr, mmx, sse, sse2, sse3, ssse3, popcnt, tsc, tscinvbit

Memory: 4k page, system-wide physical 3766M (404M free)
TotalPageFile size 5814M (AvailPageFile size 6M)
current process WorkingSet (physical memory assigned to process): 310M, peak: 311M
current process commit charge ("private bytes"): 464M, peak: 466M

vm_info: OpenJDK 64-Bit Server VM (11.0.19+7) for windows-amd64 JRE (11.0.19+7), built on Apr 18 2023 23:12:18 by "" with MS VC++ 16.7 (VS2019)

END.
