#
# There is insufficient memory for the Java Runtime Environment to continue.
# Native memory allocation (malloc) failed to allocate 1281296 bytes for Chunk::new
# Possible reasons:
#   The system is out of physical RAM or swap space
#   The process is running with CompressedOops enabled, and the Java Heap may be blocking the growth of the native heap
# Possible solutions:
#   Reduce memory load on the system
#   Increase physical memory or swap space
#   Check if swap backing store is full
#   Decrease Java heap size (-Xmx/-Xms)
#   Decrease number of Java threads
#   Decrease Java thread stack sizes (-Xss)
#   Set larger code cache with -XX:ReservedCodeCacheSize=
#   JVM is running with Unscaled Compressed Oops mode in which the Java heap is
#     placed in the first 4GB address space. The Java Heap base address is the
#     maximum limit for the native heap growth. Please use -XX:HeapBaseMinAddress
#     to set the Java Heap base and to place the Java Heap above 4GB virtual address.
# This output file may be truncated or incomplete.
#
#  Out of Memory Error (arena.cpp:197), pid=812, tid=4144
#
# JRE version: OpenJDK Runtime Environment Temurin-11.0.19+7 (11.0.19+7) (build 11.0.19+7)
# Java VM: OpenJDK 64-Bit Server VM Temurin-11.0.19+7 (11.0.19+7, mixed mode, tiered, compressed oops, g1 gc, windows-amd64)
# No core dump will be written. Minidumps are not enabled by default on client versions of Windows
#

---------------  S U M M A R Y ------------

Command Line: --add-opens=java.base/java.util=ALL-UNNAMED --add-opens=java.base/java.lang=ALL-UNNAMED --add-opens=java.base/java.lang.invoke=ALL-UNNAMED --add-opens=java.prefs/java.util.prefs=ALL-UNNAMED --add-opens=java.base/java.nio.charset=ALL-UNNAMED --add-opens=java.base/java.net=ALL-UNNAMED --add-opens=java.base/java.util.concurrent.atomic=ALL-UNNAMED -XX:MaxMetaspaceSize=256m -XX:+HeapDumpOnOutOfMemoryError -Xms256m -Xmx512m -Dfile.encoding=windows-1251 -Duser.country=RU -Duser.language=ru -Duser.variant org.gradle.launcher.daemon.bootstrap.GradleDaemon 7.6

Host: Intel(R) Pentium(R) CPU        P6200  @ 2.13GHz, 2 cores, 3G,  Windows 10 , 64 bit Build 19041 (10.0.19041.3570)
Time: Sun Oct 29 21:45:44 2023 RTZ 2 (s 10 , 64 bit Build 19041 (10.0.19041.3570) elapsed time: 56.455043 seconds (0d 0h 0m 56s)

---------------  T H R E A D  ---------------

Current thread (0x00000276754ac000):  JavaThread "C2 CompilerThread0" daemon [_thread_in_native, id=4144, stack(0x000000dfd9900000,0x000000dfd9a00000)]


Current CompileTask:
C2:  56457 8008       4       java.lang.String::split (324 bytes)

Stack: [0x000000dfd9900000,0x000000dfd9a00000]
Native frames: (J=compiled Java code, j=interpreted, Vv=VM code, C=native code)
V  [jvm.dll+0x64fb5a]
V  [jvm.dll+0x7e3549]
V  [jvm.dll+0x7e4c49]
V  [jvm.dll+0x7e5333]
V  [jvm.dll+0x26afd5]
V  [jvm.dll+0xc1a5c]
V  [jvm.dll+0xc200c]
V  [jvm.dll+0x37b2f2]
V  [jvm.dll+0x3462e5]
V  [jvm.dll+0x34567a]
V  [jvm.dll+0x222d7f]
V  [jvm.dll+0x221d88]
V  [jvm.dll+0x19e6c1]
V  [jvm.dll+0x231f59]
V  [jvm.dll+0x2300af]
V  [jvm.dll+0x7a48d0]
V  [jvm.dll+0x79d6e4]
V  [jvm.dll+0x64e915]
C  [ucrtbase.dll+0x21bb2]
C  [KERNEL32.DLL+0x17344]
C  [ntdll.dll+0x526b1]


---------------  P R O C E S S  ---------------

Threads class SMR info:
_java_thread_list=0x000002767bfaee30, length=62, elements={
0x0000027668986000, 0x0000027675439000, 0x0000027675428800, 0x00000276754a1000,
0x00000276754a4000, 0x00000276754a9000, 0x00000276754ac000, 0x00000276754ba800,
0x00000276754d6800, 0x00000276756c5800, 0x0000027677813800, 0x00000276761ea000,
0x0000027666cb5800, 0x0000027675e12000, 0x0000027675913800, 0x000002767700d000,
0x0000027666cfb800, 0x0000027676ca0000, 0x0000027676674000, 0x0000027678919000,
0x000002767891b800, 0x0000027678919800, 0x000002767891a800, 0x00000276772e6800,
0x00000276772e7000, 0x00000276772e1800, 0x00000276772e8000, 0x00000276772e3000,
0x00000276772e5800, 0x00000276772e4800, 0x00000276772e9800, 0x00000276772e4000,
0x00000276772ee000, 0x00000276772e2000, 0x00000276772ed000, 0x000002767a7db000,
0x000002767a7db800, 0x000002767a7da000, 0x000002767a7dd800, 0x000002767a7dc800,
0x000002767a7d8800, 0x000002767a7df000, 0x000002767a7d9000, 0x000002767a7e1800,
0x000002767a7e5000, 0x000002767a7e0000, 0x000002767a7e3800, 0x000002767a7e1000,
0x000002767a7e6000, 0x000002767a7e4000, 0x000002767a7e2800, 0x000002767a7e6800,
0x00000276772ef000, 0x00000276772e9000, 0x00000276772ef800, 0x00000276772eb800,
0x0000027675a08800, 0x0000027675a05000, 0x0000027675a05800, 0x0000027675a06800,
0x0000027675a07800, 0x0000027675a0a000
}

Java Threads: ( => current thread )
  0x0000027668986000 JavaThread "main" [_thread_blocked, id=5856, stack(0x000000dfd8c00000,0x000000dfd8d00000)]
  0x0000027675439000 JavaThread "Reference Handler" daemon [_thread_blocked, id=8776, stack(0x000000dfd9400000,0x000000dfd9500000)]
  0x0000027675428800 JavaThread "Finalizer" daemon [_thread_blocked, id=4016, stack(0x000000dfd9500000,0x000000dfd9600000)]
  0x00000276754a1000 JavaThread "Signal Dispatcher" daemon [_thread_blocked, id=8352, stack(0x000000dfd9600000,0x000000dfd9700000)]
  0x00000276754a4000 JavaThread "Attach Listener" daemon [_thread_blocked, id=4148, stack(0x000000dfd9700000,0x000000dfd9800000)]
  0x00000276754a9000 JavaThread "Service Thread" daemon [_thread_blocked, id=2108, stack(0x000000dfd9800000,0x000000dfd9900000)]
=>0x00000276754ac000 JavaThread "C2 CompilerThread0" daemon [_thread_in_native, id=4144, stack(0x000000dfd9900000,0x000000dfd9a00000)]
  0x00000276754ba800 JavaThread "C1 CompilerThread0" daemon [_thread_blocked, id=8960, stack(0x000000dfd9a00000,0x000000dfd9b00000)]
  0x00000276754d6800 JavaThread "Sweeper thread" daemon [_thread_blocked, id=1368, stack(0x000000dfd9b00000,0x000000dfd9c00000)]
  0x00000276756c5800 JavaThread "Common-Cleaner" daemon [_thread_blocked, id=2012, stack(0x000000dfd9c00000,0x000000dfd9d00000)]
  0x0000027677813800 JavaThread "Daemon health stats" [_thread_blocked, id=8896, stack(0x000000dfd9f00000,0x000000dfda000000)]
  0x00000276761ea000 JavaThread "Incoming local TCP Connector on port 63463" [_thread_in_native, id=220, stack(0x000000dfda000000,0x000000dfda100000)]
  0x0000027666cb5800 JavaThread "Daemon periodic checks" [_thread_blocked, id=2876, stack(0x000000dfda100000,0x000000dfda200000)]
  0x0000027675e12000 JavaThread "Daemon" [_thread_blocked, id=8252, stack(0x000000dfda200000,0x000000dfda300000)]
  0x0000027675913800 JavaThread "Handler for socket connection from /127.0.0.1:63463 to /127.0.0.1:63464" [_thread_in_native, id=1328, stack(0x000000dfda300000,0x000000dfda400000)]
  0x000002767700d000 JavaThread "Cancel handler" [_thread_blocked, id=4412, stack(0x000000dfda400000,0x000000dfda500000)]
  0x0000027666cfb800 JavaThread "Daemon worker" [_thread_blocked, id=8648, stack(0x000000dfda500000,0x000000dfda600000)]
  0x0000027676ca0000 JavaThread "Asynchronous log dispatcher for DefaultDaemonConnection: socket connection from /127.0.0.1:63463 to /127.0.0.1:63464" [_thread_blocked, id=4012, stack(0x000000dfda600000,0x000000dfda700000)]
  0x0000027676674000 JavaThread "Stdin handler" [_thread_blocked, id=8580, stack(0x000000dfda700000,0x000000dfda800000)]
  0x0000027678919000 JavaThread "Daemon client event forwarder" [_thread_blocked, id=4588, stack(0x000000dfda800000,0x000000dfda900000)]
  0x000002767891b800 JavaThread "Cache worker for journal cache (C:\Users\1\.gradle\caches\journal-1)" [_thread_blocked, id=3184, stack(0x000000dfda900000,0x000000dfdaa00000)]
  0x0000027678919800 JavaThread "File lock request listener" [_thread_in_native, id=9060, stack(0x000000dfdaa00000,0x000000dfdab00000)]
  0x000002767891a800 JavaThread "Cache worker for file hash cache (C:\Users\1\.gradle\caches\7.6\fileHashes)" [_thread_blocked, id=8836, stack(0x000000dfdab00000,0x000000dfdac00000)]
  0x00000276772e6800 JavaThread "File watcher server" daemon [_thread_in_native, id=9016, stack(0x000000dfdac00000,0x000000dfdad00000)]
  0x00000276772e7000 JavaThread "File watcher consumer" daemon [_thread_blocked, id=8416, stack(0x000000dfdad00000,0x000000dfdae00000)]
  0x00000276772e1800 JavaThread "Cache worker for checksums cache (C:\Users\1\IdeaProjects\Idea03\Idea03\.gradle\7.6\checksums)" [_thread_blocked, id=8380, stack(0x000000dfdae00000,0x000000dfdaf00000)]
  0x00000276772e8000 JavaThread "Cache worker for cache directory md-rule (C:\Users\1\.gradle\caches\7.6\md-rule)" [_thread_blocked, id=8604, stack(0x000000dfdaf00000,0x000000dfdb000000)]
  0x00000276772e3000 JavaThread "Cache worker for file content cache (C:\Users\1\.gradle\caches\7.6\fileContent)" [_thread_blocked, id=8792, stack(0x000000dfdb000000,0x000000dfdb100000)]
  0x00000276772e5800 JavaThread "Cache worker for file hash cache (C:\Users\1\IdeaProjects\Idea03\Idea03\.gradle\7.6\fileHashes)" [_thread_blocked, id=7708, stack(0x000000dfdb100000,0x000000dfdb200000)]
  0x00000276772e4800 JavaThread "Cache worker for cache directory md-supplier (C:\Users\1\.gradle\caches\7.6\md-supplier)" [_thread_blocked, id=8868, stack(0x000000dfdb200000,0x000000dfdb300000)]
  0x00000276772e9800 JavaThread "Cache worker for execution history cache (C:\Users\1\.gradle\caches\7.6\executionHistory)" [_thread_blocked, id=5260, stack(0x000000dfdb300000,0x000000dfdb400000)]
  0x00000276772e4000 JavaThread "jar transforms" [_thread_blocked, id=2612, stack(0x000000dfdb400000,0x000000dfdb500000)]
  0x00000276772ee000 JavaThread "jar transforms Thread 2" [_thread_blocked, id=6168, stack(0x000000dfdb500000,0x000000dfdb600000)]
  0x00000276772e2000 JavaThread "Cache worker for dependencies-accessors (C:\Users\1\IdeaProjects\Idea03\Idea03\.gradle\7.6\dependencies-accessors)" [_thread_blocked, id=3132, stack(0x000000dfdb600000,0x000000dfdb700000)]
  0x00000276772ed000 JavaThread "Cache worker for Build Output Cleanup Cache (C:\Users\1\IdeaProjects\Idea03\Idea03\.gradle\buildOutputCleanup)" [_thread_blocked, id=4820, stack(0x000000dfdb700000,0x000000dfdb800000)]
  0x000002767a7db000 JavaThread "Memory manager" [_thread_blocked, id=348, stack(0x000000dfdb800000,0x000000dfdb900000)]
  0x000002767a7db800 JavaThread "included builds" [_thread_blocked, id=7512, stack(0x000000dfdb900000,0x000000dfdba00000)]
  0x000002767a7da000 JavaThread "Execution worker" [_thread_blocked, id=6356, stack(0x000000dfdba00000,0x000000dfdbb00000)]
  0x000002767a7dd800 JavaThread "Cache worker for execution history cache (C:\Users\1\IdeaProjects\Idea03\Idea03\.gradle\7.6\executionHistory)" [_thread_blocked, id=6868, stack(0x000000dfdbb00000,0x000000dfdbc00000)]
  0x000002767a7dc800 JavaThread "Cache worker for Java compile cache (C:\Users\1\.gradle\caches\7.6\javaCompile)" [_thread_in_vm, id=5292, stack(0x000000dfdbc00000,0x000000dfdbd00000)]
  0x000002767a7d8800 JavaThread "Unconstrained build operations" [_thread_blocked, id=7296, stack(0x000000dfdbf00000,0x000000dfdc000000)]
  0x000002767a7df000 JavaThread "Unconstrained build operations Thread 2" [_thread_blocked, id=4484, stack(0x000000dfdc000000,0x000000dfdc100000)]
  0x000002767a7d9000 JavaThread "Unconstrained build operations Thread 3" [_thread_blocked, id=7696, stack(0x000000dfdc100000,0x000000dfdc200000)]
  0x000002767a7e1800 JavaThread "Unconstrained build operations Thread 4" [_thread_blocked, id=6788, stack(0x000000dfdc200000,0x000000dfdc300000)]
  0x000002767a7e5000 JavaThread "Unconstrained build operations Thread 5" [_thread_blocked, id=7084, stack(0x000000dfdc300000,0x000000dfdc400000)]
  0x000002767a7e0000 JavaThread "Unconstrained build operations Thread 6" [_thread_blocked, id=1588, stack(0x000000dfdc400000,0x000000dfdc500000)]
  0x000002767a7e3800 JavaThread "Unconstrained build operations Thread 7" [_thread_blocked, id=6852, stack(0x000000dfdc500000,0x000000dfdc600000)]
  0x000002767a7e1000 JavaThread "Unconstrained build operations Thread 8" [_thread_blocked, id=9168, stack(0x000000dfdc600000,0x000000dfdc700000)]
  0x000002767a7e6000 JavaThread "Unconstrained build operations Thread 9" [_thread_blocked, id=3500, stack(0x000000dfdc700000,0x000000dfdc800000)]
  0x000002767a7e4000 JavaThread "Unconstrained build operations Thread 10" [_thread_blocked, id=7868, stack(0x000000dfdc800000,0x000000dfdc900000)]
  0x000002767a7e2800 JavaThread "Unconstrained build operations Thread 11" [_thread_blocked, id=8196, stack(0x000000dfdc900000,0x000000dfdca00000)]
  0x000002767a7e6800 JavaThread "Unconstrained build operations Thread 12" [_thread_blocked, id=4580, stack(0x000000dfdca00000,0x000000dfdcb00000)]
  0x00000276772ef000 JavaThread "Unconstrained build operations Thread 13" [_thread_blocked, id=4768, stack(0x000000dfdcb00000,0x000000dfdcc00000)]
  0x00000276772e9000 JavaThread "Unconstrained build operations Thread 14" [_thread_blocked, id=8360, stack(0x000000dfdcc00000,0x000000dfdcd00000)]
  0x00000276772ef800 JavaThread "Unconstrained build operations Thread 15" [_thread_blocked, id=3388, stack(0x000000dfdcd00000,0x000000dfdce00000)]
  0x00000276772eb800 JavaThread "Unconstrained build operations Thread 16" [_thread_blocked, id=1252, stack(0x000000dfdce00000,0x000000dfdcf00000)]
  0x0000027675a08800 JavaThread "Unconstrained build operations Thread 17" [_thread_blocked, id=6644, stack(0x000000dfdcf00000,0x000000dfdd000000)]
  0x0000027675a05000 JavaThread "Unconstrained build operations Thread 18" [_thread_blocked, id=8392, stack(0x000000dfdd000000,0x000000dfdd100000)]
  0x0000027675a05800 JavaThread "Unconstrained build operations Thread 19" [_thread_blocked, id=6612, stack(0x000000dfdd100000,0x000000dfdd200000)]
  0x0000027675a06800 JavaThread "Unconstrained build operations Thread 20" [_thread_blocked, id=232, stack(0x000000dfdd200000,0x000000dfdd300000)]
  0x0000027675a07800 JavaThread "Build operations" [_thread_blocked, id=6060, stack(0x000000dfdd300000,0x000000dfdd400000)]
  0x0000027675a0a000 JavaThread "Build operations Thread 2" [_thread_blocked, id=3648, stack(0x000000dfdd400000,0x000000dfdd500000)]

Other Threads:
  0x0000027675416000 VMThread "VM Thread" [stack: 0x000000dfd9300000,0x000000dfd9400000] [id=7664]
  0x0000027675709000 WatcherThread [stack: 0x000000dfd9d00000,0x000000dfd9e00000] [id=7872]
  0x00000276689a5800 GCTaskThread "GC Thread#0" [stack: 0x000000dfd8e00000,0x000000dfd8f00000] [id=7816]
  0x0000027676106000 GCTaskThread "GC Thread#1" [stack: 0x000000dfd9e00000,0x000000dfd9f00000] [id=1728]
  0x00000276689b4800 ConcurrentGCThread "G1 Main Marker" [stack: 0x000000dfd8f00000,0x000000dfd9000000] [id=2312]
  0x00000276689b5800 ConcurrentGCThread "G1 Conc#0" [stack: 0x000000dfd9000000,0x000000dfd9100000] [id=2752]
  0x0000027668ab3800 ConcurrentGCThread "G1 Refine#0" [stack: 0x000000dfd9100000,0x000000dfd9200000] [id=2428]
  0x0000027668ab4800 ConcurrentGCThread "G1 Young RemSet Sampling" [stack: 0x000000dfd9200000,0x000000dfd9300000] [id=6292]

Threads with active compile tasks:
C2 CompilerThread0    56636 8008       4       java.lang.String::split (324 bytes)

VM state:not at safepoint (normal execution)

VM Mutex/Monitor currently owned by a thread: None

Heap address: 0x00000000e0000000, size: 512 MB, Compressed Oops mode: 32-bit
Narrow klass base: 0x0000000000000000, Narrow klass shift: 3
Compressed class space size: 260046848 Address: 0x0000000100000000

Heap:
 garbage-first heap   total 262144K, used 182784K [0x00000000e0000000, 0x0000000100000000)
  region size 1024K, 146 young (149504K), 8 survivors (8192K)
 Metaspace       used 72365K, capacity 74634K, committed 74800K, reserved 319488K
  class space    used 9440K, capacity 10265K, committed 10368K, reserved 253952K
Heap Regions: E=young(eden), S=young(survivor), O=old, HS=humongous(starts), HC=humongous(continues), CS=collection set, F=free, A=archive, TAMS=top-at-mark-start (previous, next)
|   0|0x00000000e0000000, 0x00000000e0100000, 0x00000000e0100000|100%| O|  |TAMS 0x00000000e0100000, 0x00000000e0000000| Untracked 
|   1|0x00000000e0100000, 0x00000000e0200000, 0x00000000e0200000|100%| O|  |TAMS 0x00000000e0200000, 0x00000000e0100000| Untracked 
|   2|0x00000000e0200000, 0x00000000e0300000, 0x00000000e0300000|100%|HS|  |TAMS 0x00000000e0300000, 0x00000000e0200000| Complete 
|   3|0x00000000e0300000, 0x00000000e0400000, 0x00000000e0400000|100%|HC|  |TAMS 0x00000000e0400000, 0x00000000e0300000| Complete 
|   4|0x00000000e0400000, 0x00000000e0500000, 0x00000000e0500000|100%|HC|  |TAMS 0x00000000e0500000, 0x00000000e0400000| Complete 
|   5|0x00000000e0500000, 0x00000000e0600000, 0x00000000e0600000|100%| O|  |TAMS 0x00000000e0600000, 0x00000000e0500000| Untracked 
|   6|0x00000000e0600000, 0x00000000e0700000, 0x00000000e0700000|100%| O|  |TAMS 0x00000000e0700000, 0x00000000e0600000| Untracked 
|   7|0x00000000e0700000, 0x00000000e0800000, 0x00000000e0800000|100%| O|  |TAMS 0x00000000e0800000, 0x00000000e0700000| Untracked 
|   8|0x00000000e0800000, 0x00000000e0900000, 0x00000000e0900000|100%| O|  |TAMS 0x00000000e0900000, 0x00000000e0800000| Untracked 
|   9|0x00000000e0900000, 0x00000000e0a00000, 0x00000000e0a00000|100%| O|  |TAMS 0x00000000e0a00000, 0x00000000e0900000| Untracked 
|  10|0x00000000e0a00000, 0x00000000e0b00000, 0x00000000e0b00000|100%| O|  |TAMS 0x00000000e0b00000, 0x00000000e0a00000| Untracked 
|  11|0x00000000e0b00000, 0x00000000e0c00000, 0x00000000e0c00000|100%| O|  |TAMS 0x00000000e0c00000, 0x00000000e0b00000| Untracked 
|  12|0x00000000e0c00000, 0x00000000e0d00000, 0x00000000e0d00000|100%| O|  |TAMS 0x00000000e0d00000, 0x00000000e0c00000| Untracked 
|  13|0x00000000e0d00000, 0x00000000e0e00000, 0x00000000e0e00000|100%| O|  |TAMS 0x00000000e0e00000, 0x00000000e0d00000| Untracked 
|  14|0x00000000e0e00000, 0x00000000e0f00000, 0x00000000e0f00000|100%| O|  |TAMS 0x00000000e0f00000, 0x00000000e0e00000| Untracked 
|  15|0x00000000e0f00000, 0x00000000e1000000, 0x00000000e1000000|100%| O|  |TAMS 0x00000000e1000000, 0x00000000e0f00000| Untracked 
|  16|0x00000000e1000000, 0x00000000e1100000, 0x00000000e1100000|100%| O|  |TAMS 0x00000000e1100000, 0x00000000e1000000| Untracked 
|  17|0x00000000e1100000, 0x00000000e1200000, 0x00000000e1200000|100%| O|  |TAMS 0x00000000e1200000, 0x00000000e1100000| Untracked 
|  18|0x00000000e1200000, 0x00000000e1300000, 0x00000000e1300000|100%| O|  |TAMS 0x00000000e1300000, 0x00000000e1200000| Untracked 
|  19|0x00000000e1300000, 0x00000000e1400000, 0x00000000e1400000|100%| O|  |TAMS 0x00000000e1400000, 0x00000000e1300000| Untracked 
|  20|0x00000000e1400000, 0x00000000e1500000, 0x00000000e1500000|100%| O|  |TAMS 0x00000000e1500000, 0x00000000e1400000| Untracked 
|  21|0x00000000e1500000, 0x00000000e1600000, 0x00000000e1600000|100%| O|  |TAMS 0x00000000e1600000, 0x00000000e1500000| Untracked 
|  22|0x00000000e1600000, 0x00000000e1700000, 0x00000000e1700000|100%| O|  |TAMS 0x00000000e1700000, 0x00000000e1600000| Untracked 
|  23|0x00000000e1700000, 0x00000000e1800000, 0x00000000e1800000|100%| O|  |TAMS 0x00000000e1800000, 0x00000000e1700000| Untracked 
|  24|0x00000000e1800000, 0x00000000e1900000, 0x00000000e1900000|100%| O|  |TAMS 0x00000000e1900000, 0x00000000e1800000| Untracked 
|  25|0x00000000e1900000, 0x00000000e1a00000, 0x00000000e1a00000|100%| O|  |TAMS 0x00000000e1a00000, 0x00000000e1900000| Untracked 
|  26|0x00000000e1a00000, 0x00000000e1b00000, 0x00000000e1b00000|100%| O|  |TAMS 0x00000000e1b00000, 0x00000000e1a00000| Untracked 
|  27|0x00000000e1b00000, 0x00000000e1c00000, 0x00000000e1c00000|100%| O|  |TAMS 0x00000000e1beb000, 0x00000000e1b00000| Untracked 
|  28|0x00000000e1c00000, 0x00000000e1d00000, 0x00000000e1d00000|100%| O|  |TAMS 0x00000000e1c00000, 0x00000000e1c00000| Untracked 
|  29|0x00000000e1d00000, 0x00000000e1e00000, 0x00000000e1e00000|100%| O|  |TAMS 0x00000000e1d00000, 0x00000000e1d00000| Untracked 
|  30|0x00000000e1e00000, 0x00000000e1f00000, 0x00000000e1f00000|100%| O|  |TAMS 0x00000000e1e00000, 0x00000000e1e00000| Untracked 
|  31|0x00000000e1f00000, 0x00000000e2000000, 0x00000000e2000000|100%| O|  |TAMS 0x00000000e1f00000, 0x00000000e1f00000| Untracked 
|  32|0x00000000e2000000, 0x00000000e2100000, 0x00000000e2100000|100%| O|  |TAMS 0x00000000e2000000, 0x00000000e2000000| Untracked 
|  33|0x00000000e2100000, 0x00000000e2200000, 0x00000000e2200000|100%| O|  |TAMS 0x00000000e2100000, 0x00000000e2100000| Untracked 
|  34|0x00000000e2200000, 0x00000000e2300000, 0x00000000e2300000|100%| O|  |TAMS 0x00000000e2200000, 0x00000000e2200000| Untracked 
|  35|0x00000000e2300000, 0x00000000e2300000, 0x00000000e2400000|  0%| F|  |TAMS 0x00000000e2300000, 0x00000000e2300000| Untracked 
|  36|0x00000000e2400000, 0x00000000e2400000, 0x00000000e2500000|  0%| F|  |TAMS 0x00000000e2400000, 0x00000000e2400000| Untracked 
|  37|0x00000000e2500000, 0x00000000e2500000, 0x00000000e2600000|  0%| F|  |TAMS 0x00000000e2500000, 0x00000000e2500000| Untracked 
|  38|0x00000000e2600000, 0x00000000e2600000, 0x00000000e2700000|  0%| F|  |TAMS 0x00000000e2600000, 0x00000000e2600000| Untracked 
|  39|0x00000000e2700000, 0x00000000e2700000, 0x00000000e2800000|  0%| F|  |TAMS 0x00000000e2700000, 0x00000000e2700000| Untracked 
|  40|0x00000000e2800000, 0x00000000e2800000, 0x00000000e2900000|  0%| F|  |TAMS 0x00000000e2800000, 0x00000000e2800000| Untracked 
|  41|0x00000000e2900000, 0x00000000e2900000, 0x00000000e2a00000|  0%| F|  |TAMS 0x00000000e2900000, 0x00000000e2900000| Untracked 
|  42|0x00000000e2a00000, 0x00000000e2a00000, 0x00000000e2b00000|  0%| F|  |TAMS 0x00000000e2a00000, 0x00000000e2a00000| Untracked 
|  43|0x00000000e2b00000, 0x00000000e2b00000, 0x00000000e2c00000|  0%| F|  |TAMS 0x00000000e2b00000, 0x00000000e2b00000| Untracked 
|  44|0x00000000e2c00000, 0x00000000e2c00000, 0x00000000e2d00000|  0%| F|  |TAMS 0x00000000e2c00000, 0x00000000e2c00000| Untracked 
|  45|0x00000000e2d00000, 0x00000000e2d00000, 0x00000000e2e00000|  0%| F|  |TAMS 0x00000000e2d00000, 0x00000000e2d00000| Untracked 
|  46|0x00000000e2e00000, 0x00000000e2e00000, 0x00000000e2f00000|  0%| F|  |TAMS 0x00000000e2e00000, 0x00000000e2e00000| Untracked 
|  47|0x00000000e2f00000, 0x00000000e2f00000, 0x00000000e3000000|  0%| F|  |TAMS 0x00000000e2f00000, 0x00000000e2f00000| Untracked 
|  48|0x00000000e3000000, 0x00000000e3000000, 0x00000000e3100000|  0%| F|  |TAMS 0x00000000e3000000, 0x00000000e3000000| Untracked 
|  49|0x00000000e3100000, 0x00000000e3100000, 0x00000000e3200000|  0%| F|  |TAMS 0x00000000e3100000, 0x00000000e3100000| Untracked 
|  50|0x00000000e3200000, 0x00000000e3200000, 0x00000000e3300000|  0%| F|  |TAMS 0x00000000e3200000, 0x00000000e3200000| Untracked 
|  51|0x00000000e3300000, 0x00000000e3300000, 0x00000000e3400000|  0%| F|  |TAMS 0x00000000e3300000, 0x00000000e3300000| Untracked 
|  52|0x00000000e3400000, 0x00000000e3400000, 0x00000000e3500000|  0%| F|  |TAMS 0x00000000e3400000, 0x00000000e3400000| Untracked 
|  53|0x00000000e3500000, 0x00000000e3500000, 0x00000000e3600000|  0%| F|  |TAMS 0x00000000e3500000, 0x00000000e3500000| Untracked 
|  54|0x00000000e3600000, 0x00000000e3600000, 0x00000000e3700000|  0%| F|  |TAMS 0x00000000e3600000, 0x00000000e3600000| Untracked 
|  55|0x00000000e3700000, 0x00000000e3700000, 0x00000000e3800000|  0%| F|  |TAMS 0x00000000e3700000, 0x00000000e3700000| Untracked 
|  56|0x00000000e3800000, 0x00000000e3800000, 0x00000000e3900000|  0%| F|  |TAMS 0x00000000e3800000, 0x00000000e3800000| Untracked 
|  57|0x00000000e3900000, 0x00000000e3900000, 0x00000000e3a00000|  0%| F|  |TAMS 0x00000000e3900000, 0x00000000e3900000| Untracked 
|  58|0x00000000e3a00000, 0x00000000e3a00000, 0x00000000e3b00000|  0%| F|  |TAMS 0x00000000e3a00000, 0x00000000e3a00000| Untracked 
|  59|0x00000000e3b00000, 0x00000000e3b00000, 0x00000000e3c00000|  0%| F|  |TAMS 0x00000000e3b00000, 0x00000000e3b00000| Untracked 
|  60|0x00000000e3c00000, 0x00000000e3c00000, 0x00000000e3d00000|  0%| F|  |TAMS 0x00000000e3c00000, 0x00000000e3c00000| Untracked 
|  61|0x00000000e3d00000, 0x00000000e3d00000, 0x00000000e3e00000|  0%| F|  |TAMS 0x00000000e3d00000, 0x00000000e3d00000| Untracked 
|  62|0x00000000e3e00000, 0x00000000e3e00000, 0x00000000e3f00000|  0%| F|  |TAMS 0x00000000e3e00000, 0x00000000e3e00000| Untracked 
|  63|0x00000000e3f00000, 0x00000000e3f00000, 0x00000000e4000000|  0%| F|  |TAMS 0x00000000e3f00000, 0x00000000e3f00000| Untracked 
|  64|0x00000000e4000000, 0x00000000e4000000, 0x00000000e4100000|  0%| F|  |TAMS 0x00000000e4000000, 0x00000000e4000000| Untracked 
|  65|0x00000000e4100000, 0x00000000e4100000, 0x00000000e4200000|  0%| F|  |TAMS 0x00000000e4100000, 0x00000000e4100000| Untracked 
|  66|0x00000000e4200000, 0x00000000e4200000, 0x00000000e4300000|  0%| F|  |TAMS 0x00000000e4200000, 0x00000000e4200000| Untracked 
|  67|0x00000000e4300000, 0x00000000e4300000, 0x00000000e4400000|  0%| F|  |TAMS 0x00000000e4300000, 0x00000000e4300000| Untracked 
|  68|0x00000000e4400000, 0x00000000e4400000, 0x00000000e4500000|  0%| F|  |TAMS 0x00000000e4400000, 0x00000000e4400000| Untracked 
|  69|0x00000000e4500000, 0x00000000e4500000, 0x00000000e4600000|  0%| F|  |TAMS 0x00000000e4500000, 0x00000000e4500000| Untracked 
|  70|0x00000000e4600000, 0x00000000e4600000, 0x00000000e4700000|  0%| F|  |TAMS 0x00000000e4600000, 0x00000000e4600000| Untracked 
|  71|0x00000000e4700000, 0x00000000e4700000, 0x00000000e4800000|  0%| F|  |TAMS 0x00000000e4700000, 0x00000000e4700000| Untracked 
|  72|0x00000000e4800000, 0x00000000e4800000, 0x00000000e4900000|  0%| F|  |TAMS 0x00000000e4800000, 0x00000000e4800000| Untracked 
|  73|0x00000000e4900000, 0x00000000e4900000, 0x00000000e4a00000|  0%| F|  |TAMS 0x00000000e4900000, 0x00000000e4900000| Untracked 
|  74|0x00000000e4a00000, 0x00000000e4a00000, 0x00000000e4b00000|  0%| F|  |TAMS 0x00000000e4a00000, 0x00000000e4a00000| Untracked 
|  75|0x00000000e4b00000, 0x00000000e4b00000, 0x00000000e4c00000|  0%| F|  |TAMS 0x00000000e4b00000, 0x00000000e4b00000| Untracked 
|  76|0x00000000e4c00000, 0x00000000e4c00000, 0x00000000e4d00000|  0%| F|  |TAMS 0x00000000e4c00000, 0x00000000e4c00000| Untracked 
|  77|0x00000000e4d00000, 0x00000000e4d00000, 0x00000000e4e00000|  0%| F|  |TAMS 0x00000000e4d00000, 0x00000000e4d00000| Untracked 
|  78|0x00000000e4e00000, 0x00000000e4e00000, 0x00000000e4f00000|  0%| F|  |TAMS 0x00000000e4e00000, 0x00000000e4e00000| Untracked 
|  79|0x00000000e4f00000, 0x00000000e4f00000, 0x00000000e5000000|  0%| F|  |TAMS 0x00000000e4f00000, 0x00000000e4f00000| Untracked 
|  80|0x00000000e5000000, 0x00000000e5000000, 0x00000000e5100000|  0%| F|  |TAMS 0x00000000e5000000, 0x00000000e5000000| Untracked 
|  81|0x00000000e5100000, 0x00000000e5100000, 0x00000000e5200000|  0%| F|  |TAMS 0x00000000e5100000, 0x00000000e5100000| Untracked 
|  82|0x00000000e5200000, 0x00000000e5200000, 0x00000000e5300000|  0%| F|  |TAMS 0x00000000e5200000, 0x00000000e5200000| Untracked 
|  83|0x00000000e5300000, 0x00000000e5300000, 0x00000000e5400000|  0%| F|  |TAMS 0x00000000e5300000, 0x00000000e5300000| Untracked 
|  84|0x00000000e5400000, 0x00000000e5400000, 0x00000000e5500000|  0%| F|  |TAMS 0x00000000e5400000, 0x00000000e5400000| Untracked 
|  85|0x00000000e5500000, 0x00000000e5500000, 0x00000000e5600000|  0%| F|  |TAMS 0x00000000e5500000, 0x00000000e5500000| Untracked 
|  86|0x00000000e5600000, 0x00000000e5600000, 0x00000000e5700000|  0%| F|  |TAMS 0x00000000e5600000, 0x00000000e5600000| Untracked 
|  87|0x00000000e5700000, 0x00000000e5700000, 0x00000000e5800000|  0%| F|  |TAMS 0x00000000e5700000, 0x00000000e5700000| Untracked 
|  88|0x00000000e5800000, 0x00000000e5800000, 0x00000000e5900000|  0%| F|  |TAMS 0x00000000e5800000, 0x00000000e5800000| Untracked 
|  89|0x00000000e5900000, 0x00000000e5900000, 0x00000000e5a00000|  0%| F|  |TAMS 0x00000000e5900000, 0x00000000e5900000| Untracked 
|  90|0x00000000e5a00000, 0x00000000e5a00000, 0x00000000e5b00000|  0%| F|  |TAMS 0x00000000e5a00000, 0x00000000e5a00000| Untracked 
|  91|0x00000000e5b00000, 0x00000000e5b00000, 0x00000000e5c00000|  0%| F|  |TAMS 0x00000000e5b00000, 0x00000000e5b00000| Untracked 
|  92|0x00000000e5c00000, 0x00000000e5c00000, 0x00000000e5d00000|  0%| F|  |TAMS 0x00000000e5c00000, 0x00000000e5c00000| Untracked 
|  93|0x00000000e5d00000, 0x00000000e5d00000, 0x00000000e5e00000|  0%| F|  |TAMS 0x00000000e5d00000, 0x00000000e5d00000| Untracked 
|  94|0x00000000e5e00000, 0x00000000e5e00000, 0x00000000e5f00000|  0%| F|  |TAMS 0x00000000e5e00000, 0x00000000e5e00000| Untracked 
|  95|0x00000000e5f00000, 0x00000000e5f80000, 0x00000000e6000000| 50%| S|CS|TAMS 0x00000000e5f00000, 0x00000000e5f00000| Complete 
|  96|0x00000000e6000000, 0x00000000e6000000, 0x00000000e6100000|  0%| F|  |TAMS 0x00000000e6000000, 0x00000000e6000000| Untracked 
|  97|0x00000000e6100000, 0x00000000e6100000, 0x00000000e6200000|  0%| F|  |TAMS 0x00000000e6100000, 0x00000000e6100000| Untracked 
|  98|0x00000000e6200000, 0x00000000e6200000, 0x00000000e6300000|  0%| F|  |TAMS 0x00000000e6200000, 0x00000000e6200000| Untracked 
|  99|0x00000000e6300000, 0x00000000e6300000, 0x00000000e6400000|  0%| F|  |TAMS 0x00000000e6300000, 0x00000000e6300000| Untracked 
| 100|0x00000000e6400000, 0x00000000e6500000, 0x00000000e6500000|100%| S|CS|TAMS 0x00000000e6400000, 0x00000000e6400000| Complete 
| 101|0x00000000e6500000, 0x00000000e6600000, 0x00000000e6600000|100%| S|CS|TAMS 0x00000000e6500000, 0x00000000e6500000| Complete 
| 102|0x00000000e6600000, 0x00000000e6700000, 0x00000000e6700000|100%| S|CS|TAMS 0x00000000e6600000, 0x00000000e6600000| Complete 
| 103|0x00000000e6700000, 0x00000000e6800000, 0x00000000e6800000|100%| S|CS|TAMS 0x00000000e6700000, 0x00000000e6700000| Complete 
| 104|0x00000000e6800000, 0x00000000e6900000, 0x00000000e6900000|100%| S|CS|TAMS 0x00000000e6800000, 0x00000000e6800000| Complete 
| 105|0x00000000e6900000, 0x00000000e6a00000, 0x00000000e6a00000|100%| S|CS|TAMS 0x00000000e6900000, 0x00000000e6900000| Complete 
| 106|0x00000000e6a00000, 0x00000000e6b00000, 0x00000000e6b00000|100%| S|CS|TAMS 0x00000000e6a00000, 0x00000000e6a00000| Complete 
| 107|0x00000000e6b00000, 0x00000000e6b00000, 0x00000000e6c00000|  0%| F|  |TAMS 0x00000000e6b00000, 0x00000000e6b00000| Untracked 
| 108|0x00000000e6c00000, 0x00000000e6c00000, 0x00000000e6d00000|  0%| F|  |TAMS 0x00000000e6c00000, 0x00000000e6c00000| Untracked 
| 109|0x00000000e6d00000, 0x00000000e6d00000, 0x00000000e6e00000|  0%| F|  |TAMS 0x00000000e6d00000, 0x00000000e6d00000| Untracked 
| 110|0x00000000e6e00000, 0x00000000e6e00000, 0x00000000e6f00000|  0%| F|  |TAMS 0x00000000e6e00000, 0x00000000e6e00000| Untracked 
| 111|0x00000000e6f00000, 0x00000000e6f00000, 0x00000000e7000000|  0%| F|  |TAMS 0x00000000e6f00000, 0x00000000e6f00000| Untracked 
| 112|0x00000000e7000000, 0x00000000e7000000, 0x00000000e7100000|  0%| F|  |TAMS 0x00000000e7000000, 0x00000000e7000000| Untracked 
| 113|0x00000000e7100000, 0x00000000e7100000, 0x00000000e7200000|  0%| F|  |TAMS 0x00000000e7100000, 0x00000000e7100000| Untracked 
| 114|0x00000000e7200000, 0x00000000e7200000, 0x00000000e7300000|  0%| F|  |TAMS 0x00000000e7200000, 0x00000000e7200000| Untracked 
| 115|0x00000000e7300000, 0x00000000e7300000, 0x00000000e7400000|  0%| F|  |TAMS 0x00000000e7300000, 0x00000000e7300000| Untracked 
| 116|0x00000000e7400000, 0x00000000e7400000, 0x00000000e7500000|  0%| F|  |TAMS 0x00000000e7400000, 0x00000000e7400000| Untracked 
| 117|0x00000000e7500000, 0x00000000e7500000, 0x00000000e7600000|  0%| F|  |TAMS 0x00000000e7500000, 0x00000000e7500000| Untracked 
| 118|0x00000000e7600000, 0x00000000e76f8d40, 0x00000000e7700000| 97%| E|  |TAMS 0x00000000e7600000, 0x00000000e7600000| Complete 
| 119|0x00000000e7700000, 0x00000000e7800000, 0x00000000e7800000|100%| E|CS|TAMS 0x00000000e7700000, 0x00000000e7700000| Complete 
| 120|0x00000000e7800000, 0x00000000e7900000, 0x00000000e7900000|100%| E|CS|TAMS 0x00000000e7800000, 0x00000000e7800000| Complete 
| 121|0x00000000e7900000, 0x00000000e7a00000, 0x00000000e7a00000|100%| E|CS|TAMS 0x00000000e7900000, 0x00000000e7900000| Complete 
| 122|0x00000000e7a00000, 0x00000000e7b00000, 0x00000000e7b00000|100%| E|CS|TAMS 0x00000000e7a00000, 0x00000000e7a00000| Complete 
| 123|0x00000000e7b00000, 0x00000000e7c00000, 0x00000000e7c00000|100%| E|CS|TAMS 0x00000000e7b00000, 0x00000000e7b00000| Complete 
| 124|0x00000000e7c00000, 0x00000000e7d00000, 0x00000000e7d00000|100%| E|CS|TAMS 0x00000000e7c00000, 0x00000000e7c00000| Complete 
| 125|0x00000000e7d00000, 0x00000000e7e00000, 0x00000000e7e00000|100%| E|CS|TAMS 0x00000000e7d00000, 0x00000000e7d00000| Complete 
| 126|0x00000000e7e00000, 0x00000000e7f00000, 0x00000000e7f00000|100%| E|CS|TAMS 0x00000000e7e00000, 0x00000000e7e00000| Complete 
| 127|0x00000000e7f00000, 0x00000000e8000000, 0x00000000e8000000|100%| E|CS|TAMS 0x00000000e7f00000, 0x00000000e7f00000| Complete 
| 128|0x00000000e8000000, 0x00000000e8100000, 0x00000000e8100000|100%| E|CS|TAMS 0x00000000e8000000, 0x00000000e8000000| Complete 
| 129|0x00000000e8100000, 0x00000000e8200000, 0x00000000e8200000|100%| E|CS|TAMS 0x00000000e8100000, 0x00000000e8100000| Complete 
| 130|0x00000000e8200000, 0x00000000e8300000, 0x00000000e8300000|100%| E|CS|TAMS 0x00000000e8200000, 0x00000000e8200000| Complete 
| 131|0x00000000e8300000, 0x00000000e8400000, 0x00000000e8400000|100%| E|CS|TAMS 0x00000000e8300000, 0x00000000e8300000| Complete 
| 132|0x00000000e8400000, 0x00000000e8500000, 0x00000000e8500000|100%| E|CS|TAMS 0x00000000e8400000, 0x00000000e8400000| Complete 
| 133|0x00000000e8500000, 0x00000000e8600000, 0x00000000e8600000|100%| E|CS|TAMS 0x00000000e8500000, 0x00000000e8500000| Complete 
| 134|0x00000000e8600000, 0x00000000e8700000, 0x00000000e8700000|100%| E|CS|TAMS 0x00000000e8600000, 0x00000000e8600000| Complete 
| 135|0x00000000e8700000, 0x00000000e8800000, 0x00000000e8800000|100%| E|CS|TAMS 0x00000000e8700000, 0x00000000e8700000| Complete 
| 136|0x00000000e8800000, 0x00000000e8900000, 0x00000000e8900000|100%| E|CS|TAMS 0x00000000e8800000, 0x00000000e8800000| Complete 
| 137|0x00000000e8900000, 0x00000000e8a00000, 0x00000000e8a00000|100%| E|CS|TAMS 0x00000000e8900000, 0x00000000e8900000| Complete 
| 138|0x00000000e8a00000, 0x00000000e8b00000, 0x00000000e8b00000|100%| E|CS|TAMS 0x00000000e8a00000, 0x00000000e8a00000| Complete 
| 139|0x00000000e8b00000, 0x00000000e8c00000, 0x00000000e8c00000|100%| E|CS|TAMS 0x00000000e8b00000, 0x00000000e8b00000| Complete 
| 140|0x00000000e8c00000, 0x00000000e8d00000, 0x00000000e8d00000|100%| E|CS|TAMS 0x00000000e8c00000, 0x00000000e8c00000| Complete 
| 141|0x00000000e8d00000, 0x00000000e8e00000, 0x00000000e8e00000|100%| E|CS|TAMS 0x00000000e8d00000, 0x00000000e8d00000| Complete 
| 142|0x00000000e8e00000, 0x00000000e8f00000, 0x00000000e8f00000|100%| E|CS|TAMS 0x00000000e8e00000, 0x00000000e8e00000| Complete 
| 143|0x00000000e8f00000, 0x00000000e9000000, 0x00000000e9000000|100%| E|CS|TAMS 0x00000000e8f00000, 0x00000000e8f00000| Complete 
| 144|0x00000000e9000000, 0x00000000e9100000, 0x00000000e9100000|100%| E|CS|TAMS 0x00000000e9000000, 0x00000000e9000000| Complete 
| 145|0x00000000e9100000, 0x00000000e9200000, 0x00000000e9200000|100%| E|CS|TAMS 0x00000000e9100000, 0x00000000e9100000| Complete 
| 146|0x00000000e9200000, 0x00000000e9300000, 0x00000000e9300000|100%| E|CS|TAMS 0x00000000e9200000, 0x00000000e9200000| Complete 
| 147|0x00000000e9300000, 0x00000000e9400000, 0x00000000e9400000|100%| E|CS|TAMS 0x00000000e9300000, 0x00000000e9300000| Complete 
| 148|0x00000000e9400000, 0x00000000e9500000, 0x00000000e9500000|100%| E|CS|TAMS 0x00000000e9400000, 0x00000000e9400000| Complete 
| 149|0x00000000e9500000, 0x00000000e9600000, 0x00000000e9600000|100%| E|CS|TAMS 0x00000000e9500000, 0x00000000e9500000| Complete 
| 150|0x00000000e9600000, 0x00000000e9700000, 0x00000000e9700000|100%| E|CS|TAMS 0x00000000e9600000, 0x00000000e9600000| Complete 
| 151|0x00000000e9700000, 0x00000000e9800000, 0x00000000e9800000|100%| E|CS|TAMS 0x00000000e9700000, 0x00000000e9700000| Complete 
| 152|0x00000000e9800000, 0x00000000e9900000, 0x00000000e9900000|100%| E|CS|TAMS 0x00000000e9800000, 0x00000000e9800000| Complete 
| 153|0x00000000e9900000, 0x00000000e9a00000, 0x00000000e9a00000|100%| E|CS|TAMS 0x00000000e9900000, 0x00000000e9900000| Complete 
| 154|0x00000000e9a00000, 0x00000000e9b00000, 0x00000000e9b00000|100%| E|CS|TAMS 0x00000000e9a00000, 0x00000000e9a00000| Complete 
| 155|0x00000000e9b00000, 0x00000000e9c00000, 0x00000000e9c00000|100%| E|CS|TAMS 0x00000000e9b00000, 0x00000000e9b00000| Complete 
| 156|0x00000000e9c00000, 0x00000000e9d00000, 0x00000000e9d00000|100%| E|CS|TAMS 0x00000000e9c00000, 0x00000000e9c00000| Complete 
| 157|0x00000000e9d00000, 0x00000000e9e00000, 0x00000000e9e00000|100%| E|CS|TAMS 0x00000000e9d00000, 0x00000000e9d00000| Complete 
| 158|0x00000000e9e00000, 0x00000000e9f00000, 0x00000000e9f00000|100%| E|CS|TAMS 0x00000000e9e00000, 0x00000000e9e00000| Complete 
| 159|0x00000000e9f00000, 0x00000000ea000000, 0x00000000ea000000|100%| E|CS|TAMS 0x00000000e9f00000, 0x00000000e9f00000| Complete 
| 160|0x00000000ea000000, 0x00000000ea100000, 0x00000000ea100000|100%| E|CS|TAMS 0x00000000ea000000, 0x00000000ea000000| Complete 
| 161|0x00000000ea100000, 0x00000000ea200000, 0x00000000ea200000|100%| E|CS|TAMS 0x00000000ea100000, 0x00000000ea100000| Complete 
| 162|0x00000000ea200000, 0x00000000ea300000, 0x00000000ea300000|100%| E|CS|TAMS 0x00000000ea200000, 0x00000000ea200000| Complete 
| 163|0x00000000ea300000, 0x00000000ea400000, 0x00000000ea400000|100%| E|  |TAMS 0x00000000ea300000, 0x00000000ea300000| Complete 
| 164|0x00000000ea400000, 0x00000000ea500000, 0x00000000ea500000|100%| E|CS|TAMS 0x00000000ea400000, 0x00000000ea400000| Complete 
| 165|0x00000000ea500000, 0x00000000ea600000, 0x00000000ea600000|100%| E|CS|TAMS 0x00000000ea500000, 0x00000000ea500000| Complete 
| 166|0x00000000ea600000, 0x00000000ea700000, 0x00000000ea700000|100%| E|CS|TAMS 0x00000000ea600000, 0x00000000ea600000| Complete 
| 167|0x00000000ea700000, 0x00000000ea800000, 0x00000000ea800000|100%| E|CS|TAMS 0x00000000ea700000, 0x00000000ea700000| Complete 
| 168|0x00000000ea800000, 0x00000000ea900000, 0x00000000ea900000|100%| E|CS|TAMS 0x00000000ea800000, 0x00000000ea800000| Complete 
| 169|0x00000000ea900000, 0x00000000eaa00000, 0x00000000eaa00000|100%| E|CS|TAMS 0x00000000ea900000, 0x00000000ea900000| Complete 
| 170|0x00000000eaa00000, 0x00000000eab00000, 0x00000000eab00000|100%| E|CS|TAMS 0x00000000eaa00000, 0x00000000eaa00000| Complete 
| 171|0x00000000eab00000, 0x00000000eac00000, 0x00000000eac00000|100%| E|CS|TAMS 0x00000000eab00000, 0x00000000eab00000| Complete 
| 172|0x00000000eac00000, 0x00000000ead00000, 0x00000000ead00000|100%| E|CS|TAMS 0x00000000eac00000, 0x00000000eac00000| Complete 
| 173|0x00000000ead00000, 0x00000000eae00000, 0x00000000eae00000|100%| E|CS|TAMS 0x00000000ead00000, 0x00000000ead00000| Complete 
| 174|0x00000000eae00000, 0x00000000eaf00000, 0x00000000eaf00000|100%| E|CS|TAMS 0x00000000eae00000, 0x00000000eae00000| Complete 
| 175|0x00000000eaf00000, 0x00000000eb000000, 0x00000000eb000000|100%| E|CS|TAMS 0x00000000eaf00000, 0x00000000eaf00000| Complete 
| 176|0x00000000eb000000, 0x00000000eb100000, 0x00000000eb100000|100%| E|CS|TAMS 0x00000000eb000000, 0x00000000eb000000| Complete 
| 177|0x00000000eb100000, 0x00000000eb200000, 0x00000000eb200000|100%| E|CS|TAMS 0x00000000eb100000, 0x00000000eb100000| Complete 
| 178|0x00000000eb200000, 0x00000000eb300000, 0x00000000eb300000|100%| E|CS|TAMS 0x00000000eb200000, 0x00000000eb200000| Complete 
| 179|0x00000000eb300000, 0x00000000eb400000, 0x00000000eb400000|100%| E|CS|TAMS 0x00000000eb300000, 0x00000000eb300000| Complete 
| 180|0x00000000eb400000, 0x00000000eb500000, 0x00000000eb500000|100%| E|CS|TAMS 0x00000000eb400000, 0x00000000eb400000| Complete 
| 181|0x00000000eb500000, 0x00000000eb600000, 0x00000000eb600000|100%| E|CS|TAMS 0x00000000eb500000, 0x00000000eb500000| Complete 
| 182|0x00000000eb600000, 0x00000000eb700000, 0x00000000eb700000|100%| E|CS|TAMS 0x00000000eb600000, 0x00000000eb600000| Complete 
| 183|0x00000000eb700000, 0x00000000eb800000, 0x00000000eb800000|100%| E|CS|TAMS 0x00000000eb700000, 0x00000000eb700000| Complete 
| 184|0x00000000eb800000, 0x00000000eb900000, 0x00000000eb900000|100%| E|CS|TAMS 0x00000000eb800000, 0x00000000eb800000| Complete 
| 185|0x00000000eb900000, 0x00000000eba00000, 0x00000000eba00000|100%| E|CS|TAMS 0x00000000eb900000, 0x00000000eb900000| Complete 
| 186|0x00000000eba00000, 0x00000000ebb00000, 0x00000000ebb00000|100%| E|CS|TAMS 0x00000000eba00000, 0x00000000eba00000| Complete 
| 187|0x00000000ebb00000, 0x00000000ebc00000, 0x00000000ebc00000|100%| E|CS|TAMS 0x00000000ebb00000, 0x00000000ebb00000| Complete 
| 188|0x00000000ebc00000, 0x00000000ebd00000, 0x00000000ebd00000|100%| E|CS|TAMS 0x00000000ebc00000, 0x00000000ebc00000| Complete 
| 189|0x00000000ebd00000, 0x00000000ebe00000, 0x00000000ebe00000|100%| E|CS|TAMS 0x00000000ebd00000, 0x00000000ebd00000| Complete 
| 190|0x00000000ebe00000, 0x00000000ebf00000, 0x00000000ebf00000|100%| E|CS|TAMS 0x00000000ebe00000, 0x00000000ebe00000| Complete 
| 191|0x00000000ebf00000, 0x00000000ec000000, 0x00000000ec000000|100%| E|CS|TAMS 0x00000000ebf00000, 0x00000000ebf00000| Complete 
| 192|0x00000000ec000000, 0x00000000ec100000, 0x00000000ec100000|100%| E|CS|TAMS 0x00000000ec000000, 0x00000000ec000000| Complete 
| 193|0x00000000ec100000, 0x00000000ec200000, 0x00000000ec200000|100%| E|CS|TAMS 0x00000000ec100000, 0x00000000ec100000| Complete 
| 194|0x00000000ec200000, 0x00000000ec300000, 0x00000000ec300000|100%| E|CS|TAMS 0x00000000ec200000, 0x00000000ec200000| Complete 
| 195|0x00000000ec300000, 0x00000000ec400000, 0x00000000ec400000|100%| E|CS|TAMS 0x00000000ec300000, 0x00000000ec300000| Complete 
| 196|0x00000000ec400000, 0x00000000ec500000, 0x00000000ec500000|100%| E|CS|TAMS 0x00000000ec400000, 0x00000000ec400000| Complete 
| 197|0x00000000ec500000, 0x00000000ec600000, 0x00000000ec600000|100%| E|CS|TAMS 0x00000000ec500000, 0x00000000ec500000| Complete 
| 198|0x00000000ec600000, 0x00000000ec700000, 0x00000000ec700000|100%| E|CS|TAMS 0x00000000ec600000, 0x00000000ec600000| Complete 
| 199|0x00000000ec700000, 0x00000000ec800000, 0x00000000ec800000|100%| E|CS|TAMS 0x00000000ec700000, 0x00000000ec700000| Complete 
| 200|0x00000000ec800000, 0x00000000ec900000, 0x00000000ec900000|100%| E|CS|TAMS 0x00000000ec800000, 0x00000000ec800000| Complete 
| 201|0x00000000ec900000, 0x00000000eca00000, 0x00000000eca00000|100%| E|CS|TAMS 0x00000000ec900000, 0x00000000ec900000| Complete 
| 202|0x00000000eca00000, 0x00000000ecb00000, 0x00000000ecb00000|100%| E|CS|TAMS 0x00000000eca00000, 0x00000000eca00000| Complete 
| 203|0x00000000ecb00000, 0x00000000ecc00000, 0x00000000ecc00000|100%| E|CS|TAMS 0x00000000ecb00000, 0x00000000ecb00000| Complete 
| 204|0x00000000ecc00000, 0x00000000ecd00000, 0x00000000ecd00000|100%| E|CS|TAMS 0x00000000ecc00000, 0x00000000ecc00000| Complete 
| 205|0x00000000ecd00000, 0x00000000ece00000, 0x00000000ece00000|100%| E|CS|TAMS 0x00000000ecd00000, 0x00000000ecd00000| Complete 
| 206|0x00000000ece00000, 0x00000000ecf00000, 0x00000000ecf00000|100%| E|CS|TAMS 0x00000000ece00000, 0x00000000ece00000| Complete 
| 207|0x00000000ecf00000, 0x00000000ed000000, 0x00000000ed000000|100%| E|CS|TAMS 0x00000000ecf00000, 0x00000000ecf00000| Complete 
| 208|0x00000000ed000000, 0x00000000ed100000, 0x00000000ed100000|100%| E|CS|TAMS 0x00000000ed000000, 0x00000000ed000000| Complete 
| 209|0x00000000ed100000, 0x00000000ed200000, 0x00000000ed200000|100%| E|CS|TAMS 0x00000000ed100000, 0x00000000ed100000| Complete 
| 210|0x00000000ed200000, 0x00000000ed300000, 0x00000000ed300000|100%| E|CS|TAMS 0x00000000ed200000, 0x00000000ed200000| Complete 
| 211|0x00000000ed300000, 0x00000000ed400000, 0x00000000ed400000|100%| E|CS|TAMS 0x00000000ed300000, 0x00000000ed300000| Complete 
| 212|0x00000000ed400000, 0x00000000ed500000, 0x00000000ed500000|100%| E|CS|TAMS 0x00000000ed400000, 0x00000000ed400000| Complete 
| 213|0x00000000ed500000, 0x00000000ed600000, 0x00000000ed600000|100%| E|CS|TAMS 0x00000000ed500000, 0x00000000ed500000| Complete 
| 214|0x00000000ed600000, 0x00000000ed700000, 0x00000000ed700000|100%| E|CS|TAMS 0x00000000ed600000, 0x00000000ed600000| Complete 
| 215|0x00000000ed700000, 0x00000000ed800000, 0x00000000ed800000|100%| E|CS|TAMS 0x00000000ed700000, 0x00000000ed700000| Complete 
| 216|0x00000000ed800000, 0x00000000ed900000, 0x00000000ed900000|100%| E|CS|TAMS 0x00000000ed800000, 0x00000000ed800000| Complete 
| 217|0x00000000ed900000, 0x00000000eda00000, 0x00000000eda00000|100%| E|CS|TAMS 0x00000000ed900000, 0x00000000ed900000| Complete 
| 218|0x00000000eda00000, 0x00000000edb00000, 0x00000000edb00000|100%| E|CS|TAMS 0x00000000eda00000, 0x00000000eda00000| Complete 
| 219|0x00000000edb00000, 0x00000000edc00000, 0x00000000edc00000|100%| E|CS|TAMS 0x00000000edb00000, 0x00000000edb00000| Complete 
| 220|0x00000000edc00000, 0x00000000edd00000, 0x00000000edd00000|100%| E|CS|TAMS 0x00000000edc00000, 0x00000000edc00000| Complete 
| 221|0x00000000edd00000, 0x00000000ede00000, 0x00000000ede00000|100%| E|CS|TAMS 0x00000000edd00000, 0x00000000edd00000| Complete 
| 222|0x00000000ede00000, 0x00000000edf00000, 0x00000000edf00000|100%| E|CS|TAMS 0x00000000ede00000, 0x00000000ede00000| Complete 
| 223|0x00000000edf00000, 0x00000000ee000000, 0x00000000ee000000|100%| E|CS|TAMS 0x00000000edf00000, 0x00000000edf00000| Complete 
| 224|0x00000000ee000000, 0x00000000ee100000, 0x00000000ee100000|100%| E|CS|TAMS 0x00000000ee000000, 0x00000000ee000000| Complete 
| 225|0x00000000ee100000, 0x00000000ee200000, 0x00000000ee200000|100%| E|CS|TAMS 0x00000000ee100000, 0x00000000ee100000| Complete 
| 226|0x00000000ee200000, 0x00000000ee300000, 0x00000000ee300000|100%| E|CS|TAMS 0x00000000ee200000, 0x00000000ee200000| Complete 
| 227|0x00000000ee300000, 0x00000000ee400000, 0x00000000ee400000|100%| E|CS|TAMS 0x00000000ee300000, 0x00000000ee300000| Complete 
| 228|0x00000000ee400000, 0x00000000ee500000, 0x00000000ee500000|100%| E|CS|TAMS 0x00000000ee400000, 0x00000000ee400000| Complete 
| 229|0x00000000ee500000, 0x00000000ee600000, 0x00000000ee600000|100%| E|CS|TAMS 0x00000000ee500000, 0x00000000ee500000| Complete 
| 230|0x00000000ee600000, 0x00000000ee700000, 0x00000000ee700000|100%| E|CS|TAMS 0x00000000ee600000, 0x00000000ee600000| Complete 
| 231|0x00000000ee700000, 0x00000000ee800000, 0x00000000ee800000|100%| E|CS|TAMS 0x00000000ee700000, 0x00000000ee700000| Complete 
| 232|0x00000000ee800000, 0x00000000ee900000, 0x00000000ee900000|100%| E|CS|TAMS 0x00000000ee800000, 0x00000000ee800000| Complete 
| 233|0x00000000ee900000, 0x00000000eea00000, 0x00000000eea00000|100%| E|CS|TAMS 0x00000000ee900000, 0x00000000ee900000| Complete 
| 234|0x00000000eea00000, 0x00000000eeb00000, 0x00000000eeb00000|100%| E|CS|TAMS 0x00000000eea00000, 0x00000000eea00000| Complete 
| 235|0x00000000eeb00000, 0x00000000eec00000, 0x00000000eec00000|100%| E|CS|TAMS 0x00000000eeb00000, 0x00000000eeb00000| Complete 
| 236|0x00000000eec00000, 0x00000000eed00000, 0x00000000eed00000|100%| E|CS|TAMS 0x00000000eec00000, 0x00000000eec00000| Complete 
| 237|0x00000000eed00000, 0x00000000eee00000, 0x00000000eee00000|100%| E|CS|TAMS 0x00000000eed00000, 0x00000000eed00000| Complete 
| 238|0x00000000eee00000, 0x00000000eef00000, 0x00000000eef00000|100%| E|CS|TAMS 0x00000000eee00000, 0x00000000eee00000| Complete 
| 239|0x00000000eef00000, 0x00000000ef000000, 0x00000000ef000000|100%| E|CS|TAMS 0x00000000eef00000, 0x00000000eef00000| Complete 
| 240|0x00000000ef000000, 0x00000000ef100000, 0x00000000ef100000|100%| E|CS|TAMS 0x00000000ef000000, 0x00000000ef000000| Complete 
| 241|0x00000000ef100000, 0x00000000ef200000, 0x00000000ef200000|100%| E|CS|TAMS 0x00000000ef100000, 0x00000000ef100000| Complete 
| 242|0x00000000ef200000, 0x00000000ef300000, 0x00000000ef300000|100%| E|CS|TAMS 0x00000000ef200000, 0x00000000ef200000| Complete 
| 243|0x00000000ef300000, 0x00000000ef400000, 0x00000000ef400000|100%| E|CS|TAMS 0x00000000ef300000, 0x00000000ef300000| Complete 
| 244|0x00000000ef400000, 0x00000000ef500000, 0x00000000ef500000|100%| E|CS|TAMS 0x00000000ef400000, 0x00000000ef400000| Complete 
| 245|0x00000000ef500000, 0x00000000ef600000, 0x00000000ef600000|100%| E|CS|TAMS 0x00000000ef500000, 0x00000000ef500000| Complete 
| 246|0x00000000ef600000, 0x00000000ef700000, 0x00000000ef700000|100%| E|CS|TAMS 0x00000000ef600000, 0x00000000ef600000| Complete 
| 247|0x00000000ef700000, 0x00000000ef800000, 0x00000000ef800000|100%| E|CS|TAMS 0x00000000ef700000, 0x00000000ef700000| Complete 
| 248|0x00000000ef800000, 0x00000000ef900000, 0x00000000ef900000|100%| E|CS|TAMS 0x00000000ef800000, 0x00000000ef800000| Complete 
| 249|0x00000000ef900000, 0x00000000efa00000, 0x00000000efa00000|100%| E|CS|TAMS 0x00000000ef900000, 0x00000000ef900000| Complete 
| 250|0x00000000efa00000, 0x00000000efb00000, 0x00000000efb00000|100%| E|CS|TAMS 0x00000000efa00000, 0x00000000efa00000| Complete 
| 251|0x00000000efb00000, 0x00000000efc00000, 0x00000000efc00000|100%| E|CS|TAMS 0x00000000efb00000, 0x00000000efb00000| Complete 
| 252|0x00000000efc00000, 0x00000000efd00000, 0x00000000efd00000|100%| E|CS|TAMS 0x00000000efc00000, 0x00000000efc00000| Complete 
| 253|0x00000000efd00000, 0x00000000efe00000, 0x00000000efe00000|100%| E|CS|TAMS 0x00000000efd00000, 0x00000000efd00000| Complete 
| 254|0x00000000efe00000, 0x00000000eff00000, 0x00000000eff00000|100%| E|CS|TAMS 0x00000000efe00000, 0x00000000efe00000| Complete 
| 255|0x00000000eff00000, 0x00000000f0000000, 0x00000000f0000000|100%| E|CS|TAMS 0x00000000eff00000, 0x00000000eff00000| Complete 

Card table byte_map: [0x0000027671710000,0x0000027671810000] _byte_map_base: 0x0000027671010000

Marking Bits (Prev, Next): (CMBitMap*) 0x00000276689b1aa0, (CMBitMap*) 0x00000276689b1a68
 Prev Bits: [0x0000027672110000, 0x0000027672910000)
 Next Bits: [0x0000027671910000, 0x0000027672110000)

Polling page: 0x0000027666ea0000

Metaspace:

Usage:
  Non-class:     62.86 MB capacity,    61.45 MB ( 98%) used,     1.17 MB (  2%) free+waste,   248.69 KB ( <1%) overhead. 
      Class:     10.02 MB capacity,     9.22 MB ( 92%) used,   704.44 KB (  7%) free+waste,   119.62 KB (  1%) overhead. 
       Both:     72.88 MB capacity,    70.67 MB ( 97%) used,     1.86 MB (  3%) free+waste,   368.31 KB ( <1%) overhead. 

Virtual space:
  Non-class space:       64.00 MB reserved,      62.92 MB ( 98%) committed 
      Class space:      248.00 MB reserved,      10.12 MB (  4%) committed 
             Both:      312.00 MB reserved,      73.05 MB ( 23%) committed 

Chunk freelists:
   Non-Class:  0 bytes
       Class:  0 bytes
        Both:  0 bytes

MaxMetaspaceSize: 256.00 MB
CompressedClassSpaceSize: 248.00 MB
Initial GC threshold: 20.80 MB
Current GC threshold: 98.41 MB
CDS: off

CodeHeap 'non-profiled nmethods': size=120064Kb used=5184Kb max_used=5184Kb free=114880Kb
 bounds [0x0000027607ac0000, 0x0000027607fd0000, 0x000002760f000000]
CodeHeap 'profiled nmethods': size=120000Kb used=17795Kb max_used=17795Kb free=102204Kb
 bounds [0x0000027600590000, 0x0000027601700000, 0x0000027607ac0000]
CodeHeap 'non-nmethods': size=5696Kb used=2341Kb max_used=2402Kb free=3355Kb
 bounds [0x0000027600000000, 0x0000027600270000, 0x0000027600590000]
 total_blobs=8857 nmethods=7992 adapters=778
 compilation: enabled
              stopped_count=0, restarted_count=0
 full_count=0

Compilation events (20 events):
Event: 56.299 Thread 0x00000276754ba800 8035       1       org.gradle.api.internal.tasks.compile.incremental.deps.ClassAnalysis::getDependencyToAllReason (5 bytes)
Event: 56.300 Thread 0x00000276754ba800 nmethod 8035 0x0000027607fce210 code [0x0000027607fce3c0, 0x0000027607fce478]
Event: 56.300 Thread 0x00000276754ba800 8036       1       org.gradle.api.internal.tasks.compile.incremental.deps.ClassAnalysis::getAccessibleClassDependencies (5 bytes)
Event: 56.300 Thread 0x00000276754ba800 nmethod 8036 0x0000027607fce510 code [0x0000027607fce6c0, 0x0000027607fce778]
Event: 56.300 Thread 0x00000276754ba800 8037       1       org.gradle.api.internal.tasks.compile.incremental.deps.ClassAnalysis::getConstants (5 bytes)
Event: 56.300 Thread 0x00000276754ba800 nmethod 8037 0x0000027607fce810 code [0x0000027607fce9c0, 0x0000027607fcea78]
Event: 56.301 Thread 0x00000276754ba800 8038       1       it.unimi.dsi.fastutil.ints.IntCollections$EmptyCollection::size (2 bytes)
Event: 56.301 Thread 0x00000276754ba800 nmethod 8038 0x0000027607fceb10 code [0x0000027607fcecc0, 0x0000027607fced78]
Event: 56.340 Thread 0x00000276754ba800 8039       3       java.util.zip.InflaterInputStream::fill (60 bytes)
Event: 56.341 Thread 0x00000276754ba800 nmethod 8039 0x00000276016e5010 code [0x00000276016e5220, 0x00000276016e56d8]
Event: 56.341 Thread 0x00000276754ba800 8040   !   3       org.apache.tools.zip.ZipFile$BoundedInputStream::read (137 bytes)
Event: 56.342 Thread 0x00000276754ba800 nmethod 8040 0x00000276016e5890 code [0x00000276016e5ac0, 0x00000276016e6268]
Event: 56.343 Thread 0x00000276754ba800 8041       3       org.gradle.cache.internal.btree.BTreePersistentIndexedCache$DataBlock::<init> (31 bytes)
Event: 56.343 Thread 0x00000276754ba800 nmethod 8041 0x00000276016e6690 code [0x00000276016e6880, 0x00000276016e6b98]
Event: 56.343 Thread 0x00000276754ba800 8042       3       org.gradle.cache.internal.btree.BTreePersistentIndexedCache$DataBlock::getSize (8 bytes)
Event: 56.343 Thread 0x00000276754ba800 nmethod 8042 0x00000276016e6d10 code [0x00000276016e6ec0, 0x00000276016e6fb8]
Event: 56.343 Thread 0x00000276754ba800 8043       3       org.gradle.cache.internal.btree.BTreePersistentIndexedCache$IndexBlock::put (132 bytes)
Event: 56.345 Thread 0x00000276754ba800 nmethod 8043 0x00000276016e7090 code [0x00000276016e7340, 0x00000276016e8088]
Event: 56.359 Thread 0x00000276754ba800 8044       3       com.google.common.collect.ImmutableSet::copyOf (76 bytes)
Event: 56.360 Thread 0x00000276754ba800 nmethod 8044 0x00000276016e8590 code [0x00000276016e8820, 0x00000276016e9528]

GC Heap History (20 events):
Event: 12.704 GC heap before
{Heap before GC invocations=8 (full 0):
 garbage-first heap   total 262144K, used 68978K [0x00000000e0000000, 0x0000000100000000)
  region size 1024K, 54 young (55296K), 4 survivors (4096K)
 Metaspace       used 26137K, capacity 26749K, committed 26928K, reserved 278528K
  class space    used 3375K, capacity 3589K, committed 3712K, reserved 253952K
}
Event: 12.723 GC heap after
{Heap after GC invocations=9 (full 0):
 garbage-first heap   total 262144K, used 19271K [0x00000000e0000000, 0x0000000100000000)
  region size 1024K, 5 young (5120K), 5 survivors (5120K)
 Metaspace       used 26137K, capacity 26749K, committed 26928K, reserved 278528K
  class space    used 3375K, capacity 3589K, committed 3712K, reserved 253952K
}
Event: 15.597 GC heap before
{Heap before GC invocations=9 (full 0):
 garbage-first heap   total 262144K, used 92999K [0x00000000e0000000, 0x0000000100000000)
  region size 1024K, 78 young (79872K), 5 survivors (5120K)
 Metaspace       used 34962K, capacity 35802K, committed 35888K, reserved 286720K
  class space    used 4600K, capacity 4930K, committed 4992K, reserved 253952K
}
Event: 15.628 GC heap after
{Heap after GC invocations=10 (full 0):
 garbage-first heap   total 262144K, used 22343K [0x00000000e0000000, 0x0000000100000000)
  region size 1024K, 8 young (8192K), 8 survivors (8192K)
 Metaspace       used 34962K, capacity 35802K, committed 35888K, reserved 286720K
  class space    used 4600K, capacity 4930K, committed 4992K, reserved 253952K
}
Event: 20.340 GC heap before
{Heap before GC invocations=11 (full 0):
 garbage-first heap   total 262144K, used 120647K [0x00000000e0000000, 0x0000000100000000)
  region size 1024K, 101 young (103424K), 8 survivors (8192K)
 Metaspace       used 46533K, capacity 47728K, committed 47792K, reserved 296960K
  class space    used 5947K, capacity 6383K, committed 6400K, reserved 253952K
}
Event: 20.429 GC heap after
{Heap after GC invocations=12 (full 0):
 garbage-first heap   total 262144K, used 29300K [0x00000000e0000000, 0x0000000100000000)
  region size 1024K, 13 young (13312K), 13 survivors (13312K)
 Metaspace       used 46533K, capacity 47728K, committed 47792K, reserved 296960K
  class space    used 5947K, capacity 6383K, committed 6400K, reserved 253952K
}
Event: 30.869 GC heap before
{Heap before GC invocations=12 (full 0):
 garbage-first heap   total 262144K, used 135796K [0x00000000e0000000, 0x0000000100000000)
  region size 1024K, 117 young (119808K), 13 survivors (13312K)
 Metaspace       used 55996K, capacity 57438K, committed 57648K, reserved 305152K
  class space    used 7246K, capacity 7783K, committed 7808K, reserved 253952K
}
Event: 30.942 GC heap after
{Heap after GC invocations=13 (full 0):
 garbage-first heap   total 262144K, used 35323K [0x00000000e0000000, 0x0000000100000000)
  region size 1024K, 13 young (13312K), 13 survivors (13312K)
 Metaspace       used 55996K, capacity 57438K, committed 57648K, reserved 305152K
  class space    used 7246K, capacity 7783K, committed 7808K, reserved 253952K
}
Event: 32.565 GC heap before
{Heap before GC invocations=13 (full 0):
 garbage-first heap   total 262144K, used 69115K [0x00000000e0000000, 0x0000000100000000)
  region size 1024K, 47 young (48128K), 13 survivors (13312K)
 Metaspace       used 58546K, capacity 60130K, committed 60208K, reserved 307200K
  class space    used 7644K, capacity 8251K, committed 8320K, reserved 253952K
}
Event: 32.620 GC heap after
{Heap after GC invocations=14 (full 0):
 garbage-first heap   total 262144K, used 37292K [0x00000000e0000000, 0x0000000100000000)
  region size 1024K, 9 young (9216K), 9 survivors (9216K)
 Metaspace       used 58546K, capacity 60130K, committed 60208K, reserved 307200K
  class space    used 7644K, capacity 8251K, committed 8320K, reserved 253952K
}
Event: 39.494 GC heap before
{Heap before GC invocations=15 (full 0):
 garbage-first heap   total 262144K, used 130476K [0x00000000e0000000, 0x0000000100000000)
  region size 1024K, 100 young (102400K), 9 survivors (9216K)
 Metaspace       used 70957K, capacity 73202K, committed 73392K, reserved 317440K
  class space    used 9368K, capacity 10202K, committed 10240K, reserved 253952K
}
Event: 39.549 GC heap after
{Heap after GC invocations=16 (full 0):
 garbage-first heap   total 262144K, used 43823K [0x00000000e0000000, 0x0000000100000000)
  region size 1024K, 8 young (8192K), 8 survivors (8192K)
 Metaspace       used 70957K, capacity 73202K, committed 73392K, reserved 317440K
  class space    used 9368K, capacity 10202K, committed 10240K, reserved 253952K
}
Event: 42.658 GC heap before
{Heap before GC invocations=16 (full 0):
 garbage-first heap   total 262144K, used 160559K [0x00000000e0000000, 0x0000000100000000)
  region size 1024K, 122 young (124928K), 8 survivors (8192K)
 Metaspace       used 71444K, capacity 73712K, committed 74032K, reserved 319488K
  class space    used 9397K, capacity 10241K, committed 10368K, reserved 253952K
}
Event: 42.688 GC heap after
{Heap after GC invocations=17 (full 0):
 garbage-first heap   total 262144K, used 43520K [0x00000000e0000000, 0x0000000100000000)
  region size 1024K, 8 young (8192K), 8 survivors (8192K)
 Metaspace       used 71444K, capacity 73712K, committed 74032K, reserved 319488K
  class space    used 9397K, capacity 10241K, committed 10368K, reserved 253952K
}
Event: 45.076 GC heap before
{Heap before GC invocations=17 (full 0):
 garbage-first heap   total 262144K, used 185856K [0x00000000e0000000, 0x0000000100000000)
  region size 1024K, 148 young (151552K), 8 survivors (8192K)
 Metaspace       used 71497K, capacity 73781K, committed 74032K, reserved 319488K
  class space    used 9397K, capacity 10241K, committed 10368K, reserved 253952K
}
Event: 45.104 GC heap after
{Heap after GC invocations=18 (full 0):
 garbage-first heap   total 262144K, used 44032K [0x00000000e0000000, 0x0000000100000000)
  region size 1024K, 8 young (8192K), 8 survivors (8192K)
 Metaspace       used 71497K, capacity 73781K, committed 74032K, reserved 319488K
  class space    used 9397K, capacity 10241K, committed 10368K, reserved 253952K
}
Event: 47.158 GC heap before
{Heap before GC invocations=18 (full 0):
 garbage-first heap   total 262144K, used 191488K [0x00000000e0000000, 0x0000000100000000)
  region size 1024K, 152 young (155648K), 8 survivors (8192K)
 Metaspace       used 71510K, capacity 73781K, committed 74032K, reserved 319488K
  class space    used 9397K, capacity 10241K, committed 10368K, reserved 253952K
}
Event: 47.184 GC heap after
{Heap after GC invocations=19 (full 0):
 garbage-first heap   total 262144K, used 44032K [0x00000000e0000000, 0x0000000100000000)
  region size 1024K, 8 young (8192K), 8 survivors (8192K)
 Metaspace       used 71510K, capacity 73781K, committed 74032K, reserved 319488K
  class space    used 9397K, capacity 10241K, committed 10368K, reserved 253952K
}
Event: 48.742 GC heap before
{Heap before GC invocations=19 (full 0):
 garbage-first heap   total 262144K, used 192512K [0x00000000e0000000, 0x0000000100000000)
  region size 1024K, 153 young (156672K), 8 survivors (8192K)
 Metaspace       used 71529K, capacity 73782K, committed 74032K, reserved 319488K
  class space    used 9397K, capacity 10241K, committed 10368K, reserved 253952K
}
Event: 48.767 GC heap after
{Heap after GC invocations=20 (full 0):
 garbage-first heap   total 262144K, used 43520K [0x00000000e0000000, 0x0000000100000000)
  region size 1024K, 8 young (8192K), 8 survivors (8192K)
 Metaspace       used 71529K, capacity 73782K, committed 74032K, reserved 319488K
  class space    used 9397K, capacity 10241K, committed 10368K, reserved 253952K
}

Deoptimization events (20 events):
Event: 55.670 Thread 0x000002767a7db800 Uncommon trap: trap_request=0xffffffde fr.pc=0x0000027607fb1db4 relative=0x0000000000007154
Event: 55.670 Thread 0x000002767a7db800 Uncommon trap: reason=class_check action=maybe_recompile pc=0x0000027607fb1db4 method=org.objectweb.asm.ClassReader.readCode(Lorg/objectweb/asm/MethodVisitor;Lorg/objectweb/asm/Context;I)V @ 4307 c2
Event: 55.670 Thread 0x000002767a7db800 DEOPT PACKING pc=0x0000027607fb1db4 sp=0x000000dfdb9f7c00
Event: 55.670 Thread 0x000002767a7db800 DEOPT UNPACKING pc=0x000002760004a1a9 sp=0x000000dfdb9f7b78 mode 2
Event: 55.959 Thread 0x0000027675a07800 Uncommon trap: trap_request=0xffffffde fr.pc=0x0000027607fb1db4 relative=0x0000000000007154
Event: 55.959 Thread 0x0000027675a07800 Uncommon trap: reason=class_check action=maybe_recompile pc=0x0000027607fb1db4 method=org.objectweb.asm.ClassReader.readCode(Lorg/objectweb/asm/MethodVisitor;Lorg/objectweb/asm/Context;I)V @ 4307 c2
Event: 55.959 Thread 0x0000027675a07800 DEOPT PACKING pc=0x0000027607fb1db4 sp=0x000000dfdd3fdc20
Event: 55.959 Thread 0x0000027675a07800 DEOPT UNPACKING pc=0x000002760004a1a9 sp=0x000000dfdd3fdb98 mode 2
Event: 55.959 Thread 0x0000027675a07800 Uncommon trap: trap_request=0xffffffde fr.pc=0x0000027607fb1db4 relative=0x0000000000007154
Event: 55.959 Thread 0x0000027675a07800 Uncommon trap: reason=class_check action=maybe_recompile pc=0x0000027607fb1db4 method=org.objectweb.asm.ClassReader.readCode(Lorg/objectweb/asm/MethodVisitor;Lorg/objectweb/asm/Context;I)V @ 4307 c2
Event: 55.959 Thread 0x0000027675a07800 DEOPT PACKING pc=0x0000027607fb1db4 sp=0x000000dfdd3fdc20
Event: 55.959 Thread 0x0000027675a07800 DEOPT UNPACKING pc=0x000002760004a1a9 sp=0x000000dfdd3fdb98 mode 2
Event: 56.018 Thread 0x0000027675a07800 Uncommon trap: trap_request=0xffffffde fr.pc=0x0000027607fb1db4 relative=0x0000000000007154
Event: 56.018 Thread 0x0000027675a07800 Uncommon trap: reason=class_check action=maybe_recompile pc=0x0000027607fb1db4 method=org.objectweb.asm.ClassReader.readCode(Lorg/objectweb/asm/MethodVisitor;Lorg/objectweb/asm/Context;I)V @ 4307 c2
Event: 56.018 Thread 0x0000027675a07800 DEOPT PACKING pc=0x0000027607fb1db4 sp=0x000000dfdd3fdc20
Event: 56.018 Thread 0x0000027675a07800 DEOPT UNPACKING pc=0x000002760004a1a9 sp=0x000000dfdd3fdb98 mode 2
Event: 56.246 Thread 0x0000027675a07800 Uncommon trap: trap_request=0xffffff7e fr.pc=0x0000027607fc7e54 relative=0x0000000000007a74
Event: 56.246 Thread 0x0000027675a07800 Uncommon trap: reason=predicate action=maybe_recompile pc=0x0000027607fc7e54 method=org.objectweb.asm.ClassReader.readMethod(Lorg/objectweb/asm/ClassVisitor;Lorg/objectweb/asm/Context;I)I @ 781 c2
Event: 56.246 Thread 0x0000027675a07800 DEOPT PACKING pc=0x0000027607fc7e54 sp=0x000000dfdd3fdd60
Event: 56.247 Thread 0x0000027675a07800 DEOPT UNPACKING pc=0x000002760004a1a9 sp=0x000000dfdd3fdd48 mode 2

Classes redefined (0 events):
No events

Internal exceptions (20 events):
Event: 52.041 Thread 0x000002767a7db800 Exception <a 'sun/nio/fs/WindowsException'{0x00000000e8310708}> (0x00000000e8310708) thrown at [s\src\hotspot\share\prims\jni.cpp, line 617]
Event: 52.041 Thread 0x000002767a7db800 Exception <a 'sun/nio/fs/WindowsException'{0x00000000e8310a28}> (0x00000000e8310a28) thrown at [s\src\hotspot\share\prims\jni.cpp, line 617]
Event: 52.048 Thread 0x000002767a7db800 Exception <a 'sun/nio/fs/WindowsException'{0x00000000e8325140}> (0x00000000e8325140) thrown at [s\src\hotspot\share\prims\jni.cpp, line 617]
Event: 52.048 Thread 0x000002767a7db800 Exception <a 'sun/nio/fs/WindowsException'{0x00000000e8325428}> (0x00000000e8325428) thrown at [s\src\hotspot\share\prims\jni.cpp, line 617]
Event: 52.050 Thread 0x000002767a7db800 Exception <a 'sun/nio/fs/WindowsException'{0x00000000e832e020}> (0x00000000e832e020) thrown at [s\src\hotspot\share\prims\jni.cpp, line 617]
Event: 52.051 Thread 0x000002767a7db800 Exception <a 'sun/nio/fs/WindowsException'{0x00000000e832e340}> (0x00000000e832e340) thrown at [s\src\hotspot\share\prims\jni.cpp, line 617]
Event: 52.070 Thread 0x000002767a7db800 Exception <a 'sun/nio/fs/WindowsException'{0x00000000e83b21f8}> (0x00000000e83b21f8) thrown at [s\src\hotspot\share\prims\jni.cpp, line 617]
Event: 52.070 Thread 0x000002767a7db800 Exception <a 'sun/nio/fs/WindowsException'{0x00000000e83b2540}> (0x00000000e83b2540) thrown at [s\src\hotspot\share\prims\jni.cpp, line 617]
Event: 52.138 Thread 0x000002767a7db800 Exception <a 'sun/nio/fs/WindowsException'{0x00000000e82cf388}> (0x00000000e82cf388) thrown at [s\src\hotspot\share\prims\jni.cpp, line 617]
Event: 52.139 Thread 0x000002767a7db800 Exception <a 'sun/nio/fs/WindowsException'{0x00000000e82cf6d8}> (0x00000000e82cf6d8) thrown at [s\src\hotspot\share\prims\jni.cpp, line 617]
Event: 52.148 Thread 0x000002767a7db800 Exception <a 'sun/nio/fs/WindowsException'{0x00000000e82f22f8}> (0x00000000e82f22f8) thrown at [s\src\hotspot\share\prims\jni.cpp, line 617]
Event: 52.148 Thread 0x000002767a7db800 Exception <a 'sun/nio/fs/WindowsException'{0x00000000e82f2640}> (0x00000000e82f2640) thrown at [s\src\hotspot\share\prims\jni.cpp, line 617]
Event: 52.558 Thread 0x000002767a7db800 Exception <a 'sun/nio/fs/WindowsException'{0x00000000e7d85108}> (0x00000000e7d85108) thrown at [s\src\hotspot\share\prims\jni.cpp, line 617]
Event: 52.558 Thread 0x000002767a7db800 Exception <a 'sun/nio/fs/WindowsException'{0x00000000e7d865a0}> (0x00000000e7d865a0) thrown at [s\src\hotspot\share\prims\jni.cpp, line 617]
Event: 52.558 Thread 0x000002767a7db800 Exception <a 'sun/nio/fs/WindowsException'{0x00000000e7d878a8}> (0x00000000e7d878a8) thrown at [s\src\hotspot\share\prims\jni.cpp, line 617]
Event: 52.559 Thread 0x000002767a7db800 Exception <a 'sun/nio/fs/WindowsException'{0x00000000e7d88d18}> (0x00000000e7d88d18) thrown at [s\src\hotspot\share\prims\jni.cpp, line 617]
Event: 52.559 Thread 0x000002767a7db800 Exception <a 'sun/nio/fs/WindowsException'{0x00000000e7d89008}> (0x00000000e7d89008) thrown at [s\src\hotspot\share\prims\jni.cpp, line 617]
Event: 52.559 Thread 0x000002767a7db800 Exception <a 'sun/nio/fs/WindowsException'{0x00000000e7d8b718}> (0x00000000e7d8b718) thrown at [s\src\hotspot\share\prims\jni.cpp, line 617]
Event: 52.559 Thread 0x000002767a7db800 Exception <a 'sun/nio/fs/WindowsException'{0x00000000e7d8b9d0}> (0x00000000e7d8b9d0) thrown at [s\src\hotspot\share\prims\jni.cpp, line 617]
Event: 52.559 Thread 0x000002767a7db800 Exception <a 'sun/nio/fs/WindowsException'{0x00000000e7d8e0e0}> (0x00000000e7d8e0e0) thrown at [s\src\hotspot\share\prims\jni.cpp, line 617]

Events (20 events):
Event: 53.401 loading class org/apache/tools/zip/ZipFile$Entry
Event: 53.401 loading class org/apache/tools/zip/ZipFile$Entry done
Event: 53.406 loading class org/apache/tools/zip/ZipEntry
Event: 53.406 loading class org/apache/tools/zip/ZipEntry done
Event: 53.406 loading class org/apache/tools/zip/ZipEntry
Event: 53.406 loading class org/apache/tools/zip/ZipEntry done
Event: 53.409 loading class org/apache/tools/zip/ZipFile$OffsetEntry
Event: 53.409 loading class org/apache/tools/zip/ZipFile$OffsetEntry done
Event: 53.410 loading class org/apache/tools/zip/ExtraFieldUtils$UnparseableExtraField
Event: 53.410 loading class org/apache/tools/zip/ExtraFieldUtils$UnparseableExtraField done
Event: 53.414 loading class org/apache/tools/zip/UnparseableExtraFieldData
Event: 53.414 loading class org/apache/tools/zip/UnparseableExtraFieldData done
Event: 53.496 loading class org/gradle/api/internal/file/archive/ZipFileTree$DetailsImpl
Event: 53.496 loading class org/gradle/api/internal/file/archive/ZipFileTree$DetailsImpl done
Event: 53.504 loading class org/gradle/util/internal/ZipSlip
Event: 53.504 loading class org/gradle/util/internal/ZipSlip done
Event: 53.511 loading class org/objectweb/asm/signature/SignatureReader
Event: 53.511 loading class org/objectweb/asm/signature/SignatureReader done
Event: 54.084 loading class it/unimi/dsi/fastutil/ints/IntOpenHashSet$SetIterator
Event: 54.084 loading class it/unimi/dsi/fastutil/ints/IntOpenHashSet$SetIterator done


Dynamic libraries:
0x00007ff6cfbb0000 - 0x00007ff6cfbbe000 	C:\Program Files\Eclipse Adoptium\jdk-11.0.19.7-hotspot\bin\java.exe
0x00007ffab1130000 - 0x00007ffab1327000 	C:\WINDOWS\SYSTEM32\ntdll.dll
0x00007ffaafac0000 - 0x00007ffaafb7d000 	C:\WINDOWS\System32\KERNEL32.DLL
0x00007ffaaecd0000 - 0x00007ffaaefc6000 	C:\WINDOWS\System32\KERNELBASE.dll
0x00007ffaabfb0000 - 0x00007ffaac040000 	C:\WINDOWS\SYSTEM32\apphelp.dll
0x00007ffa89c70000 - 0x00007ffa8a106000 	C:\WINDOWS\SYSTEM32\AcLayers.DLL
0x00007ffab0ff0000 - 0x00007ffab108e000 	C:\WINDOWS\System32\msvcrt.dll
0x00007ffaaff40000 - 0x00007ffab00de000 	C:\WINDOWS\System32\USER32.dll
0x00007ffaaec00000 - 0x00007ffaaec22000 	C:\WINDOWS\System32\win32u.dll
0x00007ffaafd40000 - 0x00007ffaafd6c000 	C:\WINDOWS\System32\GDI32.dll
0x00007ffaaeae0000 - 0x00007ffaaebfa000 	C:\WINDOWS\System32\gdi32full.dll
0x00007ffaaec30000 - 0x00007ffaaeccd000 	C:\WINDOWS\System32\msvcp_win.dll
0x00007ffaaefd0000 - 0x00007ffaaf0d0000 	C:\WINDOWS\System32\ucrtbase.dll
0x00007ffab07f0000 - 0x00007ffab0f34000 	C:\WINDOWS\System32\SHELL32.dll
0x00007ffab1090000 - 0x00007ffab10e5000 	C:\WINDOWS\System32\SHLWAPI.dll
0x00007ffaafd70000 - 0x00007ffaafe1e000 	C:\WINDOWS\System32\ADVAPI32.dll
0x00007ffab0750000 - 0x00007ffab07ec000 	C:\WINDOWS\System32\sechost.dll
0x00007ffaaf330000 - 0x00007ffaaf456000 	C:\WINDOWS\System32\RPCRT4.dll
0x0000027666c10000 - 0x0000027666c13000 	C:\WINDOWS\SYSTEM32\sfc.dll
0x00007ffa9b600000 - 0x00007ffa9b69d000 	C:\WINDOWS\SYSTEM32\WINSPOOL.DRV
0x00007ffab0320000 - 0x00007ffab0674000 	C:\WINDOWS\System32\combase.dll
0x00007ffaaf270000 - 0x00007ffaaf31d000 	C:\WINDOWS\System32\shcore.dll
0x00007ffa9a270000 - 0x00007ffa9a282000 	C:\WINDOWS\SYSTEM32\sfc_os.DLL
0x00007ffaa8740000 - 0x00007ffaa8751000 	C:\WINDOWS\SYSTEM32\SortWindows61.dll
0x00007ffab00e0000 - 0x00007ffab0110000 	C:\WINDOWS\System32\IMM32.DLL
0x00007ffaadfe0000 - 0x00007ffaae010000 	C:\WINDOWS\system32\DriverStore\FileRepository\nvacwu.inf_amd64_bdd6ea477d4e2fba\nvinitx.dll
0x00007ffaadfd0000 - 0x00007ffaadfda000 	C:\WINDOWS\SYSTEM32\VERSION.dll
0x00007ffaac870000 - 0x00007ffaad00b000 	C:\WINDOWS\SYSTEM32\windows.storage.dll
0x00007ffaae250000 - 0x00007ffaae27d000 	C:\WINDOWS\SYSTEM32\Wldp.dll
0x0000000062ea0000 - 0x0000000062ea6000 	C:\Program Files\NVIDIA Corporation\CoProcManager\_etoured.dll
0x00007ffaa9f90000 - 0x00007ffaa9fcb000 	C:\Program Files\NVIDIA Corporation\CoProcManager\nvd3d9wrapx.dll
0x00007ffaaf4d0000 - 0x00007ffaaf93e000 	C:\WINDOWS\System32\SETUPAPI.dll
0x00007ffaae810000 - 0x00007ffaae85e000 	C:\WINDOWS\System32\cfgmgr32.dll
0x00007ffaaf0d0000 - 0x00007ffaaf0f7000 	C:\WINDOWS\System32\bcrypt.dll
0x00007ffaa9cc0000 - 0x00007ffaa9ce4000 	C:\Program Files\NVIDIA Corporation\CoProcManager\nvdxgiwrapx.dll
0x00007ffaa0bb0000 - 0x00007ffaa0bc8000 	C:\Program Files\Eclipse Adoptium\jdk-11.0.19.7-hotspot\bin\jli.dll
0x00007ffaa0470000 - 0x00007ffaa0489000 	C:\Program Files\Eclipse Adoptium\jdk-11.0.19.7-hotspot\bin\VCRUNTIME140.dll
0x00007ffaa0e40000 - 0x00007ffaa10da000 	C:\WINDOWS\WinSxS\amd64_microsoft.windows.common-controls_6595b64144ccf1df_6.0.19041.3570_none_60bb2a3971f3e41a\COMCTL32.dll
0x00007ffaaa430000 - 0x00007ffaaa43c000 	C:\Program Files\Eclipse Adoptium\jdk-11.0.19.7-hotspot\bin\vcruntime140_1.dll
0x00007ffa90f00000 - 0x00007ffa90f91000 	C:\Program Files\Eclipse Adoptium\jdk-11.0.19.7-hotspot\bin\msvcp140.dll
0x00007ffa7a080000 - 0x00007ffa7ac3c000 	C:\Program Files\Eclipse Adoptium\jdk-11.0.19.7-hotspot\bin\server\jvm.dll
0x00007ffaaf4c0000 - 0x00007ffaaf4c8000 	C:\WINDOWS\System32\PSAPI.DLL
0x00007ffaaa230000 - 0x00007ffaaa239000 	C:\WINDOWS\SYSTEM32\WSOCK32.dll
0x00007ffaaf940000 - 0x00007ffaaf9ab000 	C:\WINDOWS\System32\WS2_32.dll
0x00007ffa9c600000 - 0x00007ffa9c627000 	C:\WINDOWS\SYSTEM32\WINMM.dll
0x00007ffaac670000 - 0x00007ffaac682000 	C:\WINDOWS\SYSTEM32\kernel.appcore.dll
0x00007ffaa83f0000 - 0x00007ffaa8400000 	C:\Program Files\Eclipse Adoptium\jdk-11.0.19.7-hotspot\bin\verify.dll
0x00007ffa9e180000 - 0x00007ffa9e364000 	C:\WINDOWS\SYSTEM32\DBGHELP.DLL
0x00007ffa9e140000 - 0x00007ffa9e174000 	C:\WINDOWS\SYSTEM32\dbgcore.DLL
0x00007ffaaf100000 - 0x00007ffaaf182000 	C:\WINDOWS\System32\bcryptPrimitives.dll
0x00007ffaa03c0000 - 0x00007ffaa03e8000 	C:\Program Files\Eclipse Adoptium\jdk-11.0.19.7-hotspot\bin\java.dll
0x00007ffaa8290000 - 0x00007ffaa829a000 	C:\Program Files\Eclipse Adoptium\jdk-11.0.19.7-hotspot\bin\jimage.dll
0x00007ffa9fca0000 - 0x00007ffa9fcb8000 	C:\Program Files\Eclipse Adoptium\jdk-11.0.19.7-hotspot\bin\zip.dll
0x00007ffaae740000 - 0x00007ffaae765000 	C:\WINDOWS\SYSTEM32\profapi.dll
0x00007ffa9f5e0000 - 0x00007ffa9f5f9000 	C:\Program Files\Eclipse Adoptium\jdk-11.0.19.7-hotspot\bin\net.dll
0x00007ffaa40b0000 - 0x00007ffaa41ba000 	C:\WINDOWS\SYSTEM32\WINHTTP.dll
0x00007ffaadef0000 - 0x00007ffaadf5a000 	C:\WINDOWS\system32\mswsock.dll
0x00007ffa9edb0000 - 0x00007ffa9edc3000 	C:\Program Files\Eclipse Adoptium\jdk-11.0.19.7-hotspot\bin\nio.dll
0x00007ffaa0410000 - 0x00007ffaa0437000 	C:\Users\1\.gradle\native\68d5fa5c4cc2d200863cafc0d521ce42e7d3e7ee720ec0a83991735586a16f82\windows-amd64\native-platform.dll
0x00007ffa90bb0000 - 0x00007ffa90cf4000 	C:\Users\1\.gradle\native\e376f236ea51e6404a007f0833ffe2c6e607c4080706a723a18a27aeea778392\windows-amd64\native-platform-file-events.dll
0x00007ffaa9520000 - 0x00007ffaa9529000 	C:\Program Files\Eclipse Adoptium\jdk-11.0.19.7-hotspot\bin\management.dll
0x00007ffaa9510000 - 0x00007ffaa951b000 	C:\Program Files\Eclipse Adoptium\jdk-11.0.19.7-hotspot\bin\management_ext.dll
0x00007ffaae130000 - 0x00007ffaae148000 	C:\WINDOWS\SYSTEM32\CRYPTSP.dll
0x00007ffaad7b0000 - 0x00007ffaad7e4000 	C:\WINDOWS\system32\rsaenh.dll
0x00007ffaae700000 - 0x00007ffaae72e000 	C:\WINDOWS\SYSTEM32\USERENV.dll
0x00007ffaae150000 - 0x00007ffaae15c000 	C:\WINDOWS\SYSTEM32\CRYPTBASE.dll
0x00007ffaadbf0000 - 0x00007ffaadc2b000 	C:\WINDOWS\SYSTEM32\IPHLPAPI.DLL
0x00007ffaaf9b0000 - 0x00007ffaaf9b8000 	C:\WINDOWS\System32\NSI.dll
0x00007ffaa5610000 - 0x00007ffaa5627000 	C:\WINDOWS\SYSTEM32\dhcpcsvc6.DLL
0x00007ffaa5ee0000 - 0x00007ffaa5efd000 	C:\WINDOWS\SYSTEM32\dhcpcsvc.DLL
0x00007ffaadc30000 - 0x00007ffaadcfa000 	C:\WINDOWS\SYSTEM32\DNSAPI.dll

dbghelp: loaded successfully - version: 4.0.5 - missing functions: none
symbol engine: initialized successfully - sym options: 0x614 - pdb path: .;C:\Program Files\Eclipse Adoptium\jdk-11.0.19.7-hotspot\bin;C:\WINDOWS\SYSTEM32;C:\WINDOWS\system32\DriverStore\FileRepository\nvacwu.inf_amd64_bdd6ea477d4e2fba;C:\Program Files\NVIDIA Corporation\CoProcManager;C:\WINDOWS\WinSxS\amd64_microsoft.windows.common-controls_6595b64144ccf1df_6.0.19041.3570_none_60bb2a3971f3e41a;C:\Program Files\Eclipse Adoptium\jdk-11.0.19.7-hotspot\bin\server;C:\Users\1\.gradle\native\68d5fa5c4cc2d200863cafc0d521ce42e7d3e7ee720ec0a83991735586a16f82\windows-amd64;C:\Users\1\.gradle\native\e376f236ea51e6404a007f0833ffe2c6e607c4080706a723a18a27aeea778392\windows-amd64

VM Arguments:
jvm_args: --add-opens=java.base/java.util=ALL-UNNAMED --add-opens=java.base/java.lang=ALL-UNNAMED --add-opens=java.base/java.lang.invoke=ALL-UNNAMED --add-opens=java.prefs/java.util.prefs=ALL-UNNAMED --add-opens=java.base/java.nio.charset=ALL-UNNAMED --add-opens=java.base/java.net=ALL-UNNAMED --add-opens=java.base/java.util.concurrent.atomic=ALL-UNNAMED -XX:MaxMetaspaceSize=256m -XX:+HeapDumpOnOutOfMemoryError -Xms256m -Xmx512m -Dfile.encoding=windows-1251 -Duser.country=RU -Duser.language=ru -Duser.variant 
java_command: org.gradle.launcher.daemon.bootstrap.GradleDaemon 7.6
java_class_path (initial): C:\Users\1\.gradle\wrapper\dists\gradle-7.6-bin\9l9tetv7ltxvx3i8an4pb86ye\gradle-7.6\lib\gradle-launcher-7.6.jar
Launcher Type: SUN_STANDARD

[Global flags]
     intx CICompilerCount                          = 2                                         {product} {ergonomic}
   size_t CompressedClassSpaceSize                 = 260046848                                 {product} {ergonomic}
     uint ConcGCThreads                            = 1                                         {product} {ergonomic}
     uint G1ConcRefinementThreads                  = 2                                         {product} {ergonomic}
   size_t G1HeapRegionSize                         = 1048576                                   {product} {ergonomic}
    uintx GCDrainStackTargetSize                   = 64                                        {product} {ergonomic}
     bool HeapDumpOnOutOfMemoryError               = true                                   {manageable} {command line}
   size_t InitialHeapSize                          = 268435456                                 {product} {command line}
   size_t MarkStackSize                            = 4194304                                   {product} {ergonomic}
   size_t MaxHeapSize                              = 536870912                                 {product} {command line}
   size_t MaxMetaspaceSize                         = 268435456                                 {product} {command line}
   size_t MaxNewSize                               = 321912832                                 {product} {ergonomic}
   size_t MinHeapDeltaBytes                        = 1048576                                   {product} {ergonomic}
    uintx NonNMethodCodeHeapSize                   = 5825164                                {pd product} {ergonomic}
    uintx NonProfiledCodeHeapSize                  = 122916538                              {pd product} {ergonomic}
    uintx ProfiledCodeHeapSize                     = 122916538                              {pd product} {ergonomic}
    uintx ReservedCodeCacheSize                    = 251658240                              {pd product} {ergonomic}
     bool SegmentedCodeCache                       = true                                      {product} {ergonomic}
     bool UseCompressedClassPointers               = true                                 {lp64_product} {ergonomic}
     bool UseCompressedOops                        = true                                 {lp64_product} {ergonomic}
     bool UseG1GC                                  = true                                      {product} {ergonomic}
     bool UseLargePagesIndividualAllocation        = false                                  {pd product} {ergonomic}

Logging:
Log output configuration:
 #0: stdout all=warning uptime,level,tags
 #1: stderr all=off uptime,level,tags

Environment Variables:
PATH=C:\Program Files\Eclipse Adoptium\jdk-11.0.19.7-hotspot\bin;C:\WINDOWS\system32;C:\WINDOWS;C:\WINDOWS\System32\Wbem;C:\WINDOWS\System32\WindowsPowerShell\v1.0\;C:\WINDOWS\System32\OpenSSH\;C:\Program Files\Git\cmd;C:\Users\1\AppData\Local\Microsoft\WindowsApps;;C:\Users\1\AppData\Local\Programs\Microsoft VS Code\bin
USERNAME=1
OS=Windows_NT
PROCESSOR_IDENTIFIER=Intel64 Family 6 Model 37 Stepping 5, GenuineIntel
TMP=C:\Users\1\AppData\Local\Temp
TEMP=C:\Users\1\AppData\Local\Temp



---------------  S Y S T E M  ---------------

OS: Windows 10 , 64 bit Build 19041 (10.0.19041.3570)
OS uptime: 0 days 1:17 hours

CPU:total 2 (initial active 2) (2 cores per cpu, 1 threads per core) family 6 model 37 stepping 5 microcode 0x7, cmov, cx8, fxsr, mmx, sse, sse2, sse3, ssse3, popcnt, tsc, tscinvbit

Memory: 4k page, system-wide physical 3766M (304M free)
TotalPageFile size 5814M (AvailPageFile size 0M)
current process WorkingSet (physical memory assigned to process): 441M, peak: 447M
current process commit charge ("private bytes"): 522M, peak: 528M

vm_info: OpenJDK 64-Bit Server VM (11.0.19+7) for windows-amd64 JRE (11.0.19+7), built on Apr 18 2023 23:12:18 by "" with MS VC++ 16.7 (VS2019)

END.
